Log file open, 06/12/18 19:42:22
LogWindows: Failed to load 'aqProf.dll' (GetLastError=126)
LogWindows: File 'aqProf.dll' does not exist
LogWindows: Failed to load 'VtuneApi.dll' (GetLastError=126)
LogWindows: File 'VtuneApi.dll' does not exist
LogWindows: Failed to load 'VtuneApi32e.dll' (GetLastError=126)
LogWindows: File 'VtuneApi32e.dll' does not exist
LogInit: Display: Running engine for game: Quake
LogPlatformFile: Not using cached read wrapper
LogInit: Display: RandInit(2016122178) SRandInit(2016122178).
LogInit: Read version file with build ID '3944462'
LogInit: Overriding engine version to CL 4033788, compatible CL 3944462
LogInit: Registered custom module enumerator with build ID '3944462'
LogTaskGraph: Started task graph with 5 named threads and 23 total threads with 3 sets of task threads.
LogStats: Stats thread started at 0.307753
LogD3D11RHI: Aftermath initialized
LogICUInternationalization: Display: ICU TimeZone Detection - Raw Offset: -5:00, Platform Override: ''
LogModuleManager: Display: Found up-to-date module file ../../../Engine/Plugins/Online/OnlineSubsystemSteam/Binaries/Win64/UE4Editor-OnlineSubsystemSteam.dll (API version 3944462).
LogModuleManager: Display: Found up-to-date module file ../../../Engine/Plugins/Online/OnlineSubsystem/Binaries/Win64/UE4Editor-OnlineSubsystem.dll (API version 3944462).
LogModuleManager: Display: Found up-to-date module file ../../../Engine/Plugins/Online/OnlineSubsystemUtils/Binaries/Win64/UE4Editor-OnlineSubsystemUtils.dll (API version 3944462).
LogModuleManager: Display: Found up-to-date module file ../../../Engine/Plugins/Online/OnlineSubsystemUtils/Binaries/Win64/UE4Editor-OnlineBlueprintSupport.dll (API version 3944462).
LogModuleManager: Display: Found up-to-date module file ../../../Engine/Plugins/2D/Paper2D/Binaries/Win64/UE4Editor-Paper2D.dll (API version 3944462).
LogModuleManager: Display: Found up-to-date module file ../../../Engine/Plugins/2D/Paper2D/Binaries/Win64/UE4Editor-Paper2DEditor.dll (API version 3944462).
LogModuleManager: Display: Found up-to-date module file ../../../Engine/Plugins/2D/Paper2D/Binaries/Win64/UE4Editor-PaperSpriteSheetImporter.dll (API version 3944462).
LogModuleManager: Display: Found up-to-date module file ../../../Engine/Plugins/2D/Paper2D/Binaries/Win64/UE4Editor-PaperTiledImporter.dll (API version 3944462).
LogModuleManager: Display: Found up-to-date module file ../../../Engine/Plugins/2D/Paper2D/Binaries/Win64/UE4Editor-SmartSnapping.dll (API version 3944462).
LogModuleManager: Display: Found up-to-date module file ../../../Engine/Plugins/Blendables/LightPropagationVolume/Binaries/Win64/UE4Editor-LightPropagationVolumeRuntime.dll (API version 3944462).
LogModuleManager: Display: Found up-to-date module file ../../../Engine/Plugins/Blendables/LightPropagationVolume/Binaries/Win64/UE4Editor-LightPropagationVolumeEditor.dll (API version 3944462).
LogModuleManager: Display: Found up-to-date module file ../../../Engine/Plugins/Developer/CLionSourceCodeAccess/Binaries/Win64/UE4Editor-CLionSourceCodeAccess.dll (API version 3944462).
LogModuleManager: Display: Found up-to-date module file ../../../Engine/Plugins/Developer/GitSourceControl/Binaries/Win64/UE4Editor-GitSourceControl.dll (API version 3944462).
LogModuleManager: Display: Found up-to-date module file ../../../Engine/Plugins/Developer/PerforceSourceControl/Binaries/Win64/UE4Editor-PerforceSourceControl.dll (API version 3944462).
LogModuleManager: Display: Found up-to-date module file ../../../Engine/Plugins/Developer/SubversionSourceControl/Binaries/Win64/UE4Editor-SubversionSourceControl.dll (API version 3944462).
LogModuleManager: Display: Found up-to-date module file ../../../Engine/Plugins/Developer/UObjectPlugin/Binaries/Win64/UE4Editor-UObjectPlugin.dll (API version 3944462).
LogModuleManager: Display: Found up-to-date module file ../../../Engine/Plugins/Developer/VisualStudioCodeSourceCodeAccess/Binaries/Win64/UE4Editor-VisualStudioCodeSourceCodeAccess.dll (API version 3944462).
LogModuleManager: Display: Found up-to-date module file ../../../Engine/Plugins/Developer/VisualStudioSourceCodeAccess/Binaries/Win64/UE4Editor-VisualStudioSourceCodeAccess.dll (API version 3944462).
LogModuleManager: Display: Found up-to-date module file ../../../Engine/Plugins/Editor/AssetManagerEditor/Binaries/Win64/UE4Editor-AssetManagerEditor.dll (API version 3944462).
LogModuleManager: Display: Found up-to-date module file ../../../Engine/Plugins/Editor/CryptoKeys/Binaries/Win64/UE4Editor-CryptoKeys.dll (API version 3944462).
LogModuleManager: Display: Found up-to-date module file ../../../Engine/Plugins/Editor/CryptoKeys/Binaries/Win64/UE4Editor-CryptoKeysOpenSSL.dll (API version 3944462).
LogModuleManager: Display: Found up-to-date module file ../../../Engine/Plugins/Editor/DataValidation/Binaries/Win64/UE4Editor-DataValidation.dll (API version 3944462).
LogModuleManager: Display: Found up-to-date module file ../../../Engine/Plugins/Editor/FacialAnimation/Binaries/Win64/UE4Editor-FacialAnimation.dll (API version 3944462).
LogModuleManager: Display: Found up-to-date module file ../../../Engine/Plugins/Editor/FacialAnimation/Binaries/Win64/UE4Editor-FacialAnimationEditor.dll (API version 3944462).
LogModuleManager: Display: Found up-to-date module file ../../../Engine/Plugins/Editor/GameplayTagsEditor/Binaries/Win64/UE4Editor-GameplayTagsEditor.dll (API version 3944462).
LogModuleManager: Display: Found up-to-date module file ../../../Engine/Plugins/Editor/MobileLauncherProfileWizard/Binaries/Win64/UE4Editor-MobileLauncherProfileWizard.dll (API version 3944462).
LogModuleManager: Display: Found up-to-date module file ../../../Engine/Plugins/Editor/PluginBrowser/Binaries/Win64/UE4Editor-PluginBrowser.dll (API version 3944462).
LogModuleManager: Display: Found up-to-date module file ../../../Engine/Plugins/Editor/SpeedTreeImporter/Binaries/Win64/UE4Editor-SpeedTreeImporter.dll (API version 3944462).
LogModuleManager: Display: Found up-to-date module file ../../../Engine/Plugins/Enterprise/DatasmithContent/Binaries/Win64/UE4Editor-DatasmithContent.dll (API version 3944462).
LogModuleManager: Display: Found up-to-date module file ../../../Engine/Plugins/Experimental/AlembicImporter/Binaries/Win64/UE4Editor-AlembicImporter.dll (API version 3944462).
LogModuleManager: Display: Found up-to-date module file ../../../Engine/Plugins/Experimental/AlembicImporter/Binaries/Win64/UE4Editor-AlembicLibrary.dll (API version 3944462).
LogModuleManager: Display: Found up-to-date module file ../../../Engine/Plugins/Experimental/CharacterAI/Binaries/Win64/UE4Editor-CharacterAI.dll (API version 3944462).
LogModuleManager: Display: Found up-to-date module file ../../../Engine/Plugins/Experimental/HTML5Networking/Binaries/Win64/UE4Editor-HTML5Networking.dll (API version 3944462).
LogModuleManager: Display: Found up-to-date module file ../../../Engine/Plugins/Media/AndroidMedia/Binaries/Win64/UE4Editor-AndroidMediaEditor.dll (API version 3944462).
LogModuleManager: Display: Found up-to-date module file ../../../Engine/Plugins/Media/AndroidMedia/Binaries/Win64/UE4Editor-AndroidMediaFactory.dll (API version 3944462).
LogModuleManager: Display: Found up-to-date module file ../../../Engine/Plugins/Media/AvfMedia/Binaries/Win64/UE4Editor-AvfMediaEditor.dll (API version 3944462).
LogModuleManager: Display: Found up-to-date module file ../../../Engine/Plugins/Media/AvfMedia/Binaries/Win64/UE4Editor-AvfMediaFactory.dll (API version 3944462).
LogModuleManager: Display: Found up-to-date module file ../../../Engine/Plugins/Media/AvfMedia/Binaries/Win64/UE4Editor-AvfMediaFactory.dll (API version 3944462).
LogModuleManager: Display: Found up-to-date module file ../../../Engine/Plugins/Media/ImgMedia/Binaries/Win64/UE4Editor-ImgMedia.dll (API version 3944462).
LogModuleManager: Display: Found up-to-date module file ../../../Engine/Plugins/Media/ImgMedia/Binaries/Win64/UE4Editor-ImgMediaEditor.dll (API version 3944462).
LogModuleManager: Display: Found up-to-date module file ../../../Engine/Plugins/Media/ImgMedia/Binaries/Win64/UE4Editor-ImgMediaFactory.dll (API version 3944462).
LogModuleManager: Display: Found up-to-date module file ../../../Engine/Plugins/Media/ImgMedia/Binaries/Win64/UE4Editor-ImgMediaFactory.dll (API version 3944462).
LogModuleManager: Display: Found up-to-date module file ../../../Engine/Plugins/Media/ImgMedia/Binaries/Win64/UE4Editor-OpenExrWrapper.dll (API version 3944462).
LogModuleManager: Display: Found up-to-date module file ../../../Engine/Plugins/Media/LinearTimecode/Binaries/Win64/UE4Editor-LinearTimecode.dll (API version 3944462).
LogModuleManager: Display: Found up-to-date module file ../../../Engine/Plugins/Media/MediaCompositing/Binaries/Win64/UE4Editor-MediaCompositing.dll (API version 3944462).
LogModuleManager: Display: Found up-to-date module file ../../../Engine/Plugins/Media/MediaCompositing/Binaries/Win64/UE4Editor-MediaCompositingEditor.dll (API version 3944462).
LogModuleManager: Display: Found up-to-date module file ../../../Engine/Plugins/Media/MediaPlayerEditor/Binaries/Win64/UE4Editor-MediaPlayerEditor.dll (API version 3944462).
LogModuleManager: Display: Found up-to-date module file ../../../Engine/Plugins/Media/WmfMedia/Binaries/Win64/UE4Editor-WmfMedia.dll (API version 3944462).
LogModuleManager: Display: Found up-to-date module file ../../../Engine/Plugins/Media/WmfMedia/Binaries/Win64/UE4Editor-WmfMediaEditor.dll (API version 3944462).
LogModuleManager: Display: Found up-to-date module file ../../../Engine/Plugins/Media/WmfMedia/Binaries/Win64/UE4Editor-WmfMediaFactory.dll (API version 3944462).
LogModuleManager: Display: Found up-to-date module file ../../../Engine/Plugins/Media/WmfMedia/Binaries/Win64/UE4Editor-WmfMediaFactory.dll (API version 3944462).
LogModuleManager: Display: Found up-to-date module file ../../../Engine/Plugins/Messaging/TcpMessaging/Binaries/Win64/UE4Editor-TcpMessaging.dll (API version 3944462).
LogModuleManager: Display: Found up-to-date module file ../../../Engine/Plugins/Messaging/UdpMessaging/Binaries/Win64/UE4Editor-UdpMessaging.dll (API version 3944462).
LogModuleManager: Display: Found up-to-date module file ../../../Engine/Plugins/MovieScene/ActorSequence/Binaries/Win64/UE4Editor-ActorSequence.dll (API version 3944462).
LogModuleManager: Display: Found up-to-date module file ../../../Engine/Plugins/MovieScene/LevelSequenceEditor/Binaries/Win64/UE4Editor-LevelSequenceEditor.dll (API version 3944462).
LogModuleManager: Display: Found up-to-date module file ../../../Engine/Plugins/MovieScene/MatineeToLevelSequence/Binaries/Win64/UE4Editor-MatineeToLevelSequence.dll (API version 3944462).
LogModuleManager: Display: Found up-to-date module file ../../../Engine/Plugins/NetcodeUnitTest/NetcodeUnitTest/Binaries/Win64/UE4Editor-NetcodeUnitTest.dll (API version 3944462).
LogModuleManager: Display: Found up-to-date module file ../../../Engine/Plugins/NetcodeUnitTest/NUTUnrealEngine4/Binaries/Win64/UE4Editor-NUTUnrealEngine4.dll (API version 3944462).
LogModuleManager: Display: Found up-to-date module file ../../../Engine/Plugins/Runtime/AndroidPermission/Binaries/Win64/UE4Editor-AndroidPermission.dll (API version 3944462).
LogModuleManager: Display: Found up-to-date module file ../../../Engine/Plugins/Online/OnlineSubsystemNull/Binaries/Win64/UE4Editor-OnlineSubsystemNull.dll (API version 3944462).
LogModuleManager: Display: Found up-to-date module file ../../../Engine/Plugins/Runtime/AndroidDeviceProfileSelector/Binaries/Win64/UE4Editor-AndroidDeviceProfileSelector.dll (API version 3944462).
LogModuleManager: Display: Found up-to-date module file ../../../Engine/Plugins/Runtime/AppleARKit/Binaries/Win64/UE4Editor-AppleARKit.dll (API version 3944462).
LogModuleManager: Display: Found up-to-date module file ../../../Engine/Plugins/Runtime/ProceduralMeshComponent/Binaries/Win64/UE4Editor-ProceduralMeshComponent.dll (API version 3944462).
LogModuleManager: Display: Found up-to-date module file ../../../Engine/Plugins/Runtime/ProceduralMeshComponent/Binaries/Win64/UE4Editor-ProceduralMeshComponentEditor.dll (API version 3944462).
LogModuleManager: Display: Found up-to-date module file ../../../Engine/Plugins/Animation/LiveLink/Binaries/Win64/UE4Editor-LiveLink.dll (API version 3944462).
LogModuleManager: Display: Found up-to-date module file ../../../Engine/Plugins/Animation/LiveLink/Binaries/Win64/UE4Editor-LiveLinkEditor.dll (API version 3944462).
LogModuleManager: Display: Found up-to-date module file ../../../Engine/Plugins/Runtime/ArchVisCharacter/Binaries/Win64/UE4Editor-ArchVisCharacter.dll (API version 3944462).
LogModuleManager: Display: Found up-to-date module file ../../../Engine/Plugins/Runtime/AudioCapture/Binaries/Win64/UE4Editor-AudioCapture.dll (API version 3944462).
LogModuleManager: Display: Found up-to-date module file ../../../Engine/Plugins/Runtime/AudioCapture/Binaries/Win64/UE4Editor-AudioCaptureEditor.dll (API version 3944462).
LogModuleManager: Display: Found up-to-date module file ../../../Engine/Plugins/Runtime/CableComponent/Binaries/Win64/UE4Editor-CableComponent.dll (API version 3944462).
LogModuleManager: Display: Found up-to-date module file ../../../Engine/Plugins/Runtime/CustomMeshComponent/Binaries/Win64/UE4Editor-CustomMeshComponent.dll (API version 3944462).
LogModuleManager: Display: Found up-to-date module file ../../../Engine/Plugins/Runtime/ExampleDeviceProfileSelector/Binaries/Win64/UE4Editor-ExampleDeviceProfileSelector.dll (API version 3944462).
LogModuleManager: Display: Found up-to-date module file ../../../Engine/Plugins/Runtime/ImmediatePhysics/Binaries/Win64/UE4Editor-ImmediatePhysics.dll (API version 3944462).
LogModuleManager: Display: Found up-to-date module file ../../../Engine/Plugins/Runtime/ImmediatePhysics/Binaries/Win64/UE4Editor-ImmediatePhysicsEditor.dll (API version 3944462).
LogModuleManager: Display: Found up-to-date module file ../../../Engine/Plugins/Runtime/LocationServicesBPLibrary/Binaries/Win64/UE4Editor-LocationServicesBPLibrary.dll (API version 3944462).
LogModuleManager: Display: Found up-to-date module file ../../../Engine/Plugins/Runtime/MobilePatchingUtils/Binaries/Win64/UE4Editor-MobilePatchingUtils.dll (API version 3944462).
LogModuleManager: Display: Found up-to-date module file ../../../Engine/Plugins/Runtime/Oculus/OculusVR/Binaries/Win64/UE4Editor-OculusHMD.dll (API version 3944462).
LogModuleManager: Display: Found up-to-date module file ../../../Engine/Plugins/Runtime/Oculus/OculusVR/Binaries/Win64/UE4Editor-OculusInput.dll (API version 3944462).
LogModuleManager: Display: Found up-to-date module file ../../../Engine/Plugins/Runtime/Oculus/OculusVR/Binaries/Win64/UE4Editor-OculusEditor.dll (API version 3944462).
LogModuleManager: Display: Found up-to-date module file ../../../Engine/Plugins/Runtime/PhysXVehicles/Binaries/Win64/UE4Editor-PhysXVehicles.dll (API version 3944462).
LogModuleManager: Display: Found up-to-date module file ../../../Engine/Plugins/Runtime/PhysXVehicles/Binaries/Win64/UE4Editor-PhysXVehiclesEditor.dll (API version 3944462).
LogModuleManager: Display: Found up-to-date module file ../../../Engine/Plugins/Runtime/RuntimePhysXCooking/Binaries/Win64/UE4Editor-RuntimePhysXCooking.dll (API version 3944462).
LogModuleManager: Display: Found up-to-date module file ../../../Engine/Plugins/Runtime/Steam/SteamVR/Binaries/Win64/UE4Editor-SteamVR.dll (API version 3944462).
LogModuleManager: Display: Found up-to-date module file ../../../Engine/Plugins/Runtime/Steam/SteamVR/Binaries/Win64/UE4Editor-SteamVRController.dll (API version 3944462).
LogModuleManager: Display: Found up-to-date module file ../../../Engine/Plugins/Runtime/WindowsMoviePlayer/Binaries/Win64/UE4Editor-WindowsMoviePlayer.dll (API version 3944462).
LogPluginManager: Mounting plugin Paper2D
LogPluginManager: Mounting plugin LiveLink
LogPluginManager: Mounting plugin LightPropagationVolume
LogPluginManager: Mounting plugin CLionSourceCodeAccess
LogPluginManager: Mounting plugin CodeLiteSourceCodeAccess
LogPluginManager: Mounting plugin GitSourceControl
LogPluginManager: Mounting plugin KDevelopSourceCodeAccess
LogPluginManager: Mounting plugin NullSourceCodeAccess
LogPluginManager: Mounting plugin PerforceSourceControl
LogPluginManager: Mounting plugin SubversionSourceControl
LogPluginManager: Mounting plugin UObjectPlugin
LogPluginManager: Mounting plugin VisualStudioCodeSourceCodeAccess
LogPluginManager: Mounting plugin VisualStudioSourceCodeAccess
LogPluginManager: Mounting plugin XCodeSourceCodeAccess
LogPluginManager: Mounting plugin AssetManagerEditor
LogPluginManager: Mounting plugin CryptoKeys
LogPluginManager: Mounting plugin DataValidation
LogPluginManager: Mounting plugin FacialAnimation
LogPluginManager: Mounting plugin GameplayTagsEditor
LogPluginManager: Mounting plugin MobileLauncherProfileWizard
LogPluginManager: Mounting plugin PluginBrowser
LogPluginManager: Mounting plugin SpeedTreeImporter
LogPluginManager: Mounting plugin DatasmithContent
LogPluginManager: Mounting plugin AlembicImporter
LogPluginManager: Mounting plugin CharacterAI
LogPluginManager: Mounting plugin HTML5Networking
LogPluginManager: Mounting plugin AndroidMedia
LogPluginManager: Mounting plugin AvfMedia
LogPluginManager: Mounting plugin ImgMedia
LogPluginManager: Mounting plugin LinearTimecode
LogPluginManager: Mounting plugin MediaCompositing
LogPluginManager: Mounting plugin MediaPlayerEditor
LogPluginManager: Mounting plugin WmfMedia
LogPluginManager: Mounting plugin TcpMessaging
LogPluginManager: Mounting plugin UdpMessaging
LogPluginManager: Mounting plugin ActorSequence
LogPluginManager: Mounting plugin LevelSequenceEditor
LogPluginManager: Mounting plugin MatineeToLevelSequence
LogPluginManager: Mounting plugin NetcodeUnitTest
LogPluginManager: Mounting plugin NUTUnrealEngine4
LogPluginManager: Mounting plugin OnlineSubsystemGooglePlay
LogPluginManager: Mounting plugin OnlineSubsystemIOS
LogPluginManager: Mounting plugin OnlineSubsystem
LogPluginManager: Mounting plugin OnlineSubsystemNull
LogPluginManager: Mounting plugin OnlineSubsystemSteam
LogPluginManager: Mounting plugin OnlineSubsystemUtils
LogPluginManager: Mounting plugin AndroidDeviceProfileSelector
LogPluginManager: Mounting plugin AndroidMoviePlayer
LogPluginManager: Mounting plugin AndroidPermission
LogPluginManager: Mounting plugin AppleARKit
LogPluginManager: Mounting plugin AppleMoviePlayer
LogPluginManager: Mounting plugin ArchVisCharacter
LogPluginManager: Mounting plugin AudioCapture
LogPluginManager: Mounting plugin CableComponent
LogPluginManager: Mounting plugin CustomMeshComponent
LogPluginManager: Mounting plugin ExampleDeviceProfileSelector
LogPluginManager: Mounting plugin GoogleCloudMessaging
LogPluginManager: Mounting plugin ImmediatePhysics
LogPluginManager: Mounting plugin IOSDeviceProfileSelector
LogPluginManager: Mounting plugin LinuxDeviceProfileSelector
LogPluginManager: Mounting plugin LocationServicesBPLibrary
LogPluginManager: Mounting plugin MobilePatchingUtils
LogPluginManager: Mounting plugin OculusVR
LogPluginManager: Plugin shader directory ../../../Engine/Plugins/Runtime/Oculus/OculusVR/Shaders found
LogPluginManager: Mapping shader source directory ../../../Engine/Plugins/Runtime/Oculus/OculusVR/Shaders to virtual directory /Plugin/OculusVR
LogPluginManager: Mounting plugin PhysXVehicles
LogPluginManager: Mounting plugin ProceduralMeshComponent
LogPluginManager: Mounting plugin RuntimePhysXCooking
LogPluginManager: Mounting plugin SteamVR
LogPluginManager: Mounting plugin WindowsMoviePlayer
LogStreaming: Display: Took  1.277s to configure plugins.
LogInit: Using libcurl 7.47.1
LogInit:  - built for x86_64-pc-win32
LogInit:  - supports SSL with OpenSSL/1.0.2g
LogInit:  - supports HTTP deflate (compression) using libz 1.2.8
LogInit:  - other features:
LogInit:      CURL_VERSION_SSL
LogInit:      CURL_VERSION_LIBZ
LogInit:      CURL_VERSION_IPV6
LogInit:      CURL_VERSION_ASYNCHDNS
LogInit:      CURL_VERSION_LARGEFILE
LogInit:      CURL_VERSION_IDN
LogInit:  CurlRequestOptions (configurable via config and command line):
LogInit:  - bVerifyPeer = false  - Libcurl will NOT verify peer certificate
LogInit:  - bUseHttpProxy = false  - Libcurl will NOT use HTTP proxy
LogInit:  - bDontReuseConnections = false  - Libcurl will reuse connections
LogInit:  - CertBundlePath = nullptr  - Libcurl will use whatever was configured at build time.
LogInit:  - MaxHostConnections = 16  - Libcurl will limit the number of connections to a host
LogInit:  - LocalHostAddr = Default
LogOnline: Display: STEAM: Loading Steam SDK 1.39
LogOnline: Warning: STEAM: Steam API disabled!
LogOnline: Display: STEAM: OnlineSubsystemSteam::Shutdown()
LogInit: WinSock: version 1.1 (2.2), MaxSocks=32767, MaxUdp=65467
LogInit: WinSock: I am Robs-Blade (192.168.86.34:0)
LogHMD: Failed initializing OVRPlugin 1.21.0
LogInit: Build: ++UE4+Release-4.19-CL-4033788
LogInit: Engine Version: 4.19.2-4033788+++UE4+Release-4.19
LogInit: Compatible Engine Version: 4.19.0-3944462+++UE4+Release-4.19
LogInit: Net CL: 3944462
LogDevObjectVersion: Number of dev versions registered: 18
LogDevObjectVersion:   Dev-Blueprints (B0D832E4-1F89-4F0D-ACCF-7EB736FD4AA2): 10
LogDevObjectVersion:   Dev-Build (E1C64328-A22C-4D53-A36C-8E866417BD8C): 0
LogDevObjectVersion:   Dev-Core (375EC13C-06E4-48FB-B500-84F0262A717E): 2
LogDevObjectVersion:   Dev-Editor (E4B068ED-F494-42E9-A231-DA0B2E46BB41): 23
LogDevObjectVersion:   Dev-Framework (CFFC743F-43B0-4480-9391-14DF171D2073): 33
LogDevObjectVersion:   Dev-Mobile (B02B49B5-BB20-44E9-A304-32B752E40360): 2
LogDevObjectVersion:   Dev-Networking (A4E4105C-59A1-49B5-A7C5-40C4547EDFEE): 0
LogDevObjectVersion:   Dev-Online (39C831C9-5AE6-47DC-9A44-9C173E1C8E7C): 0
LogDevObjectVersion:   Dev-Physics (78F01B33-EBEA-4F98-B9B4-84EACCB95AA2): 0
LogDevObjectVersion:   Dev-Platform (6631380F-2D4D-43E0-8009-CF276956A95A): 0
LogDevObjectVersion:   Dev-Rendering (12F88B9F-8875-4AFC-A67C-D90C383ABD29): 25
LogDevObjectVersion:   Dev-Sequencer (7B5AE74C-D270-4C10-A958-57980B212A5A): 6
LogDevObjectVersion:   Dev-VR (D7296918-1DD6-4BDD-9DE2-64A83CC13884): 1
LogDevObjectVersion:   Dev-LoadTimes (C2A15278-BFE7-4AFE-6C17-90FF531DF755): 1
LogDevObjectVersion:   Private-Geometry (6EACA3D4-40EC-4CC1-B786-8BED09428FC5): 2
LogDevObjectVersion:   Dev-AnimPhys (29E575DD-E0A3-4627-9D10-D276232CDCEA): 16
LogDevObjectVersion:   Dev-ReflectionCapture (6B266CEC-1EC7-4B8F-A30B-E4D90942FC07): 1
LogDevObjectVersion:   Dev-Automation (0DF73D61-A23F-47EA-B727-89E90C41499A): 1
LogInit: Compiled (64-bit): Apr 27 2018 02:06:57
LogInit: Compiled with Visual C++: 19.00.24215.01
LogInit: Build Configuration: Development
LogInit: Branch Name: ++UE4+Release-4.19
LogInit: Command Line:  
LogInit: Base Directory: C:/Program Files/Epic Games/UE_4.19/Engine/Binaries/Win64/
LogInit: Installed Engine Build: 1
LogStreaming: Display: Took  0.006s to delete old logs.
LogInit: Presizing for max 8388607 objects, including 0 objects not considered by GC, pre-allocating 0 bytes for permanent pool.
LogInit: Object subsystem initialized
[2018.06.12-23.42.24:488][  0]LogInit: Selected Device Profile: [Windows]
[2018.06.12-23.42.24:488][  0]LogInit: Applying CVar settings loaded from the selected device profile: [Windows]
[2018.06.12-23.42.24:505][  0]LogInit: Computer: ROBS-BLADE
[2018.06.12-23.42.24:505][  0]LogInit: User: RobsBlade
[2018.06.12-23.42.24:505][  0]LogInit: CPU Page size=4096, Cores=4
[2018.06.12-23.42.24:505][  0]LogInit: High frequency timer resolution =2.531247 MHz
[2018.06.12-23.42.24:505][  0]LogMemory: Memory total: Physical=15.9GB (16GB approx)
[2018.06.12-23.42.24:505][  0]LogMemory: Platform Memory Stats for Windows
[2018.06.12-23.42.24:505][  0]LogMemory: Process Physical Memory: 280.03 MB used, 280.03 MB peak
[2018.06.12-23.42.24:505][  0]LogMemory: Process Virtual Memory: 269.40 MB used, 269.40 MB peak
[2018.06.12-23.42.24:505][  0]LogMemory: Physical Memory: 6217.45 MB used,  10058.72 MB free, 16276.17 MB total
[2018.06.12-23.42.24:505][  0]LogMemory: Virtual Memory: 4840.80 MB used,  10058.72 MB free, 134217728.00 MB total
[2018.06.12-23.42.24:533][  0]LogInit: Using OS detected language (en-US).
[2018.06.12-23.42.24:533][  0]LogInit: Using OS detected locale (en-US).
[2018.06.12-23.42.24:536][  0]LogTextLocalizationManager: No specific localization for 'en-US' exists, so the 'en' localization will be used.
[2018.06.12-23.42.25:068][  0]LogStreaming: Display: Took  0.534s to EndInitTextLocalization.
[2018.06.12-23.42.25:068][  0]LogInit: Setting process to per monitor DPI aware
[2018.06.12-23.42.25:121][  0]LogSlate: New Slate User Created.  User Index 0, Is Virtual User: 0
[2018.06.12-23.42.25:121][  0]LogSlate: Slate User Registered.  User Index 0, Is Virtual User: 0
[2018.06.12-23.42.25:349][  0]LogD3D11RHI: D3D11 adapters:
[2018.06.12-23.42.25:405][  0]LogD3D11RHI:    0. 'NVIDIA GeForce GTX 1060' (Feature Level 11_0)
[2018.06.12-23.42.25:405][  0]LogD3D11RHI:       6052/0/8138 MB DedicatedVideo/DedicatedSystem/SharedSystem, Outputs:1, VendorId:0x10de
[2018.06.12-23.42.25:416][  0]LogD3D11RHI:    1. 'Intel(R) HD Graphics 530' (Feature Level 11_0)
[2018.06.12-23.42.25:416][  0]LogD3D11RHI:       128/0/8138 MB DedicatedVideo/DedicatedSystem/SharedSystem, Outputs:0, VendorId:0x8086
[2018.06.12-23.42.25:420][  0]LogD3D11RHI:    2. 'Microsoft Basic Render Driver' (Feature Level 11_0)
[2018.06.12-23.42.25:420][  0]LogD3D11RHI:       0/0/8138 MB DedicatedVideo/DedicatedSystem/SharedSystem, Outputs:0, VendorId:0x1414
[2018.06.12-23.42.25:420][  0]LogD3D11RHI: Chosen D3D11 Adapter: 0
[2018.06.12-23.42.25:436][  0]LogD3D11RHI: Creating new Direct3DDevice
[2018.06.12-23.42.25:436][  0]LogD3D11RHI:     GPU DeviceId: 0x1c20 (for the marketing name, search the web for "GPU Device Id")
[2018.06.12-23.42.25:436][  0]LogWindows: EnumDisplayDevices:
[2018.06.12-23.42.25:436][  0]LogWindows:    0. 'Intel(R) HD Graphics 530' (P:1 D:1)
[2018.06.12-23.42.25:437][  0]LogWindows:    1. 'Intel(R) HD Graphics 530' (P:0 D:0)
[2018.06.12-23.42.25:437][  0]LogWindows:    2. 'Intel(R) HD Graphics 530' (P:0 D:0)
[2018.06.12-23.42.25:437][  0]LogWindows:    3. 'NVIDIA GeForce GTX 1060' (P:0 D:0)
[2018.06.12-23.42.25:437][  0]LogWindows: DebugString: GetVideoDriverDetailsInvalid PrimaryIsNotTheChoosenAdapter GetVideoDriverDetailsInvalid PrimaryIsNotTheChoosenAdapter GetVideoDriverDetailsInvalid PrimaryIsNotTheChoosenAdapter GetVideoDriverDetailsInvalid PrimaryIsNotTheChoosenAdapter FoundDriverCount:0 
[2018.06.12-23.42.25:437][  0]LogD3D11RHI:     Adapter Name: NVIDIA GeForce GTX 1060
[2018.06.12-23.42.25:437][  0]LogD3D11RHI:   Driver Version: Unknown (internal:Unknown, unified:Unknown)
[2018.06.12-23.42.25:437][  0]LogD3D11RHI:      Driver Date: Unknown
[2018.06.12-23.42.25:437][  0]LogRHI: Texture pool is 4236 MB (70% of 6052 MB)
[2018.06.12-23.42.25:468][  0]LogD3D11RHI: [Aftermath] Aftermath enabled and primed
[2018.06.12-23.42.25:468][  0]LogD3D11RHI: [Aftermath] Aftermath enabled and primed
[2018.06.12-23.42.25:468][  0]LogD3D11RHI: Async texture creation enabled
[2018.06.12-23.42.25:488][  0]LogD3D11RHI: GPU Timing Frequency: 1000.000000 (Debug: 2 2)
[2018.06.12-23.42.25:489][  0]LogShaderCompilers: Guid format shader working directory is -16 characters bigger than the processId version (../../../../../../Users/Rob's Blade/Documents/Unreal Projects/Quake/Intermediate/Shaders/WorkingDirectory/17544/).
[2018.06.12-23.42.25:489][  0]LogShaderCompilers: Cleaned the shader compiler working directory 'C:/Users/Rob's Blade/AppData/Local/Temp/UnrealShaderWorkingDir/45DCBD8C429BAA2D64D4EB9136B9C11A/'.
[2018.06.12-23.42.25:709][  0]LogTemp: Display: Loaded TP AllDesktopTargetPlatform
[2018.06.12-23.42.25:724][  0]LogTemp: Display: Loaded TP MacClientTargetPlatform
[2018.06.12-23.42.25:746][  0]LogTemp: Display: Loaded TP MacNoEditorTargetPlatform
[2018.06.12-23.42.25:760][  0]LogTemp: Display: Loaded TP MacServerTargetPlatform
[2018.06.12-23.42.25:776][  0]LogTemp: Display: Loaded TP MacTargetPlatform
[2018.06.12-23.42.25:790][  0]LogTemp: Display: Loaded TP WindowsClientTargetPlatform
[2018.06.12-23.42.25:805][  0]LogTemp: Display: Loaded TP WindowsNoEditorTargetPlatform
[2018.06.12-23.42.25:820][  0]LogTemp: Display: Loaded TP WindowsServerTargetPlatform
[2018.06.12-23.42.25:827][  0]LogTemp: Display: Loaded TP WindowsTargetPlatform
[2018.06.12-23.42.25:841][  0]LogTemp: Display: Loaded TP Android_ASTCTargetPlatform
[2018.06.12-23.42.25:855][  0]LogTemp: Display: Loaded TP Android_ATCTargetPlatform
[2018.06.12-23.42.25:867][  0]LogTemp: Display: Loaded TP Android_DXTTargetPlatform
[2018.06.12-23.42.25:881][  0]LogTemp: Display: Loaded TP Android_ETC1aTargetPlatform
[2018.06.12-23.42.25:893][  0]LogTemp: Display: Loaded TP Android_ETC1TargetPlatform
[2018.06.12-23.42.25:907][  0]LogTemp: Display: Loaded TP Android_ETC2TargetPlatform
[2018.06.12-23.42.25:942][  0]LogTemp: Display: Loaded TP Android_MultiTargetPlatform
[2018.06.12-23.42.25:942][  0]LogTemp: Display: Loaded TP Android_PVRTCTargetPlatform
[2018.06.12-23.42.25:956][  0]LogTemp: Display: Loaded TP AndroidTargetPlatform
[2018.06.12-23.42.25:957][  0]LogTemp: Display: Loaded TP HTML5TargetPlatform
[2018.06.12-23.42.25:995][  0]LogTemp: Display: Loaded TP IOSTargetPlatform
[2018.06.12-23.42.26:008][  0]LogTemp: Display: Loaded TP TVOSTargetPlatform
[2018.06.12-23.42.26:021][  0]LogTemp: Display: Loaded TP LinuxClientTargetPlatform
[2018.06.12-23.42.26:035][  0]LogTemp: Display: Loaded TP LinuxNoEditorTargetPlatform
[2018.06.12-23.42.26:048][  0]LogTemp: Display: Loaded TP LinuxServerTargetPlatform
[2018.06.12-23.42.26:062][  0]LogTemp: Display: Loaded TP LinuxTargetPlatform
[2018.06.12-23.42.26:062][  0]LogTargetPlatformManager: Display: Building Assets For Windows
[2018.06.12-23.42.26:187][  0]LogXGEController: Cleaning working directory: C:/Users/Rob's Blade/AppData/Local/Temp/UnrealXGEWorkingDir/
[2018.06.12-23.42.26:187][  0]LogXGEController: Cannot use XGE Controller as Incredibuild is not installed on this machine.
[2018.06.12-23.42.26:187][  0]LogShaderCompilers: Cannot use XGE Shader Compiler as Incredibuild is not installed on this machine.
[2018.06.12-23.42.26:187][  0]LogShaderCompilers: Display: Using Local Shader Compiler.
[2018.06.12-23.42.26:923][  0]LogDerivedDataCache: Display: Max Cache Size: 512 MB
[2018.06.12-23.42.27:007][  0]LogDerivedDataCache: Loaded boot cache 0.08s 74MB C:/Users/Rob's Blade/AppData/Local/UnrealEngine/4.19/DerivedDataCache/Boot.ddc.
[2018.06.12-23.42.27:007][  0]LogDerivedDataCache: Display: Loaded Boot cache: C:/Users/Rob's Blade/AppData/Local/UnrealEngine/4.19/DerivedDataCache/Boot.ddc
[2018.06.12-23.42.27:007][  0]LogDerivedDataCache: FDerivedDataBackendGraph:  Pak pak cache file ../../../../../../Users/Rob's Blade/Documents/Unreal Projects/Quake/DerivedDataCache/DDC.ddp not found, will not use a pak cache.
[2018.06.12-23.42.27:007][  0]LogDerivedDataCache: Unable to find inner node Pak for hierarchical cache Hierarchy.
[2018.06.12-23.42.27:007][  0]LogDerivedDataCache: FDerivedDataBackendGraph:  CompressedPak pak cache file ../../../../../../Users/Rob's Blade/Documents/Unreal Projects/Quake/DerivedDataCache/Compressed.ddp not found, will not use a pak cache.
[2018.06.12-23.42.27:007][  0]LogDerivedDataCache: Unable to find inner node CompressedPak for hierarchical cache Hierarchy.
[2018.06.12-23.42.27:024][  0]LogDerivedDataCache: Display: Pak cache opened for reading ../../../Engine/DerivedDataCache/Compressed.ddp.
[2018.06.12-23.42.27:037][  0]LogDerivedDataCache: Using Local data cache path C:/Users/Rob's Blade/AppData/Local/UnrealEngine/Common/DerivedDataCache: Writable
[2018.06.12-23.42.27:037][  0]LogDerivedDataCache: Shared data cache path not found in *engine.ini, will not use an Shared cache.
[2018.06.12-23.42.27:037][  0]LogDerivedDataCache: Unable to find inner node Shared for hierarchical cache Hierarchy.
[2018.06.12-23.42.27:059][  0]LogMaterial: Verifying Global Shaders for PCD3D_SM5
[2018.06.12-23.42.27:059][  0]LogSlate: Using Freetype 2.6.0
[2018.06.12-23.42.27:060][  0]LogSlate: SlateFontCache - WITH_FREETYPE: 1, WITH_HARFBUZZ: 1
[2018.06.12-23.42.27:060][  0]LogSlate: SlateFontCache - WITH_FREETYPE: 1, WITH_HARFBUZZ: 1
[2018.06.12-23.42.27:190][  0]LogAssetRegistry: FAssetRegistry took 0.0267 seconds to start up
[2018.06.12-23.42.27:526][  0]LogInit: Selected Device Profile: [Windows]
[2018.06.12-23.42.27:695][  0]LogSimplygon: Simplygon DLL not present - disabling.
[2018.06.12-23.42.27:699][  0]LogMeshReduction: Using SimplygonSwarm for distributed automatic mesh merging
[2018.06.12-23.42.27:699][  0]LogMeshReduction: Using QuadricMeshReduction for automatic static mesh reduction
[2018.06.12-23.42.27:699][  0]LogMeshReduction: No automatic skeletal mesh reduction module available
[2018.06.12-23.42.27:699][  0]LogMeshReduction: No automatic mesh merging module available
[2018.06.12-23.42.27:699][  0]LogMeshMerging: No automatic mesh merging module available
[2018.06.12-23.42.27:736][  0]LogNetVersion: Quake , NetCL: 3944462, EngineNetVer: 2, GameNetVer: 0 (Checksum: 1851811319)
[2018.06.12-23.42.28:276][  0]LogPackageLocalizationCache: Processed 9 localized package path(s) for 2 prioritized culture(s) in 0.091938 seconds
[2018.06.12-23.42.28:281][  0]LogUObjectArray: 36735 objects as part of root set at end of initial load.
[2018.06.12-23.42.28:281][  0]LogUObjectAllocator: 7528584 out of 0 bytes used by permanent object pool.
[2018.06.12-23.42.28:281][  0]LogUObjectArray: CloseDisregardForGC: 0/0 objects in disregard for GC pool
[2018.06.12-23.42.30:076][  0]LogTcpMessaging: Initializing TcpMessaging bridge
[2018.06.12-23.42.30:107][  0]LogUdpMessaging: Initializing bridge on interface 0.0.0.0:0 to multicast group 230.0.0.1:6666.
[2018.06.12-23.42.30:487][  0]SourceControl: Source control is disabled
[2018.06.12-23.42.30:487][  0]SourceControl: Source control is disabled
[2018.06.12-23.42.30:507][  0]SourceControl: Source control is disabled
[2018.06.12-23.42.30:526][  0]SourceControl: Source control is disabled
[2018.06.12-23.42.31:019][  0]LogAndroidPermission: UAndroidPermissionCallbackProxy::GetInstance
[2018.06.12-23.42.31:187][  0]LogOcInput: OculusInput pre-init called
[2018.06.12-23.42.31:310][  0]LogEngine: Initializing Engine...
[2018.06.12-23.42.31:311][  0]LogHMD: Failed to initialize OpenVR with code 110
[2018.06.12-23.42.31:312][  0]LogStats: UGameplayTagsManager::ConstructGameplayTagTree: Construct from data asset -  0.000 s
[2018.06.12-23.42.31:312][  0]LogStats: UGameplayTagsManager::ConstructGameplayTagTree: GameplayTagTreeChangedEvent.Broadcast -  0.000 s
[2018.06.12-23.42.31:565][  0]LogAIModule: Creating AISystem for world Untitled
[2018.06.12-23.42.31:579][  0]LogInit: XAudio2 using 'Speakers (Realtek High Definition Audio)' : 2 channels at 48 kHz using 32 bits per sample (channel mask 0x3)
[2018.06.12-23.42.31:601][  0]LogInit: FAudioDevice initialized.
[2018.06.12-23.42.31:661][  0]LogDerivedDataCache: Saved boot cache 0.06s 74MB C:/Users/Rob's Blade/AppData/Local/UnrealEngine/4.19/DerivedDataCache/Boot.ddc.
[2018.06.12-23.42.31:687][  0]LogInit: Texture streaming: Enabled
[2018.06.12-23.42.31:706][  0]LogEngineSessionManager: EngineSessionManager initialized
[2018.06.12-23.42.31:721][  0]LogInit: Transaction tracking system initialized
[2018.06.12-23.42.31:747][  0]BlueprintLog: New page: Editor Load
[2018.06.12-23.42.31:835][  0]LocalizationService: Localization service is disabled
[2018.06.12-23.42.31:954][  0]LogConsoleResponse: Display: 
[2018.06.12-23.42.32:137][  0]LogCook: Display: Max memory allowance for cook 16384mb min free memory 0mb
[2018.06.12-23.42.32:137][  0]LogCook: Display: Mobile HDR setting 1
[2018.06.12-23.42.32:137][  0]LogGameplayTags: Display: UGameplayTagsManager::DoneAddingNativeTags. DelegateIsBound: 0
[2018.06.12-23.42.32:137][  0]LogStats: UGameplayTagsManager::ConstructGameplayTagTree: Construct from data asset -  0.000 s
[2018.06.12-23.42.32:137][  0]LogStats: UGameplayTagsManager::ConstructGameplayTagTree: GameplayTagTreeChangedEvent.Broadcast -  0.000 s
[2018.06.12-23.42.32:173][  0]LogFileCache: Scanning file cache for directory 'C:/Users/Rob's Blade/Documents/Unreal Projects/Quake/Content/' took 0.02s
[2018.06.12-23.42.32:574][  0]SourceControl: Source control is disabled
[2018.06.12-23.42.32:574][  0]Cmd: MAP LOAD FILE="../../../../../../Users/Rob's Blade/Documents/Unreal Projects/Quake/Content/Maps/MainMenu.umap" TEMPLATE=0 SHOWPROGRESS=1 FEATURELEVEL=3
[2018.06.12-23.42.32:575][  0]LightingResults: New page: Lighting Build
[2018.06.12-23.42.32:578][  0]MapCheck: New page: Map Check
[2018.06.12-23.42.32:578][  0]LightingResults: New page: Lighting Build
[2018.06.12-23.42.32:619][  0]LogUObjectGlobals: Created PersistentFrame Addr=0x0000028b3db04b80, Size=536, Default__GameInfoInstance_C Function /Game/Blueprints/AllLevels/GameInfoInstance.GameInfoInstance_C:ExecuteUbergraph_GameInfoInstance
[2018.06.12-23.42.32:623][  0]LogUObjectGlobals: Created PersistentFrame Addr=0x0000028b3d3e8f40, Size=312, Default__PlayerControllerGM_C Function /Game/Blueprints/Gameplay/PlayerControllerGM.PlayerControllerGM_C:ExecuteUbergraph_PlayerControllerGM
[2018.06.12-23.42.32:627][  0]LogUObjectGlobals: Created PersistentFrame Addr=0x0000028b3cfaea20, Size=224, Default__GameplayGM_C Function /Game/Blueprints/Gameplay/GameplayGM.GameplayGM_C:ExecuteUbergraph_GameplayGM
[2018.06.12-23.42.32:641][  0]LogUObjectGlobals: Created PersistentFrame Addr=0x0000028b3cf8fc90, Size=80, Default__HostMenu_C Function /Game/UI/MainMenu/HostMenu.HostMenu_C:ExecuteUbergraph_HostMenu
[2018.06.12-23.42.32:648][  0]LogUObjectGlobals: Created PersistentFrame Addr=0x0000028b3cf87f38, Size=40, Default__MainMenu_C Function /Game/UI/MainMenu/MainMenu.MainMenu_C:ExecuteUbergraph_MainMenu
[2018.06.12-23.42.32:664][  0]LogUObjectGlobals: Created PersistentFrame Addr=0x0000028b3dad20f0, Size=104, Default__OptionsMenu_C Function /Game/UI/MainMenu/OptionsMenu.OptionsMenu_C:ExecuteUbergraph_OptionsMenu
[2018.06.12-23.42.32:676][  0]LogUObjectGlobals: Created PersistentFrame Addr=0x0000028b3cfa4680, Size=608, Default__ServerMenu_C Function /Game/UI/MainMenu/ServerMenu.ServerMenu_C:ExecuteUbergraph_ServerMenu
[2018.06.12-23.42.32:737][  0]LogUObjectGlobals: Created PersistentFrame Addr=0x0000028b2173f290, Size=72, Default__FirstPerson_AnimBP_C Function /Game/FirstPerson/Animations/FirstPerson_AnimBP.FirstPerson_AnimBP_C:ExecuteUbergraph_FirstPerson_AnimBP
[2018.06.12-23.42.32:754][  0]LogUObjectGlobals: Created PersistentFrame Addr=0x0000028b1eac5d00, Size=256, Default__FirstPersonProjectile_C Function /Game/FirstPersonBP/Blueprints/FirstPersonProjectile.FirstPersonProjectile_C:ExecuteUbergraph_FirstPersonProjectile
[2018.06.12-23.42.32:817][  0]LogUObjectGlobals: Created PersistentFrame Addr=0x0000028b24e26500, Size=688, Default__0_Base_C Function /Game/Blueprints/Characters/0_Base.0_Base_C:ExecuteUbergraph_0_Base
[2018.06.12-23.42.32:834][  0]LogUObjectGlobals: Created PersistentFrame Addr=0x0000028b24e26200, Size=688, Default__Character1_C Function /Game/Blueprints/Characters/Character1.Character1_C:ExecuteUbergraph_Character1
[2018.06.12-23.42.32:849][  0]LogUObjectGlobals: Created PersistentFrame Addr=0x0000028b24e25300, Size=688, Default__Character2_C Function /Game/Blueprints/Characters/Character2.Character2_C:ExecuteUbergraph_Character2
[2018.06.12-23.42.32:866][  0]LogUObjectGlobals: Created PersistentFrame Addr=0x0000028b2249f400, Size=688, Default__Character3_C Function /Game/Blueprints/Characters/Character3.Character3_C:ExecuteUbergraph_Character3
[2018.06.12-23.42.32:881][  0]LogUObjectGlobals: Created PersistentFrame Addr=0x0000028b2249d600, Size=688, Default__Character4_C Function /Game/Blueprints/Characters/Character4.Character4_C:ExecuteUbergraph_Character4
[2018.06.12-23.42.32:901][  0]LogUObjectGlobals: Created PersistentFrame Addr=0x0000028b2249c400, Size=688, Default__Character5_C Function /Game/Blueprints/Characters/Character5.Character5_C:ExecuteUbergraph_Character5
[2018.06.12-23.42.32:919][  0]LogUObjectGlobals: Created PersistentFrame Addr=0x0000028b223eba00, Size=688, Default__Character6_C Function /Game/Blueprints/Characters/Character6.Character6_C:ExecuteUbergraph_Character6
[2018.06.12-23.42.32:936][  0]LogUObjectGlobals: Created PersistentFrame Addr=0x0000028b223ea800, Size=688, Default__Character7_C Function /Game/Blueprints/Characters/Character7.Character7_C:ExecuteUbergraph_Character7
[2018.06.12-23.42.32:951][  0]LogUObjectGlobals: Created PersistentFrame Addr=0x0000028b223e9300, Size=688, Default__Character8_C Function /Game/Blueprints/Characters/Character8.Character8_C:ExecuteUbergraph_Character8
[2018.06.12-23.42.32:963][  0]LogUObjectGlobals: Created PersistentFrame Addr=0x0000028b2a40c480, Size=880, Default__LobbyPC_C Function /Game/Blueprints/Lobby/LobbyPC.LobbyPC_C:ExecuteUbergraph_LobbyPC
[2018.06.12-23.42.32:965][  0]LogUObjectGlobals: Created PersistentFrame Addr=0x0000028b2239e500, Size=752, Default__LobbyGM_C Function /Game/Blueprints/Lobby/LobbyGM.LobbyGM_C:ExecuteUbergraph_LobbyGM
[2018.06.12-23.42.32:983][  0]LogUObjectGlobals: Created PersistentFrame Addr=0x0000028b22335d80, Size=328, Default__ChatWindow_C Function /Game/UI/AllLevels/ChatWindow.ChatWindow_C:ExecuteUbergraph_ChatWindow
[2018.06.12-23.42.32:989][  0]LogUObjectGlobals: Created PersistentFrame Addr=0x0000028b22355bc0, Size=320, Default__LobbyMenu_C Function /Game/UI/Lobby/LobbyMenu.LobbyMenu_C:ExecuteUbergraph_LobbyMenu
[2018.06.12-23.42.33:009][  0]LogUObjectGlobals: Created PersistentFrame Addr=0x0000028b2233e2a0, Size=80, Default__CharacterSelect_C Function /Game/UI/Lobby/CharacterSelect.CharacterSelect_C:ExecuteUbergraph_CharacterSelect
[2018.06.12-23.42.33:022][  0]LogUObjectGlobals: Created PersistentFrame Addr=0x0000028b223961a0, Size=32, Default__PlayerButton_C Function /Game/UI/Lobby/PlayerButton.PlayerButton_C:ExecuteUbergraph_PlayerButton
[2018.06.12-23.42.33:026][  0]LogUObjectGlobals: Created PersistentFrame Addr=0x0000028b3aa09fc0, Size=192, Default__GameSettings_C Function /Game/UI/Lobby/GameSettings.GameSettings_C:ExecuteUbergraph_GameSettings
[2018.06.12-23.42.33:046][  0]LogUObjectGlobals: Created PersistentFrame Addr=0x0000028b22485f90, Size=4, Default__ConnectedPlayer_C Function /Game/UI/Lobby/ConnectedPlayer.ConnectedPlayer_C:ExecuteUbergraph_ConnectedPlayer
[2018.06.12-23.42.33:174][  0]LogUObjectGlobals: Destroyed PersistentFrame Addr=0x0000028b2173f290, Size=72
[2018.06.12-23.42.33:174][  0]LogUObjectGlobals: Created PersistentFrame Addr=0x0000028b2516c8b0, Size=72, Default__FirstPerson_AnimBP_C Function /Engine/Transient.REINST_FirstPerson_AnimBP_C_0:ExecuteUbergraph_FirstPerson_AnimBP
[2018.06.12-23.42.33:174][  0]LogUObjectGlobals: Destroyed PersistentFrame Addr=0x0000028b1eac5d00, Size=256
[2018.06.12-23.42.33:174][  0]LogUObjectGlobals: Created PersistentFrame Addr=0x0000028b25143f00, Size=256, Default__FirstPersonProjectile_C Function /Engine/Transient.REINST_FirstPersonProjectile_C_4:ExecuteUbergraph_FirstPersonProjectile
[2018.06.12-23.42.33:174][  0]LogUObjectGlobals: Destroyed PersistentFrame Addr=0x0000028b3db04b80, Size=536
[2018.06.12-23.42.33:175][  0]LogUObjectGlobals: Created PersistentFrame Addr=0x0000028b24ee3880, Size=536, Default__GameInfoInstance_C Function /Engine/Transient.REINST_GameInfoInstance_C_5:ExecuteUbergraph_GameInfoInstance
[2018.06.12-23.42.33:175][  0]LogUObjectGlobals: Destroyed PersistentFrame Addr=0x0000028b24e26500, Size=688
[2018.06.12-23.42.33:175][  0]LogUObjectGlobals: Created PersistentFrame Addr=0x0000028b24ee9f00, Size=688, Default__0_Base_C Function /Engine/Transient.REINST_0_Base_C_7:ExecuteUbergraph_0_Base
[2018.06.12-23.42.33:176][  0]LogUObjectGlobals: Destroyed PersistentFrame Addr=0x0000028b24e26200, Size=688
[2018.06.12-23.42.33:176][  0]LogUObjectGlobals: Created PersistentFrame Addr=0x0000028b24ee8a00, Size=688, Default__Character1_C Function /Engine/Transient.REINST_Character1_C_8:ExecuteUbergraph_Character1
[2018.06.12-23.42.33:177][  0]LogUObjectGlobals: Destroyed PersistentFrame Addr=0x0000028b24e25300, Size=688
[2018.06.12-23.42.33:177][  0]LogUObjectGlobals: Created PersistentFrame Addr=0x0000028b24ebb700, Size=688, Default__Character2_C Function /Engine/Transient.REINST_Character2_C_9:ExecuteUbergraph_Character2
[2018.06.12-23.42.33:178][  0]LogUObjectGlobals: Destroyed PersistentFrame Addr=0x0000028b2249f400, Size=688
[2018.06.12-23.42.33:178][  0]LogUObjectGlobals: Created PersistentFrame Addr=0x0000028b24eb9f00, Size=688, Default__Character3_C Function /Engine/Transient.REINST_Character3_C_10:ExecuteUbergraph_Character3
[2018.06.12-23.42.33:179][  0]LogUObjectGlobals: Destroyed PersistentFrame Addr=0x0000028b2249d600, Size=688
[2018.06.12-23.42.33:179][  0]LogUObjectGlobals: Created PersistentFrame Addr=0x0000028b24e9f700, Size=688, Default__Character4_C Function /Engine/Transient.REINST_Character4_C_11:ExecuteUbergraph_Character4
[2018.06.12-23.42.33:179][  0]LogUObjectGlobals: Destroyed PersistentFrame Addr=0x0000028b2249c400, Size=688
[2018.06.12-23.42.33:179][  0]LogUObjectGlobals: Created PersistentFrame Addr=0x0000028b24e9eb00, Size=688, Default__Character5_C Function /Engine/Transient.REINST_Character5_C_12:ExecuteUbergraph_Character5
[2018.06.12-23.42.33:180][  0]LogUObjectGlobals: Destroyed PersistentFrame Addr=0x0000028b223eba00, Size=688
[2018.06.12-23.42.33:180][  0]LogUObjectGlobals: Created PersistentFrame Addr=0x0000028b24e9d900, Size=688, Default__Character6_C Function /Engine/Transient.REINST_Character6_C_13:ExecuteUbergraph_Character6
[2018.06.12-23.42.33:181][  0]LogUObjectGlobals: Destroyed PersistentFrame Addr=0x0000028b223ea800, Size=688
[2018.06.12-23.42.33:181][  0]LogUObjectGlobals: Created PersistentFrame Addr=0x0000028b24e9cd00, Size=688, Default__Character7_C Function /Engine/Transient.REINST_Character7_C_14:ExecuteUbergraph_Character7
[2018.06.12-23.42.33:181][  0]LogUObjectGlobals: Destroyed PersistentFrame Addr=0x0000028b223e9300, Size=688
[2018.06.12-23.42.33:181][  0]LogUObjectGlobals: Created PersistentFrame Addr=0x0000028b24e83d00, Size=688, Default__Character8_C Function /Engine/Transient.REINST_Character8_C_15:ExecuteUbergraph_Character8
[2018.06.12-23.42.33:182][  0]LogUObjectGlobals: Destroyed PersistentFrame Addr=0x0000028b2233e2a0, Size=80
[2018.06.12-23.42.33:182][  0]LogUObjectGlobals: Created PersistentFrame Addr=0x0000028b24ea6430, Size=80, Default__CharacterSelect_C Function /Engine/Transient.REINST_CharacterSelect_C_0:ExecuteUbergraph_CharacterSelect
[2018.06.12-23.42.33:182][  0]LogUObjectGlobals: Destroyed PersistentFrame Addr=0x0000028b22335d80, Size=328
[2018.06.12-23.42.33:182][  0]LogUObjectGlobals: Created PersistentFrame Addr=0x0000028b2245ab00, Size=328, Default__ChatWindow_C Function /Engine/Transient.REINST_ChatWindow_C_2:ExecuteUbergraph_ChatWindow
[2018.06.12-23.42.33:182][  0]LogUObjectGlobals: Destroyed PersistentFrame Addr=0x0000028b22485f90, Size=4
[2018.06.12-23.42.33:182][  0]LogUObjectGlobals: Created PersistentFrame Addr=0x0000028b24faf5d0, Size=4, Default__ConnectedPlayer_C Function /Engine/Transient.REINST_ConnectedPlayer_C_3:ExecuteUbergraph_ConnectedPlayer
[2018.06.12-23.42.33:183][  0]LogUObjectGlobals: Destroyed PersistentFrame Addr=0x0000028b3aa09fc0, Size=192
[2018.06.12-23.42.33:183][  0]LogUObjectGlobals: Created PersistentFrame Addr=0x0000028b24ecf400, Size=192, Default__GameSettings_C Function /Engine/Transient.REINST_GameSettings_C_5:ExecuteUbergraph_GameSettings
[2018.06.12-23.42.33:183][  0]LogUObjectGlobals: Destroyed PersistentFrame Addr=0x0000028b3cf8fc90, Size=80
[2018.06.12-23.42.33:183][  0]LogUObjectGlobals: Created PersistentFrame Addr=0x0000028b24ea5300, Size=80, Default__HostMenu_C Function /Engine/Transient.REINST_HostMenu_C_6:ExecuteUbergraph_HostMenu
[2018.06.12-23.42.33:183][  0]LogUObjectGlobals: Destroyed PersistentFrame Addr=0x0000028b22355bc0, Size=320
[2018.06.12-23.42.33:183][  0]LogUObjectGlobals: Created PersistentFrame Addr=0x0000028b2500f240, Size=320, Default__LobbyMenu_C Function /Engine/Transient.REINST_LobbyMenu_C_8:ExecuteUbergraph_LobbyMenu
[2018.06.12-23.42.33:184][  0]LogUObjectGlobals: Destroyed PersistentFrame Addr=0x0000028b2a40c480, Size=880
[2018.06.12-23.42.33:184][  0]LogUObjectGlobals: Created PersistentFrame Addr=0x0000028b24e5f200, Size=880, Default__LobbyPC_C Function /Engine/Transient.REINST_LobbyPC_C_16:ExecuteUbergraph_LobbyPC
[2018.06.12-23.42.33:184][  0]LogUObjectGlobals: Destroyed PersistentFrame Addr=0x0000028b3cf87f38, Size=40
[2018.06.12-23.42.33:184][  0]LogUObjectGlobals: Created PersistentFrame Addr=0x0000028b2a4c5f58, Size=40, Default__MainMenu_C Function /Engine/Transient.REINST_MainMenu_C_9:ExecuteUbergraph_MainMenu
[2018.06.12-23.42.33:185][  0]LogUObjectGlobals: Destroyed PersistentFrame Addr=0x0000028b3dad20f0, Size=104
[2018.06.12-23.42.33:185][  0]LogUObjectGlobals: Created PersistentFrame Addr=0x0000028b24f465c0, Size=104, Default__OptionsMenu_C Function /Engine/Transient.REINST_OptionsMenu_C_10:ExecuteUbergraph_OptionsMenu
[2018.06.12-23.42.33:185][  0]LogUObjectGlobals: Destroyed PersistentFrame Addr=0x0000028b223961a0, Size=32
[2018.06.12-23.42.33:185][  0]LogUObjectGlobals: Created PersistentFrame Addr=0x0000028b25e37f20, Size=32, Default__PlayerButton_C Function /Engine/Transient.REINST_PlayerButton_C_11:ExecuteUbergraph_PlayerButton
[2018.06.12-23.42.33:185][  0]LogUObjectGlobals: Destroyed PersistentFrame Addr=0x0000028b3d3e8f40, Size=312
[2018.06.12-23.42.33:186][  0]LogUObjectGlobals: Created PersistentFrame Addr=0x0000028b2500ec00, Size=312, Default__PlayerControllerGM_C Function /Engine/Transient.REINST_PlayerControllerGM_C_17:ExecuteUbergraph_PlayerControllerGM
[2018.06.12-23.42.33:186][  0]LogUObjectGlobals: Destroyed PersistentFrame Addr=0x0000028b3cfa4680, Size=608
[2018.06.12-23.42.33:186][  0]LogUObjectGlobals: Created PersistentFrame Addr=0x0000028b24ee3600, Size=608, Default__ServerMenu_C Function /Engine/Transient.REINST_ServerMenu_C_12:ExecuteUbergraph_ServerMenu
[2018.06.12-23.42.33:186][  0]LogUObjectGlobals: Destroyed PersistentFrame Addr=0x0000028b3cfaea20, Size=224
[2018.06.12-23.42.33:186][  0]LogUObjectGlobals: Created PersistentFrame Addr=0x0000028b25e32da0, Size=224, Default__GameplayGM_C Function /Engine/Transient.REINST_GameplayGM_C_18:ExecuteUbergraph_GameplayGM
[2018.06.12-23.42.33:187][  0]LogUObjectGlobals: Destroyed PersistentFrame Addr=0x0000028b2239e500, Size=752
[2018.06.12-23.42.33:187][  0]LogUObjectGlobals: Created PersistentFrame Addr=0x0000028b25e27400, Size=752, Default__LobbyGM_C Function /Engine/Transient.REINST_LobbyGM_C_19:ExecuteUbergraph_LobbyGM
[2018.06.12-23.42.33:350][  0]LogUObjectGlobals: Created PersistentFrame Addr=0x0000028b254e05e0, Size=72, Default__FirstPerson_AnimBP_C Function /Game/FirstPerson/Animations/FirstPerson_AnimBP.FirstPerson_AnimBP_C:ExecuteUbergraph_FirstPerson_AnimBP
[2018.06.12-23.42.33:351][  0]LogUObjectGlobals: Created PersistentFrame Addr=0x0000028b25455300, Size=256, Default__FirstPersonProjectile_C Function /Game/FirstPersonBP/Blueprints/FirstPersonProjectile.FirstPersonProjectile_C:ExecuteUbergraph_FirstPersonProjectile
[2018.06.12-23.42.33:354][  0]LogUObjectGlobals: Created PersistentFrame Addr=0x0000028b25466700, Size=536, Default__GameInfoInstance_C Function /Game/Blueprints/AllLevels/GameInfoInstance.GameInfoInstance_C:ExecuteUbergraph_GameInfoInstance
[2018.06.12-23.42.33:358][  0]LogUObjectGlobals: Created PersistentFrame Addr=0x0000028b25d6f700, Size=688, Default__0_Base_C Function /Game/Blueprints/Characters/0_Base.0_Base_C:ExecuteUbergraph_0_Base
[2018.06.12-23.42.33:361][  0]LogUObjectGlobals: Created PersistentFrame Addr=0x0000028b253afa00, Size=688, Default__Character1_C Function /Game/Blueprints/Characters/Character1.Character1_C:ExecuteUbergraph_Character1
[2018.06.12-23.42.33:365][  0]LogUObjectGlobals: Created PersistentFrame Addr=0x0000028b253af100, Size=688, Default__Character2_C Function /Game/Blueprints/Characters/Character2.Character2_C:ExecuteUbergraph_Character2
[2018.06.12-23.42.33:369][  0]LogUObjectGlobals: Created PersistentFrame Addr=0x0000028b253ae800, Size=688, Default__Character3_C Function /Game/Blueprints/Characters/Character3.Character3_C:ExecuteUbergraph_Character3
[2018.06.12-23.42.33:372][  0]LogUObjectGlobals: Created PersistentFrame Addr=0x0000028b252ec400, Size=688, Default__Character4_C Function /Game/Blueprints/Characters/Character4.Character4_C:ExecuteUbergraph_Character4
[2018.06.12-23.42.33:375][  0]LogUObjectGlobals: Created PersistentFrame Addr=0x0000028b252b7700, Size=688, Default__Character5_C Function /Game/Blueprints/Characters/Character5.Character5_C:ExecuteUbergraph_Character5
[2018.06.12-23.42.33:378][  0]LogUObjectGlobals: Created PersistentFrame Addr=0x0000028b252b7400, Size=688, Default__Character6_C Function /Game/Blueprints/Characters/Character6.Character6_C:ExecuteUbergraph_Character6
[2018.06.12-23.42.33:380][  0]LogUObjectGlobals: Created PersistentFrame Addr=0x0000028b252b6e00, Size=688, Default__Character7_C Function /Game/Blueprints/Characters/Character7.Character7_C:ExecuteUbergraph_Character7
[2018.06.12-23.42.33:383][  0]LogUObjectGlobals: Created PersistentFrame Addr=0x0000028b252b6500, Size=688, Default__Character8_C Function /Game/Blueprints/Characters/Character8.Character8_C:ExecuteUbergraph_Character8
[2018.06.12-23.42.33:386][  0]LogUObjectGlobals: Created PersistentFrame Addr=0x0000028b261a2f20, Size=80, Default__CharacterSelect_C Function /Game/UI/Lobby/CharacterSelect.CharacterSelect_C:ExecuteUbergraph_CharacterSelect
[2018.06.12-23.42.33:387][  0]LogUObjectGlobals: Created PersistentFrame Addr=0x0000028b2244a080, Size=328, Default__ChatWindow_C Function /Game/UI/AllLevels/ChatWindow.ChatWindow_C:ExecuteUbergraph_ChatWindow
[2018.06.12-23.42.33:388][  0]LogUObjectGlobals: Created PersistentFrame Addr=0x0000028b25815dd0, Size=4, Default__ConnectedPlayer_C Function /Game/UI/Lobby/ConnectedPlayer.ConnectedPlayer_C:ExecuteUbergraph_ConnectedPlayer
[2018.06.12-23.42.33:392][  0]LogUObjectGlobals: Created PersistentFrame Addr=0x0000028b26161240, Size=192, Default__GameSettings_C Function /Game/UI/Lobby/GameSettings.GameSettings_C:ExecuteUbergraph_GameSettings
[2018.06.12-23.42.33:395][  0]LogUObjectGlobals: Created PersistentFrame Addr=0x0000028b26139e90, Size=80, Default__HostMenu_C Function /Game/UI/MainMenu/HostMenu.HostMenu_C:ExecuteUbergraph_HostMenu
[2018.06.12-23.42.33:399][  0]LogUObjectGlobals: Created PersistentFrame Addr=0x0000028b254b2700, Size=320, Default__LobbyMenu_C Function /Game/UI/Lobby/LobbyMenu.LobbyMenu_C:ExecuteUbergraph_LobbyMenu
[2018.06.12-23.42.33:405][  0]LogUObjectGlobals: Created PersistentFrame Addr=0x0000028b2603bc80, Size=880, Default__LobbyPC_C Function /Game/Blueprints/Lobby/LobbyPC.LobbyPC_C:ExecuteUbergraph_LobbyPC
[2018.06.12-23.42.33:408][  0]LogUObjectGlobals: Created PersistentFrame Addr=0x0000028b2611b650, Size=40, Default__MainMenu_C Function /Game/UI/MainMenu/MainMenu.MainMenu_C:ExecuteUbergraph_MainMenu
[2018.06.12-23.42.33:410][  0]LogUObjectGlobals: Created PersistentFrame Addr=0x0000028b25fec410, Size=104, Default__OptionsMenu_C Function /Game/UI/MainMenu/OptionsMenu.OptionsMenu_C:ExecuteUbergraph_OptionsMenu
[2018.06.12-23.42.33:411][  0]LogUObjectGlobals: Created PersistentFrame Addr=0x0000028b25febc00, Size=32, Default__PlayerButton_C Function /Game/UI/Lobby/PlayerButton.PlayerButton_C:ExecuteUbergraph_PlayerButton
[2018.06.12-23.42.33:413][  0]LogUObjectGlobals: Created PersistentFrame Addr=0x0000028b254b2480, Size=312, Default__PlayerControllerGM_C Function /Game/Blueprints/Gameplay/PlayerControllerGM.PlayerControllerGM_C:ExecuteUbergraph_PlayerControllerGM
[2018.06.12-23.42.33:417][  0]LogUObjectGlobals: Created PersistentFrame Addr=0x0000028b26015d00, Size=608, Default__ServerMenu_C Function /Game/UI/MainMenu/ServerMenu.ServerMenu_C:ExecuteUbergraph_ServerMenu
[2018.06.12-23.42.33:419][  0]LogUObjectGlobals: Created PersistentFrame Addr=0x0000028b25484800, Size=224, Default__GameplayGM_C Function /Game/Blueprints/Gameplay/GameplayGM.GameplayGM_C:ExecuteUbergraph_GameplayGM
[2018.06.12-23.42.33:425][  0]LogUObjectGlobals: Created PersistentFrame Addr=0x0000028b25f6ab00, Size=752, Default__LobbyGM_C Function /Game/Blueprints/Lobby/LobbyGM.LobbyGM_C:ExecuteUbergraph_LobbyGM
[2018.06.12-23.42.33:495][  0]LogUObjectGlobals: Created PersistentFrame Addr=0x0000028b25f0ac60, Size=32, Default__MainMenu_C Function /Game/Maps/MainMenu.MainMenu_C:ExecuteUbergraph_MainMenu
[2018.06.12-23.42.33:496][  0]LogUObjectGlobals: Destroyed PersistentFrame Addr=0x0000028b25f0ac60, Size=32
[2018.06.12-23.42.33:496][  0]LogUObjectGlobals: Created PersistentFrame Addr=0x0000028b25f0ac60, Size=32, MainMenu_C_0 Function /Engine/Transient.REINST_MainMenu_C_51:ExecuteUbergraph_MainMenu
[2018.06.12-23.42.33:497][  0]LogUObjectGlobals: Created PersistentFrame Addr=0x0000028b25f0b700, Size=32, Default__MainMenu_C Function /Game/Maps/MainMenu.MainMenu_C:ExecuteUbergraph_MainMenu
[2018.06.12-23.42.33:698][  0]LogSkeletalMesh: Skeletal Mesh found in DDC [3.691461ms] /Game/FirstPerson/FPWeapon/Mesh/SK_FPGun.SK_FPGun
[2018.06.12-23.42.33:938][  0]LogSkeletalMesh: Skeletal Mesh found in DDC [5.951217ms] /Game/FirstPerson/Character/Mesh/SK_Mannequin_Arms.SK_Mannequin_Arms
[2018.06.12-23.42.34:128][  0]LogAIModule: Creating AISystem for world MainMenu
[2018.06.12-23.42.34:129][  0]LogEditorServer: Finished looking for orphan Actors (0.000 secs)
[2018.06.12-23.42.34:147][  0]LogUObjectGlobals: Destroyed PersistentFrame Addr=0x0000028b24ee3880, Size=536
[2018.06.12-23.42.34:147][  0]LogUObjectGlobals: Destroyed PersistentFrame Addr=0x0000028b2500ec00, Size=312
[2018.06.12-23.42.34:147][  0]LogUObjectGlobals: Destroyed PersistentFrame Addr=0x0000028b25e32da0, Size=224
[2018.06.12-23.42.34:147][  0]LogUObjectGlobals: Destroyed PersistentFrame Addr=0x0000028b24ea5300, Size=80
[2018.06.12-23.42.34:147][  0]LogUObjectGlobals: Destroyed PersistentFrame Addr=0x0000028b2a4c5f58, Size=40
[2018.06.12-23.42.34:147][  0]LogUObjectGlobals: Destroyed PersistentFrame Addr=0x0000028b24f465c0, Size=104
[2018.06.12-23.42.34:147][  0]LogUObjectGlobals: Destroyed PersistentFrame Addr=0x0000028b24ee3600, Size=608
[2018.06.12-23.42.34:147][  0]LogUObjectGlobals: Destroyed PersistentFrame Addr=0x0000028b2516c8b0, Size=72
[2018.06.12-23.42.34:147][  0]LogUObjectGlobals: Destroyed PersistentFrame Addr=0x0000028b25143f00, Size=256
[2018.06.12-23.42.34:147][  0]LogUObjectGlobals: Destroyed PersistentFrame Addr=0x0000028b24ee9f00, Size=688
[2018.06.12-23.42.34:147][  0]LogUObjectGlobals: Destroyed PersistentFrame Addr=0x0000028b24ee8a00, Size=688
[2018.06.12-23.42.34:147][  0]LogUObjectGlobals: Destroyed PersistentFrame Addr=0x0000028b24ebb700, Size=688
[2018.06.12-23.42.34:147][  0]LogUObjectGlobals: Destroyed PersistentFrame Addr=0x0000028b24eb9f00, Size=688
[2018.06.12-23.42.34:147][  0]LogUObjectGlobals: Destroyed PersistentFrame Addr=0x0000028b24e9f700, Size=688
[2018.06.12-23.42.34:147][  0]LogUObjectGlobals: Destroyed PersistentFrame Addr=0x0000028b24e9eb00, Size=688
[2018.06.12-23.42.34:147][  0]LogUObjectGlobals: Destroyed PersistentFrame Addr=0x0000028b24e9d900, Size=688
[2018.06.12-23.42.34:147][  0]LogUObjectGlobals: Destroyed PersistentFrame Addr=0x0000028b24e9cd00, Size=688
[2018.06.12-23.42.34:147][  0]LogUObjectGlobals: Destroyed PersistentFrame Addr=0x0000028b24e83d00, Size=688
[2018.06.12-23.42.34:148][  0]LogUObjectGlobals: Destroyed PersistentFrame Addr=0x0000028b24e5f200, Size=880
[2018.06.12-23.42.34:148][  0]LogUObjectGlobals: Destroyed PersistentFrame Addr=0x0000028b25e27400, Size=752
[2018.06.12-23.42.34:148][  0]LogUObjectGlobals: Destroyed PersistentFrame Addr=0x0000028b2245ab00, Size=328
[2018.06.12-23.42.34:148][  0]LogUObjectGlobals: Destroyed PersistentFrame Addr=0x0000028b2500f240, Size=320
[2018.06.12-23.42.34:148][  0]LogUObjectGlobals: Destroyed PersistentFrame Addr=0x0000028b24ea6430, Size=80
[2018.06.12-23.42.34:148][  0]LogUObjectGlobals: Destroyed PersistentFrame Addr=0x0000028b25e37f20, Size=32
[2018.06.12-23.42.34:148][  0]LogUObjectGlobals: Destroyed PersistentFrame Addr=0x0000028b24ecf400, Size=192
[2018.06.12-23.42.34:148][  0]LogUObjectGlobals: Destroyed PersistentFrame Addr=0x0000028b24faf5d0, Size=4
[2018.06.12-23.42.34:148][  0]LogUObjectGlobals: Destroyed PersistentFrame Addr=0x0000028b25f0ac60, Size=32
[2018.06.12-23.42.34:151][  0]Cmd: MAP CHECKDEP NOCLEARLOG
[2018.06.12-23.42.34:216][  0]MapCheck: Map check complete: 0 Error(s), 0 Warning(s), took 65.154ms to complete.
[2018.06.12-23.42.34:216][  0]LogFileHelpers: Loading map 'MainMenu' took 1.641
[2018.06.12-23.42.34:380][  0]LogCollectionManager: Loaded 0 collections in 0.001802 seconds
[2018.06.12-23.42.34:425][  0]LogFileCache: Scanning file cache for directory 'C:/Users/Rob's Blade/Documents/Unreal Projects/Quake/Saved/Collections/' took 0.01s
[2018.06.12-23.42.34:425][  0]LogFileCache: Scanning file cache for directory 'C:/Users/Rob's Blade/Documents/Unreal Projects/Quake/Content/Developers/RobsBlade/Collections/' took 0.01s
[2018.06.12-23.42.34:425][  0]LogFileCache: Scanning file cache for directory 'C:/Users/Rob's Blade/Documents/Unreal Projects/Quake/Content/Collections/' took 0.01s
[2018.06.12-23.42.34:425][  0]LogCollectionManager: Rebuilt the GUID cache for 0 collections in 0.000000 seconds
[2018.06.12-23.42.34:434][  0]LogContentBrowser: Native class hierarchy populated in 0.0093 seconds. Added 2454 classes and 561 folders.
[2018.06.12-23.42.34:443][  0]LogContentBrowser: Native class hierarchy updated for 'WidgetCarousel' in 0.0003 seconds. Added 0 classes and 0 folders.
[2018.06.12-23.42.34:493][  0]LogContentBrowser: Native class hierarchy updated for 'AddContentDialog' in 0.0002 seconds. Added 0 classes and 0 folders.
[2018.06.12-23.42.34:497][  0]LogContentBrowser: Native class hierarchy updated for 'SceneOutliner' in 0.0002 seconds. Added 1 classes and 2 folders.
[2018.06.12-23.42.34:519][  0]LogSlate: Took 0.000273 seconds to synchronously load lazily loaded font '../../../Engine/Content/Slate/Fonts/Roboto-Regular.ttf' (155K)
[2018.06.12-23.42.34:522][  0]LogSlate: Took 0.000319 seconds to synchronously load lazily loaded font '../../../Engine/Content/Slate/Fonts/Roboto-Bold.ttf' (160K)
[2018.06.12-23.42.34:534][  0]LogSlate: Took 0.000478 seconds to synchronously load lazily loaded font '../../../Engine/Content/Editor/Slate/Fonts/FontAwesome.ttf' (139K)
[2018.06.12-23.42.34:650][  0]LogRenderer: Reallocating scene render targets to support 1112x440 Format 10 NumSamples 1 (Frame:1).
[2018.06.12-23.42.34:838][  0]LogContentBrowser: Native class hierarchy updated for 'HierarchicalLODOutliner' in 0.0004 seconds. Added 0 classes and 0 folders.
[2018.06.12-23.42.34:838][  0]LogLoad: (Engine Initialization) Total time: 13.89 seconds
[2018.06.12-23.42.34:838][  0]LogLoad: (Engine Initialization) Total Blueprint compile time: 0.00 seconds
[2018.06.12-23.42.34:849][  0]LogWindowsTextInputMethodSystem: Display: IME system now deactivated.
[2018.06.12-23.42.34:870][  0]LogContentStreaming: Texture pool size now 1000 MB
[2018.06.12-23.42.34:908][  0]LogSlate: Took 0.000138 seconds to synchronously load lazily loaded font '../../../Engine/Content/Slate/Fonts/Roboto-Light.ttf' (167K)
[2018.06.12-23.42.34:923][  1]LogAssetRegistry: Asset discovery search completed in 7.7545 seconds
[2018.06.12-23.42.34:926][  1]LogCollectionManager: Rebuilt the object cache for 0 collections in 0.000001 seconds (found 0 objects)
[2018.06.12-23.42.34:926][  1]LogCollectionManager: Fixed up redirectors for 0 collections in 0.000061 seconds (updated 0 objects)
[2018.06.12-23.42.35:873][ 96]LogSlate: Took 0.000205 seconds to synchronously load lazily loaded font '../../../Engine/Content/Slate/Fonts/Roboto-Light.ttf' (167K)
[2018.06.12-23.42.39:155][436]LogSlate: FSceneViewport::OnFocusLost() reason 2
[2018.06.12-23.42.40:162][543]LogSlate: FSceneViewport::OnFocusLost() reason 2
[2018.06.12-23.42.47:997][248]LogSlate: Window 'Source Control Login' being destroyed
[2018.06.12-23.42.50:174][458]LogSlate: FSceneViewport::OnFocusLost() reason 2
[2018.06.12-23.42.52:271][653]SourceControl: fatal: C:/Program Files/Epic Games/UE_4.19/Engine/Content: 'C:/Program Files/Epic Games/UE_4.19/Engine/Content' is outside repository
[2018.06.12-23.42.52:408][653]LogPackageName: Error: Illegal call to DoesPackageExist: '../../../../../../Users/Rob's Blade/Documents/Unreal Projects/Quake/Quake.uproject' is not a standard unreal filename or a long path name. Reason: Path should be no less than 4 characters long.
[2018.06.12-23.42.52:560][653]LogStats: FPlatformStackWalk::StackWalkAndDump -  0.152 s
[2018.06.12-23.42.52:560][653]LogOutputDevice: Error: === Handled ensure: ===
[2018.06.12-23.42.52:560][653]LogOutputDevice: Error: 
[2018.06.12-23.42.52:560][653]LogOutputDevice: Error: Ensure condition failed: false [File:D:\Build\++UE4+Release-4.19+Compile\Sync\Engine\Source\Runtime\CoreUObject\Private\Misc\PackageName.cpp] [Line: 818]
[2018.06.12-23.42.52:560][653]LogOutputDevice: Error: Illegal call to DoesPackageExist: '../../../../../../Users/Rob's Blade/Documents/Unreal Projects/Quake/Quake.uproject' is not a standard unreal filename or a long path name. Reason: Path should be no less than 4 characters long.
[2018.06.12-23.42.52:560][653]LogOutputDevice: Error: Stack: 
[2018.06.12-23.42.52:560][653]LogOutputDevice: Error: [Callstack] 0x0000000087D8B706 UE4Editor-Core.dll!UnknownFunction []
[2018.06.12-23.42.52:560][653]LogOutputDevice: Error: [Callstack] 0x0000000087AEAE3A UE4Editor-Core.dll!UnknownFunction []
[2018.06.12-23.42.52:560][653]LogOutputDevice: Error: [Callstack] 0x0000000087AFECD6 UE4Editor-Core.dll!UnknownFunction []
[2018.06.12-23.42.52:560][653]LogOutputDevice: Error: [Callstack] 0x00000000830CDD3B UE4Editor-CoreUObject.dll!UnknownFunction []
[2018.06.12-23.42.52:560][653]LogOutputDevice: Error: [Callstack] 0x000000008CA46A12 UE4Editor-SourceControl.dll!UnknownFunction []
[2018.06.12-23.42.52:560][653]LogOutputDevice: Error: [Callstack] 0x000000008CA46BA7 UE4Editor-SourceControl.dll!UnknownFunction []
[2018.06.12-23.42.52:560][653]LogOutputDevice: Error: [Callstack] 0x000000007E7550CE UE4Editor-SourceControlWindows.dll!UnknownFunction []
[2018.06.12-23.42.52:560][653]LogOutputDevice: Error: [Callstack] 0x000000007E714805 UE4Editor-SourceControlWindows.dll!UnknownFunction []
[2018.06.12-23.42.52:560][653]LogOutputDevice: Error: [Callstack] 0x000000007E713DDD UE4Editor-SourceControlWindows.dll!UnknownFunction []
[2018.06.12-23.42.52:560][653]LogOutputDevice: Error: [Callstack] 0x000000007E7290B4 UE4Editor-SourceControlWindows.dll!UnknownFunction []
[2018.06.12-23.42.52:560][653]LogOutputDevice: Error: [Callstack] 0x0000000058954669 UE4Editor-GitSourceControl.dll!UnknownFunction []
[2018.06.12-23.42.52:560][653]LogOutputDevice: Error: [Callstack] 0x000000008CA4B9BC UE4Editor-SourceControl.dll!UnknownFunction []
[2018.06.12-23.42.52:560][653]LogOutputDevice: Error: [Callstack] 0x0000000065FBDF0A UE4Editor-UnrealEd.dll!UnknownFunction []
[2018.06.12-23.42.52:560][653]LogOutputDevice: Error: [Callstack] 0x0000000066859626 UE4Editor-UnrealEd.dll!UnknownFunction []
[2018.06.12-23.42.52:560][653]LogOutputDevice: Error: [Callstack] 0x000000003EC75EAC UE4Editor.exe!UnknownFunction []
[2018.06.12-23.42.52:560][653]LogOutputDevice: Error: [Callstack] 0x000000003EC86BD0 UE4Editor.exe!UnknownFunction []
[2018.06.12-23.42.52:560][653]LogOutputDevice: Error: [Callstack] 0x000000003EC86C4A UE4Editor.exe!UnknownFunction []
[2018.06.12-23.42.52:560][653]LogOutputDevice: Error: [Callstack] 0x000000003EC94177 UE4Editor.exe!UnknownFunction []
[2018.06.12-23.42.52:560][653]LogOutputDevice: Error: [Callstack] 0x000000003EC95B87 UE4Editor.exe!UnknownFunction []
[2018.06.12-23.42.52:560][653]LogOutputDevice: Error: [Callstack] 0x00000000BE063034 KERNEL32.DLL!UnknownFunction []
[2018.06.12-23.42.52:560][653]LogOutputDevice: Error: [Callstack] 0x00000000C06A1551 ntdll.dll!UnknownFunction []
[2018.06.12-23.42.52:560][653]LogOutputDevice: Error: 
[2018.06.12-23.42.52:567][653]LogStats:                SubmitErrorReport -  0.000 s
[2018.06.12-23.42.52:873][653]LogStats:                    SendNewReport -  0.305 s
[2018.06.12-23.42.52:873][653]LogStats:             FDebug::EnsureFailed -  0.465 s
[2018.06.12-23.42.52:883][653]LogSlate: FSceneViewport::OnFocusLost() reason 2
[2018.06.12-23.43.13:884][653]LogSlate: Window 'Submit Files' being destroyed
[2018.06.12-23.43.13:901][653]LogSlate: FSceneViewport::OnFocusLost() reason 2
[2018.06.12-23.43.14:126][653]LogSlate: FSceneViewport::OnFocusLost() reason 2
[2018.06.12-23.43.14:374][653]LogSourceControl: commit successful: [master (root-commit) 2dc67bc] intial commit: Multiplayer setup complete
[2018.06.12-23.43.14:474][653]SourceControl: [master (root-commit) 2dc67bc] intial commit: Multiplayer setup complete
[2018.06.12-23.43.14:474][653]SourceControl:  3 files changed, 12 insertions(+)
[2018.06.12-23.43.14:474][653]SourceControl:  create mode 100644 Quake/Content/Blueprints/Gameplay/GameplayGM.uasset
[2018.06.12-23.43.14:474][653]SourceControl:  create mode 100644 Quake/Content/Blueprints/Gameplay/PlayerControllerGM.uasset
[2018.06.12-23.43.14:474][653]SourceControl:  create mode 100644 Quake/Quake.uproject
[2018.06.12-23.43.14:483][653]SourceControl: Commited [master (root-commit) 2dc67bc] intial commit: Multiplayer setup complete.
[2018.06.12-23.43.21:578][249]LogSlate: FSceneViewport::OnFocusLost() reason 2
[2018.06.12-23.43.24:409][509]SourceControl: fatal: C:/Program Files/Epic Games/UE_4.19/Engine/Content: 'C:/Program Files/Epic Games/UE_4.19/Engine/Content' is outside repository
[2018.06.12-23.43.24:539][509]EditorErrors: Warning: No assets to check in!
[2018.06.12-23.43.28:222][742]LogSlate: FSceneViewport::OnFocusLost() reason 2
