Log file open, 06/12/18 21:49:37
LogWindows: Failed to load 'aqProf.dll' (GetLastError=126)
LogWindows: File 'aqProf.dll' does not exist
LogWindows: Failed to load 'VtuneApi.dll' (GetLastError=126)
LogWindows: File 'VtuneApi.dll' does not exist
LogWindows: Failed to load 'VtuneApi32e.dll' (GetLastError=126)
LogWindows: File 'VtuneApi32e.dll' does not exist
LogInit: Display: Running engine for game: Quake
LogPlatformFile: Not using cached read wrapper
LogInit: Display: RandInit(-131534378) SRandInit(-131534378).
LogInit: Read version file with build ID '3944462'
LogInit: Overriding engine version to CL 4033788, compatible CL 3944462
LogInit: Registered custom module enumerator with build ID '3944462'
LogTaskGraph: Started task graph with 5 named threads and 23 total threads with 3 sets of task threads.
LogStats: Stats thread started at 0.317707
LogD3D11RHI: Aftermath initialized
LogICUInternationalization: Display: ICU TimeZone Detection - Raw Offset: -5:00, Platform Override: ''
LogModuleManager: Display: Found up-to-date module file ../../../Engine/Plugins/Online/OnlineSubsystemSteam/Binaries/Win64/UE4Editor-OnlineSubsystemSteam.dll (API version 3944462).
LogModuleManager: Display: Found up-to-date module file ../../../Engine/Plugins/Online/OnlineSubsystem/Binaries/Win64/UE4Editor-OnlineSubsystem.dll (API version 3944462).
LogModuleManager: Display: Found up-to-date module file ../../../Engine/Plugins/Online/OnlineSubsystemUtils/Binaries/Win64/UE4Editor-OnlineSubsystemUtils.dll (API version 3944462).
LogModuleManager: Display: Found up-to-date module file ../../../Engine/Plugins/Online/OnlineSubsystemUtils/Binaries/Win64/UE4Editor-OnlineBlueprintSupport.dll (API version 3944462).
LogModuleManager: Display: Found up-to-date module file ../../../Engine/Plugins/2D/Paper2D/Binaries/Win64/UE4Editor-Paper2D.dll (API version 3944462).
LogModuleManager: Display: Found up-to-date module file ../../../Engine/Plugins/2D/Paper2D/Binaries/Win64/UE4Editor-Paper2DEditor.dll (API version 3944462).
LogModuleManager: Display: Found up-to-date module file ../../../Engine/Plugins/2D/Paper2D/Binaries/Win64/UE4Editor-PaperSpriteSheetImporter.dll (API version 3944462).
LogModuleManager: Display: Found up-to-date module file ../../../Engine/Plugins/2D/Paper2D/Binaries/Win64/UE4Editor-PaperTiledImporter.dll (API version 3944462).
LogModuleManager: Display: Found up-to-date module file ../../../Engine/Plugins/2D/Paper2D/Binaries/Win64/UE4Editor-SmartSnapping.dll (API version 3944462).
LogModuleManager: Display: Found up-to-date module file ../../../Engine/Plugins/Blendables/LightPropagationVolume/Binaries/Win64/UE4Editor-LightPropagationVolumeRuntime.dll (API version 3944462).
LogModuleManager: Display: Found up-to-date module file ../../../Engine/Plugins/Blendables/LightPropagationVolume/Binaries/Win64/UE4Editor-LightPropagationVolumeEditor.dll (API version 3944462).
LogModuleManager: Display: Found up-to-date module file ../../../Engine/Plugins/Developer/CLionSourceCodeAccess/Binaries/Win64/UE4Editor-CLionSourceCodeAccess.dll (API version 3944462).
LogModuleManager: Display: Found up-to-date module file ../../../Engine/Plugins/Developer/GitSourceControl/Binaries/Win64/UE4Editor-GitSourceControl.dll (API version 3944462).
LogModuleManager: Display: Found up-to-date module file ../../../Engine/Plugins/Developer/PerforceSourceControl/Binaries/Win64/UE4Editor-PerforceSourceControl.dll (API version 3944462).
LogModuleManager: Display: Found up-to-date module file ../../../Engine/Plugins/Developer/SubversionSourceControl/Binaries/Win64/UE4Editor-SubversionSourceControl.dll (API version 3944462).
LogModuleManager: Display: Found up-to-date module file ../../../Engine/Plugins/Developer/UObjectPlugin/Binaries/Win64/UE4Editor-UObjectPlugin.dll (API version 3944462).
LogModuleManager: Display: Found up-to-date module file ../../../Engine/Plugins/Developer/VisualStudioCodeSourceCodeAccess/Binaries/Win64/UE4Editor-VisualStudioCodeSourceCodeAccess.dll (API version 3944462).
LogModuleManager: Display: Found up-to-date module file ../../../Engine/Plugins/Developer/VisualStudioSourceCodeAccess/Binaries/Win64/UE4Editor-VisualStudioSourceCodeAccess.dll (API version 3944462).
LogModuleManager: Display: Found up-to-date module file ../../../Engine/Plugins/Editor/AssetManagerEditor/Binaries/Win64/UE4Editor-AssetManagerEditor.dll (API version 3944462).
LogModuleManager: Display: Found up-to-date module file ../../../Engine/Plugins/Editor/CryptoKeys/Binaries/Win64/UE4Editor-CryptoKeys.dll (API version 3944462).
LogModuleManager: Display: Found up-to-date module file ../../../Engine/Plugins/Editor/CryptoKeys/Binaries/Win64/UE4Editor-CryptoKeysOpenSSL.dll (API version 3944462).
LogModuleManager: Display: Found up-to-date module file ../../../Engine/Plugins/Editor/DataValidation/Binaries/Win64/UE4Editor-DataValidation.dll (API version 3944462).
LogModuleManager: Display: Found up-to-date module file ../../../Engine/Plugins/Editor/FacialAnimation/Binaries/Win64/UE4Editor-FacialAnimation.dll (API version 3944462).
LogModuleManager: Display: Found up-to-date module file ../../../Engine/Plugins/Editor/FacialAnimation/Binaries/Win64/UE4Editor-FacialAnimationEditor.dll (API version 3944462).
LogModuleManager: Display: Found up-to-date module file ../../../Engine/Plugins/Editor/GameplayTagsEditor/Binaries/Win64/UE4Editor-GameplayTagsEditor.dll (API version 3944462).
LogModuleManager: Display: Found up-to-date module file ../../../Engine/Plugins/Editor/MobileLauncherProfileWizard/Binaries/Win64/UE4Editor-MobileLauncherProfileWizard.dll (API version 3944462).
LogModuleManager: Display: Found up-to-date module file ../../../Engine/Plugins/Editor/PluginBrowser/Binaries/Win64/UE4Editor-PluginBrowser.dll (API version 3944462).
LogModuleManager: Display: Found up-to-date module file ../../../Engine/Plugins/Editor/SpeedTreeImporter/Binaries/Win64/UE4Editor-SpeedTreeImporter.dll (API version 3944462).
LogModuleManager: Display: Found up-to-date module file ../../../Engine/Plugins/Enterprise/DatasmithContent/Binaries/Win64/UE4Editor-DatasmithContent.dll (API version 3944462).
LogModuleManager: Display: Found up-to-date module file ../../../Engine/Plugins/Experimental/AlembicImporter/Binaries/Win64/UE4Editor-AlembicImporter.dll (API version 3944462).
LogModuleManager: Display: Found up-to-date module file ../../../Engine/Plugins/Experimental/AlembicImporter/Binaries/Win64/UE4Editor-AlembicLibrary.dll (API version 3944462).
LogModuleManager: Display: Found up-to-date module file ../../../Engine/Plugins/Experimental/CharacterAI/Binaries/Win64/UE4Editor-CharacterAI.dll (API version 3944462).
LogModuleManager: Display: Found up-to-date module file ../../../Engine/Plugins/Experimental/HTML5Networking/Binaries/Win64/UE4Editor-HTML5Networking.dll (API version 3944462).
LogModuleManager: Display: Found up-to-date module file ../../../Engine/Plugins/Media/AndroidMedia/Binaries/Win64/UE4Editor-AndroidMediaEditor.dll (API version 3944462).
LogModuleManager: Display: Found up-to-date module file ../../../Engine/Plugins/Media/AndroidMedia/Binaries/Win64/UE4Editor-AndroidMediaFactory.dll (API version 3944462).
LogModuleManager: Display: Found up-to-date module file ../../../Engine/Plugins/Media/AvfMedia/Binaries/Win64/UE4Editor-AvfMediaEditor.dll (API version 3944462).
LogModuleManager: Display: Found up-to-date module file ../../../Engine/Plugins/Media/AvfMedia/Binaries/Win64/UE4Editor-AvfMediaFactory.dll (API version 3944462).
LogModuleManager: Display: Found up-to-date module file ../../../Engine/Plugins/Media/AvfMedia/Binaries/Win64/UE4Editor-AvfMediaFactory.dll (API version 3944462).
LogModuleManager: Display: Found up-to-date module file ../../../Engine/Plugins/Media/ImgMedia/Binaries/Win64/UE4Editor-ImgMedia.dll (API version 3944462).
LogModuleManager: Display: Found up-to-date module file ../../../Engine/Plugins/Media/ImgMedia/Binaries/Win64/UE4Editor-ImgMediaEditor.dll (API version 3944462).
LogModuleManager: Display: Found up-to-date module file ../../../Engine/Plugins/Media/ImgMedia/Binaries/Win64/UE4Editor-ImgMediaFactory.dll (API version 3944462).
LogModuleManager: Display: Found up-to-date module file ../../../Engine/Plugins/Media/ImgMedia/Binaries/Win64/UE4Editor-ImgMediaFactory.dll (API version 3944462).
LogModuleManager: Display: Found up-to-date module file ../../../Engine/Plugins/Media/ImgMedia/Binaries/Win64/UE4Editor-OpenExrWrapper.dll (API version 3944462).
LogModuleManager: Display: Found up-to-date module file ../../../Engine/Plugins/Media/LinearTimecode/Binaries/Win64/UE4Editor-LinearTimecode.dll (API version 3944462).
LogModuleManager: Display: Found up-to-date module file ../../../Engine/Plugins/Media/MediaCompositing/Binaries/Win64/UE4Editor-MediaCompositing.dll (API version 3944462).
LogModuleManager: Display: Found up-to-date module file ../../../Engine/Plugins/Media/MediaCompositing/Binaries/Win64/UE4Editor-MediaCompositingEditor.dll (API version 3944462).
LogModuleManager: Display: Found up-to-date module file ../../../Engine/Plugins/Media/MediaPlayerEditor/Binaries/Win64/UE4Editor-MediaPlayerEditor.dll (API version 3944462).
LogModuleManager: Display: Found up-to-date module file ../../../Engine/Plugins/Media/WmfMedia/Binaries/Win64/UE4Editor-WmfMedia.dll (API version 3944462).
LogModuleManager: Display: Found up-to-date module file ../../../Engine/Plugins/Media/WmfMedia/Binaries/Win64/UE4Editor-WmfMediaEditor.dll (API version 3944462).
LogModuleManager: Display: Found up-to-date module file ../../../Engine/Plugins/Media/WmfMedia/Binaries/Win64/UE4Editor-WmfMediaFactory.dll (API version 3944462).
LogModuleManager: Display: Found up-to-date module file ../../../Engine/Plugins/Media/WmfMedia/Binaries/Win64/UE4Editor-WmfMediaFactory.dll (API version 3944462).
LogModuleManager: Display: Found up-to-date module file ../../../Engine/Plugins/Messaging/TcpMessaging/Binaries/Win64/UE4Editor-TcpMessaging.dll (API version 3944462).
LogModuleManager: Display: Found up-to-date module file ../../../Engine/Plugins/Messaging/UdpMessaging/Binaries/Win64/UE4Editor-UdpMessaging.dll (API version 3944462).
LogModuleManager: Display: Found up-to-date module file ../../../Engine/Plugins/MovieScene/ActorSequence/Binaries/Win64/UE4Editor-ActorSequence.dll (API version 3944462).
LogModuleManager: Display: Found up-to-date module file ../../../Engine/Plugins/MovieScene/LevelSequenceEditor/Binaries/Win64/UE4Editor-LevelSequenceEditor.dll (API version 3944462).
LogModuleManager: Display: Found up-to-date module file ../../../Engine/Plugins/MovieScene/MatineeToLevelSequence/Binaries/Win64/UE4Editor-MatineeToLevelSequence.dll (API version 3944462).
LogModuleManager: Display: Found up-to-date module file ../../../Engine/Plugins/NetcodeUnitTest/NetcodeUnitTest/Binaries/Win64/UE4Editor-NetcodeUnitTest.dll (API version 3944462).
LogModuleManager: Display: Found up-to-date module file ../../../Engine/Plugins/NetcodeUnitTest/NUTUnrealEngine4/Binaries/Win64/UE4Editor-NUTUnrealEngine4.dll (API version 3944462).
LogModuleManager: Display: Found up-to-date module file ../../../Engine/Plugins/Runtime/AndroidPermission/Binaries/Win64/UE4Editor-AndroidPermission.dll (API version 3944462).
LogModuleManager: Display: Found up-to-date module file ../../../Engine/Plugins/Online/OnlineSubsystemNull/Binaries/Win64/UE4Editor-OnlineSubsystemNull.dll (API version 3944462).
LogModuleManager: Display: Found up-to-date module file ../../../Engine/Plugins/Runtime/AndroidDeviceProfileSelector/Binaries/Win64/UE4Editor-AndroidDeviceProfileSelector.dll (API version 3944462).
LogModuleManager: Display: Found up-to-date module file ../../../Engine/Plugins/Runtime/AppleARKit/Binaries/Win64/UE4Editor-AppleARKit.dll (API version 3944462).
LogModuleManager: Display: Found up-to-date module file ../../../Engine/Plugins/Runtime/ProceduralMeshComponent/Binaries/Win64/UE4Editor-ProceduralMeshComponent.dll (API version 3944462).
LogModuleManager: Display: Found up-to-date module file ../../../Engine/Plugins/Runtime/ProceduralMeshComponent/Binaries/Win64/UE4Editor-ProceduralMeshComponentEditor.dll (API version 3944462).
LogModuleManager: Display: Found up-to-date module file ../../../Engine/Plugins/Animation/LiveLink/Binaries/Win64/UE4Editor-LiveLink.dll (API version 3944462).
LogModuleManager: Display: Found up-to-date module file ../../../Engine/Plugins/Animation/LiveLink/Binaries/Win64/UE4Editor-LiveLinkEditor.dll (API version 3944462).
LogModuleManager: Display: Found up-to-date module file ../../../Engine/Plugins/Runtime/ArchVisCharacter/Binaries/Win64/UE4Editor-ArchVisCharacter.dll (API version 3944462).
LogModuleManager: Display: Found up-to-date module file ../../../Engine/Plugins/Runtime/AudioCapture/Binaries/Win64/UE4Editor-AudioCapture.dll (API version 3944462).
LogModuleManager: Display: Found up-to-date module file ../../../Engine/Plugins/Runtime/AudioCapture/Binaries/Win64/UE4Editor-AudioCaptureEditor.dll (API version 3944462).
LogModuleManager: Display: Found up-to-date module file ../../../Engine/Plugins/Runtime/CableComponent/Binaries/Win64/UE4Editor-CableComponent.dll (API version 3944462).
LogModuleManager: Display: Found up-to-date module file ../../../Engine/Plugins/Runtime/CustomMeshComponent/Binaries/Win64/UE4Editor-CustomMeshComponent.dll (API version 3944462).
LogModuleManager: Display: Found up-to-date module file ../../../Engine/Plugins/Runtime/ExampleDeviceProfileSelector/Binaries/Win64/UE4Editor-ExampleDeviceProfileSelector.dll (API version 3944462).
LogModuleManager: Display: Found up-to-date module file ../../../Engine/Plugins/Runtime/ImmediatePhysics/Binaries/Win64/UE4Editor-ImmediatePhysics.dll (API version 3944462).
LogModuleManager: Display: Found up-to-date module file ../../../Engine/Plugins/Runtime/ImmediatePhysics/Binaries/Win64/UE4Editor-ImmediatePhysicsEditor.dll (API version 3944462).
LogModuleManager: Display: Found up-to-date module file ../../../Engine/Plugins/Runtime/LocationServicesBPLibrary/Binaries/Win64/UE4Editor-LocationServicesBPLibrary.dll (API version 3944462).
LogModuleManager: Display: Found up-to-date module file ../../../Engine/Plugins/Runtime/MobilePatchingUtils/Binaries/Win64/UE4Editor-MobilePatchingUtils.dll (API version 3944462).
LogModuleManager: Display: Found up-to-date module file ../../../Engine/Plugins/Runtime/Oculus/OculusVR/Binaries/Win64/UE4Editor-OculusHMD.dll (API version 3944462).
LogModuleManager: Display: Found up-to-date module file ../../../Engine/Plugins/Runtime/Oculus/OculusVR/Binaries/Win64/UE4Editor-OculusInput.dll (API version 3944462).
LogModuleManager: Display: Found up-to-date module file ../../../Engine/Plugins/Runtime/Oculus/OculusVR/Binaries/Win64/UE4Editor-OculusEditor.dll (API version 3944462).
LogModuleManager: Display: Found up-to-date module file ../../../Engine/Plugins/Runtime/PhysXVehicles/Binaries/Win64/UE4Editor-PhysXVehicles.dll (API version 3944462).
LogModuleManager: Display: Found up-to-date module file ../../../Engine/Plugins/Runtime/PhysXVehicles/Binaries/Win64/UE4Editor-PhysXVehiclesEditor.dll (API version 3944462).
LogModuleManager: Display: Found up-to-date module file ../../../Engine/Plugins/Runtime/RuntimePhysXCooking/Binaries/Win64/UE4Editor-RuntimePhysXCooking.dll (API version 3944462).
LogModuleManager: Display: Found up-to-date module file ../../../Engine/Plugins/Runtime/Steam/SteamVR/Binaries/Win64/UE4Editor-SteamVR.dll (API version 3944462).
LogModuleManager: Display: Found up-to-date module file ../../../Engine/Plugins/Runtime/Steam/SteamVR/Binaries/Win64/UE4Editor-SteamVRController.dll (API version 3944462).
LogModuleManager: Display: Found up-to-date module file ../../../Engine/Plugins/Runtime/WindowsMoviePlayer/Binaries/Win64/UE4Editor-WindowsMoviePlayer.dll (API version 3944462).
LogPluginManager: Mounting plugin Paper2D
LogPluginManager: Mounting plugin LiveLink
LogPluginManager: Mounting plugin LightPropagationVolume
LogPluginManager: Mounting plugin CLionSourceCodeAccess
LogPluginManager: Mounting plugin CodeLiteSourceCodeAccess
LogPluginManager: Mounting plugin GitSourceControl
LogPluginManager: Mounting plugin KDevelopSourceCodeAccess
LogPluginManager: Mounting plugin NullSourceCodeAccess
LogPluginManager: Mounting plugin PerforceSourceControl
LogPluginManager: Mounting plugin SubversionSourceControl
LogPluginManager: Mounting plugin UObjectPlugin
LogPluginManager: Mounting plugin VisualStudioCodeSourceCodeAccess
LogPluginManager: Mounting plugin VisualStudioSourceCodeAccess
LogPluginManager: Mounting plugin XCodeSourceCodeAccess
LogPluginManager: Mounting plugin AssetManagerEditor
LogPluginManager: Mounting plugin CryptoKeys
LogPluginManager: Mounting plugin DataValidation
LogPluginManager: Mounting plugin FacialAnimation
LogPluginManager: Mounting plugin GameplayTagsEditor
LogPluginManager: Mounting plugin MobileLauncherProfileWizard
LogPluginManager: Mounting plugin PluginBrowser
LogPluginManager: Mounting plugin SpeedTreeImporter
LogPluginManager: Mounting plugin DatasmithContent
LogPluginManager: Mounting plugin AlembicImporter
LogPluginManager: Mounting plugin CharacterAI
LogPluginManager: Mounting plugin HTML5Networking
LogPluginManager: Mounting plugin AndroidMedia
LogPluginManager: Mounting plugin AvfMedia
LogPluginManager: Mounting plugin ImgMedia
LogPluginManager: Mounting plugin LinearTimecode
LogPluginManager: Mounting plugin MediaCompositing
LogPluginManager: Mounting plugin MediaPlayerEditor
LogPluginManager: Mounting plugin WmfMedia
LogPluginManager: Mounting plugin TcpMessaging
LogPluginManager: Mounting plugin UdpMessaging
LogPluginManager: Mounting plugin ActorSequence
LogPluginManager: Mounting plugin LevelSequenceEditor
LogPluginManager: Mounting plugin MatineeToLevelSequence
LogPluginManager: Mounting plugin NetcodeUnitTest
LogPluginManager: Mounting plugin NUTUnrealEngine4
LogPluginManager: Mounting plugin OnlineSubsystemGooglePlay
LogPluginManager: Mounting plugin OnlineSubsystemIOS
LogPluginManager: Mounting plugin OnlineSubsystem
LogPluginManager: Mounting plugin OnlineSubsystemNull
LogPluginManager: Mounting plugin OnlineSubsystemSteam
LogPluginManager: Mounting plugin OnlineSubsystemUtils
LogPluginManager: Mounting plugin AndroidDeviceProfileSelector
LogPluginManager: Mounting plugin AndroidMoviePlayer
LogPluginManager: Mounting plugin AndroidPermission
LogPluginManager: Mounting plugin AppleARKit
LogPluginManager: Mounting plugin AppleMoviePlayer
LogPluginManager: Mounting plugin ArchVisCharacter
LogPluginManager: Mounting plugin AudioCapture
LogPluginManager: Mounting plugin CableComponent
LogPluginManager: Mounting plugin CustomMeshComponent
LogPluginManager: Mounting plugin ExampleDeviceProfileSelector
LogPluginManager: Mounting plugin GoogleCloudMessaging
LogPluginManager: Mounting plugin ImmediatePhysics
LogPluginManager: Mounting plugin IOSDeviceProfileSelector
LogPluginManager: Mounting plugin LinuxDeviceProfileSelector
LogPluginManager: Mounting plugin LocationServicesBPLibrary
LogPluginManager: Mounting plugin MobilePatchingUtils
LogPluginManager: Mounting plugin OculusVR
LogPluginManager: Plugin shader directory ../../../Engine/Plugins/Runtime/Oculus/OculusVR/Shaders found
LogPluginManager: Mapping shader source directory ../../../Engine/Plugins/Runtime/Oculus/OculusVR/Shaders to virtual directory /Plugin/OculusVR
LogPluginManager: Mounting plugin PhysXVehicles
LogPluginManager: Mounting plugin ProceduralMeshComponent
LogPluginManager: Mounting plugin RuntimePhysXCooking
LogPluginManager: Mounting plugin SteamVR
LogPluginManager: Mounting plugin WindowsMoviePlayer
LogStreaming: Display: Took  1.657s to configure plugins.
LogInit: Using libcurl 7.47.1
LogInit:  - built for x86_64-pc-win32
LogInit:  - supports SSL with OpenSSL/1.0.2g
LogInit:  - supports HTTP deflate (compression) using libz 1.2.8
LogInit:  - other features:
LogInit:      CURL_VERSION_SSL
LogInit:      CURL_VERSION_LIBZ
LogInit:      CURL_VERSION_IPV6
LogInit:      CURL_VERSION_ASYNCHDNS
LogInit:      CURL_VERSION_LARGEFILE
LogInit:      CURL_VERSION_IDN
LogInit:  CurlRequestOptions (configurable via config and command line):
LogInit:  - bVerifyPeer = false  - Libcurl will NOT verify peer certificate
LogInit:  - bUseHttpProxy = false  - Libcurl will NOT use HTTP proxy
LogInit:  - bDontReuseConnections = false  - Libcurl will reuse connections
LogInit:  - CertBundlePath = nullptr  - Libcurl will use whatever was configured at build time.
LogInit:  - MaxHostConnections = 16  - Libcurl will limit the number of connections to a host
LogInit:  - LocalHostAddr = Default
LogOnline: Display: STEAM: Loading Steam SDK 1.39
LogInit: WinSock: version 1.1 (2.2), MaxSocks=32767, MaxUdp=65467
LogAppleARKit: Warning: Failed to bind to the listen port (76561198061062492:11111) for LiveLink face AR receiving with error (SE_NO_ERROR)
LogHMD: Failed initializing OVRPlugin 1.21.0
LogInit: Build: ++UE4+Release-4.19-CL-4033788
LogInit: Engine Version: 4.19.2-4033788+++UE4+Release-4.19
LogInit: Compatible Engine Version: 4.19.0-3944462+++UE4+Release-4.19
LogInit: Net CL: 3944462
LogDevObjectVersion: Number of dev versions registered: 18
LogDevObjectVersion:   Dev-Blueprints (B0D832E4-1F89-4F0D-ACCF-7EB736FD4AA2): 10
LogDevObjectVersion:   Dev-Build (E1C64328-A22C-4D53-A36C-8E866417BD8C): 0
LogDevObjectVersion:   Dev-Core (375EC13C-06E4-48FB-B500-84F0262A717E): 2
LogDevObjectVersion:   Dev-Editor (E4B068ED-F494-42E9-A231-DA0B2E46BB41): 23
LogDevObjectVersion:   Dev-Framework (CFFC743F-43B0-4480-9391-14DF171D2073): 33
LogDevObjectVersion:   Dev-Mobile (B02B49B5-BB20-44E9-A304-32B752E40360): 2
LogDevObjectVersion:   Dev-Networking (A4E4105C-59A1-49B5-A7C5-40C4547EDFEE): 0
LogDevObjectVersion:   Dev-Online (39C831C9-5AE6-47DC-9A44-9C173E1C8E7C): 0
LogDevObjectVersion:   Dev-Physics (78F01B33-EBEA-4F98-B9B4-84EACCB95AA2): 0
LogDevObjectVersion:   Dev-Platform (6631380F-2D4D-43E0-8009-CF276956A95A): 0
LogDevObjectVersion:   Dev-Rendering (12F88B9F-8875-4AFC-A67C-D90C383ABD29): 25
LogDevObjectVersion:   Dev-Sequencer (7B5AE74C-D270-4C10-A958-57980B212A5A): 6
LogDevObjectVersion:   Dev-VR (D7296918-1DD6-4BDD-9DE2-64A83CC13884): 1
LogDevObjectVersion:   Dev-LoadTimes (C2A15278-BFE7-4AFE-6C17-90FF531DF755): 1
LogDevObjectVersion:   Private-Geometry (6EACA3D4-40EC-4CC1-B786-8BED09428FC5): 2
LogDevObjectVersion:   Dev-AnimPhys (29E575DD-E0A3-4627-9D10-D276232CDCEA): 16
LogDevObjectVersion:   Dev-ReflectionCapture (6B266CEC-1EC7-4B8F-A30B-E4D90942FC07): 1
LogDevObjectVersion:   Dev-Automation (0DF73D61-A23F-47EA-B727-89E90C41499A): 1
LogInit: Compiled (64-bit): Apr 27 2018 02:06:57
LogInit: Compiled with Visual C++: 19.00.24215.01
LogInit: Build Configuration: Development
LogInit: Branch Name: ++UE4+Release-4.19
LogInit: Command Line:  /Game/Maps/MainMenu -game -PIEVIACONSOLE -ResX=1280 -ResY=720  -Multiprocess -messaging -SessionName="Play in Standalone Game" -windowed 
LogInit: Base Directory: C:/Program Files/Epic Games/UE_4.19/Engine/Binaries/Win64/
LogInit: Installed Engine Build: 1
LogStreaming: Display: Took  0.005s to delete old logs.
LogInit: Presizing for max 8388607 objects, including 0 objects not considered by GC, pre-allocating 0 bytes for permanent pool.
LogInit: Object subsystem initialized
[2018.06.13-01.49.40:576][  0]LogInit: Selected Device Profile: [Windows]
[2018.06.13-01.49.40:576][  0]LogInit: Applying CVar settings loaded from the selected device profile: [Windows]
[2018.06.13-01.49.40:583][  0]LogInit: Computer: ROBS-BLADE
[2018.06.13-01.49.40:583][  0]LogInit: User: RobsBlade
[2018.06.13-01.49.40:583][  0]LogInit: CPU Page size=4096, Cores=4
[2018.06.13-01.49.40:583][  0]LogInit: High frequency timer resolution =2.531247 MHz
[2018.06.13-01.49.40:583][  0]LogMemory: Memory total: Physical=15.9GB (16GB approx)
[2018.06.13-01.49.40:583][  0]LogMemory: Platform Memory Stats for Windows
[2018.06.13-01.49.40:583][  0]LogMemory: Process Physical Memory: 306.54 MB used, 306.54 MB peak
[2018.06.13-01.49.40:583][  0]LogMemory: Process Virtual Memory: 277.29 MB used, 277.29 MB peak
[2018.06.13-01.49.40:583][  0]LogMemory: Physical Memory: 8489.07 MB used,  7787.10 MB free, 16276.17 MB total
[2018.06.13-01.49.40:583][  0]LogMemory: Virtual Memory: 4941.77 MB used,  7787.10 MB free, 134217728.00 MB total
[2018.06.13-01.49.40:624][  0]LogInit: Using OS detected language (en-US).
[2018.06.13-01.49.40:624][  0]LogInit: Using OS detected locale (en-US).
[2018.06.13-01.49.40:624][  0]LogTextLocalizationManager: No localization for 'en-US' exists, so 'en' will be used for the language.
[2018.06.13-01.49.40:624][  0]LogTextLocalizationManager: No localization for 'en-US' exists, so 'en' will be used for the locale.
[2018.06.13-01.49.41:299][  0]LogStreaming: Display: Took  0.675s to EndInitTextLocalization.
[2018.06.13-01.49.41:337][  0]LogSlate: New Slate User Created.  User Index 0, Is Virtual User: 0
[2018.06.13-01.49.41:337][  0]LogSlate: Slate User Registered.  User Index 0, Is Virtual User: 0
[2018.06.13-01.49.41:355][  0]LogD3D11RHI: D3D11 adapters:
[2018.06.13-01.49.41:411][  0]LogD3D11RHI:    0. 'NVIDIA GeForce GTX 1060' (Feature Level 11_0)
[2018.06.13-01.49.41:411][  0]LogD3D11RHI:       6052/0/8138 MB DedicatedVideo/DedicatedSystem/SharedSystem, Outputs:1, VendorId:0x10de
[2018.06.13-01.49.41:427][  0]LogD3D11RHI:    1. 'Intel(R) HD Graphics 530' (Feature Level 11_0)
[2018.06.13-01.49.41:427][  0]LogD3D11RHI:       128/0/8138 MB DedicatedVideo/DedicatedSystem/SharedSystem, Outputs:0, VendorId:0x8086
[2018.06.13-01.49.41:430][  0]LogD3D11RHI:    2. 'Microsoft Basic Render Driver' (Feature Level 11_0)
[2018.06.13-01.49.41:431][  0]LogD3D11RHI:       0/0/8138 MB DedicatedVideo/DedicatedSystem/SharedSystem, Outputs:0, VendorId:0x1414
[2018.06.13-01.49.41:431][  0]LogD3D11RHI: Chosen D3D11 Adapter: 0
[2018.06.13-01.49.41:453][  0]LogD3D11RHI: Creating new Direct3DDevice
[2018.06.13-01.49.41:453][  0]LogD3D11RHI:     GPU DeviceId: 0x1c20 (for the marketing name, search the web for "GPU Device Id")
[2018.06.13-01.49.41:453][  0]LogWindows: EnumDisplayDevices:
[2018.06.13-01.49.41:453][  0]LogWindows:    0. 'Intel(R) HD Graphics 530' (P:1 D:1)
[2018.06.13-01.49.41:454][  0]LogWindows:    1. 'Intel(R) HD Graphics 530' (P:0 D:0)
[2018.06.13-01.49.41:454][  0]LogWindows:    2. 'Intel(R) HD Graphics 530' (P:0 D:0)
[2018.06.13-01.49.41:454][  0]LogWindows:    3. 'NVIDIA GeForce GTX 1060' (P:0 D:0)
[2018.06.13-01.49.41:454][  0]LogWindows: DebugString: GetVideoDriverDetailsInvalid PrimaryIsNotTheChoosenAdapter GetVideoDriverDetailsInvalid PrimaryIsNotTheChoosenAdapter GetVideoDriverDetailsInvalid PrimaryIsNotTheChoosenAdapter GetVideoDriverDetailsInvalid PrimaryIsNotTheChoosenAdapter FoundDriverCount:0 
[2018.06.13-01.49.41:454][  0]LogD3D11RHI:     Adapter Name: NVIDIA GeForce GTX 1060
[2018.06.13-01.49.41:454][  0]LogD3D11RHI:   Driver Version: Unknown (internal:Unknown, unified:Unknown)
[2018.06.13-01.49.41:454][  0]LogD3D11RHI:      Driver Date: Unknown
[2018.06.13-01.49.41:454][  0]LogRHI: Texture pool is 4236 MB (70% of 6052 MB)
[2018.06.13-01.49.41:499][  0]LogD3D11RHI: [Aftermath] Aftermath enabled and primed
[2018.06.13-01.49.41:499][  0]LogD3D11RHI: [Aftermath] Aftermath enabled and primed
[2018.06.13-01.49.41:499][  0]LogD3D11RHI: Async texture creation enabled
[2018.06.13-01.49.41:519][  0]LogD3D11RHI: GPU Timing Frequency: 1000.000000 (Debug: 2 2)
[2018.06.13-01.49.41:519][  0]LogShaderCompilers: Guid format shader working directory is -15 characters bigger than the processId version (../../../../../../Users/Rob's Blade/Documents/Unreal Projects/Quake/Intermediate/Shaders/WorkingDirectory/7196/).
[2018.06.13-01.49.41:520][  0]LogShaderCompilers: Cleaned the shader compiler working directory 'C:/Users/Rob's Blade/AppData/Local/Temp/UnrealShaderWorkingDir/B7E381D742FE8A60D06DCF8395DD7900/'.
[2018.06.13-01.49.41:793][  0]LogTemp: Display: Loaded TP WindowsClientTargetPlatform
[2018.06.13-01.49.41:812][  0]LogTemp: Display: Loaded TP WindowsNoEditorTargetPlatform
[2018.06.13-01.49.41:828][  0]LogTemp: Display: Loaded TP WindowsServerTargetPlatform
[2018.06.13-01.49.41:847][  0]LogTemp: Display: Loaded TP WindowsTargetPlatform
[2018.06.13-01.49.41:848][  0]LogTargetPlatformManager: Display: Building Assets For Windows
[2018.06.13-01.49.41:989][  0]LogXGEController: Cannot use XGE Controller as Incredibuild is not installed on this machine.
[2018.06.13-01.49.41:989][  0]LogShaderCompilers: Cannot use XGE Shader Compiler as Incredibuild is not installed on this machine.
[2018.06.13-01.49.41:989][  0]LogShaderCompilers: Display: Using Local Shader Compiler.
[2018.06.13-01.49.42:737][  0]LogDerivedDataCache: Display: Max Cache Size: 512 MB
[2018.06.13-01.49.42:812][  0]LogDerivedDataCache: Loaded boot cache 0.07s 74MB C:/Users/Rob's Blade/AppData/Local/UnrealEngine/4.19/DerivedDataCache/Boot.ddc.
[2018.06.13-01.49.42:812][  0]LogDerivedDataCache: Display: Loaded Boot cache: C:/Users/Rob's Blade/AppData/Local/UnrealEngine/4.19/DerivedDataCache/Boot.ddc
[2018.06.13-01.49.42:812][  0]LogDerivedDataCache: FDerivedDataBackendGraph:  Pak pak cache file ../../../../../../Users/Rob's Blade/Documents/Unreal Projects/Quake/DerivedDataCache/DDC.ddp not found, will not use a pak cache.
[2018.06.13-01.49.42:812][  0]LogDerivedDataCache: Unable to find inner node Pak for hierarchical cache Hierarchy.
[2018.06.13-01.49.42:812][  0]LogDerivedDataCache: FDerivedDataBackendGraph:  CompressedPak pak cache file ../../../../../../Users/Rob's Blade/Documents/Unreal Projects/Quake/DerivedDataCache/Compressed.ddp not found, will not use a pak cache.
[2018.06.13-01.49.42:812][  0]LogDerivedDataCache: Unable to find inner node CompressedPak for hierarchical cache Hierarchy.
[2018.06.13-01.49.42:830][  0]LogDerivedDataCache: Display: Pak cache opened for reading ../../../Engine/DerivedDataCache/Compressed.ddp.
[2018.06.13-01.49.42:842][  0]LogDerivedDataCache: Using Local data cache path C:/Users/Rob's Blade/AppData/Local/UnrealEngine/Common/DerivedDataCache: Writable
[2018.06.13-01.49.42:842][  0]LogDerivedDataCache: Shared data cache path not found in *engine.ini, will not use an Shared cache.
[2018.06.13-01.49.42:842][  0]LogDerivedDataCache: Unable to find inner node Shared for hierarchical cache Hierarchy.
[2018.06.13-01.49.42:853][  0]LogMaterial: Verifying Global Shaders for PCD3D_SM5
[2018.06.13-01.49.42:853][  0]LogSlate: Using Freetype 2.6.0
[2018.06.13-01.49.42:854][  0]LogSlate: SlateFontCache - WITH_FREETYPE: 1, WITH_HARFBUZZ: 1
[2018.06.13-01.49.42:854][  0]LogSlate: SlateFontCache - WITH_FREETYPE: 1, WITH_HARFBUZZ: 1
[2018.06.13-01.49.43:084][  0]LogAssetRegistry: FAssetRegistry took 0.0044 seconds to start up
[2018.06.13-01.49.43:321][  0]LogPackageLocalizationCache: Processed 9 localized package path(s) for 1 prioritized culture(s) in 0.018993 seconds
[2018.06.13-01.49.43:432][  0]LogInit: Selected Device Profile: [Windows]
[2018.06.13-01.49.43:593][  0]LogSimplygon: Simplygon DLL not present - disabling.
[2018.06.13-01.49.43:598][  0]LogMeshReduction: Using SimplygonSwarm for distributed automatic mesh merging
[2018.06.13-01.49.43:598][  0]LogMeshReduction: Using QuadricMeshReduction for automatic static mesh reduction
[2018.06.13-01.49.43:598][  0]LogMeshReduction: No automatic skeletal mesh reduction module available
[2018.06.13-01.49.43:598][  0]LogMeshReduction: No automatic mesh merging module available
[2018.06.13-01.49.43:598][  0]LogMeshMerging: No automatic mesh merging module available
[2018.06.13-01.49.43:632][  0]LogNetVersion: Quake , NetCL: 3944462, EngineNetVer: 2, GameNetVer: 0 (Checksum: 1851811319)
[2018.06.13-01.49.44:429][  0]LogMoviePlayer: Initializing movie player
[2018.06.13-01.49.44:859][  0]LogTcpMessaging: Initializing TcpMessaging bridge
[2018.06.13-01.49.44:914][  0]LogUdpMessaging: Initializing bridge on interface 0.0.0.0:0 to multicast group 230.0.0.1:6666.
[2018.06.13-01.49.45:182][  0]SourceControl: Source control is disabled
[2018.06.13-01.49.45:182][  0]SourceControl: Source control is disabled
[2018.06.13-01.49.45:205][  0]SourceControl: Source control is disabled
[2018.06.13-01.49.45:658][  0]LogAndroidPermission: UAndroidPermissionCallbackProxy::GetInstance
[2018.06.13-01.49.45:861][  0]LogOcInput: OculusInput pre-init called
[2018.06.13-01.49.45:916][  0]LogUObjectArray: 40131 objects as part of root set at end of initial load.
[2018.06.13-01.49.45:917][  0]LogUObjectAllocator: 8578472 out of 0 bytes used by permanent object pool.
[2018.06.13-01.49.45:917][  0]LogUObjectArray: CloseDisregardForGC: 0/0 objects in disregard for GC pool
[2018.06.13-01.49.45:978][  0]LogEngine: Initializing Engine...
[2018.06.13-01.49.45:981][  0]LogHMD: Failed to initialize OpenVR with code 110
[2018.06.13-01.49.45:994][  0]LogStats: UGameplayTagsManager::ConstructGameplayTagTree: Construct from data asset -  0.000 s
[2018.06.13-01.49.45:994][  0]LogStats: UGameplayTagsManager::ConstructGameplayTagTree: GameplayTagTreeChangedEvent.Broadcast -  0.000 s
[2018.06.13-01.49.46:225][  0]LogInit: XAudio2 using 'Speakers (Realtek High Definition Audio)' : 2 channels at 48 kHz using 32 bits per sample (channel mask 0x3)
[2018.06.13-01.49.46:249][  0]LogInit: FAudioDevice initialized.
[2018.06.13-01.49.46:267][  0]LogInit: Texture streaming: Enabled
[2018.06.13-01.49.46:443][  0]LogUObjectGlobals: Created PersistentFrame Addr=0x000001c3504d1f80, Size=536, Default__GameInfoInstance_C Function /Game/Blueprints/AllLevels/GameInfoInstance.GameInfoInstance_C:ExecuteUbergraph_GameInfoInstance
[2018.06.13-01.49.46:452][  0]LogUObjectGlobals: Created PersistentFrame Addr=0x000001c3504f91c0, Size=320, Default__PlayerControllerGM_C Function /Game/Blueprints/Gameplay/PlayerControllerGM.PlayerControllerGM_C:ExecuteUbergraph_PlayerControllerGM
[2018.06.13-01.49.46:457][  0]LogUObjectGlobals: Created PersistentFrame Addr=0x000001c3504f8f40, Size=304, Default__GameplayGM_C Function /Game/Blueprints/Gameplay/GameplayGM.GameplayGM_C:ExecuteUbergraph_GameplayGM
[2018.06.13-01.49.46:468][  0]LogUObjectGlobals: Created PersistentFrame Addr=0x000001c350476e00, Size=752, Default__LobbyGM_C Function /Game/Blueprints/Lobby/LobbyGM.LobbyGM_C:ExecuteUbergraph_LobbyGM
[2018.06.13-01.49.46:471][  0]LogUObjectGlobals: Created PersistentFrame Addr=0x000001c350476800, Size=688, Default__0_Base_C Function /Game/Blueprints/Characters/0_Base.0_Base_C:ExecuteUbergraph_0_Base
[2018.06.13-01.49.46:474][  0]LogUObjectGlobals: Created PersistentFrame Addr=0x000001c32e15cf00, Size=256, Default__FirstPersonProjectile_C Function /Game/FirstPersonBP/Blueprints/FirstPersonProjectile.FirstPersonProjectile_C:ExecuteUbergraph_FirstPersonProjectile
[2018.06.13-01.49.46:486][  0]LogUObjectGlobals: Created PersistentFrame Addr=0x000001c35042bd30, Size=72, Default__FirstPerson_AnimBP_C Function /Game/FirstPerson/Animations/FirstPerson_AnimBP.FirstPerson_AnimBP_C:ExecuteUbergraph_FirstPerson_AnimBP
[2018.06.13-01.49.46:533][  0]LogUObjectGlobals: Created PersistentFrame Addr=0x000001c35044c480, Size=880, Default__LobbyPC_C Function /Game/Blueprints/Lobby/LobbyPC.LobbyPC_C:ExecuteUbergraph_LobbyPC
[2018.06.13-01.49.46:544][  0]LogUObjectGlobals: Created PersistentFrame Addr=0x000001c34cd88cc0, Size=320, Default__LobbyMenu_C Function /Game/UI/Lobby/LobbyMenu.LobbyMenu_C:ExecuteUbergraph_LobbyMenu
[2018.06.13-01.49.46:553][  0]LogUObjectGlobals: Created PersistentFrame Addr=0x000001c34cccf280, Size=328, Default__ChatWindow_C Function /Game/UI/AllLevels/ChatWindow.ChatWindow_C:ExecuteUbergraph_ChatWindow
[2018.06.13-01.49.46:561][  0]LogUObjectGlobals: Created PersistentFrame Addr=0x000001c34ebb8b10, Size=4, Default__GameplayHUD_C Function /Game/UI/Gameplay/GameplayHUD.GameplayHUD_C:ExecuteUbergraph_GameplayHUD
[2018.06.13-01.49.46:567][  0]LogUObjectGlobals: Created PersistentFrame Addr=0x000001c3400e3e70, Size=80, Default__CharacterSelect_C Function /Game/UI/Lobby/CharacterSelect.CharacterSelect_C:ExecuteUbergraph_CharacterSelect
[2018.06.13-01.49.46:569][  0]LogUObjectGlobals: Created PersistentFrame Addr=0x000001c3400e3ba0, Size=80, Default__HostMenu_C Function /Game/UI/MainMenu/HostMenu.HostMenu_C:ExecuteUbergraph_HostMenu
[2018.06.13-01.49.46:575][  0]LogUObjectGlobals: Created PersistentFrame Addr=0x000001c34ccef7b8, Size=40, Default__MainMenu_C Function /Game/UI/MainMenu/MainMenu.MainMenu_C:ExecuteUbergraph_MainMenu
[2018.06.13-01.49.46:579][  0]LogUObjectGlobals: Created PersistentFrame Addr=0x000001c34cd90640, Size=104, Default__OptionsMenu_C Function /Game/UI/MainMenu/OptionsMenu.OptionsMenu_C:ExecuteUbergraph_OptionsMenu
[2018.06.13-01.49.46:586][  0]LogUObjectGlobals: Created PersistentFrame Addr=0x000001c34cce0680, Size=608, Default__ServerMenu_C Function /Game/UI/MainMenu/ServerMenu.ServerMenu_C:ExecuteUbergraph_ServerMenu
[2018.06.13-01.49.46:621][  0]LogUObjectGlobals: Created PersistentFrame Addr=0x000001c34f092c80, Size=192, Default__GameSettings_C Function /Game/UI/Lobby/GameSettings.GameSettings_C:ExecuteUbergraph_GameSettings
[2018.06.13-01.49.46:623][  0]LogUObjectGlobals: Created PersistentFrame Addr=0x000001c340000940, Size=32, Default__PlayerButton_C Function /Game/UI/Lobby/PlayerButton.PlayerButton_C:ExecuteUbergraph_PlayerButton
[2018.06.13-01.49.46:659][  0]LogUObjectGlobals: Created PersistentFrame Addr=0x000001c3501bbc70, Size=4, Default__ConnectedPlayer_C Function /Game/UI/Lobby/ConnectedPlayer.ConnectedPlayer_C:ExecuteUbergraph_ConnectedPlayer
[2018.06.13-01.49.46:677][  0]LogUObjectGlobals: Created PersistentFrame Addr=0x000001c35015e500, Size=688, Default__Character1_C Function /Game/Blueprints/Characters/Character1.Character1_C:ExecuteUbergraph_Character1
[2018.06.13-01.49.46:687][  0]LogUObjectGlobals: Created PersistentFrame Addr=0x000001c35015d600, Size=688, Default__Character2_C Function /Game/Blueprints/Characters/Character2.Character2_C:ExecuteUbergraph_Character2
[2018.06.13-01.49.46:702][  0]LogUObjectGlobals: Created PersistentFrame Addr=0x000001c35015c100, Size=688, Default__Character3_C Function /Game/Blueprints/Characters/Character3.Character3_C:ExecuteUbergraph_Character3
[2018.06.13-01.49.46:712][  0]LogUObjectGlobals: Created PersistentFrame Addr=0x000001c34fd6e500, Size=688, Default__Character4_C Function /Game/Blueprints/Characters/Character4.Character4_C:ExecuteUbergraph_Character4
[2018.06.13-01.49.46:726][  0]LogUObjectGlobals: Created PersistentFrame Addr=0x000001c34fd6e200, Size=688, Default__Character5_C Function /Game/Blueprints/Characters/Character5.Character5_C:ExecuteUbergraph_Character5
[2018.06.13-01.49.46:739][  0]LogUObjectGlobals: Created PersistentFrame Addr=0x000001c34fd6d300, Size=688, Default__Character6_C Function /Game/Blueprints/Characters/Character6.Character6_C:ExecuteUbergraph_Character6
[2018.06.13-01.49.46:751][  0]LogUObjectGlobals: Created PersistentFrame Addr=0x000001c34078fa00, Size=688, Default__Character7_C Function /Game/Blueprints/Characters/Character7.Character7_C:ExecuteUbergraph_Character7
[2018.06.13-01.49.46:763][  0]LogUObjectGlobals: Created PersistentFrame Addr=0x000001c34078e800, Size=688, Default__Character8_C Function /Game/Blueprints/Characters/Character8.Character8_C:ExecuteUbergraph_Character8
[2018.06.13-01.49.46:859][  0]LogUObjectGlobals: Destroyed PersistentFrame Addr=0x000001c35042bd30, Size=72
[2018.06.13-01.49.46:859][  0]LogUObjectGlobals: Created PersistentFrame Addr=0x000001c341b01670, Size=72, Default__FirstPerson_AnimBP_C Function /Engine/Transient.REINST_FirstPerson_AnimBP_C_0:ExecuteUbergraph_FirstPerson_AnimBP
[2018.06.13-01.49.46:860][  0]LogUObjectGlobals: Destroyed PersistentFrame Addr=0x000001c32e15cf00, Size=256
[2018.06.13-01.49.46:860][  0]LogUObjectGlobals: Created PersistentFrame Addr=0x000001c341a93f00, Size=256, Default__FirstPersonProjectile_C Function /Engine/Transient.REINST_FirstPersonProjectile_C_3:ExecuteUbergraph_FirstPersonProjectile
[2018.06.13-01.49.46:860][  0]LogUObjectGlobals: Destroyed PersistentFrame Addr=0x000001c3504d1f80, Size=536
[2018.06.13-01.49.46:860][  0]LogUObjectGlobals: Created PersistentFrame Addr=0x000001c341af6c00, Size=536, Default__GameInfoInstance_C Function /Engine/Transient.REINST_GameInfoInstance_C_4:ExecuteUbergraph_GameInfoInstance
[2018.06.13-01.49.46:862][  0]LogUObjectGlobals: Destroyed PersistentFrame Addr=0x000001c350476800, Size=688
[2018.06.13-01.49.46:862][  0]LogUObjectGlobals: Created PersistentFrame Addr=0x000001c3426cee00, Size=688, Default__0_Base_C Function /Engine/Transient.REINST_0_Base_C_6:ExecuteUbergraph_0_Base
[2018.06.13-01.49.46:863][  0]LogUObjectGlobals: Destroyed PersistentFrame Addr=0x000001c35015e500, Size=688
[2018.06.13-01.49.46:863][  0]LogUObjectGlobals: Created PersistentFrame Addr=0x000001c3426cdf00, Size=688, Default__Character1_C Function /Engine/Transient.REINST_Character1_C_7:ExecuteUbergraph_Character1
[2018.06.13-01.49.46:864][  0]LogUObjectGlobals: Destroyed PersistentFrame Addr=0x000001c35015d600, Size=688
[2018.06.13-01.49.46:864][  0]LogUObjectGlobals: Created PersistentFrame Addr=0x000001c3426cd300, Size=688, Default__Character2_C Function /Engine/Transient.REINST_Character2_C_8:ExecuteUbergraph_Character2
[2018.06.13-01.49.46:865][  0]LogUObjectGlobals: Destroyed PersistentFrame Addr=0x000001c35015c100, Size=688
[2018.06.13-01.49.46:865][  0]LogUObjectGlobals: Created PersistentFrame Addr=0x000001c3426bae00, Size=688, Default__Character3_C Function /Engine/Transient.REINST_Character3_C_9:ExecuteUbergraph_Character3
[2018.06.13-01.49.46:866][  0]LogUObjectGlobals: Destroyed PersistentFrame Addr=0x000001c34fd6e500, Size=688
[2018.06.13-01.49.46:866][  0]LogUObjectGlobals: Created PersistentFrame Addr=0x000001c3426b8a00, Size=688, Default__Character4_C Function /Engine/Transient.REINST_Character4_C_10:ExecuteUbergraph_Character4
[2018.06.13-01.49.46:867][  0]LogUObjectGlobals: Destroyed PersistentFrame Addr=0x000001c34fd6e200, Size=688
[2018.06.13-01.49.46:867][  0]LogUObjectGlobals: Created PersistentFrame Addr=0x000001c34269fa00, Size=688, Default__Character5_C Function /Engine/Transient.REINST_Character5_C_11:ExecuteUbergraph_Character5
[2018.06.13-01.49.46:868][  0]LogUObjectGlobals: Destroyed PersistentFrame Addr=0x000001c34fd6d300, Size=688
[2018.06.13-01.49.46:868][  0]LogUObjectGlobals: Created PersistentFrame Addr=0x000001c34269e800, Size=688, Default__Character6_C Function /Engine/Transient.REINST_Character6_C_12:ExecuteUbergraph_Character6
[2018.06.13-01.49.46:869][  0]LogUObjectGlobals: Destroyed PersistentFrame Addr=0x000001c34078fa00, Size=688
[2018.06.13-01.49.46:869][  0]LogUObjectGlobals: Created PersistentFrame Addr=0x000001c34269dc00, Size=688, Default__Character7_C Function /Engine/Transient.REINST_Character7_C_13:ExecuteUbergraph_Character7
[2018.06.13-01.49.46:869][  0]LogUObjectGlobals: Destroyed PersistentFrame Addr=0x000001c34078e800, Size=688
[2018.06.13-01.49.46:869][  0]LogUObjectGlobals: Created PersistentFrame Addr=0x000001c34269d000, Size=688, Default__Character8_C Function /Engine/Transient.REINST_Character8_C_14:ExecuteUbergraph_Character8
[2018.06.13-01.49.46:870][  0]LogUObjectGlobals: Destroyed PersistentFrame Addr=0x000001c3400e3e70, Size=80
[2018.06.13-01.49.46:870][  0]LogUObjectGlobals: Created PersistentFrame Addr=0x000001c34269b0b0, Size=80, Default__CharacterSelect_C Function /Engine/Transient.REINST_CharacterSelect_C_0:ExecuteUbergraph_CharacterSelect
[2018.06.13-01.49.46:870][  0]LogUObjectGlobals: Destroyed PersistentFrame Addr=0x000001c34cccf280, Size=328
[2018.06.13-01.49.46:870][  0]LogUObjectGlobals: Created PersistentFrame Addr=0x000001c34fd89f00, Size=328, Default__ChatWindow_C Function /Engine/Transient.REINST_ChatWindow_C_2:ExecuteUbergraph_ChatWindow
[2018.06.13-01.49.46:870][  0]LogUObjectGlobals: Destroyed PersistentFrame Addr=0x000001c3501bbc70, Size=4
[2018.06.13-01.49.46:870][  0]LogUObjectGlobals: Created PersistentFrame Addr=0x000001c342733ad0, Size=4, Default__ConnectedPlayer_C Function /Engine/Transient.REINST_ConnectedPlayer_C_3:ExecuteUbergraph_ConnectedPlayer
[2018.06.13-01.49.46:871][  0]LogUObjectGlobals: Destroyed PersistentFrame Addr=0x000001c34ebb8b10, Size=4
[2018.06.13-01.49.46:871][  0]LogUObjectGlobals: Created PersistentFrame Addr=0x000001c342733ac8, Size=4, Default__GameplayHUD_C Function /Engine/Transient.REINST_GameplayHUD_C_5:ExecuteUbergraph_GameplayHUD
[2018.06.13-01.49.46:871][  0]LogUObjectGlobals: Destroyed PersistentFrame Addr=0x000001c34f092c80, Size=192
[2018.06.13-01.49.46:871][  0]LogUObjectGlobals: Created PersistentFrame Addr=0x000001c341c20a00, Size=192, Default__GameSettings_C Function /Engine/Transient.REINST_GameSettings_C_6:ExecuteUbergraph_GameSettings
[2018.06.13-01.49.46:872][  0]LogUObjectGlobals: Destroyed PersistentFrame Addr=0x000001c3400e3ba0, Size=80
[2018.06.13-01.49.46:872][  0]LogUObjectGlobals: Created PersistentFrame Addr=0x000001c342699f80, Size=80, Default__HostMenu_C Function /Engine/Transient.REINST_HostMenu_C_7:ExecuteUbergraph_HostMenu
[2018.06.13-01.49.46:872][  0]LogUObjectGlobals: Destroyed PersistentFrame Addr=0x000001c34cd88cc0, Size=320
[2018.06.13-01.49.46:872][  0]LogUObjectGlobals: Created PersistentFrame Addr=0x000001c3426f79c0, Size=320, Default__LobbyMenu_C Function /Engine/Transient.REINST_LobbyMenu_C_9:ExecuteUbergraph_LobbyMenu
[2018.06.13-01.49.46:873][  0]LogUObjectGlobals: Destroyed PersistentFrame Addr=0x000001c35044c480, Size=880
[2018.06.13-01.49.46:873][  0]LogUObjectGlobals: Created PersistentFrame Addr=0x000001c341addd00, Size=880, Default__LobbyPC_C Function /Engine/Transient.REINST_LobbyPC_C_15:ExecuteUbergraph_LobbyPC
[2018.06.13-01.49.46:874][  0]LogUObjectGlobals: Destroyed PersistentFrame Addr=0x000001c34ccef7b8, Size=40
[2018.06.13-01.49.46:874][  0]LogUObjectGlobals: Created PersistentFrame Addr=0x000001c34fcccb30, Size=40, Default__MainMenu_C Function /Engine/Transient.REINST_MainMenu_C_10:ExecuteUbergraph_MainMenu
[2018.06.13-01.49.46:874][  0]LogUObjectGlobals: Destroyed PersistentFrame Addr=0x000001c34cd90640, Size=104
[2018.06.13-01.49.46:874][  0]LogUObjectGlobals: Created PersistentFrame Addr=0x000001c34270bba0, Size=104, Default__OptionsMenu_C Function /Engine/Transient.REINST_OptionsMenu_C_11:ExecuteUbergraph_OptionsMenu
[2018.06.13-01.49.46:875][  0]LogUObjectGlobals: Destroyed PersistentFrame Addr=0x000001c340000940, Size=32
[2018.06.13-01.49.46:875][  0]LogUObjectGlobals: Created PersistentFrame Addr=0x000001c3426e7840, Size=32, Default__PlayerButton_C Function /Engine/Transient.REINST_PlayerButton_C_12:ExecuteUbergraph_PlayerButton
[2018.06.13-01.49.46:875][  0]LogUObjectGlobals: Destroyed PersistentFrame Addr=0x000001c3504f91c0, Size=320
[2018.06.13-01.49.46:875][  0]LogUObjectGlobals: Created PersistentFrame Addr=0x000001c3426f7380, Size=320, Default__PlayerControllerGM_C Function /Engine/Transient.REINST_PlayerControllerGM_C_16:ExecuteUbergraph_PlayerControllerGM
[2018.06.13-01.49.46:876][  0]LogUObjectGlobals: Destroyed PersistentFrame Addr=0x000001c34cce0680, Size=608
[2018.06.13-01.49.46:876][  0]LogUObjectGlobals: Created PersistentFrame Addr=0x000001c341af7100, Size=608, Default__ServerMenu_C Function /Engine/Transient.REINST_ServerMenu_C_13:ExecuteUbergraph_ServerMenu
[2018.06.13-01.49.46:876][  0]LogUObjectGlobals: Destroyed PersistentFrame Addr=0x000001c3504f8f40, Size=304
[2018.06.13-01.49.46:876][  0]LogUObjectGlobals: Created PersistentFrame Addr=0x000001c3426f7100, Size=304, Default__GameplayGM_C Function /Engine/Transient.REINST_GameplayGM_C_17:ExecuteUbergraph_GameplayGM
[2018.06.13-01.49.46:877][  0]LogUObjectGlobals: Destroyed PersistentFrame Addr=0x000001c350476e00, Size=752
[2018.06.13-01.49.46:877][  0]LogUObjectGlobals: Created PersistentFrame Addr=0x000001c342645c00, Size=752, Default__LobbyGM_C Function /Engine/Transient.REINST_LobbyGM_C_18:ExecuteUbergraph_LobbyGM
[2018.06.13-01.49.47:044][  0]LogUObjectGlobals: Created PersistentFrame Addr=0x000001c341e33d80, Size=64, Default__FirstPerson_AnimBP_C Function /Game/FirstPerson/Animations/FirstPerson_AnimBP.FirstPerson_AnimBP_C:ExecuteUbergraph_FirstPerson_AnimBP
[2018.06.13-01.49.47:044][  0]LogUObjectGlobals: Created PersistentFrame Addr=0x000001c341e40e00, Size=256, Default__FirstPersonProjectile_C Function /Game/FirstPersonBP/Blueprints/FirstPersonProjectile.FirstPersonProjectile_C:ExecuteUbergraph_FirstPersonProjectile
[2018.06.13-01.49.47:047][  0]LogUObjectGlobals: Created PersistentFrame Addr=0x000001c341ed4680, Size=536, Default__GameInfoInstance_C Function /Game/Blueprints/AllLevels/GameInfoInstance.GameInfoInstance_C:ExecuteUbergraph_GameInfoInstance
[2018.06.13-01.49.47:050][  0]LogUObjectGlobals: Created PersistentFrame Addr=0x000001c34cce8100, Size=688, Default__0_Base_C Function /Game/Blueprints/Characters/0_Base.0_Base_C:ExecuteUbergraph_0_Base
[2018.06.13-01.49.47:053][  0]LogUObjectGlobals: Created PersistentFrame Addr=0x000001c3424e5600, Size=688, Default__Character1_C Function /Game/Blueprints/Characters/Character1.Character1_C:ExecuteUbergraph_Character1
[2018.06.13-01.49.47:057][  0]LogUObjectGlobals: Created PersistentFrame Addr=0x000001c341d9bd00, Size=688, Default__Character2_C Function /Game/Blueprints/Characters/Character2.Character2_C:ExecuteUbergraph_Character2
[2018.06.13-01.49.47:061][  0]LogUObjectGlobals: Created PersistentFrame Addr=0x000001c341d9b100, Size=688, Default__Character3_C Function /Game/Blueprints/Characters/Character3.Character3_C:ExecuteUbergraph_Character3
[2018.06.13-01.49.47:065][  0]LogUObjectGlobals: Created PersistentFrame Addr=0x000001c341d31300, Size=688, Default__Character4_C Function /Game/Blueprints/Characters/Character4.Character4_C:ExecuteUbergraph_Character4
[2018.06.13-01.49.47:068][  0]LogUObjectGlobals: Created PersistentFrame Addr=0x000001c341d30d00, Size=688, Default__Character5_C Function /Game/Blueprints/Characters/Character5.Character5_C:ExecuteUbergraph_Character5
[2018.06.13-01.49.47:071][  0]LogUObjectGlobals: Created PersistentFrame Addr=0x000001c34c8c3d00, Size=688, Default__Character6_C Function /Game/Blueprints/Characters/Character6.Character6_C:ExecuteUbergraph_Character6
[2018.06.13-01.49.47:074][  0]LogUObjectGlobals: Created PersistentFrame Addr=0x000001c34c8c3700, Size=688, Default__Character7_C Function /Game/Blueprints/Characters/Character7.Character7_C:ExecuteUbergraph_Character7
[2018.06.13-01.49.47:076][  0]LogUObjectGlobals: Created PersistentFrame Addr=0x000001c34c8c2e00, Size=688, Default__Character8_C Function /Game/Blueprints/Characters/Character8.Character8_C:ExecuteUbergraph_Character8
[2018.06.13-01.49.47:079][  0]LogUObjectGlobals: Created PersistentFrame Addr=0x000001c344eb22f0, Size=80, Default__CharacterSelect_C Function /Game/UI/Lobby/CharacterSelect.CharacterSelect_C:ExecuteUbergraph_CharacterSelect
[2018.06.13-01.49.47:080][  0]LogUObjectGlobals: Created PersistentFrame Addr=0x000001c34fd38580, Size=328, Default__ChatWindow_C Function /Game/UI/AllLevels/ChatWindow.ChatWindow_C:ExecuteUbergraph_ChatWindow
[2018.06.13-01.49.47:081][  0]LogUObjectGlobals: Created PersistentFrame Addr=0x000001c341f1e5f0, Size=4, Default__ConnectedPlayer_C Function /Game/UI/Lobby/ConnectedPlayer.ConnectedPlayer_C:ExecuteUbergraph_ConnectedPlayer
[2018.06.13-01.49.47:081][  0]LogUObjectGlobals: Created PersistentFrame Addr=0x000001c341f1e5b8, Size=4, Default__GameplayHUD_C Function /Game/UI/Gameplay/GameplayHUD.GameplayHUD_C:ExecuteUbergraph_GameplayHUD
[2018.06.13-01.49.47:084][  0]LogUObjectGlobals: Created PersistentFrame Addr=0x000001c344f0ef80, Size=192, Default__GameSettings_C Function /Game/UI/Lobby/GameSettings.GameSettings_C:ExecuteUbergraph_GameSettings
[2018.06.13-01.49.47:086][  0]LogUObjectGlobals: Created PersistentFrame Addr=0x000001c344efd3a0, Size=80, Default__HostMenu_C Function /Game/UI/MainMenu/HostMenu.HostMenu_C:ExecuteUbergraph_HostMenu
[2018.06.13-01.49.47:090][  0]LogUObjectGlobals: Created PersistentFrame Addr=0x000001c341e4afc0, Size=320, Default__LobbyMenu_C Function /Game/UI/Lobby/LobbyMenu.LobbyMenu_C:ExecuteUbergraph_LobbyMenu
[2018.06.13-01.49.47:097][  0]LogUObjectGlobals: Created PersistentFrame Addr=0x000001c346133580, Size=880, Default__LobbyPC_C Function /Game/Blueprints/Lobby/LobbyPC.LobbyPC_C:ExecuteUbergraph_LobbyPC
[2018.06.13-01.49.47:099][  0]LogUObjectGlobals: Created PersistentFrame Addr=0x000001c341de6430, Size=40, Default__MainMenu_C Function /Game/UI/MainMenu/MainMenu.MainMenu_C:ExecuteUbergraph_MainMenu
[2018.06.13-01.49.47:102][  0]LogUObjectGlobals: Created PersistentFrame Addr=0x000001c346106400, Size=104, Default__OptionsMenu_C Function /Game/UI/MainMenu/OptionsMenu.OptionsMenu_C:ExecuteUbergraph_OptionsMenu
[2018.06.13-01.49.47:103][  0]LogUObjectGlobals: Created PersistentFrame Addr=0x000001c346136200, Size=32, Default__PlayerButton_C Function /Game/UI/Lobby/PlayerButton.PlayerButton_C:ExecuteUbergraph_PlayerButton
[2018.06.13-01.49.47:104][  0]LogUObjectGlobals: Created PersistentFrame Addr=0x000001c341e4aac0, Size=320, Default__PlayerControllerGM_C Function /Game/Blueprints/Gameplay/PlayerControllerGM.PlayerControllerGM_C:ExecuteUbergraph_PlayerControllerGM
[2018.06.13-01.49.47:108][  0]LogUObjectGlobals: Created PersistentFrame Addr=0x000001c346116480, Size=592, Default__ServerMenu_C Function /Game/UI/MainMenu/ServerMenu.ServerMenu_C:ExecuteUbergraph_ServerMenu
[2018.06.13-01.49.47:110][  0]LogUObjectGlobals: Created PersistentFrame Addr=0x000001c341e4a700, Size=320, Default__GameplayGM_C Function /Game/Blueprints/Gameplay/GameplayGM.GameplayGM_C:ExecuteUbergraph_GameplayGM
[2018.06.13-01.49.47:115][  0]LogUObjectGlobals: Created PersistentFrame Addr=0x000001c346037900, Size=784, Default__LobbyGM_C Function /Game/Blueprints/Lobby/LobbyGM.LobbyGM_C:ExecuteUbergraph_LobbyGM
[2018.06.13-01.49.47:384][  0]LogSkeletalMesh: Skeletal Mesh found in DDC [4.700845ms] /Game/FirstPerson/FPWeapon/Mesh/SK_FPGun.SK_FPGun
[2018.06.13-01.49.47:394][  0]LogSkeletalMesh: Skeletal Mesh found in DDC [8.467763ms] /Game/FirstPerson/Character/Mesh/SK_Mannequin_Arms.SK_Mannequin_Arms
[2018.06.13-01.49.47:418][  0]LogInit: Display: Game Engine Initialized.
[2018.06.13-01.49.47:418][  0]LogGameplayTags: Display: UGameplayTagsManager::DoneAddingNativeTags. DelegateIsBound: 0
[2018.06.13-01.49.47:418][  0]LogStats: UGameplayTagsManager::ConstructGameplayTagTree: Construct from data asset -  0.000 s
[2018.06.13-01.49.47:418][  0]LogStats: UGameplayTagsManager::ConstructGameplayTagTree: GameplayTagTreeChangedEvent.Broadcast -  0.000 s
[2018.06.13-01.49.47:541][  0]LogInit: Display: Starting Game.
[2018.06.13-01.49.47:541][  0]LogNet: Browse: /Game/Maps/MainMenu?Name=Player
[2018.06.13-01.49.47:542][  0]LogLoad: LoadMap: /Game/Maps/MainMenu?Name=Player
[2018.06.13-01.49.47:563][  0]LogUObjectGlobals: Destroyed PersistentFrame Addr=0x000001c341af6c00, Size=536
[2018.06.13-01.49.47:563][  0]LogUObjectGlobals: Destroyed PersistentFrame Addr=0x000001c3426f7380, Size=320
[2018.06.13-01.49.47:563][  0]LogUObjectGlobals: Destroyed PersistentFrame Addr=0x000001c3426f7100, Size=304
[2018.06.13-01.49.47:563][  0]LogUObjectGlobals: Destroyed PersistentFrame Addr=0x000001c342645c00, Size=752
[2018.06.13-01.49.47:563][  0]LogUObjectGlobals: Destroyed PersistentFrame Addr=0x000001c3426cee00, Size=688
[2018.06.13-01.49.47:563][  0]LogUObjectGlobals: Destroyed PersistentFrame Addr=0x000001c341a93f00, Size=256
[2018.06.13-01.49.47:563][  0]LogUObjectGlobals: Destroyed PersistentFrame Addr=0x000001c341b01670, Size=72
[2018.06.13-01.49.47:563][  0]LogUObjectGlobals: Destroyed PersistentFrame Addr=0x000001c341addd00, Size=880
[2018.06.13-01.49.47:563][  0]LogUObjectGlobals: Destroyed PersistentFrame Addr=0x000001c3426f79c0, Size=320
[2018.06.13-01.49.47:564][  0]LogUObjectGlobals: Destroyed PersistentFrame Addr=0x000001c34fd89f00, Size=328
[2018.06.13-01.49.47:564][  0]LogUObjectGlobals: Destroyed PersistentFrame Addr=0x000001c342733ac8, Size=4
[2018.06.13-01.49.47:564][  0]LogUObjectGlobals: Destroyed PersistentFrame Addr=0x000001c34269b0b0, Size=80
[2018.06.13-01.49.47:564][  0]LogUObjectGlobals: Destroyed PersistentFrame Addr=0x000001c342699f80, Size=80
[2018.06.13-01.49.47:564][  0]LogUObjectGlobals: Destroyed PersistentFrame Addr=0x000001c34fcccb30, Size=40
[2018.06.13-01.49.47:564][  0]LogUObjectGlobals: Destroyed PersistentFrame Addr=0x000001c34270bba0, Size=104
[2018.06.13-01.49.47:564][  0]LogUObjectGlobals: Destroyed PersistentFrame Addr=0x000001c341af7100, Size=608
[2018.06.13-01.49.47:564][  0]LogUObjectGlobals: Destroyed PersistentFrame Addr=0x000001c341c20a00, Size=192
[2018.06.13-01.49.47:564][  0]LogUObjectGlobals: Destroyed PersistentFrame Addr=0x000001c3426e7840, Size=32
[2018.06.13-01.49.47:564][  0]LogUObjectGlobals: Destroyed PersistentFrame Addr=0x000001c342733ad0, Size=4
[2018.06.13-01.49.47:564][  0]LogUObjectGlobals: Destroyed PersistentFrame Addr=0x000001c3426cdf00, Size=688
[2018.06.13-01.49.47:564][  0]LogUObjectGlobals: Destroyed PersistentFrame Addr=0x000001c3426cd300, Size=688
[2018.06.13-01.49.47:564][  0]LogUObjectGlobals: Destroyed PersistentFrame Addr=0x000001c3426bae00, Size=688
[2018.06.13-01.49.47:564][  0]LogUObjectGlobals: Destroyed PersistentFrame Addr=0x000001c3426b8a00, Size=688
[2018.06.13-01.49.47:564][  0]LogUObjectGlobals: Destroyed PersistentFrame Addr=0x000001c34269fa00, Size=688
[2018.06.13-01.49.47:564][  0]LogUObjectGlobals: Destroyed PersistentFrame Addr=0x000001c34269e800, Size=688
[2018.06.13-01.49.47:564][  0]LogUObjectGlobals: Destroyed PersistentFrame Addr=0x000001c34269dc00, Size=688
[2018.06.13-01.49.47:564][  0]LogUObjectGlobals: Destroyed PersistentFrame Addr=0x000001c34269d000, Size=688
[2018.06.13-01.49.47:570][  0]LogUObjectGlobals: Created PersistentFrame Addr=0x000001c34116c960, Size=32, Default__MainMenu_C Function /Game/Maps/MainMenu.MainMenu_C:ExecuteUbergraph_MainMenu
[2018.06.13-01.49.47:571][  0]LogUObjectGlobals: Destroyed PersistentFrame Addr=0x000001c34116c960, Size=32
[2018.06.13-01.49.47:571][  0]LogUObjectGlobals: Created PersistentFrame Addr=0x000001c34116c960, Size=32, Default__MainMenu_C Function /Engine/Transient.REINST_MainMenu_C_52:ExecuteUbergraph_MainMenu
[2018.06.13-01.49.47:572][  0]LogUObjectGlobals: Created PersistentFrame Addr=0x000001c34116c4c0, Size=32, Default__MainMenu_C Function /Game/Maps/MainMenu.MainMenu_C:ExecuteUbergraph_MainMenu
[2018.06.13-01.49.47:590][  0]LogAIModule: Creating AISystem for world MainMenu
[2018.06.13-01.49.47:601][  0]LogUObjectGlobals: Created PersistentFrame Addr=0x000001c34fd01000, Size=688, Default__FirstPersonCharacter_C Function /Game/FirstPersonBP/Blueprints/FirstPersonCharacter.FirstPersonCharacter_C:ExecuteUbergraph_FirstPersonCharacter
[2018.06.13-01.49.47:613][  0]LogUObjectGlobals: Created PersistentFrame Addr=0x000001c346138448, Size=52, Default__FirstPersonHUD_C Function /Game/FirstPersonBP/Blueprints/FirstPersonHUD.FirstPersonHUD_C:ExecuteUbergraph_FirstPersonHUD
[2018.06.13-01.49.47:624][  0]LogUObjectGlobals: Destroyed PersistentFrame Addr=0x000001c346138448, Size=52
[2018.06.13-01.49.47:624][  0]LogUObjectGlobals: Created PersistentFrame Addr=0x000001c346138448, Size=52, Default__FirstPersonHUD_C Function /Engine/Transient.REINST_FirstPersonHUD_C_54:ExecuteUbergraph_FirstPersonHUD
[2018.06.13-01.49.47:625][  0]LogUObjectGlobals: Destroyed PersistentFrame Addr=0x000001c34fd01000, Size=688
[2018.06.13-01.49.47:625][  0]LogUObjectGlobals: Created PersistentFrame Addr=0x000001c3424e7100, Size=688, Default__FirstPersonCharacter_C Function /Engine/Transient.REINST_FirstPersonCharacter_C_55:ExecuteUbergraph_FirstPersonCharacter
[2018.06.13-01.49.47:637][  0]LogUObjectGlobals: Created PersistentFrame Addr=0x000001c34613b190, Size=52, Default__FirstPersonHUD_C Function /Game/FirstPersonBP/Blueprints/FirstPersonHUD.FirstPersonHUD_C:ExecuteUbergraph_FirstPersonHUD
[2018.06.13-01.49.47:639][  0]LogUObjectGlobals: Created PersistentFrame Addr=0x000001c350476500, Size=688, Default__FirstPersonCharacter_C Function /Game/FirstPersonBP/Blueprints/FirstPersonCharacter.FirstPersonCharacter_C:ExecuteUbergraph_FirstPersonCharacter
[2018.06.13-01.49.47:643][  0]LogLoad: Game class is 'FirstPersonGameMode_C'
[2018.06.13-01.49.47:645][  0]LogWorld: Bringing World /Game/Maps/MainMenu.MainMenu up for play (max tick rate 0) at 2018.06.12-21.49.47
[2018.06.13-01.49.47:645][  0]LogWorld: Bringing up level for play took: 0.000569
[2018.06.13-01.49.47:646][  0]LogGameMode: FindPlayerStart: PATHS NOT DEFINED or NO PLAYERSTART with positive rating
[2018.06.13-01.49.47:651][  0]LogLoad: Took 0.108709 seconds to LoadMap(/Game/Maps/MainMenu)
[2018.06.13-01.49.47:724][  0]LogLoad: (Engine Initialization) Total time: 11.37 seconds
[2018.06.13-01.49.47:724][  0]LogLoad: (Engine Initialization) Total Blueprint compile time: 0.00 seconds
[2018.06.13-01.49.47:772][  0]LogRenderer: Reallocating scene render targets to support 1280x720 Format 10 NumSamples 1 (Frame:1).
[2018.06.13-01.49.47:817][  0]LogWindowsTextInputMethodSystem: Display: IME system now deactivated.
[2018.06.13-01.49.47:821][  0]LogContentStreaming: Texture pool size now 1000 MB
[2018.06.13-01.49.49:111][ 79]LogSlate: FSceneViewport::OnFocusLost() reason 0
[2018.06.13-01.49.49:198][ 84]LogSlate: Took 0.000341 seconds to synchronously load lazily loaded font '../../../Engine/Content/Slate/Fonts/Roboto-Regular.ttf' (155K)
[2018.06.13-01.49.51:241][211]LogNetVersion: Quake 1.0.0.0, NetCL: 3944462, EngineNetVer: 2, GameNetVer: 0 (Checksum: 1278608)
[2018.06.13-01.49.51:247][211]LogInit: WinSock: I am Robs-Blade (192.168.86.34:0)
[2018.06.13-01.49.51:368][211]LogPackageName: SearchForPackageOnDisk took   0.096s to resolve Lobby.umap.
[2018.06.13-01.49.51:464][211]LogPackageName: SearchForPackageOnDisk took   0.096s to resolve Lobby.umap.
[2018.06.13-01.49.51:465][211]LogNet: Browse: /Game/Maps/Lobby?listen
[2018.06.13-01.49.51:465][211]LogLoad: LoadMap: /Game/Maps/Lobby?listen
[2018.06.13-01.49.51:479][211]LogUObjectGlobals: Destroyed PersistentFrame Addr=0x000001c350476500, Size=688
[2018.06.13-01.49.51:479][211]LogUObjectGlobals: Destroyed PersistentFrame Addr=0x000001c34613b190, Size=52
[2018.06.13-01.49.51:479][211]LogUObjectGlobals: Destroyed PersistentFrame Addr=0x000001c346138448, Size=52
[2018.06.13-01.49.51:479][211]LogUObjectGlobals: Destroyed PersistentFrame Addr=0x000001c3424e7100, Size=688
[2018.06.13-01.49.51:479][211]LogUObjectGlobals: Destroyed PersistentFrame Addr=0x000001c34116c4c0, Size=32
[2018.06.13-01.49.51:479][211]LogUObjectGlobals: Destroyed PersistentFrame Addr=0x000001c34116c960, Size=32
[2018.06.13-01.49.51:573][211]LogAIModule: Creating AISystem for world Lobby
[2018.06.13-01.49.51:573][211]LogLoad: Game class is 'LobbyGM_C'
[2018.06.13-01.49.51:573][211]LogTemp: Display: ParseSettings for GameNetDriver
[2018.06.13-01.49.51:574][211]LogTemp: Display: ParseSettings for SteamNetDriver_0
[2018.06.13-01.49.51:574][211]LogTemp: Display: ParseSettings for GameNetDriver
[2018.06.13-01.49.51:574][211]LogNet: Display: SteamNetDriver_0 bound to port 7777
[2018.06.13-01.49.51:575][211]PacketHandlerLog: Loaded PacketHandler component: Engine.EngineHandlerComponentFactory (StatelessConnectHandlerComponent)
[2018.06.13-01.49.51:575][211]LogNet: GameNetDriver SteamNetDriver_0 IpNetDriver listening on port 7777
[2018.06.13-01.49.51:577][211]LogWorld: Bringing World /Game/Maps/Lobby.Lobby up for play (max tick rate 0) at 2018.06.12-21.49.51
[2018.06.13-01.49.51:577][211]LogWorld: Bringing up level for play took: 0.001647
[2018.06.13-01.49.51:589][211]LogGameMode: Display: Match State Changed from EnteringMap to WaitingToStart
[2018.06.13-01.49.51:589][211]LogGameState: Match State Changed from EnteringMap to WaitingToStart
[2018.06.13-01.49.51:589][211]LogGameMode: Display: Match State Changed from WaitingToStart to InProgress
[2018.06.13-01.49.51:590][211]LogGameState: Match State Changed from WaitingToStart to InProgress
[2018.06.13-01.49.51:594][211]LogLoad: Took 0.128398 seconds to LoadMap(/Game/Maps/Lobby)
[2018.06.13-01.49.52:919][292]LogSlate: FSceneViewport::OnFocusLost() reason 0
[2018.06.13-01.49.52:966][295]PIE: Warning: This widget does not support focus.  If this is a UserWidget, you should set bIsFocusable to true.
[2018.06.13-01.49.53:240][312]LogSlate: FSceneViewport::OnFocusLost() reason 0
[2018.06.13-01.49.53:676][339]LogGameMode: Display: Match State Changed from InProgress to LeavingMap
[2018.06.13-01.49.53:676][339]LogGameState: Match State Changed from InProgress to LeavingMap
[2018.06.13-01.49.53:679][339]LogGameMode: ProcessServerTravel: /Game/Maps/Arena01
[2018.06.13-01.49.53:679][339]LogWorld: SeamlessTravel to: /Game/Maps/Arena01
[2018.06.13-01.49.53:710][340]LogAIModule: Creating AISystem for world TravelMap
[2018.06.13-01.49.53:712][340]LogStats:     SeamlessTravel FlushLevelStreaming  -  0.002 s
[2018.06.13-01.49.53:713][340]LogWorld: Bringing World /Game/Maps/TravelMap.TravelMap up for play (max tick rate 0) at 2018.06.12-21.49.53
[2018.06.13-01.49.53:713][340]LogWorld: Bringing up level for play took: 0.000574
[2018.06.13-01.49.53:713][340]LogWorld: Sending NotifyLoadedWorld for LP: LocalPlayer_0 PC: LobbyPC_C_0
[2018.06.13-01.49.53:713][340]LogNet: Verbose: NotifyLoadedWorld Begin
[2018.06.13-01.49.53:713][340]LogNet: VeryVerbose: GetFunctionCallspace Server calling Server function: ServerNotifyLoadedWorld Local
[2018.06.13-01.49.53:713][340]LogNet: Verbose: NotifyLoadedWorld End
[2018.06.13-01.49.53:713][340]LogWorld: StartLoadingDestination to: /Game/Maps/Arena01
[2018.06.13-01.49.53:898][345]LogAIModule: Creating AISystem for world Arena01
[2018.06.13-01.49.53:899][345]LogLoad: Game class is 'GameplayGM_C'
[2018.06.13-01.49.53:901][345]LogStats:     SeamlessTravel FlushLevelStreaming  -  0.001 s
[2018.06.13-01.49.53:904][345]LogWorld: Bringing World /Game/Maps/Arena01.Arena01 up for play (max tick rate 0) at 2018.06.12-21.49.53
[2018.06.13-01.49.53:904][345]LogWorld: Bringing up level for play took: 0.003289
[2018.06.13-01.49.53:904][345]LogWorld: Sending NotifyLoadedWorld for LP: LocalPlayer_0 PC: LobbyPC_C_0
[2018.06.13-01.49.53:904][345]LogNet: Verbose: NotifyLoadedWorld Begin
[2018.06.13-01.49.53:904][345]LogNet: VeryVerbose: GetFunctionCallspace Server calling Server function: ServerNotifyLoadedWorld Local
[2018.06.13-01.49.53:904][345]LogNet: Verbose: NotifyLoadedWorld End
[2018.06.13-01.49.53:904][345]LogWorld: ----SeamlessTravel finished in 0.22 seconds ------
[2018.06.13-01.49.53:904][345]LogGameMode: >> GameMode::HandleSeamlessTravelPlayer: LobbyPC_C_0 
[2018.06.13-01.49.53:905][345]LogGameMode: << GameMode::HandleSeamlessTravelPlayer: PlayerControllerGM_C_0
[2018.06.13-01.49.53:905][345]LogGameMode: Display: Match State Changed from EnteringMap to WaitingToStart
[2018.06.13-01.49.53:905][345]LogGameState: Match State Changed from EnteringMap to WaitingToStart
[2018.06.13-01.49.53:905][345]LogGameMode: Display: Match State Changed from WaitingToStart to InProgress
[2018.06.13-01.49.53:908][345]LogGameState: Match State Changed from WaitingToStart to InProgress
[2018.06.13-01.49.59:539][692]LogSlate: Window 'Quake (64-bit, PCD3D_SM5) ' being destroyed
[2018.06.13-01.49.59:540][692]LogWindowsTextInputMethodSystem: Display: IME system now deactivated.
[2018.06.13-01.49.59:544][692]LogWindowsTextInputMethodSystem: Display: IME system now deactivated.
[2018.06.13-01.49.59:546][692]LogOnline: Warning: STEAM: No game present to leave for session (GameSession)
[2018.06.13-01.49.59:546][692]LogEngine: All Windows Closed
[2018.06.13-01.49.59:546][692]LogWindows: FPlatformMisc::RequestExit(0)
[2018.06.13-01.49.59:555][693]LogNet: World NetDriver shutdown SteamNetDriver_0 [GameNetDriver]
[2018.06.13-01.49.59:555][693]LogNet: DestroyNamedNetDriver SteamNetDriver_0 [GameNetDriver]
[2018.06.13-01.49.59:555][693]LogExit: GameNetDriver SteamNetDriver_0 shut down
[2018.06.13-01.49.59:995][693]LogSlate: Slate User Destroyed.  User Index 0, Is Virtual User: 0
[2018.06.13-01.49.59:995][693]LogExit: Preparing to exit.
[2018.06.13-01.49.59:995][693]LogMoviePlayer: Shutting down movie player
[2018.06.13-01.50.00:991][693]LogExit: Game engine shut down
[2018.06.13-01.50.00:998][693]LogUObjectGlobals: Destroyed PersistentFrame Addr=0x000001c341e33d80, Size=64
[2018.06.13-01.50.00:998][693]LogUObjectGlobals: Destroyed PersistentFrame Addr=0x000001c341e40e00, Size=256
[2018.06.13-01.50.00:998][693]LogUObjectGlobals: Destroyed PersistentFrame Addr=0x000001c341ed4680, Size=536
[2018.06.13-01.50.00:998][693]LogUObjectGlobals: Destroyed PersistentFrame Addr=0x000001c34cce8100, Size=688
[2018.06.13-01.50.00:998][693]LogUObjectGlobals: Destroyed PersistentFrame Addr=0x000001c3424e5600, Size=688
[2018.06.13-01.50.00:998][693]LogUObjectGlobals: Destroyed PersistentFrame Addr=0x000001c341d9bd00, Size=688
[2018.06.13-01.50.00:998][693]LogUObjectGlobals: Destroyed PersistentFrame Addr=0x000001c341d9b100, Size=688
[2018.06.13-01.50.00:998][693]LogUObjectGlobals: Destroyed PersistentFrame Addr=0x000001c341d31300, Size=688
[2018.06.13-01.50.00:998][693]LogUObjectGlobals: Destroyed PersistentFrame Addr=0x000001c341d30d00, Size=688
[2018.06.13-01.50.00:998][693]LogUObjectGlobals: Destroyed PersistentFrame Addr=0x000001c34c8c3d00, Size=688
[2018.06.13-01.50.00:998][693]LogUObjectGlobals: Destroyed PersistentFrame Addr=0x000001c34c8c3700, Size=688
[2018.06.13-01.50.00:999][693]LogUObjectGlobals: Destroyed PersistentFrame Addr=0x000001c34c8c2e00, Size=688
[2018.06.13-01.50.00:999][693]LogUObjectGlobals: Destroyed PersistentFrame Addr=0x000001c344eb22f0, Size=80
[2018.06.13-01.50.00:999][693]LogUObjectGlobals: Destroyed PersistentFrame Addr=0x000001c34fd38580, Size=328
[2018.06.13-01.50.00:999][693]LogUObjectGlobals: Destroyed PersistentFrame Addr=0x000001c341f1e5f0, Size=4
[2018.06.13-01.50.00:999][693]LogUObjectGlobals: Destroyed PersistentFrame Addr=0x000001c341f1e5b8, Size=4
[2018.06.13-01.50.00:999][693]LogUObjectGlobals: Destroyed PersistentFrame Addr=0x000001c344f0ef80, Size=192
[2018.06.13-01.50.00:999][693]LogUObjectGlobals: Destroyed PersistentFrame Addr=0x000001c344efd3a0, Size=80
[2018.06.13-01.50.00:999][693]LogUObjectGlobals: Destroyed PersistentFrame Addr=0x000001c341e4afc0, Size=320
[2018.06.13-01.50.00:999][693]LogUObjectGlobals: Destroyed PersistentFrame Addr=0x000001c346133580, Size=880
[2018.06.13-01.50.00:999][693]LogUObjectGlobals: Destroyed PersistentFrame Addr=0x000001c341de6430, Size=40
[2018.06.13-01.50.00:999][693]LogUObjectGlobals: Destroyed PersistentFrame Addr=0x000001c346106400, Size=104
[2018.06.13-01.50.00:999][693]LogUObjectGlobals: Destroyed PersistentFrame Addr=0x000001c346136200, Size=32
[2018.06.13-01.50.00:999][693]LogUObjectGlobals: Destroyed PersistentFrame Addr=0x000001c341e4aac0, Size=320
[2018.06.13-01.50.00:999][693]LogUObjectGlobals: Destroyed PersistentFrame Addr=0x000001c346116480, Size=592
[2018.06.13-01.50.00:999][693]LogUObjectGlobals: Destroyed PersistentFrame Addr=0x000001c341e4a700, Size=320
[2018.06.13-01.50.00:999][693]LogUObjectGlobals: Destroyed PersistentFrame Addr=0x000001c346037900, Size=784
[2018.06.13-01.50.01:095][693]LogExit: Object subsystem successfully closed.
[2018.06.13-01.50.01:122][693]LogShaderCompilers: Display: Shaders left to compile 0
[2018.06.13-01.50.01:128][693]LogD3D11RHI: Shutdown
[2018.06.13-01.50.01:128][693]LogD3D11RHI: CleanupD3DDevice
[2018.06.13-01.50.01:129][693]LogD3D11RHI: ~FD3D11DynamicRHI
[2018.06.13-01.50.01:142][693]LogModuleManager: Shutting down and abandoning module SequenceRecorderSections (334)
[2018.06.13-01.50.01:142][693]LogModuleManager: Shutting down and abandoning module SequenceRecorder (332)
[2018.06.13-01.50.01:142][693]LogModuleManager: Shutting down and abandoning module AutomationController (330)
[2018.06.13-01.50.01:142][693]LogModuleManager: Shutting down and abandoning module AutomationWorker (328)
[2018.06.13-01.50.01:142][693]LogModuleManager: Shutting down and abandoning module AIModule (326)
[2018.06.13-01.50.01:142][693]LogModuleManager: Shutting down and abandoning module GameplayDebugger (325)
[2018.06.13-01.50.01:142][693]LogModuleManager: Shutting down and abandoning module AITestSuite (323)
[2018.06.13-01.50.01:142][693]LogModuleManager: Shutting down and abandoning module WmfMediaFactory (320)
[2018.06.13-01.50.01:142][693]LogModuleManager: Shutting down and abandoning module OpenExrWrapper (318)
[2018.06.13-01.50.01:142][693]LogModuleManager: Shutting down and abandoning module ImgMediaFactory (316)
[2018.06.13-01.50.01:142][693]LogModuleManager: Shutting down and abandoning module AvfMediaFactory (314)
[2018.06.13-01.50.01:142][693]LogModuleManager: Shutting down and abandoning module CharacterAI (312)
[2018.06.13-01.50.01:142][693]LogModuleManager: Shutting down and abandoning module SessionServices (310)
[2018.06.13-01.50.01:142][693]LogModuleManager: Shutting down and abandoning module MovieSceneCapture (308)
[2018.06.13-01.50.01:142][693]LogModuleManager: Shutting down and abandoning module MovieSceneTracks (306)
[2018.06.13-01.50.01:142][693]LogModuleManager: Shutting down and abandoning module MovieScene (304)
[2018.06.13-01.50.01:142][693]LogModuleManager: Shutting down and abandoning module GeometryCache (302)
[2018.06.13-01.50.01:142][693]LogModuleManager: Shutting down and abandoning module GeometryCacheEd (301)
[2018.06.13-01.50.01:142][693]LogModuleManager: Shutting down and abandoning module StreamingPauseRendering (298)
[2018.06.13-01.50.01:142][693]LogModuleManager: Shutting down and abandoning module PortalServices (296)
[2018.06.13-01.50.01:142][693]LogModuleManager: Shutting down and abandoning module PortalRpc (294)
[2018.06.13-01.50.01:142][693]LogModuleManager: Shutting down and abandoning module MessagingRpc (292)
[2018.06.13-01.50.01:142][693]LogModuleManager: Shutting down and abandoning module ProfilerService (290)
[2018.06.13-01.50.01:218][693]LogModuleManager: Shutting down and abandoning module TaskGraph (288)
[2018.06.13-01.50.01:218][693]LogModuleManager: Shutting down and abandoning module SteamVRController (286)
[2018.06.13-01.50.01:218][693]LogModuleManager: Shutting down and abandoning module ProceduralMeshComponent (284)
[2018.06.13-01.50.01:218][693]LogModuleManager: Shutting down and abandoning module OculusInput (282)
[2018.06.13-01.50.01:218][693]LogModuleManager: Shutting down and abandoning module MobilePatchingUtils (280)
[2018.06.13-01.50.01:218][693]LogModuleManager: Shutting down and abandoning module CustomMeshComponent (278)
[2018.06.13-01.50.01:218][693]LogModuleManager: Shutting down and abandoning module CableComponent (276)
[2018.06.13-01.50.01:218][693]LogModuleManager: Shutting down and abandoning module AudioCapture (274)
[2018.06.13-01.50.01:218][693]LogModuleManager: Shutting down and abandoning module ArchVisCharacter (272)
[2018.06.13-01.50.01:218][693]LogModuleManager: Shutting down and abandoning module AndroidPermission (270)
[2018.06.13-01.50.01:218][693]LogModuleManager: Shutting down and abandoning module NUTUnrealEngine4 (266)
[2018.06.13-01.50.01:218][693]LogModuleManager: Shutting down and abandoning module NetcodeUnitTest (264)
[2018.06.13-01.50.01:218][693]LogModuleManager: Shutting down and abandoning module MediaCompositing (262)
[2018.06.13-01.50.01:218][693]LogModuleManager: Shutting down and abandoning module LinearTimecode (260)
[2018.06.13-01.50.01:218][693]LogModuleManager: Shutting down and abandoning module ImgMedia (258)
[2018.06.13-01.50.01:224][693]LogModuleManager: Shutting down and abandoning module HTML5Networking (256)
[2018.06.13-01.50.01:225][693]LogModuleManager: Shutting down and abandoning module DatasmithContent (254)
[2018.06.13-01.50.01:225][693]LogModuleManager: Shutting down and abandoning module CryptoKeysOpenSSL (252)
[2018.06.13-01.50.01:225][693]LogModuleManager: Shutting down and abandoning module CryptoKeys (250)
[2018.06.13-01.50.01:225][693]LogModuleManager: Shutting down and abandoning module VisualStudioSourceCodeAccess (248)
[2018.06.13-01.50.01:225][693]LogModuleManager: Shutting down and abandoning module HotReload (247)
[2018.06.13-01.50.01:225][693]LogDirectoryWatcher: A directory notification for 'C:/Users/Rob's Blade/Documents/Unreal Projects/Quake/Binaries/Win64' was aborted.
[2018.06.13-01.50.01:225][693]LogModuleManager: Shutting down and abandoning module DirectoryWatcher (246)
[2018.06.13-01.50.01:225][693]LogModuleManager: Shutting down and abandoning module VisualStudioCodeSourceCodeAccess (242)
[2018.06.13-01.50.01:225][693]LogModuleManager: Shutting down and abandoning module UObjectPlugin (240)
[2018.06.13-01.50.01:225][693]LogModuleManager: Shutting down and abandoning module SubversionSourceControl (238)
[2018.06.13-01.50.01:225][693]LogModuleManager: Shutting down and abandoning module PerforceSourceControl (236)
[2018.06.13-01.50.01:225][693]LogModuleManager: Shutting down and abandoning module SourceControl (235)
[2018.06.13-01.50.01:225][693]LogModuleManager: Shutting down and abandoning module CLionSourceCodeAccess (232)
[2018.06.13-01.50.01:225][693]LogModuleManager: Shutting down and abandoning module RuntimePhysXCooking (230)
[2018.06.13-01.50.01:225][693]LogModuleManager: Shutting down and abandoning module PhysXVehiclesEditor (228)
[2018.06.13-01.50.01:225][693]LogModuleManager: Shutting down and abandoning module PhysXVehicles (226)
[2018.06.13-01.50.01:225][693]LogModuleManager: Shutting down and abandoning module LocationServicesBPLibrary (224)
[2018.06.13-01.50.01:225][693]LogModuleManager: Shutting down and abandoning module ImmediatePhysicsEditor (222)
[2018.06.13-01.50.01:225][693]LogModuleManager: Shutting down and abandoning module ImmediatePhysics (220)
[2018.06.13-01.50.01:225][693]LogModuleManager: Shutting down and abandoning module ActorSequence (218)
[2018.06.13-01.50.01:225][693]LogModuleManager: Shutting down and abandoning module UdpMessaging (216)
[2018.06.13-01.50.01:327][693]LogModuleManager: Shutting down and abandoning module TcpMessaging (214)
[2018.06.13-01.50.01:872][693]LogModuleManager: Shutting down and abandoning module GameplayTagsEditor (212)
[2018.06.13-01.50.01:872][693]LogModuleManager: Shutting down and abandoning module FacialAnimation (210)
[2018.06.13-01.50.01:872][693]LogModuleManager: Shutting down and abandoning module DataValidation (208)
[2018.06.13-01.50.01:872][693]LogModuleManager: Shutting down and abandoning module AssetManagerEditor (206)
[2018.06.13-01.50.01:872][693]LogModuleManager: Shutting down and abandoning module TreeMap (205)
[2018.06.13-01.50.01:872][693]LogModuleManager: Shutting down and abandoning module LightPropagationVolumeRuntime (202)
[2018.06.13-01.50.01:872][693]LogModuleManager: Shutting down and abandoning module LiveLink (200)
[2018.06.13-01.50.02:702][693]LogModuleManager: Shutting down and abandoning module Paper2D (198)
[2018.06.13-01.50.02:702][693]LogModuleManager: Shutting down and abandoning module PIEPreviewDeviceProfileSelector (196)
[2018.06.13-01.50.02:703][693]LogModuleManager: Shutting down and abandoning module WindowsMoviePlayer (194)
[2018.06.13-01.50.02:703][693]LogModuleManager: Shutting down and abandoning module WmfMedia (192)
[2018.06.13-01.50.02:704][693]LogModuleManager: Shutting down and abandoning module Media (191)
[2018.06.13-01.50.02:711][693]LogModuleManager: Shutting down and abandoning module PacketHandler (188)
[2018.06.13-01.50.02:711][693]LogModuleManager: Shutting down and abandoning module ClothingSystemEditor (186)
[2018.06.13-01.50.02:711][693]LogModuleManager: Shutting down and abandoning module ClothingSystemRuntime (184)
[2018.06.13-01.50.02:711][693]LogModuleManager: Shutting down and abandoning module MediaAssets (182)
[2018.06.13-01.50.02:711][693]LogModuleManager: Shutting down and abandoning module Overlay (180)
[2018.06.13-01.50.02:711][693]LogModuleManager: Shutting down and abandoning module OverlayEditor (179)
[2018.06.13-01.50.02:711][693]LogModuleManager: Shutting down and abandoning module VREditor (176)
[2018.06.13-01.50.02:711][693]LogModuleManager: Shutting down and abandoning module StringTableEditor (174)
[2018.06.13-01.50.02:711][693]LogModuleManager: Shutting down and abandoning module GameplayTasksEditor (172)
[2018.06.13-01.50.02:711][693]LogModuleManager: Shutting down and abandoning module BehaviorTreeEditor (170)
[2018.06.13-01.50.02:711][693]LogModuleManager: Shutting down and abandoning module FunctionalTesting (168)
[2018.06.13-01.50.02:711][693]LogModuleManager: Shutting down and abandoning module CollisionAnalyzer (166)
[2018.06.13-01.50.02:711][693]LogModuleManager: Shutting down and abandoning module WorkspaceMenuStructure (165)
[2018.06.13-01.50.02:712][693]LogModuleManager: Shutting down and abandoning module UMG (162)
[2018.06.13-01.50.02:712][693]LogModuleManager: Shutting down and abandoning module UMGEditor (161)
[2018.06.13-01.50.02:712][693]LogModuleManager: Shutting down and abandoning module Sequencer (160)
[2018.06.13-01.50.02:712][693]LogModuleManager: Shutting down and abandoning module MessageLog (157)
[2018.06.13-01.50.02:712][693]LogModuleManager: Shutting down and abandoning module SlateReflector (152)
[2018.06.13-01.50.02:712][693]LogModuleManager: Shutting down and abandoning module Slate (150)
[2018.06.13-01.50.02:712][693]LogModuleManager: Shutting down and abandoning module EditorStyle (148)
[2018.06.13-01.50.02:714][693]LogModuleManager: Shutting down and abandoning module MRMesh (146)
[2018.06.13-01.50.02:714][693]LogModuleManager: Shutting down and abandoning module Messaging (144)
[2018.06.13-01.50.02:714][693]LogModuleManager: Shutting down and abandoning module SourceCodeAccess (142)
[2018.06.13-01.50.02:714][693]LogModuleManager: Shutting down and abandoning module HeadMountedDisplay (140)
[2018.06.13-01.50.02:714][693]LogModuleManager: Shutting down and abandoning module XAudio2 (138)
[2018.06.13-01.50.02:714][693]LogModuleManager: Shutting down and abandoning module Networking (136)
[2018.06.13-01.50.02:714][693]LogModuleManager: Shutting down and abandoning module Core (134)
[2018.06.13-01.50.02:714][693]LogModuleManager: Shutting down and abandoning module LevelSequence (132)
[2018.06.13-01.50.02:714][693]LogModuleManager: Shutting down and abandoning module KismetCompiler (130)
[2018.06.13-01.50.02:714][693]LogModuleManager: Shutting down and abandoning module MeshUtilities (128)
[2018.06.13-01.50.02:714][693]LogModuleManager: Shutting down and abandoning module MeshMergeUtilities (127)
[2018.06.13-01.50.02:714][693]LogModuleManager: Shutting down and abandoning module MeshReductionInterface (126)
[2018.06.13-01.50.02:714][693]LogModuleManager: Shutting down and abandoning module SimplygonSwarm (125)
[2018.06.13-01.50.02:714][693]LogModuleManager: Shutting down and abandoning module SimplygonMeshReduction (123)
[2018.06.13-01.50.02:714][693]LogModuleManager: Shutting down and abandoning module QuadricMeshReduction (121)
[2018.06.13-01.50.02:714][693]LogModuleManager: Shutting down and abandoning module MaterialBaking (117)
[2018.06.13-01.50.02:714][693]LogModuleManager: Shutting down and abandoning module DerivedDataCache (112)
[2018.06.13-01.50.02:854][693]LogDerivedDataCache: Shutdown
[2018.06.13-01.50.02:854][693]LogModuleManager: Shutting down and abandoning module XGEController (110)
[2018.06.13-01.50.02:854][693]LogModuleManager: Shutting down and abandoning module TargetPlatform (108)
[2018.06.13-01.50.02:854][693]LogModuleManager: Shutting down and abandoning module VulkanShaderFormat (107)
[2018.06.13-01.50.02:854][693]LogModuleManager: Shutting down and abandoning module ShaderFormatVectorVM (105)
[2018.06.13-01.50.02:854][693]LogModuleManager: Shutting down and abandoning module ShaderFormatOpenGL (103)
[2018.06.13-01.50.02:854][693]LogModuleManager: Shutting down and abandoning module ShaderFormatD3D (101)
[2018.06.13-01.50.02:854][693]LogModuleManager: Shutting down and abandoning module MetalShaderFormat (99)
[2018.06.13-01.50.02:854][693]LogModuleManager: Shutting down and abandoning module TextureFormatUncompressed (97)
[2018.06.13-01.50.02:854][693]LogModuleManager: Shutting down and abandoning module TextureFormatPVR (95)
[2018.06.13-01.50.02:854][693]LogModuleManager: Shutting down and abandoning module TextureFormatDXT (93)
[2018.06.13-01.50.02:854][693]LogModuleManager: Shutting down and abandoning module TextureFormatIntelISPCTexComp (91)
[2018.06.13-01.50.02:854][693]LogModuleManager: Shutting down and abandoning module TextureFormatASTC (89)
[2018.06.13-01.50.02:854][693]LogModuleManager: Shutting down and abandoning module ImageWrapper (88)
[2018.06.13-01.50.02:854][693]LogModuleManager: Shutting down and abandoning module TextureFormatAndroid (85)
[2018.06.13-01.50.02:854][693]LogModuleManager: Shutting down and abandoning module AudioFormatOpus (83)
[2018.06.13-01.50.02:854][693]LogModuleManager: Shutting down and abandoning module AudioFormatOgg (81)
[2018.06.13-01.50.02:854][693]LogModuleManager: Shutting down and abandoning module AudioFormatADPCM (79)
[2018.06.13-01.50.02:854][693]LogModuleManager: Shutting down and abandoning module WindowsTargetPlatform (77)
[2018.06.13-01.50.02:854][693]LogModuleManager: Shutting down and abandoning module WindowsServerTargetPlatform (75)
[2018.06.13-01.50.02:854][693]LogModuleManager: Shutting down and abandoning module WindowsNoEditorTargetPlatform (73)
[2018.06.13-01.50.02:854][693]LogModuleManager: Shutting down and abandoning module WindowsClientTargetPlatform (71)
[2018.06.13-01.50.02:855][693]LogModuleManager: Shutting down and abandoning module InputCore (68)
[2018.06.13-01.50.02:855][693]LogModuleManager: Shutting down and abandoning module Settings (66)
[2018.06.13-01.50.02:855][693]LogModuleManager: Shutting down and abandoning module PhysXCooking (64)
[2018.06.13-01.50.02:855][693]LogModuleManager: Shutting down and abandoning module SteamVR (62)
[2018.06.13-01.50.02:855][693]LogModuleManager: Shutting down and abandoning module OculusHMD (60)
[2018.06.13-01.50.02:855][693]LogModuleManager: Shutting down and abandoning module ExampleDeviceProfileSelector (58)
[2018.06.13-01.50.02:855][693]LogModuleManager: Shutting down and abandoning module AppleARKit (56)
[2018.06.13-01.50.02:855][693]LogModuleManager: Shutting down and abandoning module AugmentedReality (55)
[2018.06.13-01.50.02:855][693]LogModuleManager: Shutting down and abandoning module OnlineBlueprintSupport (52)
[2018.06.13-01.50.02:855][693]LogModuleManager: Shutting down and abandoning module OnlineSubsystem (48)
[2018.06.13-01.50.02:855][693]LogOnline: Display: STEAM: OnlineSubsystemSteam::Shutdown()
[2018.06.13-01.50.02:855][693]LogOnline: Display: OSS: FOnlineAsyncTaskManager::Stop() ActiveTask:0000000000000000 Tasks[0/0]
[2018.06.13-01.50.02:876][693]LogOnline: Display: OSS: FOnlineAsyncTaskManager::Exit() started
[2018.06.13-01.50.02:876][693]LogOnline: Display: OSS: FOnlineAsyncTaskManager::Exit() finished
[2018.06.13-01.50.02:876][693]LogOnline: Display: STEAM: OnlineSubsystemSteam::Shutdown()
[2018.06.13-01.50.02:876][693]LogModuleManager: Shutting down and abandoning module XMPP (43)
[2018.06.13-01.50.02:876][693]LogModuleManager: Shutting down and abandoning module HTTP (41)
[2018.06.13-01.50.02:900][693]LogModuleManager: Shutting down and abandoning module SSL (40)
[2018.06.13-01.50.02:901][693]LogModuleManager: Shutting down and abandoning module AnimationModifiers (36)
[2018.06.13-01.50.02:901][693]LogModuleManager: Shutting down and abandoning module PropertyEditor (35)
[2018.06.13-01.50.02:902][693]LogModuleManager: Shutting down and abandoning module AudioEditor (32)
[2018.06.13-01.50.02:902][693]LogModuleManager: Shutting down and abandoning module TextureCompressor (30)
[2018.06.13-01.50.02:902][693]LogModuleManager: Shutting down and abandoning module ShaderCore (28)
[2018.06.13-01.50.02:902][693]LogModuleManager: Shutting down and abandoning module Landscape (26)
[2018.06.13-01.50.02:902][693]LogModuleManager: Shutting down and abandoning module SlateRHIRenderer (24)
[2018.06.13-01.50.02:902][693]LogModuleManager: Shutting down and abandoning module OpenGLDrv (22)
[2018.06.13-01.50.02:902][693]LogModuleManager: Shutting down and abandoning module D3D11RHI (20)
[2018.06.13-01.50.02:902][693]LogModuleManager: Shutting down and abandoning module AnimGraphRuntime (18)
[2018.06.13-01.50.02:902][693]LogModuleManager: Shutting down and abandoning module Renderer (16)
[2018.06.13-01.50.02:902][693]LogModuleManager: Shutting down and abandoning module Engine (14)
[2018.06.13-01.50.02:902][693]LogModuleManager: Shutting down and abandoning module CoreUObject (12)
[2018.06.13-01.50.02:902][693]LogModuleManager: Shutting down and abandoning module NetworkFile (10)
[2018.06.13-01.50.02:902][693]LogModuleManager: Shutting down and abandoning module CookedIterativeFile (8)
[2018.06.13-01.50.02:902][693]LogModuleManager: Shutting down and abandoning module StreamingFile (6)
[2018.06.13-01.50.02:902][693]LogModuleManager: Shutting down and abandoning module SandboxFile (4)
[2018.06.13-01.50.02:902][693]LogModuleManager: Shutting down and abandoning module PakFile (2)
[2018.06.13-01.50.02:915][693]LogExit: Exiting.
[2018.06.13-01.50.02:916][693]Log file closed, 06/12/18 21:50:02
