Log file open, 06/12/18 21:33:02
LogWindows: Failed to load 'aqProf.dll' (GetLastError=126)
LogWindows: File 'aqProf.dll' does not exist
LogWindows: Failed to load 'VtuneApi.dll' (GetLastError=126)
LogWindows: File 'VtuneApi.dll' does not exist
LogWindows: Failed to load 'VtuneApi32e.dll' (GetLastError=126)
LogWindows: File 'VtuneApi32e.dll' does not exist
LogInit: Display: Running engine for game: Quake
LogPlatformFile: Not using cached read wrapper
LogInit: Display: RandInit(1644844258) SRandInit(1644844258).
LogInit: Read version file with build ID '3944462'
LogInit: Overriding engine version to CL 4033788, compatible CL 3944462
LogInit: Registered custom module enumerator with build ID '3944462'
LogTaskGraph: Started task graph with 5 named threads and 23 total threads with 3 sets of task threads.
LogStats: Stats thread started at 0.298495
LogD3D11RHI: Aftermath initialized
LogICUInternationalization: Display: ICU TimeZone Detection - Raw Offset: -5:00, Platform Override: ''
LogModuleManager: Display: Found up-to-date module file ../../../Engine/Plugins/Online/OnlineSubsystemSteam/Binaries/Win64/UE4Editor-OnlineSubsystemSteam.dll (API version 3944462).
LogModuleManager: Display: Found up-to-date module file ../../../Engine/Plugins/Online/OnlineSubsystem/Binaries/Win64/UE4Editor-OnlineSubsystem.dll (API version 3944462).
LogModuleManager: Display: Found up-to-date module file ../../../Engine/Plugins/Online/OnlineSubsystemUtils/Binaries/Win64/UE4Editor-OnlineSubsystemUtils.dll (API version 3944462).
LogModuleManager: Display: Found up-to-date module file ../../../Engine/Plugins/Online/OnlineSubsystemUtils/Binaries/Win64/UE4Editor-OnlineBlueprintSupport.dll (API version 3944462).
LogModuleManager: Display: Found up-to-date module file ../../../Engine/Plugins/2D/Paper2D/Binaries/Win64/UE4Editor-Paper2D.dll (API version 3944462).
LogModuleManager: Display: Found up-to-date module file ../../../Engine/Plugins/2D/Paper2D/Binaries/Win64/UE4Editor-Paper2DEditor.dll (API version 3944462).
LogModuleManager: Display: Found up-to-date module file ../../../Engine/Plugins/2D/Paper2D/Binaries/Win64/UE4Editor-PaperSpriteSheetImporter.dll (API version 3944462).
LogModuleManager: Display: Found up-to-date module file ../../../Engine/Plugins/2D/Paper2D/Binaries/Win64/UE4Editor-PaperTiledImporter.dll (API version 3944462).
LogModuleManager: Display: Found up-to-date module file ../../../Engine/Plugins/2D/Paper2D/Binaries/Win64/UE4Editor-SmartSnapping.dll (API version 3944462).
LogModuleManager: Display: Found up-to-date module file ../../../Engine/Plugins/Blendables/LightPropagationVolume/Binaries/Win64/UE4Editor-LightPropagationVolumeRuntime.dll (API version 3944462).
LogModuleManager: Display: Found up-to-date module file ../../../Engine/Plugins/Blendables/LightPropagationVolume/Binaries/Win64/UE4Editor-LightPropagationVolumeEditor.dll (API version 3944462).
LogModuleManager: Display: Found up-to-date module file ../../../Engine/Plugins/Developer/CLionSourceCodeAccess/Binaries/Win64/UE4Editor-CLionSourceCodeAccess.dll (API version 3944462).
LogModuleManager: Display: Found up-to-date module file ../../../Engine/Plugins/Developer/GitSourceControl/Binaries/Win64/UE4Editor-GitSourceControl.dll (API version 3944462).
LogModuleManager: Display: Found up-to-date module file ../../../Engine/Plugins/Developer/PerforceSourceControl/Binaries/Win64/UE4Editor-PerforceSourceControl.dll (API version 3944462).
LogModuleManager: Display: Found up-to-date module file ../../../Engine/Plugins/Developer/SubversionSourceControl/Binaries/Win64/UE4Editor-SubversionSourceControl.dll (API version 3944462).
LogModuleManager: Display: Found up-to-date module file ../../../Engine/Plugins/Developer/UObjectPlugin/Binaries/Win64/UE4Editor-UObjectPlugin.dll (API version 3944462).
LogModuleManager: Display: Found up-to-date module file ../../../Engine/Plugins/Developer/VisualStudioCodeSourceCodeAccess/Binaries/Win64/UE4Editor-VisualStudioCodeSourceCodeAccess.dll (API version 3944462).
LogModuleManager: Display: Found up-to-date module file ../../../Engine/Plugins/Developer/VisualStudioSourceCodeAccess/Binaries/Win64/UE4Editor-VisualStudioSourceCodeAccess.dll (API version 3944462).
LogModuleManager: Display: Found up-to-date module file ../../../Engine/Plugins/Editor/AssetManagerEditor/Binaries/Win64/UE4Editor-AssetManagerEditor.dll (API version 3944462).
LogModuleManager: Display: Found up-to-date module file ../../../Engine/Plugins/Editor/CryptoKeys/Binaries/Win64/UE4Editor-CryptoKeys.dll (API version 3944462).
LogModuleManager: Display: Found up-to-date module file ../../../Engine/Plugins/Editor/CryptoKeys/Binaries/Win64/UE4Editor-CryptoKeysOpenSSL.dll (API version 3944462).
LogModuleManager: Display: Found up-to-date module file ../../../Engine/Plugins/Editor/DataValidation/Binaries/Win64/UE4Editor-DataValidation.dll (API version 3944462).
LogModuleManager: Display: Found up-to-date module file ../../../Engine/Plugins/Editor/FacialAnimation/Binaries/Win64/UE4Editor-FacialAnimation.dll (API version 3944462).
LogModuleManager: Display: Found up-to-date module file ../../../Engine/Plugins/Editor/FacialAnimation/Binaries/Win64/UE4Editor-FacialAnimationEditor.dll (API version 3944462).
LogModuleManager: Display: Found up-to-date module file ../../../Engine/Plugins/Editor/GameplayTagsEditor/Binaries/Win64/UE4Editor-GameplayTagsEditor.dll (API version 3944462).
LogModuleManager: Display: Found up-to-date module file ../../../Engine/Plugins/Editor/MobileLauncherProfileWizard/Binaries/Win64/UE4Editor-MobileLauncherProfileWizard.dll (API version 3944462).
LogModuleManager: Display: Found up-to-date module file ../../../Engine/Plugins/Editor/PluginBrowser/Binaries/Win64/UE4Editor-PluginBrowser.dll (API version 3944462).
LogModuleManager: Display: Found up-to-date module file ../../../Engine/Plugins/Editor/SpeedTreeImporter/Binaries/Win64/UE4Editor-SpeedTreeImporter.dll (API version 3944462).
LogModuleManager: Display: Found up-to-date module file ../../../Engine/Plugins/Enterprise/DatasmithContent/Binaries/Win64/UE4Editor-DatasmithContent.dll (API version 3944462).
LogModuleManager: Display: Found up-to-date module file ../../../Engine/Plugins/Experimental/AlembicImporter/Binaries/Win64/UE4Editor-AlembicImporter.dll (API version 3944462).
LogModuleManager: Display: Found up-to-date module file ../../../Engine/Plugins/Experimental/AlembicImporter/Binaries/Win64/UE4Editor-AlembicLibrary.dll (API version 3944462).
LogModuleManager: Display: Found up-to-date module file ../../../Engine/Plugins/Experimental/CharacterAI/Binaries/Win64/UE4Editor-CharacterAI.dll (API version 3944462).
LogModuleManager: Display: Found up-to-date module file ../../../Engine/Plugins/Experimental/HTML5Networking/Binaries/Win64/UE4Editor-HTML5Networking.dll (API version 3944462).
LogModuleManager: Display: Found up-to-date module file ../../../Engine/Plugins/Media/AndroidMedia/Binaries/Win64/UE4Editor-AndroidMediaEditor.dll (API version 3944462).
LogModuleManager: Display: Found up-to-date module file ../../../Engine/Plugins/Media/AndroidMedia/Binaries/Win64/UE4Editor-AndroidMediaFactory.dll (API version 3944462).
LogModuleManager: Display: Found up-to-date module file ../../../Engine/Plugins/Media/AvfMedia/Binaries/Win64/UE4Editor-AvfMediaEditor.dll (API version 3944462).
LogModuleManager: Display: Found up-to-date module file ../../../Engine/Plugins/Media/AvfMedia/Binaries/Win64/UE4Editor-AvfMediaFactory.dll (API version 3944462).
LogModuleManager: Display: Found up-to-date module file ../../../Engine/Plugins/Media/AvfMedia/Binaries/Win64/UE4Editor-AvfMediaFactory.dll (API version 3944462).
LogModuleManager: Display: Found up-to-date module file ../../../Engine/Plugins/Media/ImgMedia/Binaries/Win64/UE4Editor-ImgMedia.dll (API version 3944462).
LogModuleManager: Display: Found up-to-date module file ../../../Engine/Plugins/Media/ImgMedia/Binaries/Win64/UE4Editor-ImgMediaEditor.dll (API version 3944462).
LogModuleManager: Display: Found up-to-date module file ../../../Engine/Plugins/Media/ImgMedia/Binaries/Win64/UE4Editor-ImgMediaFactory.dll (API version 3944462).
LogModuleManager: Display: Found up-to-date module file ../../../Engine/Plugins/Media/ImgMedia/Binaries/Win64/UE4Editor-ImgMediaFactory.dll (API version 3944462).
LogModuleManager: Display: Found up-to-date module file ../../../Engine/Plugins/Media/ImgMedia/Binaries/Win64/UE4Editor-OpenExrWrapper.dll (API version 3944462).
LogModuleManager: Display: Found up-to-date module file ../../../Engine/Plugins/Media/LinearTimecode/Binaries/Win64/UE4Editor-LinearTimecode.dll (API version 3944462).
LogModuleManager: Display: Found up-to-date module file ../../../Engine/Plugins/Media/MediaCompositing/Binaries/Win64/UE4Editor-MediaCompositing.dll (API version 3944462).
LogModuleManager: Display: Found up-to-date module file ../../../Engine/Plugins/Media/MediaCompositing/Binaries/Win64/UE4Editor-MediaCompositingEditor.dll (API version 3944462).
LogModuleManager: Display: Found up-to-date module file ../../../Engine/Plugins/Media/MediaPlayerEditor/Binaries/Win64/UE4Editor-MediaPlayerEditor.dll (API version 3944462).
LogModuleManager: Display: Found up-to-date module file ../../../Engine/Plugins/Media/WmfMedia/Binaries/Win64/UE4Editor-WmfMedia.dll (API version 3944462).
LogModuleManager: Display: Found up-to-date module file ../../../Engine/Plugins/Media/WmfMedia/Binaries/Win64/UE4Editor-WmfMediaEditor.dll (API version 3944462).
LogModuleManager: Display: Found up-to-date module file ../../../Engine/Plugins/Media/WmfMedia/Binaries/Win64/UE4Editor-WmfMediaFactory.dll (API version 3944462).
LogModuleManager: Display: Found up-to-date module file ../../../Engine/Plugins/Media/WmfMedia/Binaries/Win64/UE4Editor-WmfMediaFactory.dll (API version 3944462).
LogModuleManager: Display: Found up-to-date module file ../../../Engine/Plugins/Messaging/TcpMessaging/Binaries/Win64/UE4Editor-TcpMessaging.dll (API version 3944462).
LogModuleManager: Display: Found up-to-date module file ../../../Engine/Plugins/Messaging/UdpMessaging/Binaries/Win64/UE4Editor-UdpMessaging.dll (API version 3944462).
LogModuleManager: Display: Found up-to-date module file ../../../Engine/Plugins/MovieScene/ActorSequence/Binaries/Win64/UE4Editor-ActorSequence.dll (API version 3944462).
LogModuleManager: Display: Found up-to-date module file ../../../Engine/Plugins/MovieScene/LevelSequenceEditor/Binaries/Win64/UE4Editor-LevelSequenceEditor.dll (API version 3944462).
LogModuleManager: Display: Found up-to-date module file ../../../Engine/Plugins/MovieScene/MatineeToLevelSequence/Binaries/Win64/UE4Editor-MatineeToLevelSequence.dll (API version 3944462).
LogModuleManager: Display: Found up-to-date module file ../../../Engine/Plugins/NetcodeUnitTest/NetcodeUnitTest/Binaries/Win64/UE4Editor-NetcodeUnitTest.dll (API version 3944462).
LogModuleManager: Display: Found up-to-date module file ../../../Engine/Plugins/NetcodeUnitTest/NUTUnrealEngine4/Binaries/Win64/UE4Editor-NUTUnrealEngine4.dll (API version 3944462).
LogModuleManager: Display: Found up-to-date module file ../../../Engine/Plugins/Runtime/AndroidPermission/Binaries/Win64/UE4Editor-AndroidPermission.dll (API version 3944462).
LogModuleManager: Display: Found up-to-date module file ../../../Engine/Plugins/Online/OnlineSubsystemNull/Binaries/Win64/UE4Editor-OnlineSubsystemNull.dll (API version 3944462).
LogModuleManager: Display: Found up-to-date module file ../../../Engine/Plugins/Runtime/AndroidDeviceProfileSelector/Binaries/Win64/UE4Editor-AndroidDeviceProfileSelector.dll (API version 3944462).
LogModuleManager: Display: Found up-to-date module file ../../../Engine/Plugins/Runtime/AppleARKit/Binaries/Win64/UE4Editor-AppleARKit.dll (API version 3944462).
LogModuleManager: Display: Found up-to-date module file ../../../Engine/Plugins/Runtime/ProceduralMeshComponent/Binaries/Win64/UE4Editor-ProceduralMeshComponent.dll (API version 3944462).
LogModuleManager: Display: Found up-to-date module file ../../../Engine/Plugins/Runtime/ProceduralMeshComponent/Binaries/Win64/UE4Editor-ProceduralMeshComponentEditor.dll (API version 3944462).
LogModuleManager: Display: Found up-to-date module file ../../../Engine/Plugins/Animation/LiveLink/Binaries/Win64/UE4Editor-LiveLink.dll (API version 3944462).
LogModuleManager: Display: Found up-to-date module file ../../../Engine/Plugins/Animation/LiveLink/Binaries/Win64/UE4Editor-LiveLinkEditor.dll (API version 3944462).
LogModuleManager: Display: Found up-to-date module file ../../../Engine/Plugins/Runtime/ArchVisCharacter/Binaries/Win64/UE4Editor-ArchVisCharacter.dll (API version 3944462).
LogModuleManager: Display: Found up-to-date module file ../../../Engine/Plugins/Runtime/AudioCapture/Binaries/Win64/UE4Editor-AudioCapture.dll (API version 3944462).
LogModuleManager: Display: Found up-to-date module file ../../../Engine/Plugins/Runtime/AudioCapture/Binaries/Win64/UE4Editor-AudioCaptureEditor.dll (API version 3944462).
LogModuleManager: Display: Found up-to-date module file ../../../Engine/Plugins/Runtime/CableComponent/Binaries/Win64/UE4Editor-CableComponent.dll (API version 3944462).
LogModuleManager: Display: Found up-to-date module file ../../../Engine/Plugins/Runtime/CustomMeshComponent/Binaries/Win64/UE4Editor-CustomMeshComponent.dll (API version 3944462).
LogModuleManager: Display: Found up-to-date module file ../../../Engine/Plugins/Runtime/ExampleDeviceProfileSelector/Binaries/Win64/UE4Editor-ExampleDeviceProfileSelector.dll (API version 3944462).
LogModuleManager: Display: Found up-to-date module file ../../../Engine/Plugins/Runtime/ImmediatePhysics/Binaries/Win64/UE4Editor-ImmediatePhysics.dll (API version 3944462).
LogModuleManager: Display: Found up-to-date module file ../../../Engine/Plugins/Runtime/ImmediatePhysics/Binaries/Win64/UE4Editor-ImmediatePhysicsEditor.dll (API version 3944462).
LogModuleManager: Display: Found up-to-date module file ../../../Engine/Plugins/Runtime/LocationServicesBPLibrary/Binaries/Win64/UE4Editor-LocationServicesBPLibrary.dll (API version 3944462).
LogModuleManager: Display: Found up-to-date module file ../../../Engine/Plugins/Runtime/MobilePatchingUtils/Binaries/Win64/UE4Editor-MobilePatchingUtils.dll (API version 3944462).
LogModuleManager: Display: Found up-to-date module file ../../../Engine/Plugins/Runtime/Oculus/OculusVR/Binaries/Win64/UE4Editor-OculusHMD.dll (API version 3944462).
LogModuleManager: Display: Found up-to-date module file ../../../Engine/Plugins/Runtime/Oculus/OculusVR/Binaries/Win64/UE4Editor-OculusInput.dll (API version 3944462).
LogModuleManager: Display: Found up-to-date module file ../../../Engine/Plugins/Runtime/Oculus/OculusVR/Binaries/Win64/UE4Editor-OculusEditor.dll (API version 3944462).
LogModuleManager: Display: Found up-to-date module file ../../../Engine/Plugins/Runtime/PhysXVehicles/Binaries/Win64/UE4Editor-PhysXVehicles.dll (API version 3944462).
LogModuleManager: Display: Found up-to-date module file ../../../Engine/Plugins/Runtime/PhysXVehicles/Binaries/Win64/UE4Editor-PhysXVehiclesEditor.dll (API version 3944462).
LogModuleManager: Display: Found up-to-date module file ../../../Engine/Plugins/Runtime/RuntimePhysXCooking/Binaries/Win64/UE4Editor-RuntimePhysXCooking.dll (API version 3944462).
LogModuleManager: Display: Found up-to-date module file ../../../Engine/Plugins/Runtime/Steam/SteamVR/Binaries/Win64/UE4Editor-SteamVR.dll (API version 3944462).
LogModuleManager: Display: Found up-to-date module file ../../../Engine/Plugins/Runtime/Steam/SteamVR/Binaries/Win64/UE4Editor-SteamVRController.dll (API version 3944462).
LogModuleManager: Display: Found up-to-date module file ../../../Engine/Plugins/Runtime/WindowsMoviePlayer/Binaries/Win64/UE4Editor-WindowsMoviePlayer.dll (API version 3944462).
LogPluginManager: Mounting plugin Paper2D
LogPluginManager: Mounting plugin LiveLink
LogPluginManager: Mounting plugin LightPropagationVolume
LogPluginManager: Mounting plugin CLionSourceCodeAccess
LogPluginManager: Mounting plugin CodeLiteSourceCodeAccess
LogPluginManager: Mounting plugin GitSourceControl
LogPluginManager: Mounting plugin KDevelopSourceCodeAccess
LogPluginManager: Mounting plugin NullSourceCodeAccess
LogPluginManager: Mounting plugin PerforceSourceControl
LogPluginManager: Mounting plugin SubversionSourceControl
LogPluginManager: Mounting plugin UObjectPlugin
LogPluginManager: Mounting plugin VisualStudioCodeSourceCodeAccess
LogPluginManager: Mounting plugin VisualStudioSourceCodeAccess
LogPluginManager: Mounting plugin XCodeSourceCodeAccess
LogPluginManager: Mounting plugin AssetManagerEditor
LogPluginManager: Mounting plugin CryptoKeys
LogPluginManager: Mounting plugin DataValidation
LogPluginManager: Mounting plugin FacialAnimation
LogPluginManager: Mounting plugin GameplayTagsEditor
LogPluginManager: Mounting plugin MobileLauncherProfileWizard
LogPluginManager: Mounting plugin PluginBrowser
LogPluginManager: Mounting plugin SpeedTreeImporter
LogPluginManager: Mounting plugin DatasmithContent
LogPluginManager: Mounting plugin AlembicImporter
LogPluginManager: Mounting plugin CharacterAI
LogPluginManager: Mounting plugin HTML5Networking
LogPluginManager: Mounting plugin AndroidMedia
LogPluginManager: Mounting plugin AvfMedia
LogPluginManager: Mounting plugin ImgMedia
LogPluginManager: Mounting plugin LinearTimecode
LogPluginManager: Mounting plugin MediaCompositing
LogPluginManager: Mounting plugin MediaPlayerEditor
LogPluginManager: Mounting plugin WmfMedia
LogPluginManager: Mounting plugin TcpMessaging
LogPluginManager: Mounting plugin UdpMessaging
LogPluginManager: Mounting plugin ActorSequence
LogPluginManager: Mounting plugin LevelSequenceEditor
LogPluginManager: Mounting plugin MatineeToLevelSequence
LogPluginManager: Mounting plugin NetcodeUnitTest
LogPluginManager: Mounting plugin NUTUnrealEngine4
LogPluginManager: Mounting plugin OnlineSubsystemGooglePlay
LogPluginManager: Mounting plugin OnlineSubsystemIOS
LogPluginManager: Mounting plugin OnlineSubsystem
LogPluginManager: Mounting plugin OnlineSubsystemNull
LogPluginManager: Mounting plugin OnlineSubsystemSteam
LogPluginManager: Mounting plugin OnlineSubsystemUtils
LogPluginManager: Mounting plugin AndroidDeviceProfileSelector
LogPluginManager: Mounting plugin AndroidMoviePlayer
LogPluginManager: Mounting plugin AndroidPermission
LogPluginManager: Mounting plugin AppleARKit
LogPluginManager: Mounting plugin AppleMoviePlayer
LogPluginManager: Mounting plugin ArchVisCharacter
LogPluginManager: Mounting plugin AudioCapture
LogPluginManager: Mounting plugin CableComponent
LogPluginManager: Mounting plugin CustomMeshComponent
LogPluginManager: Mounting plugin ExampleDeviceProfileSelector
LogPluginManager: Mounting plugin GoogleCloudMessaging
LogPluginManager: Mounting plugin ImmediatePhysics
LogPluginManager: Mounting plugin IOSDeviceProfileSelector
LogPluginManager: Mounting plugin LinuxDeviceProfileSelector
LogPluginManager: Mounting plugin LocationServicesBPLibrary
LogPluginManager: Mounting plugin MobilePatchingUtils
LogPluginManager: Mounting plugin OculusVR
LogPluginManager: Plugin shader directory ../../../Engine/Plugins/Runtime/Oculus/OculusVR/Shaders found
LogPluginManager: Mapping shader source directory ../../../Engine/Plugins/Runtime/Oculus/OculusVR/Shaders to virtual directory /Plugin/OculusVR
LogPluginManager: Mounting plugin PhysXVehicles
LogPluginManager: Mounting plugin ProceduralMeshComponent
LogPluginManager: Mounting plugin RuntimePhysXCooking
LogPluginManager: Mounting plugin SteamVR
LogPluginManager: Mounting plugin WindowsMoviePlayer
LogStreaming: Display: Took  1.132s to configure plugins.
LogInit: Using libcurl 7.47.1
LogInit:  - built for x86_64-pc-win32
LogInit:  - supports SSL with OpenSSL/1.0.2g
LogInit:  - supports HTTP deflate (compression) using libz 1.2.8
LogInit:  - other features:
LogInit:      CURL_VERSION_SSL
LogInit:      CURL_VERSION_LIBZ
LogInit:      CURL_VERSION_IPV6
LogInit:      CURL_VERSION_ASYNCHDNS
LogInit:      CURL_VERSION_LARGEFILE
LogInit:      CURL_VERSION_IDN
LogInit:  CurlRequestOptions (configurable via config and command line):
LogInit:  - bVerifyPeer = false  - Libcurl will NOT verify peer certificate
LogInit:  - bUseHttpProxy = false  - Libcurl will NOT use HTTP proxy
LogInit:  - bDontReuseConnections = false  - Libcurl will reuse connections
LogInit:  - CertBundlePath = nullptr  - Libcurl will use whatever was configured at build time.
LogInit:  - MaxHostConnections = 16  - Libcurl will limit the number of connections to a host
LogInit:  - LocalHostAddr = Default
LogOnline: Display: STEAM: Loading Steam SDK 1.39
LogInit: WinSock: version 1.1 (2.2), MaxSocks=32767, MaxUdp=65467
LogAppleARKit: Warning: Failed to bind to the listen port (76561198061062492:11111) for LiveLink face AR receiving with error (SE_NO_ERROR)
LogHMD: Failed initializing OVRPlugin 1.21.0
LogInit: Build: ++UE4+Release-4.19-CL-4033788
LogInit: Engine Version: 4.19.2-4033788+++UE4+Release-4.19
LogInit: Compatible Engine Version: 4.19.0-3944462+++UE4+Release-4.19
LogInit: Net CL: 3944462
LogDevObjectVersion: Number of dev versions registered: 18
LogDevObjectVersion:   Dev-Blueprints (B0D832E4-1F89-4F0D-ACCF-7EB736FD4AA2): 10
LogDevObjectVersion:   Dev-Build (E1C64328-A22C-4D53-A36C-8E866417BD8C): 0
LogDevObjectVersion:   Dev-Core (375EC13C-06E4-48FB-B500-84F0262A717E): 2
LogDevObjectVersion:   Dev-Editor (E4B068ED-F494-42E9-A231-DA0B2E46BB41): 23
LogDevObjectVersion:   Dev-Framework (CFFC743F-43B0-4480-9391-14DF171D2073): 33
LogDevObjectVersion:   Dev-Mobile (B02B49B5-BB20-44E9-A304-32B752E40360): 2
LogDevObjectVersion:   Dev-Networking (A4E4105C-59A1-49B5-A7C5-40C4547EDFEE): 0
LogDevObjectVersion:   Dev-Online (39C831C9-5AE6-47DC-9A44-9C173E1C8E7C): 0
LogDevObjectVersion:   Dev-Physics (78F01B33-EBEA-4F98-B9B4-84EACCB95AA2): 0
LogDevObjectVersion:   Dev-Platform (6631380F-2D4D-43E0-8009-CF276956A95A): 0
LogDevObjectVersion:   Dev-Rendering (12F88B9F-8875-4AFC-A67C-D90C383ABD29): 25
LogDevObjectVersion:   Dev-Sequencer (7B5AE74C-D270-4C10-A958-57980B212A5A): 6
LogDevObjectVersion:   Dev-VR (D7296918-1DD6-4BDD-9DE2-64A83CC13884): 1
LogDevObjectVersion:   Dev-LoadTimes (C2A15278-BFE7-4AFE-6C17-90FF531DF755): 1
LogDevObjectVersion:   Private-Geometry (6EACA3D4-40EC-4CC1-B786-8BED09428FC5): 2
LogDevObjectVersion:   Dev-AnimPhys (29E575DD-E0A3-4627-9D10-D276232CDCEA): 16
LogDevObjectVersion:   Dev-ReflectionCapture (6B266CEC-1EC7-4B8F-A30B-E4D90942FC07): 1
LogDevObjectVersion:   Dev-Automation (0DF73D61-A23F-47EA-B727-89E90C41499A): 1
LogInit: Compiled (64-bit): Apr 27 2018 02:06:57
LogInit: Compiled with Visual C++: 19.00.24215.01
LogInit: Build Configuration: Development
LogInit: Branch Name: ++UE4+Release-4.19
LogInit: Command Line:  /Game/Maps/MainMenu -game -PIEVIACONSOLE -ResX=1280 -ResY=720  -Multiprocess -messaging -SessionName="Play in Standalone Game" -windowed 
LogInit: Base Directory: C:/Program Files/Epic Games/UE_4.19/Engine/Binaries/Win64/
LogInit: Installed Engine Build: 1
LogStreaming: Display: Took  0.004s to delete old logs.
LogInit: Presizing for max 8388607 objects, including 0 objects not considered by GC, pre-allocating 0 bytes for permanent pool.
LogInit: Object subsystem initialized
[2018.06.13-01.33.04:730][  0]LogInit: Selected Device Profile: [Windows]
[2018.06.13-01.33.04:730][  0]LogInit: Applying CVar settings loaded from the selected device profile: [Windows]
[2018.06.13-01.33.04:735][  0]LogInit: Computer: ROBS-BLADE
[2018.06.13-01.33.04:735][  0]LogInit: User: RobsBlade
[2018.06.13-01.33.04:735][  0]LogInit: CPU Page size=4096, Cores=4
[2018.06.13-01.33.04:735][  0]LogInit: High frequency timer resolution =2.531247 MHz
[2018.06.13-01.33.04:736][  0]LogMemory: Memory total: Physical=15.9GB (16GB approx)
[2018.06.13-01.33.04:736][  0]LogMemory: Platform Memory Stats for Windows
[2018.06.13-01.33.04:736][  0]LogMemory: Process Physical Memory: 306.26 MB used, 306.26 MB peak
[2018.06.13-01.33.04:736][  0]LogMemory: Process Virtual Memory: 276.92 MB used, 276.92 MB peak
[2018.06.13-01.33.04:736][  0]LogMemory: Physical Memory: 8163.35 MB used,  8112.82 MB free, 16276.17 MB total
[2018.06.13-01.33.04:736][  0]LogMemory: Virtual Memory: 4941.77 MB used,  8112.82 MB free, 134217728.00 MB total
[2018.06.13-01.33.04:767][  0]LogInit: Using OS detected language (en-US).
[2018.06.13-01.33.04:767][  0]LogInit: Using OS detected locale (en-US).
[2018.06.13-01.33.04:768][  0]LogTextLocalizationManager: No localization for 'en-US' exists, so 'en' will be used for the language.
[2018.06.13-01.33.04:768][  0]LogTextLocalizationManager: No localization for 'en-US' exists, so 'en' will be used for the locale.
[2018.06.13-01.33.05:275][  0]LogStreaming: Display: Took  0.508s to EndInitTextLocalization.
[2018.06.13-01.33.05:319][  0]LogSlate: New Slate User Created.  User Index 0, Is Virtual User: 0
[2018.06.13-01.33.05:319][  0]LogSlate: Slate User Registered.  User Index 0, Is Virtual User: 0
[2018.06.13-01.33.05:342][  0]LogD3D11RHI: D3D11 adapters:
[2018.06.13-01.33.05:402][  0]LogD3D11RHI:    0. 'NVIDIA GeForce GTX 1060' (Feature Level 11_0)
[2018.06.13-01.33.05:402][  0]LogD3D11RHI:       6052/0/8138 MB DedicatedVideo/DedicatedSystem/SharedSystem, Outputs:1, VendorId:0x10de
[2018.06.13-01.33.05:420][  0]LogD3D11RHI:    1. 'Intel(R) HD Graphics 530' (Feature Level 11_0)
[2018.06.13-01.33.05:420][  0]LogD3D11RHI:       128/0/8138 MB DedicatedVideo/DedicatedSystem/SharedSystem, Outputs:0, VendorId:0x8086
[2018.06.13-01.33.05:424][  0]LogD3D11RHI:    2. 'Microsoft Basic Render Driver' (Feature Level 11_0)
[2018.06.13-01.33.05:424][  0]LogD3D11RHI:       0/0/8138 MB DedicatedVideo/DedicatedSystem/SharedSystem, Outputs:0, VendorId:0x1414
[2018.06.13-01.33.05:424][  0]LogD3D11RHI: Chosen D3D11 Adapter: 0
[2018.06.13-01.33.05:450][  0]LogD3D11RHI: Creating new Direct3DDevice
[2018.06.13-01.33.05:451][  0]LogD3D11RHI:     GPU DeviceId: 0x1c20 (for the marketing name, search the web for "GPU Device Id")
[2018.06.13-01.33.05:451][  0]LogWindows: EnumDisplayDevices:
[2018.06.13-01.33.05:451][  0]LogWindows:    0. 'Intel(R) HD Graphics 530' (P:1 D:1)
[2018.06.13-01.33.05:451][  0]LogWindows:    1. 'Intel(R) HD Graphics 530' (P:0 D:0)
[2018.06.13-01.33.05:451][  0]LogWindows:    2. 'Intel(R) HD Graphics 530' (P:0 D:0)
[2018.06.13-01.33.05:451][  0]LogWindows:    3. 'NVIDIA GeForce GTX 1060' (P:0 D:0)
[2018.06.13-01.33.05:451][  0]LogWindows: DebugString: GetVideoDriverDetailsInvalid PrimaryIsNotTheChoosenAdapter GetVideoDriverDetailsInvalid PrimaryIsNotTheChoosenAdapter GetVideoDriverDetailsInvalid PrimaryIsNotTheChoosenAdapter GetVideoDriverDetailsInvalid PrimaryIsNotTheChoosenAdapter FoundDriverCount:0 
[2018.06.13-01.33.05:451][  0]LogD3D11RHI:     Adapter Name: NVIDIA GeForce GTX 1060
[2018.06.13-01.33.05:451][  0]LogD3D11RHI:   Driver Version: Unknown (internal:Unknown, unified:Unknown)
[2018.06.13-01.33.05:451][  0]LogD3D11RHI:      Driver Date: Unknown
[2018.06.13-01.33.05:451][  0]LogRHI: Texture pool is 4236 MB (70% of 6052 MB)
[2018.06.13-01.33.05:497][  0]LogD3D11RHI: [Aftermath] Aftermath enabled and primed
[2018.06.13-01.33.05:497][  0]LogD3D11RHI: [Aftermath] Aftermath enabled and primed
[2018.06.13-01.33.05:497][  0]LogD3D11RHI: Async texture creation enabled
[2018.06.13-01.33.05:519][  0]LogD3D11RHI: GPU Timing Frequency: 1000.000000 (Debug: 2 2)
[2018.06.13-01.33.05:520][  0]LogShaderCompilers: Guid format shader working directory is -15 characters bigger than the processId version (../../../../../../Users/Rob's Blade/Documents/Unreal Projects/Quake/Intermediate/Shaders/WorkingDirectory/1468/).
[2018.06.13-01.33.05:520][  0]LogShaderCompilers: Cleaned the shader compiler working directory 'C:/Users/Rob's Blade/AppData/Local/Temp/UnrealShaderWorkingDir/C671CF8D41466C0EC40FECBDD4FCD852/'.
[2018.06.13-01.33.05:793][  0]LogTemp: Display: Loaded TP WindowsClientTargetPlatform
[2018.06.13-01.33.05:809][  0]LogTemp: Display: Loaded TP WindowsNoEditorTargetPlatform
[2018.06.13-01.33.05:824][  0]LogTemp: Display: Loaded TP WindowsServerTargetPlatform
[2018.06.13-01.33.05:843][  0]LogTemp: Display: Loaded TP WindowsTargetPlatform
[2018.06.13-01.33.05:843][  0]LogTargetPlatformManager: Display: Building Assets For Windows
[2018.06.13-01.33.05:992][  0]LogXGEController: Cannot use XGE Controller as Incredibuild is not installed on this machine.
[2018.06.13-01.33.05:992][  0]LogShaderCompilers: Cannot use XGE Shader Compiler as Incredibuild is not installed on this machine.
[2018.06.13-01.33.05:992][  0]LogShaderCompilers: Display: Using Local Shader Compiler.
[2018.06.13-01.33.06:847][  0]LogDerivedDataCache: Display: Max Cache Size: 512 MB
[2018.06.13-01.33.06:927][  0]LogDerivedDataCache: Loaded boot cache 0.08s 74MB C:/Users/Rob's Blade/AppData/Local/UnrealEngine/4.19/DerivedDataCache/Boot.ddc.
[2018.06.13-01.33.06:927][  0]LogDerivedDataCache: Display: Loaded Boot cache: C:/Users/Rob's Blade/AppData/Local/UnrealEngine/4.19/DerivedDataCache/Boot.ddc
[2018.06.13-01.33.06:927][  0]LogDerivedDataCache: FDerivedDataBackendGraph:  Pak pak cache file ../../../../../../Users/Rob's Blade/Documents/Unreal Projects/Quake/DerivedDataCache/DDC.ddp not found, will not use a pak cache.
[2018.06.13-01.33.06:927][  0]LogDerivedDataCache: Unable to find inner node Pak for hierarchical cache Hierarchy.
[2018.06.13-01.33.06:927][  0]LogDerivedDataCache: FDerivedDataBackendGraph:  CompressedPak pak cache file ../../../../../../Users/Rob's Blade/Documents/Unreal Projects/Quake/DerivedDataCache/Compressed.ddp not found, will not use a pak cache.
[2018.06.13-01.33.06:927][  0]LogDerivedDataCache: Unable to find inner node CompressedPak for hierarchical cache Hierarchy.
[2018.06.13-01.33.06:945][  0]LogDerivedDataCache: Display: Pak cache opened for reading ../../../Engine/DerivedDataCache/Compressed.ddp.
[2018.06.13-01.33.06:957][  0]LogDerivedDataCache: Using Local data cache path C:/Users/Rob's Blade/AppData/Local/UnrealEngine/Common/DerivedDataCache: Writable
[2018.06.13-01.33.06:957][  0]LogDerivedDataCache: Shared data cache path not found in *engine.ini, will not use an Shared cache.
[2018.06.13-01.33.06:957][  0]LogDerivedDataCache: Unable to find inner node Shared for hierarchical cache Hierarchy.
[2018.06.13-01.33.06:969][  0]LogMaterial: Verifying Global Shaders for PCD3D_SM5
[2018.06.13-01.33.06:970][  0]LogSlate: Using Freetype 2.6.0
[2018.06.13-01.33.06:970][  0]LogSlate: SlateFontCache - WITH_FREETYPE: 1, WITH_HARFBUZZ: 1
[2018.06.13-01.33.06:970][  0]LogSlate: SlateFontCache - WITH_FREETYPE: 1, WITH_HARFBUZZ: 1
[2018.06.13-01.33.07:205][  0]LogAssetRegistry: FAssetRegistry took 0.0054 seconds to start up
[2018.06.13-01.33.07:434][  0]LogPackageLocalizationCache: Processed 9 localized package path(s) for 1 prioritized culture(s) in 0.014744 seconds
[2018.06.13-01.33.07:554][  0]LogInit: Selected Device Profile: [Windows]
[2018.06.13-01.33.07:722][  0]LogSimplygon: Simplygon DLL not present - disabling.
[2018.06.13-01.33.07:726][  0]LogMeshReduction: Using SimplygonSwarm for distributed automatic mesh merging
[2018.06.13-01.33.07:726][  0]LogMeshReduction: Using QuadricMeshReduction for automatic static mesh reduction
[2018.06.13-01.33.07:726][  0]LogMeshReduction: No automatic skeletal mesh reduction module available
[2018.06.13-01.33.07:726][  0]LogMeshReduction: No automatic mesh merging module available
[2018.06.13-01.33.07:726][  0]LogMeshMerging: No automatic mesh merging module available
[2018.06.13-01.33.07:764][  0]LogNetVersion: Quake , NetCL: 3944462, EngineNetVer: 2, GameNetVer: 0 (Checksum: 1851811319)
[2018.06.13-01.33.08:562][  0]LogMoviePlayer: Initializing movie player
[2018.06.13-01.33.09:018][  0]LogTcpMessaging: Initializing TcpMessaging bridge
[2018.06.13-01.33.09:054][  0]LogUdpMessaging: Initializing bridge on interface 0.0.0.0:0 to multicast group 230.0.0.1:6666.
[2018.06.13-01.33.09:315][  0]SourceControl: Source control is disabled
[2018.06.13-01.33.09:315][  0]SourceControl: Source control is disabled
[2018.06.13-01.33.09:339][  0]SourceControl: Source control is disabled
[2018.06.13-01.33.09:779][  0]LogAndroidPermission: UAndroidPermissionCallbackProxy::GetInstance
[2018.06.13-01.33.09:977][  0]LogOcInput: OculusInput pre-init called
[2018.06.13-01.33.10:028][  0]LogUObjectArray: 40131 objects as part of root set at end of initial load.
[2018.06.13-01.33.10:029][  0]LogUObjectAllocator: 8578472 out of 0 bytes used by permanent object pool.
[2018.06.13-01.33.10:029][  0]LogUObjectArray: CloseDisregardForGC: 0/0 objects in disregard for GC pool
[2018.06.13-01.33.10:087][  0]LogEngine: Initializing Engine...
[2018.06.13-01.33.10:090][  0]LogHMD: Failed to initialize OpenVR with code 110
[2018.06.13-01.33.10:102][  0]LogStats: UGameplayTagsManager::ConstructGameplayTagTree: Construct from data asset -  0.000 s
[2018.06.13-01.33.10:102][  0]LogStats: UGameplayTagsManager::ConstructGameplayTagTree: GameplayTagTreeChangedEvent.Broadcast -  0.000 s
[2018.06.13-01.33.10:311][  0]LogInit: XAudio2 using 'Speakers (Realtek High Definition Audio)' : 2 channels at 48 kHz using 32 bits per sample (channel mask 0x3)
[2018.06.13-01.33.10:332][  0]LogInit: FAudioDevice initialized.
[2018.06.13-01.33.10:350][  0]LogInit: Texture streaming: Enabled
[2018.06.13-01.33.10:527][  0]LogUObjectGlobals: Created PersistentFrame Addr=0x000001d87fac3380, Size=536, Default__GameInfoInstance_C Function /Game/Blueprints/AllLevels/GameInfoInstance.GameInfoInstance_C:ExecuteUbergraph_GameInfoInstance
[2018.06.13-01.33.10:537][  0]LogUObjectGlobals: Created PersistentFrame Addr=0x000001d87facf240, Size=312, Default__PlayerControllerGM_C Function /Game/Blueprints/Gameplay/PlayerControllerGM.PlayerControllerGM_C:ExecuteUbergraph_PlayerControllerGM
[2018.06.13-01.33.10:541][  0]LogUObjectGlobals: Created PersistentFrame Addr=0x000001d87facefc0, Size=304, Default__GameplayGM_C Function /Game/Blueprints/Gameplay/GameplayGM.GameplayGM_C:ExecuteUbergraph_GameplayGM
[2018.06.13-01.33.10:551][  0]LogUObjectGlobals: Created PersistentFrame Addr=0x000001d87fa96e00, Size=752, Default__LobbyGM_C Function /Game/Blueprints/Lobby/LobbyGM.LobbyGM_C:ExecuteUbergraph_LobbyGM
[2018.06.13-01.33.10:553][  0]LogUObjectGlobals: Created PersistentFrame Addr=0x000001d87fa96800, Size=688, Default__0_Base_C Function /Game/Blueprints/Characters/0_Base.0_Base_C:ExecuteUbergraph_0_Base
[2018.06.13-01.33.10:557][  0]LogUObjectGlobals: Created PersistentFrame Addr=0x000001d86d9acf00, Size=256, Default__FirstPersonProjectile_C Function /Game/FirstPersonBP/Blueprints/FirstPersonProjectile.FirstPersonProjectile_C:ExecuteUbergraph_FirstPersonProjectile
[2018.06.13-01.33.10:569][  0]LogUObjectGlobals: Created PersistentFrame Addr=0x000001d87fa7de90, Size=72, Default__FirstPerson_AnimBP_C Function /Game/FirstPerson/Animations/FirstPerson_AnimBP.FirstPerson_AnimBP_C:ExecuteUbergraph_FirstPerson_AnimBP
[2018.06.13-01.33.10:615][  0]LogUObjectGlobals: Created PersistentFrame Addr=0x000001d802a68b80, Size=880, Default__LobbyPC_C Function /Game/Blueprints/Lobby/LobbyPC.LobbyPC_C:ExecuteUbergraph_LobbyPC
[2018.06.13-01.33.10:625][  0]LogUObjectGlobals: Created PersistentFrame Addr=0x000001d87fa2aac0, Size=320, Default__LobbyMenu_C Function /Game/UI/Lobby/LobbyMenu.LobbyMenu_C:ExecuteUbergraph_LobbyMenu
[2018.06.13-01.33.10:634][  0]LogUObjectGlobals: Created PersistentFrame Addr=0x000001d8131bb280, Size=328, Default__ChatWindow_C Function /Game/UI/AllLevels/ChatWindow.ChatWindow_C:ExecuteUbergraph_ChatWindow
[2018.06.13-01.33.10:645][  0]LogUObjectGlobals: Created PersistentFrame Addr=0x000001d8131b6a70, Size=80, Default__CharacterSelect_C Function /Game/UI/Lobby/CharacterSelect.CharacterSelect_C:ExecuteUbergraph_CharacterSelect
[2018.06.13-01.33.10:648][  0]LogUObjectGlobals: Created PersistentFrame Addr=0x000001d8131b67a0, Size=80, Default__HostMenu_C Function /Game/UI/MainMenu/HostMenu.HostMenu_C:ExecuteUbergraph_HostMenu
[2018.06.13-01.33.10:652][  0]LogUObjectGlobals: Created PersistentFrame Addr=0x000001d87f9efba0, Size=40, Default__MainMenu_C Function /Game/UI/MainMenu/MainMenu.MainMenu_C:ExecuteUbergraph_MainMenu
[2018.06.13-01.33.10:656][  0]LogUObjectGlobals: Created PersistentFrame Addr=0x000001d8029e4870, Size=104, Default__OptionsMenu_C Function /Game/UI/MainMenu/OptionsMenu.OptionsMenu_C:ExecuteUbergraph_OptionsMenu
[2018.06.13-01.33.10:666][  0]LogUObjectGlobals: Created PersistentFrame Addr=0x000001d8131bdf80, Size=608, Default__ServerMenu_C Function /Game/UI/MainMenu/ServerMenu.ServerMenu_C:ExecuteUbergraph_ServerMenu
[2018.06.13-01.33.10:703][  0]LogUObjectGlobals: Created PersistentFrame Addr=0x000001d80dcf44c0, Size=192, Default__GameSettings_C Function /Game/UI/Lobby/GameSettings.GameSettings_C:ExecuteUbergraph_GameSettings
[2018.06.13-01.33.10:705][  0]LogUObjectGlobals: Created PersistentFrame Addr=0x000001d87f940e00, Size=32, Default__PlayerButton_C Function /Game/UI/Lobby/PlayerButton.PlayerButton_C:ExecuteUbergraph_PlayerButton
[2018.06.13-01.33.10:742][  0]LogUObjectGlobals: Created PersistentFrame Addr=0x000001d812d93cc8, Size=4, Default__ConnectedPlayer_C Function /Game/UI/Lobby/ConnectedPlayer.ConnectedPlayer_C:ExecuteUbergraph_ConnectedPlayer
[2018.06.13-01.33.10:761][  0]LogUObjectGlobals: Created PersistentFrame Addr=0x000001d812d2ab00, Size=688, Default__Character1_C Function /Game/Blueprints/Characters/Character1.Character1_C:ExecuteUbergraph_Character1
[2018.06.13-01.33.10:772][  0]LogUObjectGlobals: Created PersistentFrame Addr=0x000001d812d2a800, Size=688, Default__Character2_C Function /Game/Blueprints/Characters/Character2.Character2_C:ExecuteUbergraph_Character2
[2018.06.13-01.33.10:785][  0]LogUObjectGlobals: Created PersistentFrame Addr=0x000001d812d28a00, Size=688, Default__Character3_C Function /Game/Blueprints/Characters/Character3.Character3_C:ExecuteUbergraph_Character3
[2018.06.13-01.33.10:796][  0]LogUObjectGlobals: Created PersistentFrame Addr=0x000001d812916b00, Size=688, Default__Character4_C Function /Game/Blueprints/Characters/Character4.Character4_C:ExecuteUbergraph_Character4
[2018.06.13-01.33.10:808][  0]LogUObjectGlobals: Created PersistentFrame Addr=0x000001d812916800, Size=688, Default__Character5_C Function /Game/Blueprints/Characters/Character5.Character5_C:ExecuteUbergraph_Character5
[2018.06.13-01.33.10:821][  0]LogUObjectGlobals: Created PersistentFrame Addr=0x000001d812915600, Size=688, Default__Character6_C Function /Game/Blueprints/Characters/Character6.Character6_C:ExecuteUbergraph_Character6
[2018.06.13-01.33.10:834][  0]LogUObjectGlobals: Created PersistentFrame Addr=0x000001d80122b700, Size=688, Default__Character7_C Function /Game/Blueprints/Characters/Character7.Character7_C:ExecuteUbergraph_Character7
[2018.06.13-01.33.10:845][  0]LogUObjectGlobals: Created PersistentFrame Addr=0x000001d80122a800, Size=688, Default__Character8_C Function /Game/Blueprints/Characters/Character8.Character8_C:ExecuteUbergraph_Character8
[2018.06.13-01.33.10:962][  0]LogUObjectGlobals: Destroyed PersistentFrame Addr=0x000001d87fa7de90, Size=72
[2018.06.13-01.33.10:963][  0]LogUObjectGlobals: Created PersistentFrame Addr=0x000001d8017946d0, Size=72, Default__FirstPerson_AnimBP_C Function /Engine/Transient.REINST_FirstPerson_AnimBP_C_0:ExecuteUbergraph_FirstPerson_AnimBP
[2018.06.13-01.33.10:964][  0]LogUObjectGlobals: Destroyed PersistentFrame Addr=0x000001d86d9acf00, Size=256
[2018.06.13-01.33.10:964][  0]LogUObjectGlobals: Created PersistentFrame Addr=0x000001d80171bf00, Size=256, Default__FirstPersonProjectile_C Function /Engine/Transient.REINST_FirstPersonProjectile_C_3:ExecuteUbergraph_FirstPersonProjectile
[2018.06.13-01.33.10:965][  0]LogUObjectGlobals: Destroyed PersistentFrame Addr=0x000001d87fac3380, Size=536
[2018.06.13-01.33.10:965][  0]LogUObjectGlobals: Created PersistentFrame Addr=0x000001d8017c4b80, Size=536, Default__GameInfoInstance_C Function /Engine/Transient.REINST_GameInfoInstance_C_4:ExecuteUbergraph_GameInfoInstance
[2018.06.13-01.33.10:965][  0]LogUObjectGlobals: Destroyed PersistentFrame Addr=0x000001d87fa96800, Size=688
[2018.06.13-01.33.10:965][  0]LogUObjectGlobals: Created PersistentFrame Addr=0x000001d8014afd00, Size=688, Default__0_Base_C Function /Engine/Transient.REINST_0_Base_C_6:ExecuteUbergraph_0_Base
[2018.06.13-01.33.10:966][  0]LogUObjectGlobals: Destroyed PersistentFrame Addr=0x000001d812d2ab00, Size=688
[2018.06.13-01.33.10:966][  0]LogUObjectGlobals: Created PersistentFrame Addr=0x000001d8014aee00, Size=688, Default__Character1_C Function /Engine/Transient.REINST_Character1_C_7:ExecuteUbergraph_Character1
[2018.06.13-01.33.10:967][  0]LogUObjectGlobals: Destroyed PersistentFrame Addr=0x000001d812d2a800, Size=688
[2018.06.13-01.33.10:967][  0]LogUObjectGlobals: Created PersistentFrame Addr=0x000001d8014adf00, Size=688, Default__Character2_C Function /Engine/Transient.REINST_Character2_C_8:ExecuteUbergraph_Character2
[2018.06.13-01.33.10:967][  0]LogUObjectGlobals: Destroyed PersistentFrame Addr=0x000001d812d28a00, Size=688
[2018.06.13-01.33.10:967][  0]LogUObjectGlobals: Created PersistentFrame Addr=0x000001d8014ac100, Size=688, Default__Character3_C Function /Engine/Transient.REINST_Character3_C_9:ExecuteUbergraph_Character3
[2018.06.13-01.33.10:968][  0]LogUObjectGlobals: Destroyed PersistentFrame Addr=0x000001d812916b00, Size=688
[2018.06.13-01.33.10:968][  0]LogUObjectGlobals: Created PersistentFrame Addr=0x000001d805585f00, Size=688, Default__Character4_C Function /Engine/Transient.REINST_Character4_C_10:ExecuteUbergraph_Character4
[2018.06.13-01.33.10:969][  0]LogUObjectGlobals: Destroyed PersistentFrame Addr=0x000001d812916800, Size=688
[2018.06.13-01.33.10:969][  0]LogUObjectGlobals: Created PersistentFrame Addr=0x000001d805585300, Size=688, Default__Character5_C Function /Engine/Transient.REINST_Character5_C_11:ExecuteUbergraph_Character5
[2018.06.13-01.33.10:970][  0]LogUObjectGlobals: Destroyed PersistentFrame Addr=0x000001d812915600, Size=688
[2018.06.13-01.33.10:970][  0]LogUObjectGlobals: Created PersistentFrame Addr=0x000001d805584100, Size=688, Default__Character6_C Function /Engine/Transient.REINST_Character6_C_12:ExecuteUbergraph_Character6
[2018.06.13-01.33.10:970][  0]LogUObjectGlobals: Destroyed PersistentFrame Addr=0x000001d80122b700, Size=688
[2018.06.13-01.33.10:970][  0]LogUObjectGlobals: Created PersistentFrame Addr=0x000001d812915900, Size=688, Default__Character7_C Function /Engine/Transient.REINST_Character7_C_13:ExecuteUbergraph_Character7
[2018.06.13-01.33.10:971][  0]LogUObjectGlobals: Destroyed PersistentFrame Addr=0x000001d80122a800, Size=688
[2018.06.13-01.33.10:971][  0]LogUObjectGlobals: Created PersistentFrame Addr=0x000001d80556ba00, Size=688, Default__Character8_C Function /Engine/Transient.REINST_Character8_C_14:ExecuteUbergraph_Character8
[2018.06.13-01.33.10:971][  0]LogUObjectGlobals: Destroyed PersistentFrame Addr=0x000001d8131b6a70, Size=80
[2018.06.13-01.33.10:971][  0]LogUObjectGlobals: Created PersistentFrame Addr=0x000001d8014b5030, Size=80, Default__CharacterSelect_C Function /Engine/Transient.REINST_CharacterSelect_C_0:ExecuteUbergraph_CharacterSelect
[2018.06.13-01.33.10:972][  0]LogUObjectGlobals: Destroyed PersistentFrame Addr=0x000001d8131bb280, Size=328
[2018.06.13-01.33.10:972][  0]LogUObjectGlobals: Created PersistentFrame Addr=0x000001d805598700, Size=328, Default__ChatWindow_C Function /Engine/Transient.REINST_ChatWindow_C_2:ExecuteUbergraph_ChatWindow
[2018.06.13-01.33.10:972][  0]LogUObjectGlobals: Destroyed PersistentFrame Addr=0x000001d812d93cc8, Size=4
[2018.06.13-01.33.10:972][  0]LogUObjectGlobals: Created PersistentFrame Addr=0x000001d8014fbbc8, Size=4, Default__ConnectedPlayer_C Function /Engine/Transient.REINST_ConnectedPlayer_C_3:ExecuteUbergraph_ConnectedPlayer
[2018.06.13-01.33.10:973][  0]LogUObjectGlobals: Destroyed PersistentFrame Addr=0x000001d80dcf44c0, Size=192
[2018.06.13-01.33.10:973][  0]LogUObjectGlobals: Created PersistentFrame Addr=0x000001d801891180, Size=192, Default__GameSettings_C Function /Engine/Transient.REINST_GameSettings_C_5:ExecuteUbergraph_GameSettings
[2018.06.13-01.33.10:973][  0]LogUObjectGlobals: Destroyed PersistentFrame Addr=0x000001d8131b67a0, Size=80
[2018.06.13-01.33.10:973][  0]LogUObjectGlobals: Created PersistentFrame Addr=0x000001d805553f10, Size=80, Default__HostMenu_C Function /Engine/Transient.REINST_HostMenu_C_6:ExecuteUbergraph_HostMenu
[2018.06.13-01.33.10:974][  0]LogUObjectGlobals: Destroyed PersistentFrame Addr=0x000001d87fa2aac0, Size=320
[2018.06.13-01.33.10:974][  0]LogUObjectGlobals: Created PersistentFrame Addr=0x000001d8013d1940, Size=320, Default__LobbyMenu_C Function /Engine/Transient.REINST_LobbyMenu_C_8:ExecuteUbergraph_LobbyMenu
[2018.06.13-01.33.10:975][  0]LogUObjectGlobals: Destroyed PersistentFrame Addr=0x000001d802a68b80, Size=880
[2018.06.13-01.33.10:975][  0]LogUObjectGlobals: Created PersistentFrame Addr=0x000001d805547200, Size=880, Default__LobbyPC_C Function /Engine/Transient.REINST_LobbyPC_C_15:ExecuteUbergraph_LobbyPC
[2018.06.13-01.33.10:975][  0]LogUObjectGlobals: Destroyed PersistentFrame Addr=0x000001d87f9efba0, Size=40
[2018.06.13-01.33.10:975][  0]LogUObjectGlobals: Created PersistentFrame Addr=0x000001d8011c0d60, Size=40, Default__MainMenu_C Function /Engine/Transient.REINST_MainMenu_C_9:ExecuteUbergraph_MainMenu
[2018.06.13-01.33.10:975][  0]LogUObjectGlobals: Destroyed PersistentFrame Addr=0x000001d8029e4870, Size=104
[2018.06.13-01.33.10:975][  0]LogUObjectGlobals: Created PersistentFrame Addr=0x000001d8014d7d60, Size=104, Default__OptionsMenu_C Function /Engine/Transient.REINST_OptionsMenu_C_10:ExecuteUbergraph_OptionsMenu
[2018.06.13-01.33.10:975][  0]LogUObjectGlobals: Destroyed PersistentFrame Addr=0x000001d87f940e00, Size=32
[2018.06.13-01.33.10:975][  0]LogUObjectGlobals: Created PersistentFrame Addr=0x000001d8015103c0, Size=32, Default__PlayerButton_C Function /Engine/Transient.REINST_PlayerButton_C_11:ExecuteUbergraph_PlayerButton
[2018.06.13-01.33.10:976][  0]LogUObjectGlobals: Destroyed PersistentFrame Addr=0x000001d87facf240, Size=312
[2018.06.13-01.33.10:976][  0]LogUObjectGlobals: Created PersistentFrame Addr=0x000001d8013d1300, Size=312, Default__PlayerControllerGM_C Function /Engine/Transient.REINST_PlayerControllerGM_C_16:ExecuteUbergraph_PlayerControllerGM
[2018.06.13-01.33.10:976][  0]LogUObjectGlobals: Destroyed PersistentFrame Addr=0x000001d8131bdf80, Size=608
[2018.06.13-01.33.10:976][  0]LogUObjectGlobals: Created PersistentFrame Addr=0x000001d8017c5080, Size=608, Default__ServerMenu_C Function /Engine/Transient.REINST_ServerMenu_C_12:ExecuteUbergraph_ServerMenu
[2018.06.13-01.33.10:977][  0]LogUObjectGlobals: Destroyed PersistentFrame Addr=0x000001d87facefc0, Size=304
[2018.06.13-01.33.10:977][  0]LogUObjectGlobals: Created PersistentFrame Addr=0x000001d8013d1080, Size=304, Default__GameplayGM_C Function /Engine/Transient.REINST_GameplayGM_C_17:ExecuteUbergraph_GameplayGM
[2018.06.13-01.33.10:978][  0]LogUObjectGlobals: Destroyed PersistentFrame Addr=0x000001d87fa96e00, Size=752
[2018.06.13-01.33.10:978][  0]LogUObjectGlobals: Created PersistentFrame Addr=0x000001d805522e00, Size=752, Default__LobbyGM_C Function /Engine/Transient.REINST_LobbyGM_C_18:ExecuteUbergraph_LobbyGM
[2018.06.13-01.33.11:142][  0]LogUObjectGlobals: Created PersistentFrame Addr=0x000001d801bbf240, Size=64, Default__FirstPerson_AnimBP_C Function /Game/FirstPerson/Animations/FirstPerson_AnimBP.FirstPerson_AnimBP_C:ExecuteUbergraph_FirstPerson_AnimBP
[2018.06.13-01.33.11:143][  0]LogUObjectGlobals: Created PersistentFrame Addr=0x000001d801ba5100, Size=256, Default__FirstPersonProjectile_C Function /Game/FirstPersonBP/Blueprints/FirstPersonProjectile.FirstPersonProjectile_C:ExecuteUbergraph_FirstPersonProjectile
[2018.06.13-01.33.11:145][  0]LogUObjectGlobals: Created PersistentFrame Addr=0x000001d801bb3100, Size=536, Default__GameInfoInstance_C Function /Game/Blueprints/AllLevels/GameInfoInstance.GameInfoInstance_C:ExecuteUbergraph_GameInfoInstance
[2018.06.13-01.33.11:147][  0]LogUObjectGlobals: Created PersistentFrame Addr=0x000001d801ba9000, Size=688, Default__0_Base_C Function /Game/Blueprints/Characters/0_Base.0_Base_C:ExecuteUbergraph_0_Base
[2018.06.13-01.33.11:150][  0]LogUObjectGlobals: Created PersistentFrame Addr=0x000001d801ba8100, Size=688, Default__Character1_C Function /Game/Blueprints/Characters/Character1.Character1_C:ExecuteUbergraph_Character1
[2018.06.13-01.33.11:153][  0]LogUObjectGlobals: Created PersistentFrame Addr=0x000001d80545b700, Size=688, Default__Character2_C Function /Game/Blueprints/Characters/Character2.Character2_C:ExecuteUbergraph_Character2
[2018.06.13-01.33.11:156][  0]LogUObjectGlobals: Created PersistentFrame Addr=0x000001d801ae3d00, Size=688, Default__Character3_C Function /Game/Blueprints/Characters/Character3.Character3_C:ExecuteUbergraph_Character3
[2018.06.13-01.33.11:160][  0]LogUObjectGlobals: Created PersistentFrame Addr=0x000001d801a9e200, Size=688, Default__Character4_C Function /Game/Blueprints/Characters/Character4.Character4_C:ExecuteUbergraph_Character4
[2018.06.13-01.33.11:165][  0]LogUObjectGlobals: Created PersistentFrame Addr=0x000001d801a9dc00, Size=688, Default__Character5_C Function /Game/Blueprints/Characters/Character5.Character5_C:ExecuteUbergraph_Character5
[2018.06.13-01.33.11:168][  0]LogUObjectGlobals: Created PersistentFrame Addr=0x000001d801a9d300, Size=688, Default__Character6_C Function /Game/Blueprints/Characters/Character6.Character6_C:ExecuteUbergraph_Character6
[2018.06.13-01.33.11:170][  0]LogUObjectGlobals: Created PersistentFrame Addr=0x000001d801a9ca00, Size=688, Default__Character7_C Function /Game/Blueprints/Characters/Character7.Character7_C:ExecuteUbergraph_Character7
[2018.06.13-01.33.11:172][  0]LogUObjectGlobals: Created PersistentFrame Addr=0x000001d8052d4400, Size=688, Default__Character8_C Function /Game/Blueprints/Characters/Character8.Character8_C:ExecuteUbergraph_Character8
[2018.06.13-01.33.11:174][  0]LogUObjectGlobals: Created PersistentFrame Addr=0x000001d8039e5ad0, Size=80, Default__CharacterSelect_C Function /Game/UI/Lobby/CharacterSelect.CharacterSelect_C:ExecuteUbergraph_CharacterSelect
[2018.06.13-01.33.11:175][  0]LogUObjectGlobals: Created PersistentFrame Addr=0x000001d8128ec400, Size=328, Default__ChatWindow_C Function /Game/UI/AllLevels/ChatWindow.ChatWindow_C:ExecuteUbergraph_ChatWindow
[2018.06.13-01.33.11:176][  0]LogUObjectGlobals: Created PersistentFrame Addr=0x000001d801c92768, Size=4, Default__ConnectedPlayer_C Function /Game/UI/Lobby/ConnectedPlayer.ConnectedPlayer_C:ExecuteUbergraph_ConnectedPlayer
[2018.06.13-01.33.11:179][  0]LogUObjectGlobals: Created PersistentFrame Addr=0x000001d803a0d240, Size=192, Default__GameSettings_C Function /Game/UI/Lobby/GameSettings.GameSettings_C:ExecuteUbergraph_GameSettings
[2018.06.13-01.33.11:180][  0]LogUObjectGlobals: Created PersistentFrame Addr=0x000001d802651170, Size=80, Default__HostMenu_C Function /Game/UI/MainMenu/HostMenu.HostMenu_C:ExecuteUbergraph_HostMenu
[2018.06.13-01.33.11:183][  0]LogUObjectGlobals: Created PersistentFrame Addr=0x000001d801bfcf40, Size=320, Default__LobbyMenu_C Function /Game/UI/Lobby/LobbyMenu.LobbyMenu_C:ExecuteUbergraph_LobbyMenu
[2018.06.13-01.33.11:187][  0]LogUObjectGlobals: Created PersistentFrame Addr=0x000001d805961280, Size=880, Default__LobbyPC_C Function /Game/Blueprints/Lobby/LobbyPC.LobbyPC_C:ExecuteUbergraph_LobbyPC
[2018.06.13-01.33.11:188][  0]LogUObjectGlobals: Created PersistentFrame Addr=0x000001d801b42660, Size=40, Default__MainMenu_C Function /Game/UI/MainMenu/MainMenu.MainMenu_C:ExecuteUbergraph_MainMenu
[2018.06.13-01.33.11:191][  0]LogUObjectGlobals: Created PersistentFrame Addr=0x000001d8058d3350, Size=104, Default__OptionsMenu_C Function /Game/UI/MainMenu/OptionsMenu.OptionsMenu_C:ExecuteUbergraph_OptionsMenu
[2018.06.13-01.33.11:192][  0]LogUObjectGlobals: Created PersistentFrame Addr=0x000001d8058cf960, Size=32, Default__PlayerButton_C Function /Game/UI/Lobby/PlayerButton.PlayerButton_C:ExecuteUbergraph_PlayerButton
[2018.06.13-01.33.11:194][  0]LogUObjectGlobals: Created PersistentFrame Addr=0x000001d801bfca40, Size=304, Default__PlayerControllerGM_C Function /Game/Blueprints/Gameplay/PlayerControllerGM.PlayerControllerGM_C:ExecuteUbergraph_PlayerControllerGM
[2018.06.13-01.33.11:197][  0]LogUObjectGlobals: Created PersistentFrame Addr=0x000001d8058f1800, Size=592, Default__ServerMenu_C Function /Game/UI/MainMenu/ServerMenu.ServerMenu_C:ExecuteUbergraph_ServerMenu
[2018.06.13-01.33.11:200][  0]LogUObjectGlobals: Created PersistentFrame Addr=0x000001d801bfc7c0, Size=288, Default__GameplayGM_C Function /Game/Blueprints/Gameplay/GameplayGM.GameplayGM_C:ExecuteUbergraph_GameplayGM
[2018.06.13-01.33.11:204][  0]LogUObjectGlobals: Created PersistentFrame Addr=0x000001d8053d0480, Size=784, Default__LobbyGM_C Function /Game/Blueprints/Lobby/LobbyGM.LobbyGM_C:ExecuteUbergraph_LobbyGM
[2018.06.13-01.33.11:411][  0]LogSkeletalMesh: Skeletal Mesh found in DDC [6.122674ms] /Game/FirstPerson/Character/Mesh/SK_Mannequin_Arms.SK_Mannequin_Arms
[2018.06.13-01.33.11:480][  0]LogSkeletalMesh: Skeletal Mesh found in DDC [3.843165ms] /Game/FirstPerson/FPWeapon/Mesh/SK_FPGun.SK_FPGun
[2018.06.13-01.33.11:493][  0]LogInit: Display: Game Engine Initialized.
[2018.06.13-01.33.11:493][  0]LogGameplayTags: Display: UGameplayTagsManager::DoneAddingNativeTags. DelegateIsBound: 0
[2018.06.13-01.33.11:493][  0]LogStats: UGameplayTagsManager::ConstructGameplayTagTree: Construct from data asset -  0.000 s
[2018.06.13-01.33.11:493][  0]LogStats: UGameplayTagsManager::ConstructGameplayTagTree: GameplayTagTreeChangedEvent.Broadcast -  0.000 s
[2018.06.13-01.33.11:624][  0]LogInit: Display: Starting Game.
[2018.06.13-01.33.11:625][  0]LogNet: Browse: /Game/Maps/MainMenu?Name=Player
[2018.06.13-01.33.11:625][  0]LogLoad: LoadMap: /Game/Maps/MainMenu?Name=Player
[2018.06.13-01.33.11:645][  0]LogUObjectGlobals: Destroyed PersistentFrame Addr=0x000001d8017c4b80, Size=536
[2018.06.13-01.33.11:645][  0]LogUObjectGlobals: Destroyed PersistentFrame Addr=0x000001d8013d1300, Size=312
[2018.06.13-01.33.11:645][  0]LogUObjectGlobals: Destroyed PersistentFrame Addr=0x000001d8013d1080, Size=304
[2018.06.13-01.33.11:645][  0]LogUObjectGlobals: Destroyed PersistentFrame Addr=0x000001d805522e00, Size=752
[2018.06.13-01.33.11:645][  0]LogUObjectGlobals: Destroyed PersistentFrame Addr=0x000001d8014afd00, Size=688
[2018.06.13-01.33.11:645][  0]LogUObjectGlobals: Destroyed PersistentFrame Addr=0x000001d80171bf00, Size=256
[2018.06.13-01.33.11:645][  0]LogUObjectGlobals: Destroyed PersistentFrame Addr=0x000001d8017946d0, Size=72
[2018.06.13-01.33.11:645][  0]LogUObjectGlobals: Destroyed PersistentFrame Addr=0x000001d805547200, Size=880
[2018.06.13-01.33.11:645][  0]LogUObjectGlobals: Destroyed PersistentFrame Addr=0x000001d8013d1940, Size=320
[2018.06.13-01.33.11:645][  0]LogUObjectGlobals: Destroyed PersistentFrame Addr=0x000001d805598700, Size=328
[2018.06.13-01.33.11:645][  0]LogUObjectGlobals: Destroyed PersistentFrame Addr=0x000001d8014b5030, Size=80
[2018.06.13-01.33.11:645][  0]LogUObjectGlobals: Destroyed PersistentFrame Addr=0x000001d805553f10, Size=80
[2018.06.13-01.33.11:645][  0]LogUObjectGlobals: Destroyed PersistentFrame Addr=0x000001d8011c0d60, Size=40
[2018.06.13-01.33.11:645][  0]LogUObjectGlobals: Destroyed PersistentFrame Addr=0x000001d8014d7d60, Size=104
[2018.06.13-01.33.11:645][  0]LogUObjectGlobals: Destroyed PersistentFrame Addr=0x000001d8017c5080, Size=608
[2018.06.13-01.33.11:645][  0]LogUObjectGlobals: Destroyed PersistentFrame Addr=0x000001d801891180, Size=192
[2018.06.13-01.33.11:645][  0]LogUObjectGlobals: Destroyed PersistentFrame Addr=0x000001d8015103c0, Size=32
[2018.06.13-01.33.11:645][  0]LogUObjectGlobals: Destroyed PersistentFrame Addr=0x000001d8014fbbc8, Size=4
[2018.06.13-01.33.11:645][  0]LogUObjectGlobals: Destroyed PersistentFrame Addr=0x000001d8014aee00, Size=688
[2018.06.13-01.33.11:645][  0]LogUObjectGlobals: Destroyed PersistentFrame Addr=0x000001d8014adf00, Size=688
[2018.06.13-01.33.11:645][  0]LogUObjectGlobals: Destroyed PersistentFrame Addr=0x000001d8014ac100, Size=688
[2018.06.13-01.33.11:645][  0]LogUObjectGlobals: Destroyed PersistentFrame Addr=0x000001d805585f00, Size=688
[2018.06.13-01.33.11:645][  0]LogUObjectGlobals: Destroyed PersistentFrame Addr=0x000001d805585300, Size=688
[2018.06.13-01.33.11:645][  0]LogUObjectGlobals: Destroyed PersistentFrame Addr=0x000001d805584100, Size=688
[2018.06.13-01.33.11:645][  0]LogUObjectGlobals: Destroyed PersistentFrame Addr=0x000001d812915900, Size=688
[2018.06.13-01.33.11:645][  0]LogUObjectGlobals: Destroyed PersistentFrame Addr=0x000001d80556ba00, Size=688
[2018.06.13-01.33.11:651][  0]LogUObjectGlobals: Created PersistentFrame Addr=0x000001d80266c9c0, Size=32, Default__MainMenu_C Function /Game/Maps/MainMenu.MainMenu_C:ExecuteUbergraph_MainMenu
[2018.06.13-01.33.11:652][  0]LogUObjectGlobals: Destroyed PersistentFrame Addr=0x000001d80266c9c0, Size=32
[2018.06.13-01.33.11:652][  0]LogUObjectGlobals: Created PersistentFrame Addr=0x000001d80266c9c0, Size=32, Default__MainMenu_C Function /Engine/Transient.REINST_MainMenu_C_51:ExecuteUbergraph_MainMenu
[2018.06.13-01.33.11:653][  0]LogUObjectGlobals: Created PersistentFrame Addr=0x000001d80266d1e0, Size=32, Default__MainMenu_C Function /Game/Maps/MainMenu.MainMenu_C:ExecuteUbergraph_MainMenu
[2018.06.13-01.33.11:669][  0]LogAIModule: Creating AISystem for world MainMenu
[2018.06.13-01.33.11:678][  0]LogUObjectGlobals: Created PersistentFrame Addr=0x000001d8052d7a00, Size=688, Default__FirstPersonCharacter_C Function /Game/FirstPersonBP/Blueprints/FirstPersonCharacter.FirstPersonCharacter_C:ExecuteUbergraph_FirstPersonCharacter
[2018.06.13-01.33.11:688][  0]LogUObjectGlobals: Created PersistentFrame Addr=0x000001d8058fca68, Size=52, Default__FirstPersonHUD_C Function /Game/FirstPersonBP/Blueprints/FirstPersonHUD.FirstPersonHUD_C:ExecuteUbergraph_FirstPersonHUD
[2018.06.13-01.33.11:695][  0]LogUObjectGlobals: Destroyed PersistentFrame Addr=0x000001d8058fca68, Size=52
[2018.06.13-01.33.11:695][  0]LogUObjectGlobals: Created PersistentFrame Addr=0x000001d8058fca68, Size=52, Default__FirstPersonHUD_C Function /Engine/Transient.REINST_FirstPersonHUD_C_53:ExecuteUbergraph_FirstPersonHUD
[2018.06.13-01.33.11:696][  0]LogUObjectGlobals: Destroyed PersistentFrame Addr=0x000001d8052d7a00, Size=688
[2018.06.13-01.33.11:696][  0]LogUObjectGlobals: Created PersistentFrame Addr=0x000001d87f9e5000, Size=688, Default__FirstPersonCharacter_C Function /Engine/Transient.REINST_FirstPersonCharacter_C_54:ExecuteUbergraph_FirstPersonCharacter
[2018.06.13-01.33.11:704][  0]LogUObjectGlobals: Created PersistentFrame Addr=0x000001d8058fd398, Size=52, Default__FirstPersonHUD_C Function /Game/FirstPersonBP/Blueprints/FirstPersonHUD.FirstPersonHUD_C:ExecuteUbergraph_FirstPersonHUD
[2018.06.13-01.33.11:706][  0]LogUObjectGlobals: Created PersistentFrame Addr=0x000001d801785000, Size=688, Default__FirstPersonCharacter_C Function /Game/FirstPersonBP/Blueprints/FirstPersonCharacter.FirstPersonCharacter_C:ExecuteUbergraph_FirstPersonCharacter
[2018.06.13-01.33.11:710][  0]LogLoad: Game class is 'FirstPersonGameMode_C'
[2018.06.13-01.33.11:711][  0]LogWorld: Bringing World /Game/Maps/MainMenu.MainMenu up for play (max tick rate 0) at 2018.06.12-21.33.11
[2018.06.13-01.33.11:712][  0]LogWorld: Bringing up level for play took: 0.000542
[2018.06.13-01.33.11:712][  0]LogGameMode: FindPlayerStart: PATHS NOT DEFINED or NO PLAYERSTART with positive rating
[2018.06.13-01.33.11:717][  0]LogLoad: Took 0.091741 seconds to LoadMap(/Game/Maps/MainMenu)
[2018.06.13-01.33.11:788][  0]LogLoad: (Engine Initialization) Total time: 10.41 seconds
[2018.06.13-01.33.11:789][  0]LogLoad: (Engine Initialization) Total Blueprint compile time: 0.00 seconds
[2018.06.13-01.33.11:827][  0]LogRenderer: Reallocating scene render targets to support 1280x720 Format 10 NumSamples 1 (Frame:1).
[2018.06.13-01.33.11:870][  0]LogWindowsTextInputMethodSystem: Display: IME system now deactivated.
[2018.06.13-01.33.11:873][  0]LogContentStreaming: Texture pool size now 1000 MB
[2018.06.13-01.33.15:789][243]LogSlate: FSceneViewport::OnFocusLost() reason 0
[2018.06.13-01.33.15:905][250]LogSlate: Took 0.000196 seconds to synchronously load lazily loaded font '../../../Engine/Content/Slate/Fonts/Roboto-Regular.ttf' (155K)
[2018.06.13-01.33.17:451][346]LogNetVersion: Quake 1.0.0.0, NetCL: 3944462, EngineNetVer: 2, GameNetVer: 0 (Checksum: 1278608)
[2018.06.13-01.33.17:458][346]LogInit: WinSock: I am Robs-Blade (192.168.86.34:0)
[2018.06.13-01.33.17:575][346]LogPackageName: SearchForPackageOnDisk took   0.093s to resolve Lobby.umap.
[2018.06.13-01.33.17:673][346]LogPackageName: SearchForPackageOnDisk took   0.096s to resolve Lobby.umap.
[2018.06.13-01.33.17:673][346]LogNet: Browse: /Game/Maps/Lobby?listen
[2018.06.13-01.33.17:673][346]LogLoad: LoadMap: /Game/Maps/Lobby?listen
[2018.06.13-01.33.17:687][346]LogUObjectGlobals: Destroyed PersistentFrame Addr=0x000001d801785000, Size=688
[2018.06.13-01.33.17:687][346]LogUObjectGlobals: Destroyed PersistentFrame Addr=0x000001d8058fd398, Size=52
[2018.06.13-01.33.17:687][346]LogUObjectGlobals: Destroyed PersistentFrame Addr=0x000001d8058fca68, Size=52
[2018.06.13-01.33.17:687][346]LogUObjectGlobals: Destroyed PersistentFrame Addr=0x000001d87f9e5000, Size=688
[2018.06.13-01.33.17:687][346]LogUObjectGlobals: Destroyed PersistentFrame Addr=0x000001d80266d1e0, Size=32
[2018.06.13-01.33.17:687][346]LogUObjectGlobals: Destroyed PersistentFrame Addr=0x000001d80266c9c0, Size=32
[2018.06.13-01.33.17:781][346]LogAIModule: Creating AISystem for world Lobby
[2018.06.13-01.33.17:782][346]LogLoad: Game class is 'LobbyGM_C'
[2018.06.13-01.33.17:782][346]LogTemp: Display: ParseSettings for GameNetDriver
[2018.06.13-01.33.17:783][346]LogTemp: Display: ParseSettings for SteamNetDriver_0
[2018.06.13-01.33.17:783][346]LogTemp: Display: ParseSettings for GameNetDriver
[2018.06.13-01.33.17:783][346]LogNet: Display: SteamNetDriver_0 bound to port 7777
[2018.06.13-01.33.17:783][346]PacketHandlerLog: Loaded PacketHandler component: Engine.EngineHandlerComponentFactory (StatelessConnectHandlerComponent)
[2018.06.13-01.33.17:783][346]LogNet: GameNetDriver SteamNetDriver_0 IpNetDriver listening on port 7777
[2018.06.13-01.33.17:786][346]LogWorld: Bringing World /Game/Maps/Lobby.Lobby up for play (max tick rate 0) at 2018.06.12-21.33.17
[2018.06.13-01.33.17:786][346]LogWorld: Bringing up level for play took: 0.001894
[2018.06.13-01.33.17:803][346]LogGameMode: Display: Match State Changed from EnteringMap to WaitingToStart
[2018.06.13-01.33.17:803][346]LogGameState: Match State Changed from EnteringMap to WaitingToStart
[2018.06.13-01.33.17:803][346]LogGameMode: Display: Match State Changed from WaitingToStart to InProgress
[2018.06.13-01.33.17:803][346]LogGameState: Match State Changed from WaitingToStart to InProgress
[2018.06.13-01.33.17:807][346]LogLoad: Took 0.133650 seconds to LoadMap(/Game/Maps/Lobby)
[2018.06.13-01.33.20:421][507]LogSlate: FSceneViewport::OnFocusLost() reason 0
[2018.06.13-01.33.20:486][511]PIE: Warning: This widget does not support focus.  If this is a UserWidget, you should set bIsFocusable to true.
[2018.06.13-01.33.21:002][543]LogSlate: FSceneViewport::OnFocusLost() reason 0
[2018.06.13-01.33.22:180][616]LogGameMode: Display: Match State Changed from InProgress to LeavingMap
[2018.06.13-01.33.22:180][616]LogGameState: Match State Changed from InProgress to LeavingMap
[2018.06.13-01.33.22:182][616]LogGameMode: ProcessServerTravel: /Game/Maps/Arena01
[2018.06.13-01.33.22:182][616]LogWorld: SeamlessTravel to: /Game/Maps/Arena01
[2018.06.13-01.33.22:214][617]LogAIModule: Creating AISystem for world TravelMap
[2018.06.13-01.33.22:216][617]LogStats:     SeamlessTravel FlushLevelStreaming  -  0.002 s
[2018.06.13-01.33.22:216][617]LogWorld: Bringing World /Game/Maps/TravelMap.TravelMap up for play (max tick rate 0) at 2018.06.12-21.33.22
[2018.06.13-01.33.22:216][617]LogWorld: Bringing up level for play took: 0.000452
[2018.06.13-01.33.22:217][617]LogWorld: Sending NotifyLoadedWorld for LP: LocalPlayer_0 PC: LobbyPC_C_0
[2018.06.13-01.33.22:217][617]LogNet: Verbose: NotifyLoadedWorld Begin
[2018.06.13-01.33.22:217][617]LogNet: VeryVerbose: GetFunctionCallspace Server calling Server function: ServerNotifyLoadedWorld Local
[2018.06.13-01.33.22:217][617]LogNet: Verbose: NotifyLoadedWorld End
[2018.06.13-01.33.22:217][617]LogWorld: StartLoadingDestination to: /Game/Maps/Arena01
[2018.06.13-01.33.22:370][622]LogAIModule: Creating AISystem for world Arena01
[2018.06.13-01.33.22:370][622]LogLoad: Game class is 'GameplayGM_C'
[2018.06.13-01.33.22:371][622]LogStats:     SeamlessTravel FlushLevelStreaming  -  0.001 s
[2018.06.13-01.33.22:374][622]LogWorld: Bringing World /Game/Maps/Arena01.Arena01 up for play (max tick rate 0) at 2018.06.12-21.33.22
[2018.06.13-01.33.22:374][622]LogWorld: Bringing up level for play took: 0.002616
[2018.06.13-01.33.22:374][622]LogWorld: Sending NotifyLoadedWorld for LP: LocalPlayer_0 PC: LobbyPC_C_0
[2018.06.13-01.33.22:374][622]LogNet: Verbose: NotifyLoadedWorld Begin
[2018.06.13-01.33.22:374][622]LogNet: VeryVerbose: GetFunctionCallspace Server calling Server function: ServerNotifyLoadedWorld Local
[2018.06.13-01.33.22:374][622]LogNet: Verbose: NotifyLoadedWorld End
[2018.06.13-01.33.22:374][622]LogWorld: ----SeamlessTravel finished in 0.19 seconds ------
[2018.06.13-01.33.22:374][622]LogGameMode: >> GameMode::HandleSeamlessTravelPlayer: LobbyPC_C_0 
[2018.06.13-01.33.22:375][622]LogGameMode: << GameMode::HandleSeamlessTravelPlayer: PlayerControllerGM_C_0
[2018.06.13-01.33.22:375][622]LogGameMode: Display: Match State Changed from EnteringMap to WaitingToStart
[2018.06.13-01.33.22:375][622]LogGameState: Match State Changed from EnteringMap to WaitingToStart
[2018.06.13-01.33.22:375][622]LogGameMode: Display: Match State Changed from WaitingToStart to InProgress
[2018.06.13-01.33.22:379][622]LogGameState: Match State Changed from WaitingToStart to InProgress
[2018.06.13-01.33.42:296][855]LogSlate: Window 'Quake (64-bit, PCD3D_SM5) ' being destroyed
[2018.06.13-01.33.42:297][855]LogWindowsTextInputMethodSystem: Display: IME system now deactivated.
[2018.06.13-01.33.42:299][855]LogOnline: Warning: STEAM: No game present to leave for session (GameSession)
[2018.06.13-01.33.42:299][855]LogEngine: All Windows Closed
[2018.06.13-01.33.42:299][855]LogWindows: FPlatformMisc::RequestExit(0)
[2018.06.13-01.33.42:306][856]LogNet: World NetDriver shutdown SteamNetDriver_0 [GameNetDriver]
[2018.06.13-01.33.42:306][856]LogNet: DestroyNamedNetDriver SteamNetDriver_0 [GameNetDriver]
[2018.06.13-01.33.42:307][856]LogExit: GameNetDriver SteamNetDriver_0 shut down
[2018.06.13-01.33.43:113][856]LogSlate: Slate User Destroyed.  User Index 0, Is Virtual User: 0
[2018.06.13-01.33.43:114][856]LogExit: Preparing to exit.
[2018.06.13-01.33.43:114][856]LogMoviePlayer: Shutting down movie player
[2018.06.13-01.33.44:143][856]LogExit: Game engine shut down
[2018.06.13-01.33.44:154][856]LogUObjectGlobals: Destroyed PersistentFrame Addr=0x000001d801bbf240, Size=64
[2018.06.13-01.33.44:154][856]LogUObjectGlobals: Destroyed PersistentFrame Addr=0x000001d801ba5100, Size=256
[2018.06.13-01.33.44:154][856]LogUObjectGlobals: Destroyed PersistentFrame Addr=0x000001d801bb3100, Size=536
[2018.06.13-01.33.44:154][856]LogUObjectGlobals: Destroyed PersistentFrame Addr=0x000001d801ba9000, Size=688
[2018.06.13-01.33.44:154][856]LogUObjectGlobals: Destroyed PersistentFrame Addr=0x000001d801ba8100, Size=688
[2018.06.13-01.33.44:154][856]LogUObjectGlobals: Destroyed PersistentFrame Addr=0x000001d80545b700, Size=688
[2018.06.13-01.33.44:154][856]LogUObjectGlobals: Destroyed PersistentFrame Addr=0x000001d801ae3d00, Size=688
[2018.06.13-01.33.44:154][856]LogUObjectGlobals: Destroyed PersistentFrame Addr=0x000001d801a9e200, Size=688
[2018.06.13-01.33.44:154][856]LogUObjectGlobals: Destroyed PersistentFrame Addr=0x000001d801a9dc00, Size=688
[2018.06.13-01.33.44:154][856]LogUObjectGlobals: Destroyed PersistentFrame Addr=0x000001d801a9d300, Size=688
[2018.06.13-01.33.44:154][856]LogUObjectGlobals: Destroyed PersistentFrame Addr=0x000001d801a9ca00, Size=688
[2018.06.13-01.33.44:154][856]LogUObjectGlobals: Destroyed PersistentFrame Addr=0x000001d8052d4400, Size=688
[2018.06.13-01.33.44:154][856]LogUObjectGlobals: Destroyed PersistentFrame Addr=0x000001d8039e5ad0, Size=80
[2018.06.13-01.33.44:154][856]LogUObjectGlobals: Destroyed PersistentFrame Addr=0x000001d8128ec400, Size=328
[2018.06.13-01.33.44:154][856]LogUObjectGlobals: Destroyed PersistentFrame Addr=0x000001d801c92768, Size=4
[2018.06.13-01.33.44:154][856]LogUObjectGlobals: Destroyed PersistentFrame Addr=0x000001d803a0d240, Size=192
[2018.06.13-01.33.44:154][856]LogUObjectGlobals: Destroyed PersistentFrame Addr=0x000001d802651170, Size=80
[2018.06.13-01.33.44:154][856]LogUObjectGlobals: Destroyed PersistentFrame Addr=0x000001d801bfcf40, Size=320
[2018.06.13-01.33.44:154][856]LogUObjectGlobals: Destroyed PersistentFrame Addr=0x000001d805961280, Size=880
[2018.06.13-01.33.44:154][856]LogUObjectGlobals: Destroyed PersistentFrame Addr=0x000001d801b42660, Size=40
[2018.06.13-01.33.44:154][856]LogUObjectGlobals: Destroyed PersistentFrame Addr=0x000001d8058d3350, Size=104
[2018.06.13-01.33.44:154][856]LogUObjectGlobals: Destroyed PersistentFrame Addr=0x000001d8058cf960, Size=32
[2018.06.13-01.33.44:155][856]LogUObjectGlobals: Destroyed PersistentFrame Addr=0x000001d801bfca40, Size=304
[2018.06.13-01.33.44:155][856]LogUObjectGlobals: Destroyed PersistentFrame Addr=0x000001d8058f1800, Size=592
[2018.06.13-01.33.44:155][856]LogUObjectGlobals: Destroyed PersistentFrame Addr=0x000001d801bfc7c0, Size=288
[2018.06.13-01.33.44:155][856]LogUObjectGlobals: Destroyed PersistentFrame Addr=0x000001d8053d0480, Size=784
[2018.06.13-01.33.44:256][856]LogExit: Object subsystem successfully closed.
[2018.06.13-01.33.44:283][856]LogShaderCompilers: Display: Shaders left to compile 0
[2018.06.13-01.33.44:289][856]LogD3D11RHI: Shutdown
[2018.06.13-01.33.44:290][856]LogD3D11RHI: CleanupD3DDevice
[2018.06.13-01.33.44:296][856]LogD3D11RHI: ~FD3D11DynamicRHI
[2018.06.13-01.33.44:314][856]LogModuleManager: Shutting down and abandoning module SequenceRecorderSections (334)
[2018.06.13-01.33.44:314][856]LogModuleManager: Shutting down and abandoning module SequenceRecorder (332)
[2018.06.13-01.33.44:314][856]LogModuleManager: Shutting down and abandoning module AutomationController (330)
[2018.06.13-01.33.44:314][856]LogModuleManager: Shutting down and abandoning module AutomationWorker (328)
[2018.06.13-01.33.44:314][856]LogModuleManager: Shutting down and abandoning module AIModule (326)
[2018.06.13-01.33.44:314][856]LogModuleManager: Shutting down and abandoning module GameplayDebugger (325)
[2018.06.13-01.33.44:314][856]LogModuleManager: Shutting down and abandoning module AITestSuite (323)
[2018.06.13-01.33.44:314][856]LogModuleManager: Shutting down and abandoning module WmfMediaFactory (320)
[2018.06.13-01.33.44:314][856]LogModuleManager: Shutting down and abandoning module OpenExrWrapper (318)
[2018.06.13-01.33.44:314][856]LogModuleManager: Shutting down and abandoning module ImgMediaFactory (316)
[2018.06.13-01.33.44:314][856]LogModuleManager: Shutting down and abandoning module AvfMediaFactory (314)
[2018.06.13-01.33.44:314][856]LogModuleManager: Shutting down and abandoning module CharacterAI (312)
[2018.06.13-01.33.44:314][856]LogModuleManager: Shutting down and abandoning module SessionServices (310)
[2018.06.13-01.33.44:314][856]LogModuleManager: Shutting down and abandoning module MovieSceneCapture (308)
[2018.06.13-01.33.44:314][856]LogModuleManager: Shutting down and abandoning module MovieSceneTracks (306)
[2018.06.13-01.33.44:314][856]LogModuleManager: Shutting down and abandoning module MovieScene (304)
[2018.06.13-01.33.44:314][856]LogModuleManager: Shutting down and abandoning module GeometryCache (302)
[2018.06.13-01.33.44:314][856]LogModuleManager: Shutting down and abandoning module GeometryCacheEd (301)
[2018.06.13-01.33.44:314][856]LogModuleManager: Shutting down and abandoning module StreamingPauseRendering (298)
[2018.06.13-01.33.44:314][856]LogModuleManager: Shutting down and abandoning module PortalServices (296)
[2018.06.13-01.33.44:314][856]LogModuleManager: Shutting down and abandoning module PortalRpc (294)
[2018.06.13-01.33.44:314][856]LogModuleManager: Shutting down and abandoning module MessagingRpc (292)
[2018.06.13-01.33.44:314][856]LogModuleManager: Shutting down and abandoning module ProfilerService (290)
[2018.06.13-01.33.44:349][856]LogModuleManager: Shutting down and abandoning module TaskGraph (288)
[2018.06.13-01.33.44:350][856]LogModuleManager: Shutting down and abandoning module SteamVRController (286)
[2018.06.13-01.33.44:350][856]LogModuleManager: Shutting down and abandoning module ProceduralMeshComponent (284)
[2018.06.13-01.33.44:350][856]LogModuleManager: Shutting down and abandoning module OculusInput (282)
[2018.06.13-01.33.44:350][856]LogModuleManager: Shutting down and abandoning module MobilePatchingUtils (280)
[2018.06.13-01.33.44:350][856]LogModuleManager: Shutting down and abandoning module CustomMeshComponent (278)
[2018.06.13-01.33.44:350][856]LogModuleManager: Shutting down and abandoning module CableComponent (276)
[2018.06.13-01.33.44:350][856]LogModuleManager: Shutting down and abandoning module AudioCapture (274)
[2018.06.13-01.33.44:350][856]LogModuleManager: Shutting down and abandoning module ArchVisCharacter (272)
[2018.06.13-01.33.44:350][856]LogModuleManager: Shutting down and abandoning module AndroidPermission (270)
[2018.06.13-01.33.44:350][856]LogModuleManager: Shutting down and abandoning module NUTUnrealEngine4 (266)
[2018.06.13-01.33.44:350][856]LogModuleManager: Shutting down and abandoning module NetcodeUnitTest (264)
[2018.06.13-01.33.44:350][856]LogModuleManager: Shutting down and abandoning module MediaCompositing (262)
[2018.06.13-01.33.44:350][856]LogModuleManager: Shutting down and abandoning module LinearTimecode (260)
[2018.06.13-01.33.44:350][856]LogModuleManager: Shutting down and abandoning module ImgMedia (258)
[2018.06.13-01.33.44:352][856]LogModuleManager: Shutting down and abandoning module HTML5Networking (256)
[2018.06.13-01.33.44:352][856]LogModuleManager: Shutting down and abandoning module DatasmithContent (254)
[2018.06.13-01.33.44:352][856]LogModuleManager: Shutting down and abandoning module CryptoKeysOpenSSL (252)
[2018.06.13-01.33.44:352][856]LogModuleManager: Shutting down and abandoning module CryptoKeys (250)
[2018.06.13-01.33.44:352][856]LogModuleManager: Shutting down and abandoning module VisualStudioSourceCodeAccess (248)
[2018.06.13-01.33.44:352][856]LogModuleManager: Shutting down and abandoning module HotReload (247)
[2018.06.13-01.33.44:352][856]LogDirectoryWatcher: A directory notification for 'C:/Users/Rob's Blade/Documents/Unreal Projects/Quake/Binaries/Win64' was aborted.
[2018.06.13-01.33.44:353][856]LogModuleManager: Shutting down and abandoning module DirectoryWatcher (246)
[2018.06.13-01.33.44:353][856]LogModuleManager: Shutting down and abandoning module VisualStudioCodeSourceCodeAccess (242)
[2018.06.13-01.33.44:353][856]LogModuleManager: Shutting down and abandoning module UObjectPlugin (240)
[2018.06.13-01.33.44:353][856]LogModuleManager: Shutting down and abandoning module SubversionSourceControl (238)
[2018.06.13-01.33.44:353][856]LogModuleManager: Shutting down and abandoning module PerforceSourceControl (236)
[2018.06.13-01.33.44:353][856]LogModuleManager: Shutting down and abandoning module SourceControl (235)
[2018.06.13-01.33.44:353][856]LogModuleManager: Shutting down and abandoning module CLionSourceCodeAccess (232)
[2018.06.13-01.33.44:353][856]LogModuleManager: Shutting down and abandoning module RuntimePhysXCooking (230)
[2018.06.13-01.33.44:353][856]LogModuleManager: Shutting down and abandoning module PhysXVehiclesEditor (228)
[2018.06.13-01.33.44:353][856]LogModuleManager: Shutting down and abandoning module PhysXVehicles (226)
[2018.06.13-01.33.44:353][856]LogModuleManager: Shutting down and abandoning module LocationServicesBPLibrary (224)
[2018.06.13-01.33.44:353][856]LogModuleManager: Shutting down and abandoning module ImmediatePhysicsEditor (222)
[2018.06.13-01.33.44:353][856]LogModuleManager: Shutting down and abandoning module ImmediatePhysics (220)
[2018.06.13-01.33.44:353][856]LogModuleManager: Shutting down and abandoning module ActorSequence (218)
[2018.06.13-01.33.44:353][856]LogModuleManager: Shutting down and abandoning module UdpMessaging (216)
[2018.06.13-01.33.44:454][856]LogModuleManager: Shutting down and abandoning module TcpMessaging (214)
[2018.06.13-01.33.45:041][856]LogModuleManager: Shutting down and abandoning module GameplayTagsEditor (212)
[2018.06.13-01.33.45:041][856]LogModuleManager: Shutting down and abandoning module FacialAnimation (210)
[2018.06.13-01.33.45:041][856]LogModuleManager: Shutting down and abandoning module DataValidation (208)
[2018.06.13-01.33.45:042][856]LogModuleManager: Shutting down and abandoning module AssetManagerEditor (206)
[2018.06.13-01.33.45:042][856]LogModuleManager: Shutting down and abandoning module TreeMap (205)
[2018.06.13-01.33.45:042][856]LogModuleManager: Shutting down and abandoning module LightPropagationVolumeRuntime (202)
[2018.06.13-01.33.45:042][856]LogModuleManager: Shutting down and abandoning module LiveLink (200)
[2018.06.13-01.33.45:863][856]LogModuleManager: Shutting down and abandoning module Paper2D (198)
[2018.06.13-01.33.45:863][856]LogModuleManager: Shutting down and abandoning module PIEPreviewDeviceProfileSelector (196)
[2018.06.13-01.33.45:863][856]LogModuleManager: Shutting down and abandoning module WindowsMoviePlayer (194)
[2018.06.13-01.33.45:863][856]LogModuleManager: Shutting down and abandoning module WmfMedia (192)
[2018.06.13-01.33.45:865][856]LogModuleManager: Shutting down and abandoning module Media (191)
[2018.06.13-01.33.45:871][856]LogModuleManager: Shutting down and abandoning module PacketHandler (188)
[2018.06.13-01.33.45:872][856]LogModuleManager: Shutting down and abandoning module ClothingSystemEditor (186)
[2018.06.13-01.33.45:872][856]LogModuleManager: Shutting down and abandoning module ClothingSystemRuntime (184)
[2018.06.13-01.33.45:872][856]LogModuleManager: Shutting down and abandoning module MediaAssets (182)
[2018.06.13-01.33.45:872][856]LogModuleManager: Shutting down and abandoning module Overlay (180)
[2018.06.13-01.33.45:872][856]LogModuleManager: Shutting down and abandoning module OverlayEditor (179)
[2018.06.13-01.33.45:872][856]LogModuleManager: Shutting down and abandoning module VREditor (176)
[2018.06.13-01.33.45:872][856]LogModuleManager: Shutting down and abandoning module StringTableEditor (174)
[2018.06.13-01.33.45:872][856]LogModuleManager: Shutting down and abandoning module GameplayTasksEditor (172)
[2018.06.13-01.33.45:872][856]LogModuleManager: Shutting down and abandoning module BehaviorTreeEditor (170)
[2018.06.13-01.33.45:872][856]LogModuleManager: Shutting down and abandoning module FunctionalTesting (168)
[2018.06.13-01.33.45:872][856]LogModuleManager: Shutting down and abandoning module CollisionAnalyzer (166)
[2018.06.13-01.33.45:872][856]LogModuleManager: Shutting down and abandoning module WorkspaceMenuStructure (165)
[2018.06.13-01.33.45:872][856]LogModuleManager: Shutting down and abandoning module UMG (162)
[2018.06.13-01.33.45:872][856]LogModuleManager: Shutting down and abandoning module UMGEditor (161)
[2018.06.13-01.33.45:872][856]LogModuleManager: Shutting down and abandoning module Sequencer (160)
[2018.06.13-01.33.45:872][856]LogModuleManager: Shutting down and abandoning module MessageLog (157)
[2018.06.13-01.33.45:872][856]LogModuleManager: Shutting down and abandoning module SlateReflector (152)
[2018.06.13-01.33.45:872][856]LogModuleManager: Shutting down and abandoning module Slate (150)
[2018.06.13-01.33.45:872][856]LogModuleManager: Shutting down and abandoning module EditorStyle (148)
[2018.06.13-01.33.45:874][856]LogModuleManager: Shutting down and abandoning module MRMesh (146)
[2018.06.13-01.33.45:874][856]LogModuleManager: Shutting down and abandoning module Messaging (144)
[2018.06.13-01.33.45:874][856]LogModuleManager: Shutting down and abandoning module SourceCodeAccess (142)
[2018.06.13-01.33.45:874][856]LogModuleManager: Shutting down and abandoning module HeadMountedDisplay (140)
[2018.06.13-01.33.45:874][856]LogModuleManager: Shutting down and abandoning module XAudio2 (138)
[2018.06.13-01.33.45:874][856]LogModuleManager: Shutting down and abandoning module Networking (136)
[2018.06.13-01.33.45:874][856]LogModuleManager: Shutting down and abandoning module Core (134)
[2018.06.13-01.33.45:874][856]LogModuleManager: Shutting down and abandoning module LevelSequence (132)
[2018.06.13-01.33.45:874][856]LogModuleManager: Shutting down and abandoning module KismetCompiler (130)
[2018.06.13-01.33.45:874][856]LogModuleManager: Shutting down and abandoning module MeshUtilities (128)
[2018.06.13-01.33.45:874][856]LogModuleManager: Shutting down and abandoning module MeshMergeUtilities (127)
[2018.06.13-01.33.45:874][856]LogModuleManager: Shutting down and abandoning module MeshReductionInterface (126)
[2018.06.13-01.33.45:874][856]LogModuleManager: Shutting down and abandoning module SimplygonSwarm (125)
[2018.06.13-01.33.45:874][856]LogModuleManager: Shutting down and abandoning module SimplygonMeshReduction (123)
[2018.06.13-01.33.45:874][856]LogModuleManager: Shutting down and abandoning module QuadricMeshReduction (121)
[2018.06.13-01.33.45:874][856]LogModuleManager: Shutting down and abandoning module MaterialBaking (117)
[2018.06.13-01.33.45:875][856]LogModuleManager: Shutting down and abandoning module DerivedDataCache (112)
[2018.06.13-01.33.45:994][856]LogDerivedDataCache: Shutdown
[2018.06.13-01.33.45:994][856]LogModuleManager: Shutting down and abandoning module XGEController (110)
[2018.06.13-01.33.45:994][856]LogModuleManager: Shutting down and abandoning module TargetPlatform (108)
[2018.06.13-01.33.45:994][856]LogModuleManager: Shutting down and abandoning module VulkanShaderFormat (107)
[2018.06.13-01.33.45:994][856]LogModuleManager: Shutting down and abandoning module ShaderFormatVectorVM (105)
[2018.06.13-01.33.45:994][856]LogModuleManager: Shutting down and abandoning module ShaderFormatOpenGL (103)
[2018.06.13-01.33.45:994][856]LogModuleManager: Shutting down and abandoning module ShaderFormatD3D (101)
[2018.06.13-01.33.45:994][856]LogModuleManager: Shutting down and abandoning module MetalShaderFormat (99)
[2018.06.13-01.33.45:994][856]LogModuleManager: Shutting down and abandoning module TextureFormatUncompressed (97)
[2018.06.13-01.33.45:994][856]LogModuleManager: Shutting down and abandoning module TextureFormatPVR (95)
[2018.06.13-01.33.45:994][856]LogModuleManager: Shutting down and abandoning module TextureFormatDXT (93)
[2018.06.13-01.33.45:994][856]LogModuleManager: Shutting down and abandoning module TextureFormatIntelISPCTexComp (91)
[2018.06.13-01.33.45:994][856]LogModuleManager: Shutting down and abandoning module TextureFormatASTC (89)
[2018.06.13-01.33.45:994][856]LogModuleManager: Shutting down and abandoning module ImageWrapper (88)
[2018.06.13-01.33.45:994][856]LogModuleManager: Shutting down and abandoning module TextureFormatAndroid (85)
[2018.06.13-01.33.45:994][856]LogModuleManager: Shutting down and abandoning module AudioFormatOpus (83)
[2018.06.13-01.33.45:994][856]LogModuleManager: Shutting down and abandoning module AudioFormatOgg (81)
[2018.06.13-01.33.45:994][856]LogModuleManager: Shutting down and abandoning module AudioFormatADPCM (79)
[2018.06.13-01.33.45:994][856]LogModuleManager: Shutting down and abandoning module WindowsTargetPlatform (77)
[2018.06.13-01.33.45:994][856]LogModuleManager: Shutting down and abandoning module WindowsServerTargetPlatform (75)
[2018.06.13-01.33.45:994][856]LogModuleManager: Shutting down and abandoning module WindowsNoEditorTargetPlatform (73)
[2018.06.13-01.33.45:994][856]LogModuleManager: Shutting down and abandoning module WindowsClientTargetPlatform (71)
[2018.06.13-01.33.45:994][856]LogModuleManager: Shutting down and abandoning module InputCore (68)
[2018.06.13-01.33.45:994][856]LogModuleManager: Shutting down and abandoning module Settings (66)
[2018.06.13-01.33.45:994][856]LogModuleManager: Shutting down and abandoning module PhysXCooking (64)
[2018.06.13-01.33.45:994][856]LogModuleManager: Shutting down and abandoning module SteamVR (62)
[2018.06.13-01.33.45:994][856]LogModuleManager: Shutting down and abandoning module OculusHMD (60)
[2018.06.13-01.33.45:994][856]LogModuleManager: Shutting down and abandoning module ExampleDeviceProfileSelector (58)
[2018.06.13-01.33.45:994][856]LogModuleManager: Shutting down and abandoning module AppleARKit (56)
[2018.06.13-01.33.45:994][856]LogModuleManager: Shutting down and abandoning module AugmentedReality (55)
[2018.06.13-01.33.45:994][856]LogModuleManager: Shutting down and abandoning module OnlineBlueprintSupport (52)
[2018.06.13-01.33.45:994][856]LogModuleManager: Shutting down and abandoning module OnlineSubsystem (48)
[2018.06.13-01.33.45:994][856]LogOnline: Display: STEAM: OnlineSubsystemSteam::Shutdown()
[2018.06.13-01.33.45:994][856]LogOnline: Display: OSS: FOnlineAsyncTaskManager::Stop() ActiveTask:0000000000000000 Tasks[0/0]
[2018.06.13-01.33.46:048][856]LogOnline: Display: OSS: FOnlineAsyncTaskManager::Exit() started
[2018.06.13-01.33.46:048][856]LogOnline: Display: OSS: FOnlineAsyncTaskManager::Exit() finished
[2018.06.13-01.33.46:048][856]LogOnline: Display: STEAM: OnlineSubsystemSteam::Shutdown()
[2018.06.13-01.33.46:048][856]LogModuleManager: Shutting down and abandoning module XMPP (43)
[2018.06.13-01.33.46:048][856]LogModuleManager: Shutting down and abandoning module HTTP (41)
[2018.06.13-01.33.46:058][856]LogModuleManager: Shutting down and abandoning module SSL (40)
[2018.06.13-01.33.46:060][856]LogModuleManager: Shutting down and abandoning module AnimationModifiers (36)
[2018.06.13-01.33.46:060][856]LogModuleManager: Shutting down and abandoning module PropertyEditor (35)
[2018.06.13-01.33.46:060][856]LogModuleManager: Shutting down and abandoning module AudioEditor (32)
[2018.06.13-01.33.46:060][856]LogModuleManager: Shutting down and abandoning module TextureCompressor (30)
[2018.06.13-01.33.46:060][856]LogModuleManager: Shutting down and abandoning module ShaderCore (28)
[2018.06.13-01.33.46:060][856]LogModuleManager: Shutting down and abandoning module Landscape (26)
[2018.06.13-01.33.46:060][856]LogModuleManager: Shutting down and abandoning module SlateRHIRenderer (24)
[2018.06.13-01.33.46:061][856]LogModuleManager: Shutting down and abandoning module OpenGLDrv (22)
[2018.06.13-01.33.46:061][856]LogModuleManager: Shutting down and abandoning module D3D11RHI (20)
[2018.06.13-01.33.46:061][856]LogModuleManager: Shutting down and abandoning module AnimGraphRuntime (18)
[2018.06.13-01.33.46:061][856]LogModuleManager: Shutting down and abandoning module Renderer (16)
[2018.06.13-01.33.46:061][856]LogModuleManager: Shutting down and abandoning module Engine (14)
[2018.06.13-01.33.46:061][856]LogModuleManager: Shutting down and abandoning module CoreUObject (12)
[2018.06.13-01.33.46:061][856]LogModuleManager: Shutting down and abandoning module NetworkFile (10)
[2018.06.13-01.33.46:061][856]LogModuleManager: Shutting down and abandoning module CookedIterativeFile (8)
[2018.06.13-01.33.46:061][856]LogModuleManager: Shutting down and abandoning module StreamingFile (6)
[2018.06.13-01.33.46:061][856]LogModuleManager: Shutting down and abandoning module SandboxFile (4)
[2018.06.13-01.33.46:061][856]LogModuleManager: Shutting down and abandoning module PakFile (2)
[2018.06.13-01.33.46:068][856]LogExit: Exiting.
[2018.06.13-01.33.46:071][856]Log file closed, 06/12/18 21:33:46
