Log file open, 06/12/18 18:56:38
LogWindows: Failed to load 'aqProf.dll' (GetLastError=126)
LogWindows: File 'aqProf.dll' does not exist
LogWindows: Failed to load 'VtuneApi.dll' (GetLastError=126)
LogWindows: File 'VtuneApi.dll' does not exist
LogWindows: Failed to load 'VtuneApi32e.dll' (GetLastError=126)
LogWindows: File 'VtuneApi32e.dll' does not exist
LogInit: Display: Running engine for game: Quake
LogPlatformFile: Not using cached read wrapper
LogInit: Display: RandInit(-634489503) SRandInit(-634489503).
LogInit: Read version file with build ID '3944462'
LogInit: Overriding engine version to CL 4033788, compatible CL 3944462
LogInit: Registered custom module enumerator with build ID '3944462'
LogTaskGraph: Started task graph with 5 named threads and 23 total threads with 3 sets of task threads.
LogStats: Stats thread started at 0.346031
LogD3D11RHI: Aftermath initialized
LogICUInternationalization: Display: ICU TimeZone Detection - Raw Offset: -5:00, Platform Override: ''
LogModuleManager: Display: Found up-to-date module file ../../../Engine/Plugins/Online/OnlineSubsystemSteam/Binaries/Win64/UE4Editor-OnlineSubsystemSteam.dll (API version 3944462).
LogModuleManager: Display: Found up-to-date module file ../../../Engine/Plugins/Online/OnlineSubsystem/Binaries/Win64/UE4Editor-OnlineSubsystem.dll (API version 3944462).
LogModuleManager: Display: Found up-to-date module file ../../../Engine/Plugins/Online/OnlineSubsystemUtils/Binaries/Win64/UE4Editor-OnlineSubsystemUtils.dll (API version 3944462).
LogModuleManager: Display: Found up-to-date module file ../../../Engine/Plugins/Online/OnlineSubsystemUtils/Binaries/Win64/UE4Editor-OnlineBlueprintSupport.dll (API version 3944462).
LogModuleManager: Display: Found up-to-date module file ../../../Engine/Plugins/2D/Paper2D/Binaries/Win64/UE4Editor-Paper2D.dll (API version 3944462).
LogModuleManager: Display: Found up-to-date module file ../../../Engine/Plugins/2D/Paper2D/Binaries/Win64/UE4Editor-Paper2DEditor.dll (API version 3944462).
LogModuleManager: Display: Found up-to-date module file ../../../Engine/Plugins/2D/Paper2D/Binaries/Win64/UE4Editor-PaperSpriteSheetImporter.dll (API version 3944462).
LogModuleManager: Display: Found up-to-date module file ../../../Engine/Plugins/2D/Paper2D/Binaries/Win64/UE4Editor-PaperTiledImporter.dll (API version 3944462).
LogModuleManager: Display: Found up-to-date module file ../../../Engine/Plugins/2D/Paper2D/Binaries/Win64/UE4Editor-SmartSnapping.dll (API version 3944462).
LogModuleManager: Display: Found up-to-date module file ../../../Engine/Plugins/Blendables/LightPropagationVolume/Binaries/Win64/UE4Editor-LightPropagationVolumeRuntime.dll (API version 3944462).
LogModuleManager: Display: Found up-to-date module file ../../../Engine/Plugins/Blendables/LightPropagationVolume/Binaries/Win64/UE4Editor-LightPropagationVolumeEditor.dll (API version 3944462).
LogModuleManager: Display: Found up-to-date module file ../../../Engine/Plugins/Developer/CLionSourceCodeAccess/Binaries/Win64/UE4Editor-CLionSourceCodeAccess.dll (API version 3944462).
LogModuleManager: Display: Found up-to-date module file ../../../Engine/Plugins/Developer/GitSourceControl/Binaries/Win64/UE4Editor-GitSourceControl.dll (API version 3944462).
LogModuleManager: Display: Found up-to-date module file ../../../Engine/Plugins/Developer/PerforceSourceControl/Binaries/Win64/UE4Editor-PerforceSourceControl.dll (API version 3944462).
LogModuleManager: Display: Found up-to-date module file ../../../Engine/Plugins/Developer/SubversionSourceControl/Binaries/Win64/UE4Editor-SubversionSourceControl.dll (API version 3944462).
LogModuleManager: Display: Found up-to-date module file ../../../Engine/Plugins/Developer/UObjectPlugin/Binaries/Win64/UE4Editor-UObjectPlugin.dll (API version 3944462).
LogModuleManager: Display: Found up-to-date module file ../../../Engine/Plugins/Developer/VisualStudioCodeSourceCodeAccess/Binaries/Win64/UE4Editor-VisualStudioCodeSourceCodeAccess.dll (API version 3944462).
LogModuleManager: Display: Found up-to-date module file ../../../Engine/Plugins/Developer/VisualStudioSourceCodeAccess/Binaries/Win64/UE4Editor-VisualStudioSourceCodeAccess.dll (API version 3944462).
LogModuleManager: Display: Found up-to-date module file ../../../Engine/Plugins/Editor/AssetManagerEditor/Binaries/Win64/UE4Editor-AssetManagerEditor.dll (API version 3944462).
LogModuleManager: Display: Found up-to-date module file ../../../Engine/Plugins/Editor/CryptoKeys/Binaries/Win64/UE4Editor-CryptoKeys.dll (API version 3944462).
LogModuleManager: Display: Found up-to-date module file ../../../Engine/Plugins/Editor/CryptoKeys/Binaries/Win64/UE4Editor-CryptoKeysOpenSSL.dll (API version 3944462).
LogModuleManager: Display: Found up-to-date module file ../../../Engine/Plugins/Editor/DataValidation/Binaries/Win64/UE4Editor-DataValidation.dll (API version 3944462).
LogModuleManager: Display: Found up-to-date module file ../../../Engine/Plugins/Editor/FacialAnimation/Binaries/Win64/UE4Editor-FacialAnimation.dll (API version 3944462).
LogModuleManager: Display: Found up-to-date module file ../../../Engine/Plugins/Editor/FacialAnimation/Binaries/Win64/UE4Editor-FacialAnimationEditor.dll (API version 3944462).
LogModuleManager: Display: Found up-to-date module file ../../../Engine/Plugins/Editor/GameplayTagsEditor/Binaries/Win64/UE4Editor-GameplayTagsEditor.dll (API version 3944462).
LogModuleManager: Display: Found up-to-date module file ../../../Engine/Plugins/Editor/MobileLauncherProfileWizard/Binaries/Win64/UE4Editor-MobileLauncherProfileWizard.dll (API version 3944462).
LogModuleManager: Display: Found up-to-date module file ../../../Engine/Plugins/Editor/PluginBrowser/Binaries/Win64/UE4Editor-PluginBrowser.dll (API version 3944462).
LogModuleManager: Display: Found up-to-date module file ../../../Engine/Plugins/Editor/SpeedTreeImporter/Binaries/Win64/UE4Editor-SpeedTreeImporter.dll (API version 3944462).
LogModuleManager: Display: Found up-to-date module file ../../../Engine/Plugins/Enterprise/DatasmithContent/Binaries/Win64/UE4Editor-DatasmithContent.dll (API version 3944462).
LogModuleManager: Display: Found up-to-date module file ../../../Engine/Plugins/Experimental/AlembicImporter/Binaries/Win64/UE4Editor-AlembicImporter.dll (API version 3944462).
LogModuleManager: Display: Found up-to-date module file ../../../Engine/Plugins/Experimental/AlembicImporter/Binaries/Win64/UE4Editor-AlembicLibrary.dll (API version 3944462).
LogModuleManager: Display: Found up-to-date module file ../../../Engine/Plugins/Experimental/CharacterAI/Binaries/Win64/UE4Editor-CharacterAI.dll (API version 3944462).
LogModuleManager: Display: Found up-to-date module file ../../../Engine/Plugins/Experimental/HTML5Networking/Binaries/Win64/UE4Editor-HTML5Networking.dll (API version 3944462).
LogModuleManager: Display: Found up-to-date module file ../../../Engine/Plugins/Media/AndroidMedia/Binaries/Win64/UE4Editor-AndroidMediaEditor.dll (API version 3944462).
LogModuleManager: Display: Found up-to-date module file ../../../Engine/Plugins/Media/AndroidMedia/Binaries/Win64/UE4Editor-AndroidMediaFactory.dll (API version 3944462).
LogModuleManager: Display: Found up-to-date module file ../../../Engine/Plugins/Media/AvfMedia/Binaries/Win64/UE4Editor-AvfMediaEditor.dll (API version 3944462).
LogModuleManager: Display: Found up-to-date module file ../../../Engine/Plugins/Media/AvfMedia/Binaries/Win64/UE4Editor-AvfMediaFactory.dll (API version 3944462).
LogModuleManager: Display: Found up-to-date module file ../../../Engine/Plugins/Media/AvfMedia/Binaries/Win64/UE4Editor-AvfMediaFactory.dll (API version 3944462).
LogModuleManager: Display: Found up-to-date module file ../../../Engine/Plugins/Media/ImgMedia/Binaries/Win64/UE4Editor-ImgMedia.dll (API version 3944462).
LogModuleManager: Display: Found up-to-date module file ../../../Engine/Plugins/Media/ImgMedia/Binaries/Win64/UE4Editor-ImgMediaEditor.dll (API version 3944462).
LogModuleManager: Display: Found up-to-date module file ../../../Engine/Plugins/Media/ImgMedia/Binaries/Win64/UE4Editor-ImgMediaFactory.dll (API version 3944462).
LogModuleManager: Display: Found up-to-date module file ../../../Engine/Plugins/Media/ImgMedia/Binaries/Win64/UE4Editor-ImgMediaFactory.dll (API version 3944462).
LogModuleManager: Display: Found up-to-date module file ../../../Engine/Plugins/Media/ImgMedia/Binaries/Win64/UE4Editor-OpenExrWrapper.dll (API version 3944462).
LogModuleManager: Display: Found up-to-date module file ../../../Engine/Plugins/Media/LinearTimecode/Binaries/Win64/UE4Editor-LinearTimecode.dll (API version 3944462).
LogModuleManager: Display: Found up-to-date module file ../../../Engine/Plugins/Media/MediaCompositing/Binaries/Win64/UE4Editor-MediaCompositing.dll (API version 3944462).
LogModuleManager: Display: Found up-to-date module file ../../../Engine/Plugins/Media/MediaCompositing/Binaries/Win64/UE4Editor-MediaCompositingEditor.dll (API version 3944462).
LogModuleManager: Display: Found up-to-date module file ../../../Engine/Plugins/Media/MediaPlayerEditor/Binaries/Win64/UE4Editor-MediaPlayerEditor.dll (API version 3944462).
LogModuleManager: Display: Found up-to-date module file ../../../Engine/Plugins/Media/WmfMedia/Binaries/Win64/UE4Editor-WmfMedia.dll (API version 3944462).
LogModuleManager: Display: Found up-to-date module file ../../../Engine/Plugins/Media/WmfMedia/Binaries/Win64/UE4Editor-WmfMediaEditor.dll (API version 3944462).
LogModuleManager: Display: Found up-to-date module file ../../../Engine/Plugins/Media/WmfMedia/Binaries/Win64/UE4Editor-WmfMediaFactory.dll (API version 3944462).
LogModuleManager: Display: Found up-to-date module file ../../../Engine/Plugins/Media/WmfMedia/Binaries/Win64/UE4Editor-WmfMediaFactory.dll (API version 3944462).
LogModuleManager: Display: Found up-to-date module file ../../../Engine/Plugins/Messaging/TcpMessaging/Binaries/Win64/UE4Editor-TcpMessaging.dll (API version 3944462).
LogModuleManager: Display: Found up-to-date module file ../../../Engine/Plugins/Messaging/UdpMessaging/Binaries/Win64/UE4Editor-UdpMessaging.dll (API version 3944462).
LogModuleManager: Display: Found up-to-date module file ../../../Engine/Plugins/MovieScene/ActorSequence/Binaries/Win64/UE4Editor-ActorSequence.dll (API version 3944462).
LogModuleManager: Display: Found up-to-date module file ../../../Engine/Plugins/MovieScene/LevelSequenceEditor/Binaries/Win64/UE4Editor-LevelSequenceEditor.dll (API version 3944462).
LogModuleManager: Display: Found up-to-date module file ../../../Engine/Plugins/MovieScene/MatineeToLevelSequence/Binaries/Win64/UE4Editor-MatineeToLevelSequence.dll (API version 3944462).
LogModuleManager: Display: Found up-to-date module file ../../../Engine/Plugins/NetcodeUnitTest/NetcodeUnitTest/Binaries/Win64/UE4Editor-NetcodeUnitTest.dll (API version 3944462).
LogModuleManager: Display: Found up-to-date module file ../../../Engine/Plugins/NetcodeUnitTest/NUTUnrealEngine4/Binaries/Win64/UE4Editor-NUTUnrealEngine4.dll (API version 3944462).
LogModuleManager: Display: Found up-to-date module file ../../../Engine/Plugins/Runtime/AndroidPermission/Binaries/Win64/UE4Editor-AndroidPermission.dll (API version 3944462).
LogModuleManager: Display: Found up-to-date module file ../../../Engine/Plugins/Online/OnlineSubsystemNull/Binaries/Win64/UE4Editor-OnlineSubsystemNull.dll (API version 3944462).
LogModuleManager: Display: Found up-to-date module file ../../../Engine/Plugins/Runtime/AndroidDeviceProfileSelector/Binaries/Win64/UE4Editor-AndroidDeviceProfileSelector.dll (API version 3944462).
LogModuleManager: Display: Found up-to-date module file ../../../Engine/Plugins/Runtime/AppleARKit/Binaries/Win64/UE4Editor-AppleARKit.dll (API version 3944462).
LogModuleManager: Display: Found up-to-date module file ../../../Engine/Plugins/Runtime/ProceduralMeshComponent/Binaries/Win64/UE4Editor-ProceduralMeshComponent.dll (API version 3944462).
LogModuleManager: Display: Found up-to-date module file ../../../Engine/Plugins/Runtime/ProceduralMeshComponent/Binaries/Win64/UE4Editor-ProceduralMeshComponentEditor.dll (API version 3944462).
LogModuleManager: Display: Found up-to-date module file ../../../Engine/Plugins/Animation/LiveLink/Binaries/Win64/UE4Editor-LiveLink.dll (API version 3944462).
LogModuleManager: Display: Found up-to-date module file ../../../Engine/Plugins/Animation/LiveLink/Binaries/Win64/UE4Editor-LiveLinkEditor.dll (API version 3944462).
LogModuleManager: Display: Found up-to-date module file ../../../Engine/Plugins/Runtime/ArchVisCharacter/Binaries/Win64/UE4Editor-ArchVisCharacter.dll (API version 3944462).
LogModuleManager: Display: Found up-to-date module file ../../../Engine/Plugins/Runtime/AudioCapture/Binaries/Win64/UE4Editor-AudioCapture.dll (API version 3944462).
LogModuleManager: Display: Found up-to-date module file ../../../Engine/Plugins/Runtime/AudioCapture/Binaries/Win64/UE4Editor-AudioCaptureEditor.dll (API version 3944462).
LogModuleManager: Display: Found up-to-date module file ../../../Engine/Plugins/Runtime/CableComponent/Binaries/Win64/UE4Editor-CableComponent.dll (API version 3944462).
LogModuleManager: Display: Found up-to-date module file ../../../Engine/Plugins/Runtime/CustomMeshComponent/Binaries/Win64/UE4Editor-CustomMeshComponent.dll (API version 3944462).
LogModuleManager: Display: Found up-to-date module file ../../../Engine/Plugins/Runtime/ExampleDeviceProfileSelector/Binaries/Win64/UE4Editor-ExampleDeviceProfileSelector.dll (API version 3944462).
LogModuleManager: Display: Found up-to-date module file ../../../Engine/Plugins/Runtime/ImmediatePhysics/Binaries/Win64/UE4Editor-ImmediatePhysics.dll (API version 3944462).
LogModuleManager: Display: Found up-to-date module file ../../../Engine/Plugins/Runtime/ImmediatePhysics/Binaries/Win64/UE4Editor-ImmediatePhysicsEditor.dll (API version 3944462).
LogModuleManager: Display: Found up-to-date module file ../../../Engine/Plugins/Runtime/LocationServicesBPLibrary/Binaries/Win64/UE4Editor-LocationServicesBPLibrary.dll (API version 3944462).
LogModuleManager: Display: Found up-to-date module file ../../../Engine/Plugins/Runtime/MobilePatchingUtils/Binaries/Win64/UE4Editor-MobilePatchingUtils.dll (API version 3944462).
LogModuleManager: Display: Found up-to-date module file ../../../Engine/Plugins/Runtime/Oculus/OculusVR/Binaries/Win64/UE4Editor-OculusHMD.dll (API version 3944462).
LogModuleManager: Display: Found up-to-date module file ../../../Engine/Plugins/Runtime/Oculus/OculusVR/Binaries/Win64/UE4Editor-OculusInput.dll (API version 3944462).
LogModuleManager: Display: Found up-to-date module file ../../../Engine/Plugins/Runtime/Oculus/OculusVR/Binaries/Win64/UE4Editor-OculusEditor.dll (API version 3944462).
LogModuleManager: Display: Found up-to-date module file ../../../Engine/Plugins/Runtime/PhysXVehicles/Binaries/Win64/UE4Editor-PhysXVehicles.dll (API version 3944462).
LogModuleManager: Display: Found up-to-date module file ../../../Engine/Plugins/Runtime/PhysXVehicles/Binaries/Win64/UE4Editor-PhysXVehiclesEditor.dll (API version 3944462).
LogModuleManager: Display: Found up-to-date module file ../../../Engine/Plugins/Runtime/RuntimePhysXCooking/Binaries/Win64/UE4Editor-RuntimePhysXCooking.dll (API version 3944462).
LogModuleManager: Display: Found up-to-date module file ../../../Engine/Plugins/Runtime/Steam/SteamVR/Binaries/Win64/UE4Editor-SteamVR.dll (API version 3944462).
LogModuleManager: Display: Found up-to-date module file ../../../Engine/Plugins/Runtime/Steam/SteamVR/Binaries/Win64/UE4Editor-SteamVRController.dll (API version 3944462).
LogModuleManager: Display: Found up-to-date module file ../../../Engine/Plugins/Runtime/WindowsMoviePlayer/Binaries/Win64/UE4Editor-WindowsMoviePlayer.dll (API version 3944462).
LogPluginManager: Mounting plugin Paper2D
LogPluginManager: Mounting plugin LiveLink
LogPluginManager: Mounting plugin LightPropagationVolume
LogPluginManager: Mounting plugin CLionSourceCodeAccess
LogPluginManager: Mounting plugin CodeLiteSourceCodeAccess
LogPluginManager: Mounting plugin GitSourceControl
LogPluginManager: Mounting plugin KDevelopSourceCodeAccess
LogPluginManager: Mounting plugin NullSourceCodeAccess
LogPluginManager: Mounting plugin PerforceSourceControl
LogPluginManager: Mounting plugin SubversionSourceControl
LogPluginManager: Mounting plugin UObjectPlugin
LogPluginManager: Mounting plugin VisualStudioCodeSourceCodeAccess
LogPluginManager: Mounting plugin VisualStudioSourceCodeAccess
LogPluginManager: Mounting plugin XCodeSourceCodeAccess
LogPluginManager: Mounting plugin AssetManagerEditor
LogPluginManager: Mounting plugin CryptoKeys
LogPluginManager: Mounting plugin DataValidation
LogPluginManager: Mounting plugin FacialAnimation
LogPluginManager: Mounting plugin GameplayTagsEditor
LogPluginManager: Mounting plugin MobileLauncherProfileWizard
LogPluginManager: Mounting plugin PluginBrowser
LogPluginManager: Mounting plugin SpeedTreeImporter
LogPluginManager: Mounting plugin DatasmithContent
LogPluginManager: Mounting plugin AlembicImporter
LogPluginManager: Mounting plugin CharacterAI
LogPluginManager: Mounting plugin HTML5Networking
LogPluginManager: Mounting plugin AndroidMedia
LogPluginManager: Mounting plugin AvfMedia
LogPluginManager: Mounting plugin ImgMedia
LogPluginManager: Mounting plugin LinearTimecode
LogPluginManager: Mounting plugin MediaCompositing
LogPluginManager: Mounting plugin MediaPlayerEditor
LogPluginManager: Mounting plugin WmfMedia
LogPluginManager: Mounting plugin TcpMessaging
LogPluginManager: Mounting plugin UdpMessaging
LogPluginManager: Mounting plugin ActorSequence
LogPluginManager: Mounting plugin LevelSequenceEditor
LogPluginManager: Mounting plugin MatineeToLevelSequence
LogPluginManager: Mounting plugin NetcodeUnitTest
LogPluginManager: Mounting plugin NUTUnrealEngine4
LogPluginManager: Mounting plugin OnlineSubsystemGooglePlay
LogPluginManager: Mounting plugin OnlineSubsystemIOS
LogPluginManager: Mounting plugin OnlineSubsystem
LogPluginManager: Mounting plugin OnlineSubsystemNull
LogPluginManager: Mounting plugin OnlineSubsystemSteam
LogPluginManager: Mounting plugin OnlineSubsystemUtils
LogPluginManager: Mounting plugin AndroidDeviceProfileSelector
LogPluginManager: Mounting plugin AndroidMoviePlayer
LogPluginManager: Mounting plugin AndroidPermission
LogPluginManager: Mounting plugin AppleARKit
LogPluginManager: Mounting plugin AppleMoviePlayer
LogPluginManager: Mounting plugin ArchVisCharacter
LogPluginManager: Mounting plugin AudioCapture
LogPluginManager: Mounting plugin CableComponent
LogPluginManager: Mounting plugin CustomMeshComponent
LogPluginManager: Mounting plugin ExampleDeviceProfileSelector
LogPluginManager: Mounting plugin GoogleCloudMessaging
LogPluginManager: Mounting plugin ImmediatePhysics
LogPluginManager: Mounting plugin IOSDeviceProfileSelector
LogPluginManager: Mounting plugin LinuxDeviceProfileSelector
LogPluginManager: Mounting plugin LocationServicesBPLibrary
LogPluginManager: Mounting plugin MobilePatchingUtils
LogPluginManager: Mounting plugin OculusVR
LogPluginManager: Plugin shader directory ../../../Engine/Plugins/Runtime/Oculus/OculusVR/Shaders found
LogPluginManager: Mapping shader source directory ../../../Engine/Plugins/Runtime/Oculus/OculusVR/Shaders to virtual directory /Plugin/OculusVR
LogPluginManager: Mounting plugin PhysXVehicles
LogPluginManager: Mounting plugin ProceduralMeshComponent
LogPluginManager: Mounting plugin RuntimePhysXCooking
LogPluginManager: Mounting plugin SteamVR
LogPluginManager: Mounting plugin WindowsMoviePlayer
LogStreaming: Display: Took  1.491s to configure plugins.
LogInit: Using libcurl 7.47.1
LogInit:  - built for x86_64-pc-win32
LogInit:  - supports SSL with OpenSSL/1.0.2g
LogInit:  - supports HTTP deflate (compression) using libz 1.2.8
LogInit:  - other features:
LogInit:      CURL_VERSION_SSL
LogInit:      CURL_VERSION_LIBZ
LogInit:      CURL_VERSION_IPV6
LogInit:      CURL_VERSION_ASYNCHDNS
LogInit:      CURL_VERSION_LARGEFILE
LogInit:      CURL_VERSION_IDN
LogInit:  CurlRequestOptions (configurable via config and command line):
LogInit:  - bVerifyPeer = false  - Libcurl will NOT verify peer certificate
LogInit:  - bUseHttpProxy = false  - Libcurl will NOT use HTTP proxy
LogInit:  - bDontReuseConnections = false  - Libcurl will reuse connections
LogInit:  - CertBundlePath = nullptr  - Libcurl will use whatever was configured at build time.
LogInit:  - MaxHostConnections = 16  - Libcurl will limit the number of connections to a host
LogInit:  - LocalHostAddr = Default
LogOnline: Display: STEAM: Loading Steam SDK 1.39
LogInit: WinSock: version 1.1 (2.2), MaxSocks=32767, MaxUdp=65467
LogAppleARKit: Warning: Failed to bind to the listen port (76561198061062492:11111) for LiveLink face AR receiving with error (SE_NO_ERROR)
LogHMD: Failed initializing OVRPlugin 1.21.0
LogInit: Build: ++UE4+Release-4.19-CL-4033788
LogInit: Engine Version: 4.19.2-4033788+++UE4+Release-4.19
LogInit: Compatible Engine Version: 4.19.0-3944462+++UE4+Release-4.19
LogInit: Net CL: 3944462
LogDevObjectVersion: Number of dev versions registered: 18
LogDevObjectVersion:   Dev-Blueprints (B0D832E4-1F89-4F0D-ACCF-7EB736FD4AA2): 10
LogDevObjectVersion:   Dev-Build (E1C64328-A22C-4D53-A36C-8E866417BD8C): 0
LogDevObjectVersion:   Dev-Core (375EC13C-06E4-48FB-B500-84F0262A717E): 2
LogDevObjectVersion:   Dev-Editor (E4B068ED-F494-42E9-A231-DA0B2E46BB41): 23
LogDevObjectVersion:   Dev-Framework (CFFC743F-43B0-4480-9391-14DF171D2073): 33
LogDevObjectVersion:   Dev-Mobile (B02B49B5-BB20-44E9-A304-32B752E40360): 2
LogDevObjectVersion:   Dev-Networking (A4E4105C-59A1-49B5-A7C5-40C4547EDFEE): 0
LogDevObjectVersion:   Dev-Online (39C831C9-5AE6-47DC-9A44-9C173E1C8E7C): 0
LogDevObjectVersion:   Dev-Physics (78F01B33-EBEA-4F98-B9B4-84EACCB95AA2): 0
LogDevObjectVersion:   Dev-Platform (6631380F-2D4D-43E0-8009-CF276956A95A): 0
LogDevObjectVersion:   Dev-Rendering (12F88B9F-8875-4AFC-A67C-D90C383ABD29): 25
LogDevObjectVersion:   Dev-Sequencer (7B5AE74C-D270-4C10-A958-57980B212A5A): 6
LogDevObjectVersion:   Dev-VR (D7296918-1DD6-4BDD-9DE2-64A83CC13884): 1
LogDevObjectVersion:   Dev-LoadTimes (C2A15278-BFE7-4AFE-6C17-90FF531DF755): 1
LogDevObjectVersion:   Private-Geometry (6EACA3D4-40EC-4CC1-B786-8BED09428FC5): 2
LogDevObjectVersion:   Dev-AnimPhys (29E575DD-E0A3-4627-9D10-D276232CDCEA): 16
LogDevObjectVersion:   Dev-ReflectionCapture (6B266CEC-1EC7-4B8F-A30B-E4D90942FC07): 1
LogDevObjectVersion:   Dev-Automation (0DF73D61-A23F-47EA-B727-89E90C41499A): 1
LogInit: Compiled (64-bit): Apr 27 2018 02:06:57
LogInit: Compiled with Visual C++: 19.00.24215.01
LogInit: Build Configuration: Development
LogInit: Branch Name: ++UE4+Release-4.19
LogInit: Command Line:  /Game/Maps/Arena01 -game -PIEVIACONSOLE -ResX=1280 -ResY=720  -Multiprocess -messaging -SessionName="Play in Standalone Game" -windowed 
LogInit: Base Directory: C:/Program Files/Epic Games/UE_4.19/Engine/Binaries/Win64/
LogInit: Installed Engine Build: 1
LogStreaming: Display: Took  0.003s to delete old logs.
LogInit: Presizing for max 8388607 objects, including 0 objects not considered by GC, pre-allocating 0 bytes for permanent pool.
LogInit: Object subsystem initialized
[2018.06.12-22.56.41:332][  0]LogInit: Selected Device Profile: [Windows]
[2018.06.12-22.56.41:332][  0]LogInit: Applying CVar settings loaded from the selected device profile: [Windows]
[2018.06.12-22.56.41:337][  0]LogInit: Computer: ROBS-BLADE
[2018.06.12-22.56.41:337][  0]LogInit: User: RobsBlade
[2018.06.12-22.56.41:337][  0]LogInit: CPU Page size=4096, Cores=4
[2018.06.12-22.56.41:337][  0]LogInit: High frequency timer resolution =2.531247 MHz
[2018.06.12-22.56.41:337][  0]LogMemory: Memory total: Physical=15.9GB (16GB approx)
[2018.06.12-22.56.41:337][  0]LogMemory: Platform Memory Stats for Windows
[2018.06.12-22.56.41:337][  0]LogMemory: Process Physical Memory: 306.07 MB used, 306.07 MB peak
[2018.06.12-22.56.41:337][  0]LogMemory: Process Virtual Memory: 276.95 MB used, 276.95 MB peak
[2018.06.12-22.56.41:337][  0]LogMemory: Physical Memory: 7589.84 MB used,  8686.34 MB free, 16276.17 MB total
[2018.06.12-22.56.41:337][  0]LogMemory: Virtual Memory: 4941.77 MB used,  8686.34 MB free, 134217728.00 MB total
[2018.06.12-22.56.41:378][  0]LogInit: Using OS detected language (en-US).
[2018.06.12-22.56.41:378][  0]LogInit: Using OS detected locale (en-US).
[2018.06.12-22.56.41:378][  0]LogTextLocalizationManager: No localization for 'en-US' exists, so 'en' will be used for the language.
[2018.06.12-22.56.41:378][  0]LogTextLocalizationManager: No localization for 'en-US' exists, so 'en' will be used for the locale.
[2018.06.12-22.56.41:951][  0]LogStreaming: Display: Took  0.574s to EndInitTextLocalization.
[2018.06.12-22.56.41:981][  0]LogSlate: New Slate User Created.  User Index 0, Is Virtual User: 0
[2018.06.12-22.56.41:981][  0]LogSlate: Slate User Registered.  User Index 0, Is Virtual User: 0
[2018.06.12-22.56.42:001][  0]LogD3D11RHI: D3D11 adapters:
[2018.06.12-22.56.42:072][  0]LogD3D11RHI:    0. 'NVIDIA GeForce GTX 1060' (Feature Level 11_0)
[2018.06.12-22.56.42:072][  0]LogD3D11RHI:       6052/0/8138 MB DedicatedVideo/DedicatedSystem/SharedSystem, Outputs:1, VendorId:0x10de
[2018.06.12-22.56.42:099][  0]LogD3D11RHI:    1. 'Intel(R) HD Graphics 530' (Feature Level 11_0)
[2018.06.12-22.56.42:099][  0]LogD3D11RHI:       128/0/8138 MB DedicatedVideo/DedicatedSystem/SharedSystem, Outputs:0, VendorId:0x8086
[2018.06.12-22.56.42:105][  0]LogD3D11RHI:    2. 'Microsoft Basic Render Driver' (Feature Level 11_0)
[2018.06.12-22.56.42:105][  0]LogD3D11RHI:       0/0/8138 MB DedicatedVideo/DedicatedSystem/SharedSystem, Outputs:0, VendorId:0x1414
[2018.06.12-22.56.42:105][  0]LogD3D11RHI: Chosen D3D11 Adapter: 0
[2018.06.12-22.56.42:134][  0]LogD3D11RHI: Creating new Direct3DDevice
[2018.06.12-22.56.42:135][  0]LogD3D11RHI:     GPU DeviceId: 0x1c20 (for the marketing name, search the web for "GPU Device Id")
[2018.06.12-22.56.42:135][  0]LogWindows: EnumDisplayDevices:
[2018.06.12-22.56.42:135][  0]LogWindows:    0. 'Intel(R) HD Graphics 530' (P:1 D:1)
[2018.06.12-22.56.42:136][  0]LogWindows:    1. 'Intel(R) HD Graphics 530' (P:0 D:0)
[2018.06.12-22.56.42:136][  0]LogWindows:    2. 'Intel(R) HD Graphics 530' (P:0 D:0)
[2018.06.12-22.56.42:136][  0]LogWindows:    3. 'NVIDIA GeForce GTX 1060' (P:0 D:0)
[2018.06.12-22.56.42:136][  0]LogWindows: DebugString: GetVideoDriverDetailsInvalid PrimaryIsNotTheChoosenAdapter GetVideoDriverDetailsInvalid PrimaryIsNotTheChoosenAdapter GetVideoDriverDetailsInvalid PrimaryIsNotTheChoosenAdapter GetVideoDriverDetailsInvalid PrimaryIsNotTheChoosenAdapter FoundDriverCount:0 
[2018.06.12-22.56.42:136][  0]LogD3D11RHI:     Adapter Name: NVIDIA GeForce GTX 1060
[2018.06.12-22.56.42:136][  0]LogD3D11RHI:   Driver Version: Unknown (internal:Unknown, unified:Unknown)
[2018.06.12-22.56.42:136][  0]LogD3D11RHI:      Driver Date: Unknown
[2018.06.12-22.56.42:136][  0]LogRHI: Texture pool is 4236 MB (70% of 6052 MB)
[2018.06.12-22.56.42:190][  0]LogD3D11RHI: [Aftermath] Aftermath enabled and primed
[2018.06.12-22.56.42:190][  0]LogD3D11RHI: [Aftermath] Aftermath enabled and primed
[2018.06.12-22.56.42:190][  0]LogD3D11RHI: Async texture creation enabled
[2018.06.12-22.56.42:213][  0]LogD3D11RHI: GPU Timing Frequency: 1000.000000 (Debug: 2 2)
[2018.06.12-22.56.42:214][  0]LogShaderCompilers: Guid format shader working directory is -14 characters bigger than the processId version (../../../../../../Users/Rob's Blade/Documents/Unreal Projects/Quake/Intermediate/Shaders/WorkingDirectory/228/).
[2018.06.12-22.56.42:214][  0]LogShaderCompilers: Cleaned the shader compiler working directory 'C:/Users/Rob's Blade/AppData/Local/Temp/UnrealShaderWorkingDir/81E1D816476BE1FD8ED964B222167DE1/'.
[2018.06.12-22.56.42:518][  0]LogTemp: Display: Loaded TP WindowsClientTargetPlatform
[2018.06.12-22.56.42:535][  0]LogTemp: Display: Loaded TP WindowsNoEditorTargetPlatform
[2018.06.12-22.56.42:551][  0]LogTemp: Display: Loaded TP WindowsServerTargetPlatform
[2018.06.12-22.56.42:574][  0]LogTemp: Display: Loaded TP WindowsTargetPlatform
[2018.06.12-22.56.42:574][  0]LogTargetPlatformManager: Display: Building Assets For Windows
[2018.06.12-22.56.42:747][  0]LogXGEController: Cannot use XGE Controller as Incredibuild is not installed on this machine.
[2018.06.12-22.56.42:747][  0]LogShaderCompilers: Cannot use XGE Shader Compiler as Incredibuild is not installed on this machine.
[2018.06.12-22.56.42:747][  0]LogShaderCompilers: Display: Using Local Shader Compiler.
[2018.06.12-22.56.43:627][  0]LogDerivedDataCache: Display: Max Cache Size: 512 MB
[2018.06.12-22.56.43:715][  0]LogDerivedDataCache: Loaded boot cache 0.09s 74MB C:/Users/Rob's Blade/AppData/Local/UnrealEngine/4.19/DerivedDataCache/Boot.ddc.
[2018.06.12-22.56.43:715][  0]LogDerivedDataCache: Display: Loaded Boot cache: C:/Users/Rob's Blade/AppData/Local/UnrealEngine/4.19/DerivedDataCache/Boot.ddc
[2018.06.12-22.56.43:715][  0]LogDerivedDataCache: FDerivedDataBackendGraph:  Pak pak cache file ../../../../../../Users/Rob's Blade/Documents/Unreal Projects/Quake/DerivedDataCache/DDC.ddp not found, will not use a pak cache.
[2018.06.12-22.56.43:715][  0]LogDerivedDataCache: Unable to find inner node Pak for hierarchical cache Hierarchy.
[2018.06.12-22.56.43:715][  0]LogDerivedDataCache: FDerivedDataBackendGraph:  CompressedPak pak cache file ../../../../../../Users/Rob's Blade/Documents/Unreal Projects/Quake/DerivedDataCache/Compressed.ddp not found, will not use a pak cache.
[2018.06.12-22.56.43:715][  0]LogDerivedDataCache: Unable to find inner node CompressedPak for hierarchical cache Hierarchy.
[2018.06.12-22.56.43:737][  0]LogDerivedDataCache: Display: Pak cache opened for reading ../../../Engine/DerivedDataCache/Compressed.ddp.
[2018.06.12-22.56.43:749][  0]LogDerivedDataCache: Using Local data cache path C:/Users/Rob's Blade/AppData/Local/UnrealEngine/Common/DerivedDataCache: Writable
[2018.06.12-22.56.43:749][  0]LogDerivedDataCache: Shared data cache path not found in *engine.ini, will not use an Shared cache.
[2018.06.12-22.56.43:749][  0]LogDerivedDataCache: Unable to find inner node Shared for hierarchical cache Hierarchy.
[2018.06.12-22.56.43:763][  0]LogMaterial: Verifying Global Shaders for PCD3D_SM5
[2018.06.12-22.56.43:764][  0]LogSlate: Using Freetype 2.6.0
[2018.06.12-22.56.43:765][  0]LogSlate: SlateFontCache - WITH_FREETYPE: 1, WITH_HARFBUZZ: 1
[2018.06.12-22.56.43:765][  0]LogSlate: SlateFontCache - WITH_FREETYPE: 1, WITH_HARFBUZZ: 1
[2018.06.12-22.56.44:031][  0]LogAssetRegistry: FAssetRegistry took 0.0063 seconds to start up
[2018.06.12-22.56.44:301][  0]LogPackageLocalizationCache: Processed 9 localized package path(s) for 1 prioritized culture(s) in 0.018324 seconds
[2018.06.12-22.56.44:450][  0]LogInit: Selected Device Profile: [Windows]
[2018.06.12-22.56.44:679][  0]LogSimplygon: Simplygon DLL not present - disabling.
[2018.06.12-22.56.44:684][  0]LogMeshReduction: Using SimplygonSwarm for distributed automatic mesh merging
[2018.06.12-22.56.44:684][  0]LogMeshReduction: Using QuadricMeshReduction for automatic static mesh reduction
[2018.06.12-22.56.44:684][  0]LogMeshReduction: No automatic skeletal mesh reduction module available
[2018.06.12-22.56.44:684][  0]LogMeshReduction: No automatic mesh merging module available
[2018.06.12-22.56.44:684][  0]LogMeshMerging: No automatic mesh merging module available
[2018.06.12-22.56.44:724][  0]LogNetVersion: Quake , NetCL: 3944462, EngineNetVer: 2, GameNetVer: 0 (Checksum: 1851811319)
[2018.06.12-22.56.45:692][  0]LogMoviePlayer: Initializing movie player
[2018.06.12-22.56.46:218][  0]LogTcpMessaging: Initializing TcpMessaging bridge
[2018.06.12-22.56.46:254][  0]LogUdpMessaging: Initializing bridge on interface 0.0.0.0:0 to multicast group 230.0.0.1:6666.
[2018.06.12-22.56.46:597][  0]SourceControl: Source control is disabled
[2018.06.12-22.56.46:598][  0]SourceControl: Source control is disabled
[2018.06.12-22.56.46:632][  0]SourceControl: Source control is disabled
[2018.06.12-22.56.47:158][  0]LogAndroidPermission: UAndroidPermissionCallbackProxy::GetInstance
[2018.06.12-22.56.47:392][  0]LogOcInput: OculusInput pre-init called
[2018.06.12-22.56.47:472][  0]LogUObjectArray: 40131 objects as part of root set at end of initial load.
[2018.06.12-22.56.47:472][  0]LogUObjectAllocator: 8578472 out of 0 bytes used by permanent object pool.
[2018.06.12-22.56.47:472][  0]LogUObjectArray: CloseDisregardForGC: 0/0 objects in disregard for GC pool
[2018.06.12-22.56.47:551][  0]LogEngine: Initializing Engine...
[2018.06.12-22.56.47:556][  0]LogHMD: Failed to initialize OpenVR with code 110
[2018.06.12-22.56.47:568][  0]LogStats: UGameplayTagsManager::ConstructGameplayTagTree: Construct from data asset -  0.000 s
[2018.06.12-22.56.47:568][  0]LogStats: UGameplayTagsManager::ConstructGameplayTagTree: GameplayTagTreeChangedEvent.Broadcast -  0.000 s
[2018.06.12-22.56.47:868][  0]LogInit: XAudio2 using 'Speakers (Realtek High Definition Audio)' : 2 channels at 48 kHz using 32 bits per sample (channel mask 0x3)
[2018.06.12-22.56.47:896][  0]LogInit: FAudioDevice initialized.
[2018.06.12-22.56.47:925][  0]LogInit: Texture streaming: Enabled
[2018.06.12-22.56.48:122][  0]LogUObjectGlobals: Created PersistentFrame Addr=0x000002335ac6df80, Size=536, Default__GameInfoInstance_C Function /Game/Blueprints/AllLevels/GameInfoInstance.GameInfoInstance_C:ExecuteUbergraph_GameInfoInstance
[2018.06.12-22.56.48:132][  0]LogUObjectGlobals: Created PersistentFrame Addr=0x000002335ac951c0, Size=288, Default__PlayerControllerGM_C Function /Game/Blueprints/Gameplay/PlayerControllerGM.PlayerControllerGM_C:ExecuteUbergraph_PlayerControllerGM
[2018.06.12-22.56.48:138][  0]LogUObjectGlobals: Created PersistentFrame Addr=0x000002335ac5cf00, Size=224, Default__GameplayGM_C Function /Game/Blueprints/Gameplay/GameplayGM.GameplayGM_C:ExecuteUbergraph_GameplayGM
[2018.06.12-22.56.48:165][  0]LogUObjectGlobals: Created PersistentFrame Addr=0x000002335abf54e0, Size=80, Default__HostMenu_C Function /Game/UI/MainMenu/HostMenu.HostMenu_C:ExecuteUbergraph_HostMenu
[2018.06.12-22.56.48:171][  0]LogUObjectGlobals: Created PersistentFrame Addr=0x00000233592b8ce8, Size=40, Default__MainMenu_C Function /Game/UI/MainMenu/MainMenu.MainMenu_C:ExecuteUbergraph_MainMenu
[2018.06.12-22.56.48:176][  0]LogUObjectGlobals: Created PersistentFrame Addr=0x000002335ab9f0b0, Size=104, Default__OptionsMenu_C Function /Game/UI/MainMenu/OptionsMenu.OptionsMenu_C:ExecuteUbergraph_OptionsMenu
[2018.06.12-22.56.48:187][  0]LogUObjectGlobals: Created PersistentFrame Addr=0x000002335ac2d800, Size=608, Default__ServerMenu_C Function /Game/UI/MainMenu/ServerMenu.ServerMenu_C:ExecuteUbergraph_ServerMenu
[2018.06.12-22.56.48:223][  0]LogUObjectGlobals: Created PersistentFrame Addr=0x000002335ab95940, Size=320, Default__ChatWindow_C Function /Game/UI/AllLevels/ChatWindow.ChatWindow_C:ExecuteUbergraph_ChatWindow
[2018.06.12-22.56.48:227][  0]LogUObjectGlobals: Created PersistentFrame Addr=0x000002335a92f200, Size=848, Default__LobbyPC_C Function /Game/Blueprints/Lobby/LobbyPC.LobbyPC_C:ExecuteUbergraph_LobbyPC
[2018.06.12-22.56.48:232][  0]LogUObjectGlobals: Created PersistentFrame Addr=0x000002335ab80100, Size=752, Default__LobbyGM_C Function /Game/Blueprints/Lobby/LobbyGM.LobbyGM_C:ExecuteUbergraph_LobbyGM
[2018.06.12-22.56.48:237][  0]LogUObjectGlobals: Created PersistentFrame Addr=0x000002335a913a00, Size=688, Default__0_Base_C Function /Game/Blueprints/Characters/0_Base.0_Base_C:ExecuteUbergraph_0_Base
[2018.06.12-22.56.48:239][  0]LogUObjectGlobals: Created PersistentFrame Addr=0x000002335ab76d00, Size=256, Default__FirstPersonProjectile_C Function /Game/FirstPersonBP/Blueprints/FirstPersonProjectile.FirstPersonProjectile_C:ExecuteUbergraph_FirstPersonProjectile
[2018.06.12-22.56.48:255][  0]LogUObjectGlobals: Created PersistentFrame Addr=0x000002335a93cc20, Size=72, Default__FirstPerson_AnimBP_C Function /Game/FirstPerson/Animations/FirstPerson_AnimBP.FirstPerson_AnimBP_C:ExecuteUbergraph_FirstPerson_AnimBP
[2018.06.12-22.56.48:305][  0]LogUObjectGlobals: Created PersistentFrame Addr=0x0000023356d2ee00, Size=688, Default__Character1_C Function /Game/Blueprints/Characters/Character1.Character1_C:ExecuteUbergraph_Character1
[2018.06.12-22.56.48:321][  0]LogUObjectGlobals: Created PersistentFrame Addr=0x0000023356d2df00, Size=688, Default__Character2_C Function /Game/Blueprints/Characters/Character2.Character2_C:ExecuteUbergraph_Character2
[2018.06.12-22.56.48:335][  0]LogUObjectGlobals: Created PersistentFrame Addr=0x0000023356d2ca00, Size=688, Default__Character3_C Function /Game/Blueprints/Characters/Character3.Character3_C:ExecuteUbergraph_Character3
[2018.06.12-22.56.48:353][  0]LogUObjectGlobals: Created PersistentFrame Addr=0x0000023356c43100, Size=688, Default__Character4_C Function /Game/Blueprints/Characters/Character4.Character4_C:ExecuteUbergraph_Character4
[2018.06.12-22.56.48:370][  0]LogUObjectGlobals: Created PersistentFrame Addr=0x0000023356c42800, Size=688, Default__Character5_C Function /Game/Blueprints/Characters/Character5.Character5_C:ExecuteUbergraph_Character5
[2018.06.12-22.56.48:386][  0]LogUObjectGlobals: Created PersistentFrame Addr=0x0000023356c41300, Size=688, Default__Character6_C Function /Game/Blueprints/Characters/Character6.Character6_C:ExecuteUbergraph_Character6
[2018.06.12-22.56.48:400][  0]LogUObjectGlobals: Created PersistentFrame Addr=0x0000023356c40400, Size=688, Default__Character7_C Function /Game/Blueprints/Characters/Character7.Character7_C:ExecuteUbergraph_Character7
[2018.06.12-22.56.48:416][  0]LogUObjectGlobals: Created PersistentFrame Addr=0x000002335a7e6b00, Size=688, Default__Character8_C Function /Game/Blueprints/Characters/Character8.Character8_C:ExecuteUbergraph_Character8
[2018.06.12-22.56.48:439][  0]LogUObjectGlobals: Created PersistentFrame Addr=0x000002335a76f240, Size=320, Default__LobbyMenu_C Function /Game/UI/Lobby/LobbyMenu.LobbyMenu_C:ExecuteUbergraph_LobbyMenu
[2018.06.12-22.56.48:446][  0]LogUObjectGlobals: Created PersistentFrame Addr=0x000002335a782cf0, Size=80, Default__CharacterSelect_C Function /Game/UI/Lobby/CharacterSelect.CharacterSelect_C:ExecuteUbergraph_CharacterSelect
[2018.06.12-22.56.48:461][  0]LogUObjectGlobals: Created PersistentFrame Addr=0x000002335a7ab4c0, Size=192, Default__GameSettings_C Function /Game/UI/Lobby/GameSettings.GameSettings_C:ExecuteUbergraph_GameSettings
[2018.06.12-22.56.48:464][  0]LogUObjectGlobals: Created PersistentFrame Addr=0x000002335a7a2820, Size=32, Default__PlayerButton_C Function /Game/UI/Lobby/PlayerButton.PlayerButton_C:ExecuteUbergraph_PlayerButton
[2018.06.12-22.56.48:531][  0]LogUObjectGlobals: Created PersistentFrame Addr=0x0000023356c9ab40, Size=4, Default__ConnectedPlayer_C Function /Game/UI/Lobby/ConnectedPlayer.ConnectedPlayer_C:ExecuteUbergraph_ConnectedPlayer
[2018.06.12-22.56.48:760][  0]LogUObjectGlobals: Destroyed PersistentFrame Addr=0x000002335a93cc20, Size=72
[2018.06.12-22.56.48:760][  0]LogUObjectGlobals: Created PersistentFrame Addr=0x0000023356d7ee80, Size=72, Default__FirstPerson_AnimBP_C Function /Engine/Transient.REINST_FirstPerson_AnimBP_C_0:ExecuteUbergraph_FirstPerson_AnimBP
[2018.06.12-22.56.48:762][  0]LogUObjectGlobals: Destroyed PersistentFrame Addr=0x000002335ab76d00, Size=256
[2018.06.12-22.56.48:762][  0]LogUObjectGlobals: Created PersistentFrame Addr=0x000002334bbd7f00, Size=256, Default__FirstPersonProjectile_C Function /Engine/Transient.REINST_FirstPersonProjectile_C_3:ExecuteUbergraph_FirstPersonProjectile
[2018.06.12-22.56.48:763][  0]LogUObjectGlobals: Destroyed PersistentFrame Addr=0x000002335ac6df80, Size=536
[2018.06.12-22.56.48:763][  0]LogUObjectGlobals: Created PersistentFrame Addr=0x000002334bbcf380, Size=536, Default__GameInfoInstance_C Function /Engine/Transient.REINST_GameInfoInstance_C_4:ExecuteUbergraph_GameInfoInstance
[2018.06.12-22.56.48:765][  0]LogUObjectGlobals: Destroyed PersistentFrame Addr=0x000002335a913a00, Size=688
[2018.06.12-22.56.48:765][  0]LogUObjectGlobals: Created PersistentFrame Addr=0x00000233568d5000, Size=688, Default__0_Base_C Function /Engine/Transient.REINST_0_Base_C_6:ExecuteUbergraph_0_Base
[2018.06.12-22.56.48:767][  0]LogUObjectGlobals: Destroyed PersistentFrame Addr=0x0000023356d2ee00, Size=688
[2018.06.12-22.56.48:767][  0]LogUObjectGlobals: Created PersistentFrame Addr=0x00000233568d4100, Size=688, Default__Character1_C Function /Engine/Transient.REINST_Character1_C_7:ExecuteUbergraph_Character1
[2018.06.12-22.56.48:769][  0]LogUObjectGlobals: Destroyed PersistentFrame Addr=0x0000023356d2df00, Size=688
[2018.06.12-22.56.48:769][  0]LogUObjectGlobals: Created PersistentFrame Addr=0x000002334b972800, Size=688, Default__Character2_C Function /Engine/Transient.REINST_Character2_C_8:ExecuteUbergraph_Character2
[2018.06.12-22.56.48:770][  0]LogUObjectGlobals: Destroyed PersistentFrame Addr=0x0000023356d2ca00, Size=688
[2018.06.12-22.56.48:770][  0]LogUObjectGlobals: Created PersistentFrame Addr=0x000002334b970d00, Size=688, Default__Character3_C Function /Engine/Transient.REINST_Character3_C_9:ExecuteUbergraph_Character3
[2018.06.12-22.56.48:772][  0]LogUObjectGlobals: Destroyed PersistentFrame Addr=0x0000023356c43100, Size=688
[2018.06.12-22.56.48:772][  0]LogUObjectGlobals: Created PersistentFrame Addr=0x000002334b94fa00, Size=688, Default__Character4_C Function /Engine/Transient.REINST_Character4_C_10:ExecuteUbergraph_Character4
[2018.06.12-22.56.48:775][  0]LogUObjectGlobals: Destroyed PersistentFrame Addr=0x0000023356c42800, Size=688
[2018.06.12-22.56.48:775][  0]LogUObjectGlobals: Created PersistentFrame Addr=0x000002334b94ee00, Size=688, Default__Character5_C Function /Engine/Transient.REINST_Character5_C_11:ExecuteUbergraph_Character5
[2018.06.12-22.56.48:778][  0]LogUObjectGlobals: Destroyed PersistentFrame Addr=0x0000023356c41300, Size=688
[2018.06.12-22.56.48:778][  0]LogUObjectGlobals: Created PersistentFrame Addr=0x000002334b94dc00, Size=688, Default__Character6_C Function /Engine/Transient.REINST_Character6_C_12:ExecuteUbergraph_Character6
[2018.06.12-22.56.48:780][  0]LogUObjectGlobals: Destroyed PersistentFrame Addr=0x0000023356c40400, Size=688
[2018.06.12-22.56.48:780][  0]LogUObjectGlobals: Created PersistentFrame Addr=0x000002334b94d000, Size=688, Default__Character7_C Function /Engine/Transient.REINST_Character7_C_13:ExecuteUbergraph_Character7
[2018.06.12-22.56.48:781][  0]LogUObjectGlobals: Destroyed PersistentFrame Addr=0x000002335a7e6b00, Size=688
[2018.06.12-22.56.48:781][  0]LogUObjectGlobals: Created PersistentFrame Addr=0x000002334b94c400, Size=688, Default__Character8_C Function /Engine/Transient.REINST_Character8_C_14:ExecuteUbergraph_Character8
[2018.06.12-22.56.48:782][  0]LogUObjectGlobals: Destroyed PersistentFrame Addr=0x000002335a782cf0, Size=80
[2018.06.12-22.56.48:782][  0]LogUObjectGlobals: Created PersistentFrame Addr=0x000002334b988fe0, Size=80, Default__CharacterSelect_C Function /Engine/Transient.REINST_CharacterSelect_C_0:ExecuteUbergraph_CharacterSelect
[2018.06.12-22.56.48:782][  0]LogUObjectGlobals: Destroyed PersistentFrame Addr=0x000002335ab95940, Size=320
[2018.06.12-22.56.48:782][  0]LogUObjectGlobals: Created PersistentFrame Addr=0x000002335a530400, Size=320, Default__ChatWindow_C Function /Engine/Transient.REINST_ChatWindow_C_2:ExecuteUbergraph_ChatWindow
[2018.06.12-22.56.48:782][  0]LogUObjectGlobals: Destroyed PersistentFrame Addr=0x0000023356c9ab40, Size=4
[2018.06.12-22.56.48:782][  0]LogUObjectGlobals: Created PersistentFrame Addr=0x000002334b997d70, Size=4, Default__ConnectedPlayer_C Function /Engine/Transient.REINST_ConnectedPlayer_C_3:ExecuteUbergraph_ConnectedPlayer
[2018.06.12-22.56.48:783][  0]LogUObjectGlobals: Destroyed PersistentFrame Addr=0x000002335a7ab4c0, Size=192
[2018.06.12-22.56.48:784][  0]LogUObjectGlobals: Created PersistentFrame Addr=0x0000023356f19240, Size=192, Default__GameSettings_C Function /Engine/Transient.REINST_GameSettings_C_5:ExecuteUbergraph_GameSettings
[2018.06.12-22.56.48:784][  0]LogUObjectGlobals: Destroyed PersistentFrame Addr=0x000002335abf54e0, Size=80
[2018.06.12-22.56.48:784][  0]LogUObjectGlobals: Created PersistentFrame Addr=0x000002334b90ffb0, Size=80, Default__HostMenu_C Function /Engine/Transient.REINST_HostMenu_C_6:ExecuteUbergraph_HostMenu
[2018.06.12-22.56.48:786][  0]LogUObjectGlobals: Destroyed PersistentFrame Addr=0x000002335a76f240, Size=320
[2018.06.12-22.56.48:786][  0]LogUObjectGlobals: Created PersistentFrame Addr=0x000002335a530180, Size=320, Default__LobbyMenu_C Function /Engine/Transient.REINST_LobbyMenu_C_8:ExecuteUbergraph_LobbyMenu
[2018.06.12-22.56.48:787][  0]LogUObjectGlobals: Destroyed PersistentFrame Addr=0x000002335a92f200, Size=848
[2018.06.12-22.56.48:787][  0]LogUObjectGlobals: Created PersistentFrame Addr=0x000002334b916e80, Size=848, Default__LobbyPC_C Function /Engine/Transient.REINST_LobbyPC_C_15:ExecuteUbergraph_LobbyPC
[2018.06.12-22.56.48:787][  0]LogUObjectGlobals: Destroyed PersistentFrame Addr=0x00000233592b8ce8, Size=40
[2018.06.12-22.56.48:787][  0]LogUObjectGlobals: Created PersistentFrame Addr=0x000002335a4ad760, Size=40, Default__MainMenu_C Function /Engine/Transient.REINST_MainMenu_C_9:ExecuteUbergraph_MainMenu
[2018.06.12-22.56.48:787][  0]LogUObjectGlobals: Destroyed PersistentFrame Addr=0x000002335ab9f0b0, Size=104
[2018.06.12-22.56.48:787][  0]LogUObjectGlobals: Created PersistentFrame Addr=0x000002334b9def60, Size=104, Default__OptionsMenu_C Function /Engine/Transient.REINST_OptionsMenu_C_10:ExecuteUbergraph_OptionsMenu
[2018.06.12-22.56.48:788][  0]LogUObjectGlobals: Destroyed PersistentFrame Addr=0x000002335a7a2820, Size=32
[2018.06.12-22.56.48:788][  0]LogUObjectGlobals: Created PersistentFrame Addr=0x000002334b9c16a0, Size=32, Default__PlayerButton_C Function /Engine/Transient.REINST_PlayerButton_C_11:ExecuteUbergraph_PlayerButton
[2018.06.12-22.56.48:788][  0]LogUObjectGlobals: Destroyed PersistentFrame Addr=0x000002335ac951c0, Size=288
[2018.06.12-22.56.48:788][  0]LogUObjectGlobals: Created PersistentFrame Addr=0x000002334b9079c0, Size=288, Default__PlayerControllerGM_C Function /Engine/Transient.REINST_PlayerControllerGM_C_16:ExecuteUbergraph_PlayerControllerGM
[2018.06.12-22.56.48:789][  0]LogUObjectGlobals: Destroyed PersistentFrame Addr=0x000002335ac2d800, Size=608
[2018.06.12-22.56.48:789][  0]LogUObjectGlobals: Created PersistentFrame Addr=0x000002334bbcf880, Size=608, Default__ServerMenu_C Function /Engine/Transient.REINST_ServerMenu_C_12:ExecuteUbergraph_ServerMenu
[2018.06.12-22.56.48:790][  0]LogUObjectGlobals: Destroyed PersistentFrame Addr=0x000002335ac5cf00, Size=224
[2018.06.12-22.56.48:790][  0]LogUObjectGlobals: Created PersistentFrame Addr=0x000002334b900fe0, Size=224, Default__GameplayGM_C Function /Engine/Transient.REINST_GameplayGM_C_17:ExecuteUbergraph_GameplayGM
[2018.06.12-22.56.48:793][  0]LogUObjectGlobals: Destroyed PersistentFrame Addr=0x000002335ab80100, Size=752
[2018.06.12-22.56.48:793][  0]LogUObjectGlobals: Created PersistentFrame Addr=0x000002334b8f9300, Size=752, Default__LobbyGM_C Function /Engine/Transient.REINST_LobbyGM_C_18:ExecuteUbergraph_LobbyGM
[2018.06.12-22.56.49:111][  0]LogUObjectGlobals: Created PersistentFrame Addr=0x000002334c126180, Size=64, Default__FirstPerson_AnimBP_C Function /Game/FirstPerson/Animations/FirstPerson_AnimBP.FirstPerson_AnimBP_C:ExecuteUbergraph_FirstPerson_AnimBP
[2018.06.12-22.56.49:113][  0]LogUObjectGlobals: Created PersistentFrame Addr=0x000002334c08d300, Size=256, Default__FirstPersonProjectile_C Function /Game/FirstPersonBP/Blueprints/FirstPersonProjectile.FirstPersonProjectile_C:ExecuteUbergraph_FirstPersonProjectile
[2018.06.12-22.56.49:118][  0]LogUObjectGlobals: Created PersistentFrame Addr=0x000002334c067b00, Size=536, Default__GameInfoInstance_C Function /Game/Blueprints/AllLevels/GameInfoInstance.GameInfoInstance_C:ExecuteUbergraph_GameInfoInstance
[2018.06.12-22.56.49:122][  0]LogUObjectGlobals: Created PersistentFrame Addr=0x000002334c081c00, Size=688, Default__0_Base_C Function /Game/Blueprints/Characters/0_Base.0_Base_C:ExecuteUbergraph_0_Base
[2018.06.12-22.56.49:128][  0]LogUObjectGlobals: Created PersistentFrame Addr=0x000002334c080d00, Size=688, Default__Character1_C Function /Game/Blueprints/Characters/Character1.Character1_C:ExecuteUbergraph_Character1
[2018.06.12-22.56.49:133][  0]LogUObjectGlobals: Created PersistentFrame Addr=0x000002334fc0cd00, Size=688, Default__Character2_C Function /Game/Blueprints/Characters/Character2.Character2_C:ExecuteUbergraph_Character2
[2018.06.12-22.56.49:140][  0]LogUObjectGlobals: Created PersistentFrame Addr=0x000002334fc0e800, Size=688, Default__Character3_C Function /Game/Blueprints/Characters/Character3.Character3_C:ExecuteUbergraph_Character3
[2018.06.12-22.56.49:147][  0]LogUObjectGlobals: Created PersistentFrame Addr=0x000002334bf64400, Size=688, Default__Character4_C Function /Game/Blueprints/Characters/Character4.Character4_C:ExecuteUbergraph_Character4
[2018.06.12-22.56.49:152][  0]LogUObjectGlobals: Created PersistentFrame Addr=0x000002334bf43d00, Size=688, Default__Character5_C Function /Game/Blueprints/Characters/Character5.Character5_C:ExecuteUbergraph_Character5
[2018.06.12-22.56.49:155][  0]LogUObjectGlobals: Created PersistentFrame Addr=0x000002334bf43400, Size=688, Default__Character6_C Function /Game/Blueprints/Characters/Character6.Character6_C:ExecuteUbergraph_Character6
[2018.06.12-22.56.49:162][  0]LogUObjectGlobals: Created PersistentFrame Addr=0x000002334bf42b00, Size=688, Default__Character7_C Function /Game/Blueprints/Characters/Character7.Character7_C:ExecuteUbergraph_Character7
[2018.06.12-22.56.49:167][  0]LogUObjectGlobals: Created PersistentFrame Addr=0x000002334bf42200, Size=688, Default__Character8_C Function /Game/Blueprints/Characters/Character8.Character8_C:ExecuteUbergraph_Character8
[2018.06.12-22.56.49:173][  0]LogUObjectGlobals: Created PersistentFrame Addr=0x000002334be869d0, Size=80, Default__CharacterSelect_C Function /Game/UI/Lobby/CharacterSelect.CharacterSelect_C:ExecuteUbergraph_CharacterSelect
[2018.06.12-22.56.49:176][  0]LogUObjectGlobals: Created PersistentFrame Addr=0x000002334beb3d80, Size=320, Default__ChatWindow_C Function /Game/UI/AllLevels/ChatWindow.ChatWindow_C:ExecuteUbergraph_ChatWindow
[2018.06.12-22.56.49:178][  0]LogUObjectGlobals: Created PersistentFrame Addr=0x000002334c10aa48, Size=4, Default__ConnectedPlayer_C Function /Game/UI/Lobby/ConnectedPlayer.ConnectedPlayer_C:ExecuteUbergraph_ConnectedPlayer
[2018.06.12-22.56.49:185][  0]LogUObjectGlobals: Created PersistentFrame Addr=0x000002334be90640, Size=192, Default__GameSettings_C Function /Game/UI/Lobby/GameSettings.GameSettings_C:ExecuteUbergraph_GameSettings
[2018.06.12-22.56.49:188][  0]LogUObjectGlobals: Created PersistentFrame Addr=0x000002334be2e070, Size=80, Default__HostMenu_C Function /Game/UI/MainMenu/HostMenu.HostMenu_C:ExecuteUbergraph_HostMenu
[2018.06.12-22.56.49:196][  0]LogUObjectGlobals: Created PersistentFrame Addr=0x000002334beb39c0, Size=320, Default__LobbyMenu_C Function /Game/UI/Lobby/LobbyMenu.LobbyMenu_C:ExecuteUbergraph_LobbyMenu
[2018.06.12-22.56.49:205][  0]LogUObjectGlobals: Created PersistentFrame Addr=0x00000233500b1600, Size=848, Default__LobbyPC_C Function /Game/Blueprints/Lobby/LobbyPC.LobbyPC_C:ExecuteUbergraph_LobbyPC
[2018.06.12-22.56.49:209][  0]LogUObjectGlobals: Created PersistentFrame Addr=0x000002334beff178, Size=40, Default__MainMenu_C Function /Game/UI/MainMenu/MainMenu.MainMenu_C:ExecuteUbergraph_MainMenu
[2018.06.12-22.56.49:214][  0]LogUObjectGlobals: Created PersistentFrame Addr=0x0000023350017e40, Size=104, Default__OptionsMenu_C Function /Game/UI/MainMenu/OptionsMenu.OptionsMenu_C:ExecuteUbergraph_OptionsMenu
[2018.06.12-22.56.49:216][  0]LogUObjectGlobals: Created PersistentFrame Addr=0x0000023350069e00, Size=32, Default__PlayerButton_C Function /Game/UI/Lobby/PlayerButton.PlayerButton_C:ExecuteUbergraph_PlayerButton
[2018.06.12-22.56.49:219][  0]LogUObjectGlobals: Created PersistentFrame Addr=0x000002334beb34c0, Size=296, Default__PlayerControllerGM_C Function /Game/Blueprints/Gameplay/PlayerControllerGM.PlayerControllerGM_C:ExecuteUbergraph_PlayerControllerGM
[2018.06.12-22.56.49:224][  0]LogUObjectGlobals: Created PersistentFrame Addr=0x000002335002e480, Size=592, Default__ServerMenu_C Function /Game/UI/MainMenu/ServerMenu.ServerMenu_C:ExecuteUbergraph_ServerMenu
[2018.06.12-22.56.49:228][  0]LogUObjectGlobals: Created PersistentFrame Addr=0x000002334c09a400, Size=224, Default__GameplayGM_C Function /Game/Blueprints/Gameplay/GameplayGM.GameplayGM_C:ExecuteUbergraph_GameplayGM
[2018.06.12-22.56.49:238][  0]LogUObjectGlobals: Created PersistentFrame Addr=0x000002334ffc5280, Size=784, Default__LobbyGM_C Function /Game/Blueprints/Lobby/LobbyGM.LobbyGM_C:ExecuteUbergraph_LobbyGM
[2018.06.12-22.56.49:606][  0]LogSkeletalMesh: Skeletal Mesh found in DDC [8.853739ms] /Game/FirstPerson/Character/Mesh/SK_Mannequin_Arms.SK_Mannequin_Arms
[2018.06.12-22.56.49:626][  0]LogSkeletalMesh: Skeletal Mesh found in DDC [5.652945ms] /Game/FirstPerson/FPWeapon/Mesh/SK_FPGun.SK_FPGun
[2018.06.12-22.56.49:726][  0]LogInit: Display: Game Engine Initialized.
[2018.06.12-22.56.49:726][  0]LogGameplayTags: Display: UGameplayTagsManager::DoneAddingNativeTags. DelegateIsBound: 0
[2018.06.12-22.56.49:726][  0]LogStats: UGameplayTagsManager::ConstructGameplayTagTree: Construct from data asset -  0.000 s
[2018.06.12-22.56.49:726][  0]LogStats: UGameplayTagsManager::ConstructGameplayTagTree: GameplayTagTreeChangedEvent.Broadcast -  0.000 s
[2018.06.12-22.56.49:976][  0]LogInit: Display: Starting Game.
[2018.06.12-22.56.49:977][  0]LogNet: Browse: /Game/Maps/Arena01?Name=Player
[2018.06.12-22.56.49:977][  0]LogLoad: LoadMap: /Game/Maps/Arena01?Name=Player
[2018.06.12-22.56.50:012][  0]LogUObjectGlobals: Destroyed PersistentFrame Addr=0x000002334bbcf380, Size=536
[2018.06.12-22.56.50:012][  0]LogUObjectGlobals: Destroyed PersistentFrame Addr=0x000002334b9079c0, Size=288
[2018.06.12-22.56.50:012][  0]LogUObjectGlobals: Destroyed PersistentFrame Addr=0x000002334b900fe0, Size=224
[2018.06.12-22.56.50:012][  0]LogUObjectGlobals: Destroyed PersistentFrame Addr=0x000002334b90ffb0, Size=80
[2018.06.12-22.56.50:012][  0]LogUObjectGlobals: Destroyed PersistentFrame Addr=0x000002335a4ad760, Size=40
[2018.06.12-22.56.50:012][  0]LogUObjectGlobals: Destroyed PersistentFrame Addr=0x000002334b9def60, Size=104
[2018.06.12-22.56.50:012][  0]LogUObjectGlobals: Destroyed PersistentFrame Addr=0x000002334bbcf880, Size=608
[2018.06.12-22.56.50:013][  0]LogUObjectGlobals: Destroyed PersistentFrame Addr=0x000002335a530400, Size=320
[2018.06.12-22.56.50:013][  0]LogUObjectGlobals: Destroyed PersistentFrame Addr=0x000002334b916e80, Size=848
[2018.06.12-22.56.50:013][  0]LogUObjectGlobals: Destroyed PersistentFrame Addr=0x000002334b8f9300, Size=752
[2018.06.12-22.56.50:013][  0]LogUObjectGlobals: Destroyed PersistentFrame Addr=0x00000233568d5000, Size=688
[2018.06.12-22.56.50:013][  0]LogUObjectGlobals: Destroyed PersistentFrame Addr=0x000002334bbd7f00, Size=256
[2018.06.12-22.56.50:013][  0]LogUObjectGlobals: Destroyed PersistentFrame Addr=0x0000023356d7ee80, Size=72
[2018.06.12-22.56.50:013][  0]LogUObjectGlobals: Destroyed PersistentFrame Addr=0x00000233568d4100, Size=688
[2018.06.12-22.56.50:013][  0]LogUObjectGlobals: Destroyed PersistentFrame Addr=0x000002334b972800, Size=688
[2018.06.12-22.56.50:013][  0]LogUObjectGlobals: Destroyed PersistentFrame Addr=0x000002334b970d00, Size=688
[2018.06.12-22.56.50:013][  0]LogUObjectGlobals: Destroyed PersistentFrame Addr=0x000002334b94fa00, Size=688
[2018.06.12-22.56.50:013][  0]LogUObjectGlobals: Destroyed PersistentFrame Addr=0x000002334b94ee00, Size=688
[2018.06.12-22.56.50:013][  0]LogUObjectGlobals: Destroyed PersistentFrame Addr=0x000002334b94dc00, Size=688
[2018.06.12-22.56.50:013][  0]LogUObjectGlobals: Destroyed PersistentFrame Addr=0x000002334b94d000, Size=688
[2018.06.12-22.56.50:013][  0]LogUObjectGlobals: Destroyed PersistentFrame Addr=0x000002334b94c400, Size=688
[2018.06.12-22.56.50:014][  0]LogUObjectGlobals: Destroyed PersistentFrame Addr=0x000002335a530180, Size=320
[2018.06.12-22.56.50:014][  0]LogUObjectGlobals: Destroyed PersistentFrame Addr=0x000002334b988fe0, Size=80
[2018.06.12-22.56.50:014][  0]LogUObjectGlobals: Destroyed PersistentFrame Addr=0x0000023356f19240, Size=192
[2018.06.12-22.56.50:014][  0]LogUObjectGlobals: Destroyed PersistentFrame Addr=0x000002334b9c16a0, Size=32
[2018.06.12-22.56.50:014][  0]LogUObjectGlobals: Destroyed PersistentFrame Addr=0x000002334b997d70, Size=4
[2018.06.12-22.56.50:289][  0]LogAIModule: Creating AISystem for world Arena01
[2018.06.12-22.56.50:290][  0]LogLoad: Game class is 'GameplayGM_C'
[2018.06.12-22.56.50:300][  0]LogWorld: Bringing World /Game/Maps/Arena01.Arena01 up for play (max tick rate 0) at 2018.06.12-18.56.50
[2018.06.12-22.56.50:301][  0]LogWorld: Bringing up level for play took: 0.010484
[2018.06.12-22.56.50:304][  0]LogGameMode: Display: Match State Changed from EnteringMap to WaitingToStart
[2018.06.12-22.56.50:304][  0]LogGameState: Match State Changed from EnteringMap to WaitingToStart
[2018.06.12-22.56.50:304][  0]LogGameMode: Display: Match State Changed from WaitingToStart to InProgress
[2018.06.12-22.56.50:319][  0]LogGameState: Match State Changed from WaitingToStart to InProgress
[2018.06.12-22.56.50:319][  0]LogLoad: Took 0.342432 seconds to LoadMap(/Game/Maps/Arena01)
[2018.06.12-22.56.50:320][  0]LogSlate: Took 0.000258 seconds to synchronously load lazily loaded font '../../../Engine/Content/Slate/Fonts/Roboto-Regular.ttf' (155K)
[2018.06.12-22.56.50:420][  0]LogLoad: (Engine Initialization) Total time: 13.44 seconds
[2018.06.12-22.56.50:420][  0]LogLoad: (Engine Initialization) Total Blueprint compile time: 0.00 seconds
[2018.06.12-22.56.50:467][  0]LogRenderer: Reallocating scene render targets to support 1280x720 Format 10 NumSamples 1 (Frame:1).
[2018.06.12-22.56.50:556][  0]LogContentStreaming: Texture pool size now 1000 MB
[2018.06.12-22.57.05:240][899]LogRenderer: Reallocating scene render targets to support 1284x720 Format 10 NumSamples 1 (Frame:901).
[2018.06.12-22.57.05:312][899]LogRenderer: Reallocating scene render targets to support 1352x760 Format 10 NumSamples 1 (Frame:902).
[2018.06.12-22.57.05:505][905]LogRenderer: Reallocating scene render targets to support 1376x776 Format 10 NumSamples 1 (Frame:910).
[2018.06.12-22.57.05:568][905]LogRenderer: Reallocating scene render targets to support 1384x776 Format 10 NumSamples 1 (Frame:911).
[2018.06.12-22.57.08:776][100]LogRenderer: Reallocating scene render targets to support 1384x780 Format 10 NumSamples 1 (Frame:1107).
[2018.06.12-22.57.08:846][100]LogRenderer: Reallocating scene render targets to support 1396x784 Format 10 NumSamples 1 (Frame:1108).
[2018.06.12-22.57.08:908][100]LogRenderer: Reallocating scene render targets to support 1412x792 Format 10 NumSamples 1 (Frame:1109).
[2018.06.12-22.57.09:094][108]LogRenderer: Reallocating scene render targets to support 1420x800 Format 10 NumSamples 1 (Frame:1118).
[2018.06.12-22.57.14:530][431]LogRenderer: Reallocating scene render targets to support 1424x800 Format 10 NumSamples 1 (Frame:1444).
[2018.06.12-22.57.14:614][431]LogRenderer: Reallocating scene render targets to support 1428x804 Format 10 NumSamples 1 (Frame:1445).
[2018.06.12-22.57.18:312][659]LogSpawn: Warning: SpawnActor failed because of collision at the spawn location [X=-1647.629 Y=-499.291 Z=156.307] for [FirstPersonProjectile_C]
[2018.06.12-22.57.18:714][684]LogSlate: FSceneViewport::OnFocusLost() reason 0
[2018.06.12-22.57.21:854][872]LogSlate: Window 'Quake (64-bit, PCD3D_SM5) ' being destroyed
[2018.06.12-22.57.21:855][872]LogWindowsTextInputMethodSystem: Display: IME system now deactivated.
[2018.06.12-22.57.21:863][872]LogOnline: Warning: STEAM: Can't destroy a null online session (GameSession)
[2018.06.12-22.57.21:863][872]LogEngine: All Windows Closed
[2018.06.12-22.57.21:863][872]LogWindows: FPlatformMisc::RequestExit(0)
[2018.06.12-22.57.22:582][873]LogSlate: Slate User Destroyed.  User Index 0, Is Virtual User: 0
[2018.06.12-22.57.22:582][873]LogExit: Preparing to exit.
[2018.06.12-22.57.22:582][873]LogMoviePlayer: Shutting down movie player
[2018.06.12-22.57.23:335][873]LogExit: Game engine shut down
[2018.06.12-22.57.23:342][873]LogUObjectGlobals: Destroyed PersistentFrame Addr=0x000002334c126180, Size=64
[2018.06.12-22.57.23:342][873]LogUObjectGlobals: Destroyed PersistentFrame Addr=0x000002334c08d300, Size=256
[2018.06.12-22.57.23:342][873]LogUObjectGlobals: Destroyed PersistentFrame Addr=0x000002334c067b00, Size=536
[2018.06.12-22.57.23:342][873]LogUObjectGlobals: Destroyed PersistentFrame Addr=0x000002334c081c00, Size=688
[2018.06.12-22.57.23:342][873]LogUObjectGlobals: Destroyed PersistentFrame Addr=0x000002334c080d00, Size=688
[2018.06.12-22.57.23:342][873]LogUObjectGlobals: Destroyed PersistentFrame Addr=0x000002334fc0cd00, Size=688
[2018.06.12-22.57.23:342][873]LogUObjectGlobals: Destroyed PersistentFrame Addr=0x000002334fc0e800, Size=688
[2018.06.12-22.57.23:342][873]LogUObjectGlobals: Destroyed PersistentFrame Addr=0x000002334bf64400, Size=688
[2018.06.12-22.57.23:342][873]LogUObjectGlobals: Destroyed PersistentFrame Addr=0x000002334bf43d00, Size=688
[2018.06.12-22.57.23:342][873]LogUObjectGlobals: Destroyed PersistentFrame Addr=0x000002334bf43400, Size=688
[2018.06.12-22.57.23:342][873]LogUObjectGlobals: Destroyed PersistentFrame Addr=0x000002334bf42b00, Size=688
[2018.06.12-22.57.23:342][873]LogUObjectGlobals: Destroyed PersistentFrame Addr=0x000002334bf42200, Size=688
[2018.06.12-22.57.23:342][873]LogUObjectGlobals: Destroyed PersistentFrame Addr=0x000002334be869d0, Size=80
[2018.06.12-22.57.23:342][873]LogUObjectGlobals: Destroyed PersistentFrame Addr=0x000002334beb3d80, Size=320
[2018.06.12-22.57.23:342][873]LogUObjectGlobals: Destroyed PersistentFrame Addr=0x000002334c10aa48, Size=4
[2018.06.12-22.57.23:342][873]LogUObjectGlobals: Destroyed PersistentFrame Addr=0x000002334be90640, Size=192
[2018.06.12-22.57.23:342][873]LogUObjectGlobals: Destroyed PersistentFrame Addr=0x000002334be2e070, Size=80
[2018.06.12-22.57.23:343][873]LogUObjectGlobals: Destroyed PersistentFrame Addr=0x000002334beb39c0, Size=320
[2018.06.12-22.57.23:343][873]LogUObjectGlobals: Destroyed PersistentFrame Addr=0x00000233500b1600, Size=848
[2018.06.12-22.57.23:343][873]LogUObjectGlobals: Destroyed PersistentFrame Addr=0x000002334beff178, Size=40
[2018.06.12-22.57.23:343][873]LogUObjectGlobals: Destroyed PersistentFrame Addr=0x0000023350017e40, Size=104
[2018.06.12-22.57.23:343][873]LogUObjectGlobals: Destroyed PersistentFrame Addr=0x0000023350069e00, Size=32
[2018.06.12-22.57.23:343][873]LogUObjectGlobals: Destroyed PersistentFrame Addr=0x000002334beb34c0, Size=296
[2018.06.12-22.57.23:343][873]LogUObjectGlobals: Destroyed PersistentFrame Addr=0x000002335002e480, Size=592
[2018.06.12-22.57.23:343][873]LogUObjectGlobals: Destroyed PersistentFrame Addr=0x000002334c09a400, Size=224
[2018.06.12-22.57.23:343][873]LogUObjectGlobals: Destroyed PersistentFrame Addr=0x000002334ffc5280, Size=784
[2018.06.12-22.57.23:426][873]LogExit: Object subsystem successfully closed.
[2018.06.12-22.57.23:449][873]LogShaderCompilers: Display: Shaders left to compile 0
[2018.06.12-22.57.23:452][873]LogD3D11RHI: Shutdown
[2018.06.12-22.57.23:452][873]LogD3D11RHI: CleanupD3DDevice
[2018.06.12-22.57.23:456][873]LogD3D11RHI: ~FD3D11DynamicRHI
[2018.06.12-22.57.23:467][873]LogModuleManager: Shutting down and abandoning module SequenceRecorderSections (334)
[2018.06.12-22.57.23:467][873]LogModuleManager: Shutting down and abandoning module SequenceRecorder (332)
[2018.06.12-22.57.23:467][873]LogModuleManager: Shutting down and abandoning module AutomationController (330)
[2018.06.12-22.57.23:467][873]LogModuleManager: Shutting down and abandoning module AutomationWorker (328)
[2018.06.12-22.57.23:467][873]LogModuleManager: Shutting down and abandoning module AIModule (326)
[2018.06.12-22.57.23:467][873]LogModuleManager: Shutting down and abandoning module GameplayDebugger (325)
[2018.06.12-22.57.23:467][873]LogModuleManager: Shutting down and abandoning module AITestSuite (323)
[2018.06.12-22.57.23:467][873]LogModuleManager: Shutting down and abandoning module WmfMediaFactory (320)
[2018.06.12-22.57.23:467][873]LogModuleManager: Shutting down and abandoning module OpenExrWrapper (318)
[2018.06.12-22.57.23:467][873]LogModuleManager: Shutting down and abandoning module ImgMediaFactory (316)
[2018.06.12-22.57.23:467][873]LogModuleManager: Shutting down and abandoning module AvfMediaFactory (314)
[2018.06.12-22.57.23:467][873]LogModuleManager: Shutting down and abandoning module CharacterAI (312)
[2018.06.12-22.57.23:467][873]LogModuleManager: Shutting down and abandoning module SessionServices (310)
[2018.06.12-22.57.23:467][873]LogModuleManager: Shutting down and abandoning module MovieSceneCapture (308)
[2018.06.12-22.57.23:467][873]LogModuleManager: Shutting down and abandoning module MovieSceneTracks (306)
[2018.06.12-22.57.23:467][873]LogModuleManager: Shutting down and abandoning module MovieScene (304)
[2018.06.12-22.57.23:467][873]LogModuleManager: Shutting down and abandoning module GeometryCache (302)
[2018.06.12-22.57.23:467][873]LogModuleManager: Shutting down and abandoning module GeometryCacheEd (301)
[2018.06.12-22.57.23:467][873]LogModuleManager: Shutting down and abandoning module StreamingPauseRendering (298)
[2018.06.12-22.57.23:467][873]LogModuleManager: Shutting down and abandoning module PortalServices (296)
[2018.06.12-22.57.23:468][873]LogModuleManager: Shutting down and abandoning module PortalRpc (294)
[2018.06.12-22.57.23:468][873]LogModuleManager: Shutting down and abandoning module MessagingRpc (292)
[2018.06.12-22.57.23:468][873]LogModuleManager: Shutting down and abandoning module ProfilerService (290)
[2018.06.12-22.57.23:574][873]LogModuleManager: Shutting down and abandoning module TaskGraph (288)
[2018.06.12-22.57.23:574][873]LogModuleManager: Shutting down and abandoning module SteamVRController (286)
[2018.06.12-22.57.23:574][873]LogModuleManager: Shutting down and abandoning module ProceduralMeshComponent (284)
[2018.06.12-22.57.23:574][873]LogModuleManager: Shutting down and abandoning module OculusInput (282)
[2018.06.12-22.57.23:574][873]LogModuleManager: Shutting down and abandoning module MobilePatchingUtils (280)
[2018.06.12-22.57.23:574][873]LogModuleManager: Shutting down and abandoning module CustomMeshComponent (278)
[2018.06.12-22.57.23:574][873]LogModuleManager: Shutting down and abandoning module CableComponent (276)
[2018.06.12-22.57.23:574][873]LogModuleManager: Shutting down and abandoning module AudioCapture (274)
[2018.06.12-22.57.23:574][873]LogModuleManager: Shutting down and abandoning module ArchVisCharacter (272)
[2018.06.12-22.57.23:574][873]LogModuleManager: Shutting down and abandoning module AndroidPermission (270)
[2018.06.12-22.57.23:574][873]LogModuleManager: Shutting down and abandoning module NUTUnrealEngine4 (266)
[2018.06.12-22.57.23:574][873]LogModuleManager: Shutting down and abandoning module NetcodeUnitTest (264)
[2018.06.12-22.57.23:574][873]LogModuleManager: Shutting down and abandoning module MediaCompositing (262)
[2018.06.12-22.57.23:574][873]LogModuleManager: Shutting down and abandoning module LinearTimecode (260)
[2018.06.12-22.57.23:574][873]LogModuleManager: Shutting down and abandoning module ImgMedia (258)
[2018.06.12-22.57.23:578][873]LogModuleManager: Shutting down and abandoning module HTML5Networking (256)
[2018.06.12-22.57.23:578][873]LogModuleManager: Shutting down and abandoning module DatasmithContent (254)
[2018.06.12-22.57.23:578][873]LogModuleManager: Shutting down and abandoning module CryptoKeysOpenSSL (252)
[2018.06.12-22.57.23:578][873]LogModuleManager: Shutting down and abandoning module CryptoKeys (250)
[2018.06.12-22.57.23:578][873]LogModuleManager: Shutting down and abandoning module VisualStudioSourceCodeAccess (248)
[2018.06.12-22.57.23:578][873]LogModuleManager: Shutting down and abandoning module HotReload (247)
[2018.06.12-22.57.23:578][873]LogDirectoryWatcher: A directory notification for 'C:/Users/Rob's Blade/Documents/Unreal Projects/Quake/Binaries/Win64' was aborted.
[2018.06.12-22.57.23:578][873]LogModuleManager: Shutting down and abandoning module DirectoryWatcher (246)
[2018.06.12-22.57.23:578][873]LogModuleManager: Shutting down and abandoning module VisualStudioCodeSourceCodeAccess (242)
[2018.06.12-22.57.23:578][873]LogModuleManager: Shutting down and abandoning module UObjectPlugin (240)
[2018.06.12-22.57.23:578][873]LogModuleManager: Shutting down and abandoning module SubversionSourceControl (238)
[2018.06.12-22.57.23:578][873]LogModuleManager: Shutting down and abandoning module PerforceSourceControl (236)
[2018.06.12-22.57.23:578][873]LogModuleManager: Shutting down and abandoning module SourceControl (235)
[2018.06.12-22.57.23:578][873]LogModuleManager: Shutting down and abandoning module CLionSourceCodeAccess (232)
[2018.06.12-22.57.23:578][873]LogModuleManager: Shutting down and abandoning module RuntimePhysXCooking (230)
[2018.06.12-22.57.23:578][873]LogModuleManager: Shutting down and abandoning module PhysXVehiclesEditor (228)
[2018.06.12-22.57.23:578][873]LogModuleManager: Shutting down and abandoning module PhysXVehicles (226)
[2018.06.12-22.57.23:578][873]LogModuleManager: Shutting down and abandoning module LocationServicesBPLibrary (224)
[2018.06.12-22.57.23:578][873]LogModuleManager: Shutting down and abandoning module ImmediatePhysicsEditor (222)
[2018.06.12-22.57.23:578][873]LogModuleManager: Shutting down and abandoning module ImmediatePhysics (220)
[2018.06.12-22.57.23:578][873]LogModuleManager: Shutting down and abandoning module ActorSequence (218)
[2018.06.12-22.57.23:579][873]LogModuleManager: Shutting down and abandoning module UdpMessaging (216)
[2018.06.12-22.57.23:679][873]LogModuleManager: Shutting down and abandoning module TcpMessaging (214)
[2018.06.12-22.57.24:239][873]LogModuleManager: Shutting down and abandoning module GameplayTagsEditor (212)
[2018.06.12-22.57.24:239][873]LogModuleManager: Shutting down and abandoning module FacialAnimation (210)
[2018.06.12-22.57.24:239][873]LogModuleManager: Shutting down and abandoning module DataValidation (208)
[2018.06.12-22.57.24:239][873]LogModuleManager: Shutting down and abandoning module AssetManagerEditor (206)
[2018.06.12-22.57.24:239][873]LogModuleManager: Shutting down and abandoning module TreeMap (205)
[2018.06.12-22.57.24:239][873]LogModuleManager: Shutting down and abandoning module LightPropagationVolumeRuntime (202)
[2018.06.12-22.57.24:239][873]LogModuleManager: Shutting down and abandoning module LiveLink (200)
[2018.06.12-22.57.25:003][873]LogModuleManager: Shutting down and abandoning module Paper2D (198)
[2018.06.12-22.57.25:003][873]LogModuleManager: Shutting down and abandoning module PIEPreviewDeviceProfileSelector (196)
[2018.06.12-22.57.25:003][873]LogModuleManager: Shutting down and abandoning module WindowsMoviePlayer (194)
[2018.06.12-22.57.25:003][873]LogModuleManager: Shutting down and abandoning module WmfMedia (192)
[2018.06.12-22.57.25:004][873]LogModuleManager: Shutting down and abandoning module Media (191)
[2018.06.12-22.57.25:010][873]LogModuleManager: Shutting down and abandoning module PacketHandler (188)
[2018.06.12-22.57.25:010][873]LogModuleManager: Shutting down and abandoning module ClothingSystemEditor (186)
[2018.06.12-22.57.25:010][873]LogModuleManager: Shutting down and abandoning module ClothingSystemRuntime (184)
[2018.06.12-22.57.25:010][873]LogModuleManager: Shutting down and abandoning module MediaAssets (182)
[2018.06.12-22.57.25:010][873]LogModuleManager: Shutting down and abandoning module Overlay (180)
[2018.06.12-22.57.25:010][873]LogModuleManager: Shutting down and abandoning module OverlayEditor (179)
[2018.06.12-22.57.25:010][873]LogModuleManager: Shutting down and abandoning module VREditor (176)
[2018.06.12-22.57.25:010][873]LogModuleManager: Shutting down and abandoning module StringTableEditor (174)
[2018.06.12-22.57.25:010][873]LogModuleManager: Shutting down and abandoning module GameplayTasksEditor (172)
[2018.06.12-22.57.25:010][873]LogModuleManager: Shutting down and abandoning module BehaviorTreeEditor (170)
[2018.06.12-22.57.25:010][873]LogModuleManager: Shutting down and abandoning module FunctionalTesting (168)
[2018.06.12-22.57.25:010][873]LogModuleManager: Shutting down and abandoning module CollisionAnalyzer (166)
[2018.06.12-22.57.25:011][873]LogModuleManager: Shutting down and abandoning module WorkspaceMenuStructure (165)
[2018.06.12-22.57.25:011][873]LogModuleManager: Shutting down and abandoning module UMG (162)
[2018.06.12-22.57.25:011][873]LogModuleManager: Shutting down and abandoning module UMGEditor (161)
[2018.06.12-22.57.25:011][873]LogModuleManager: Shutting down and abandoning module Sequencer (160)
[2018.06.12-22.57.25:011][873]LogModuleManager: Shutting down and abandoning module MessageLog (157)
[2018.06.12-22.57.25:011][873]LogModuleManager: Shutting down and abandoning module SlateReflector (152)
[2018.06.12-22.57.25:011][873]LogModuleManager: Shutting down and abandoning module Slate (150)
[2018.06.12-22.57.25:011][873]LogModuleManager: Shutting down and abandoning module EditorStyle (148)
[2018.06.12-22.57.25:012][873]LogModuleManager: Shutting down and abandoning module MRMesh (146)
[2018.06.12-22.57.25:012][873]LogModuleManager: Shutting down and abandoning module Messaging (144)
[2018.06.12-22.57.25:012][873]LogModuleManager: Shutting down and abandoning module SourceCodeAccess (142)
[2018.06.12-22.57.25:012][873]LogModuleManager: Shutting down and abandoning module HeadMountedDisplay (140)
[2018.06.12-22.57.25:012][873]LogModuleManager: Shutting down and abandoning module XAudio2 (138)
[2018.06.12-22.57.25:012][873]LogModuleManager: Shutting down and abandoning module Networking (136)
[2018.06.12-22.57.25:012][873]LogModuleManager: Shutting down and abandoning module Core (134)
[2018.06.12-22.57.25:012][873]LogModuleManager: Shutting down and abandoning module LevelSequence (132)
[2018.06.12-22.57.25:012][873]LogModuleManager: Shutting down and abandoning module KismetCompiler (130)
[2018.06.12-22.57.25:012][873]LogModuleManager: Shutting down and abandoning module MeshUtilities (128)
[2018.06.12-22.57.25:012][873]LogModuleManager: Shutting down and abandoning module MeshMergeUtilities (127)
[2018.06.12-22.57.25:012][873]LogModuleManager: Shutting down and abandoning module MeshReductionInterface (126)
[2018.06.12-22.57.25:012][873]LogModuleManager: Shutting down and abandoning module SimplygonSwarm (125)
[2018.06.12-22.57.25:012][873]LogModuleManager: Shutting down and abandoning module SimplygonMeshReduction (123)
[2018.06.12-22.57.25:012][873]LogModuleManager: Shutting down and abandoning module QuadricMeshReduction (121)
[2018.06.12-22.57.25:012][873]LogModuleManager: Shutting down and abandoning module MaterialBaking (117)
[2018.06.12-22.57.25:012][873]LogModuleManager: Shutting down and abandoning module DerivedDataCache (112)
[2018.06.12-22.57.25:288][873]LogDerivedDataCache: Shutdown
[2018.06.12-22.57.25:288][873]LogModuleManager: Shutting down and abandoning module XGEController (110)
[2018.06.12-22.57.25:288][873]LogModuleManager: Shutting down and abandoning module TargetPlatform (108)
[2018.06.12-22.57.25:288][873]LogModuleManager: Shutting down and abandoning module VulkanShaderFormat (107)
[2018.06.12-22.57.25:288][873]LogModuleManager: Shutting down and abandoning module ShaderFormatVectorVM (105)
[2018.06.12-22.57.25:288][873]LogModuleManager: Shutting down and abandoning module ShaderFormatOpenGL (103)
[2018.06.12-22.57.25:288][873]LogModuleManager: Shutting down and abandoning module ShaderFormatD3D (101)
[2018.06.12-22.57.25:288][873]LogModuleManager: Shutting down and abandoning module MetalShaderFormat (99)
[2018.06.12-22.57.25:288][873]LogModuleManager: Shutting down and abandoning module TextureFormatUncompressed (97)
[2018.06.12-22.57.25:289][873]LogModuleManager: Shutting down and abandoning module TextureFormatPVR (95)
[2018.06.12-22.57.25:289][873]LogModuleManager: Shutting down and abandoning module TextureFormatDXT (93)
[2018.06.12-22.57.25:289][873]LogModuleManager: Shutting down and abandoning module TextureFormatIntelISPCTexComp (91)
[2018.06.12-22.57.25:289][873]LogModuleManager: Shutting down and abandoning module TextureFormatASTC (89)
[2018.06.12-22.57.25:289][873]LogModuleManager: Shutting down and abandoning module ImageWrapper (88)
[2018.06.12-22.57.25:289][873]LogModuleManager: Shutting down and abandoning module TextureFormatAndroid (85)
[2018.06.12-22.57.25:289][873]LogModuleManager: Shutting down and abandoning module AudioFormatOpus (83)
[2018.06.12-22.57.25:289][873]LogModuleManager: Shutting down and abandoning module AudioFormatOgg (81)
[2018.06.12-22.57.25:289][873]LogModuleManager: Shutting down and abandoning module AudioFormatADPCM (79)
[2018.06.12-22.57.25:289][873]LogModuleManager: Shutting down and abandoning module WindowsTargetPlatform (77)
[2018.06.12-22.57.25:289][873]LogModuleManager: Shutting down and abandoning module WindowsServerTargetPlatform (75)
[2018.06.12-22.57.25:289][873]LogModuleManager: Shutting down and abandoning module WindowsNoEditorTargetPlatform (73)
[2018.06.12-22.57.25:289][873]LogModuleManager: Shutting down and abandoning module WindowsClientTargetPlatform (71)
[2018.06.12-22.57.25:289][873]LogModuleManager: Shutting down and abandoning module InputCore (68)
[2018.06.12-22.57.25:289][873]LogModuleManager: Shutting down and abandoning module Settings (66)
[2018.06.12-22.57.25:289][873]LogModuleManager: Shutting down and abandoning module PhysXCooking (64)
[2018.06.12-22.57.25:289][873]LogModuleManager: Shutting down and abandoning module SteamVR (62)
[2018.06.12-22.57.25:289][873]LogModuleManager: Shutting down and abandoning module OculusHMD (60)
[2018.06.12-22.57.25:289][873]LogModuleManager: Shutting down and abandoning module ExampleDeviceProfileSelector (58)
[2018.06.12-22.57.25:289][873]LogModuleManager: Shutting down and abandoning module AppleARKit (56)
[2018.06.12-22.57.25:289][873]LogModuleManager: Shutting down and abandoning module AugmentedReality (55)
[2018.06.12-22.57.25:289][873]LogModuleManager: Shutting down and abandoning module OnlineBlueprintSupport (52)
[2018.06.12-22.57.25:289][873]LogModuleManager: Shutting down and abandoning module OnlineSubsystem (48)
[2018.06.12-22.57.25:289][873]LogOnline: Display: STEAM: OnlineSubsystemSteam::Shutdown()
[2018.06.12-22.57.25:290][873]LogOnline: Display: OSS: FOnlineAsyncTaskManager::Stop() ActiveTask:0000000000000000 Tasks[0/0]
[2018.06.12-22.57.25:309][873]LogOnline: Display: OSS: FOnlineAsyncTaskManager::Exit() started
[2018.06.12-22.57.25:309][873]LogOnline: Display: OSS: FOnlineAsyncTaskManager::Exit() finished
[2018.06.12-22.57.25:309][873]LogOnline: Display: STEAM: OnlineSubsystemSteam::Shutdown()
[2018.06.12-22.57.25:309][873]LogModuleManager: Shutting down and abandoning module XMPP (43)
[2018.06.12-22.57.25:310][873]LogModuleManager: Shutting down and abandoning module HTTP (41)
[2018.06.12-22.57.25:333][873]LogModuleManager: Shutting down and abandoning module SSL (40)
[2018.06.12-22.57.25:334][873]LogModuleManager: Shutting down and abandoning module AnimationModifiers (36)
[2018.06.12-22.57.25:334][873]LogModuleManager: Shutting down and abandoning module PropertyEditor (35)
[2018.06.12-22.57.25:335][873]LogModuleManager: Shutting down and abandoning module AudioEditor (32)
[2018.06.12-22.57.25:335][873]LogModuleManager: Shutting down and abandoning module TextureCompressor (30)
[2018.06.12-22.57.25:335][873]LogModuleManager: Shutting down and abandoning module ShaderCore (28)
[2018.06.12-22.57.25:335][873]LogModuleManager: Shutting down and abandoning module Landscape (26)
[2018.06.12-22.57.25:335][873]LogModuleManager: Shutting down and abandoning module SlateRHIRenderer (24)
[2018.06.12-22.57.25:335][873]LogModuleManager: Shutting down and abandoning module OpenGLDrv (22)
[2018.06.12-22.57.25:335][873]LogModuleManager: Shutting down and abandoning module D3D11RHI (20)
[2018.06.12-22.57.25:335][873]LogModuleManager: Shutting down and abandoning module AnimGraphRuntime (18)
[2018.06.12-22.57.25:335][873]LogModuleManager: Shutting down and abandoning module Renderer (16)
[2018.06.12-22.57.25:335][873]LogModuleManager: Shutting down and abandoning module Engine (14)
[2018.06.12-22.57.25:335][873]LogModuleManager: Shutting down and abandoning module CoreUObject (12)
[2018.06.12-22.57.25:335][873]LogModuleManager: Shutting down and abandoning module NetworkFile (10)
[2018.06.12-22.57.25:335][873]LogModuleManager: Shutting down and abandoning module CookedIterativeFile (8)
[2018.06.12-22.57.25:335][873]LogModuleManager: Shutting down and abandoning module StreamingFile (6)
[2018.06.12-22.57.25:335][873]LogModuleManager: Shutting down and abandoning module SandboxFile (4)
[2018.06.12-22.57.25:335][873]LogModuleManager: Shutting down and abandoning module PakFile (2)
[2018.06.12-22.57.25:343][873]LogExit: Exiting.
[2018.06.12-22.57.25:344][873]Log file closed, 06/12/18 18:57:25
