Log file open, 06/03/18 15:25:04
LogWindows: Failed to load 'aqProf.dll' (GetLastError=126)
LogWindows: File 'aqProf.dll' does not exist
LogWindows: Failed to load 'VtuneApi.dll' (GetLastError=126)
LogWindows: File 'VtuneApi.dll' does not exist
LogWindows: Failed to load 'VtuneApi32e.dll' (GetLastError=126)
LogWindows: File 'VtuneApi32e.dll' does not exist
LogInit: Display: Running engine for game: Quake
LogPlatformFile: Not using cached read wrapper
LogInit: Display: RandInit(-1537899946) SRandInit(-1537899946).
LogInit: Read version file with build ID '3944462'
LogInit: Overriding engine version to CL 4033788, compatible CL 3944462
LogInit: Registered custom module enumerator with build ID '3944462'
LogTaskGraph: Started task graph with 5 named threads and 23 total threads with 3 sets of task threads.
LogStats: Stats thread started at 0.359252
LogD3D11RHI: Aftermath initialized
LogICUInternationalization: Display: ICU TimeZone Detection - Raw Offset: -5:00, Platform Override: ''
LogModuleManager: Display: Found up-to-date module file ../../../Engine/Plugins/Online/OnlineSubsystemSteam/Binaries/Win64/UE4Editor-OnlineSubsystemSteam.dll (API version 3944462).
LogModuleManager: Display: Found up-to-date module file ../../../Engine/Plugins/Online/OnlineSubsystem/Binaries/Win64/UE4Editor-OnlineSubsystem.dll (API version 3944462).
LogModuleManager: Display: Found up-to-date module file ../../../Engine/Plugins/Online/OnlineSubsystemUtils/Binaries/Win64/UE4Editor-OnlineSubsystemUtils.dll (API version 3944462).
LogModuleManager: Display: Found up-to-date module file ../../../Engine/Plugins/Online/OnlineSubsystemUtils/Binaries/Win64/UE4Editor-OnlineBlueprintSupport.dll (API version 3944462).
LogModuleManager: Display: Found up-to-date module file ../../../Engine/Plugins/2D/Paper2D/Binaries/Win64/UE4Editor-Paper2D.dll (API version 3944462).
LogModuleManager: Display: Found up-to-date module file ../../../Engine/Plugins/2D/Paper2D/Binaries/Win64/UE4Editor-Paper2DEditor.dll (API version 3944462).
LogModuleManager: Display: Found up-to-date module file ../../../Engine/Plugins/2D/Paper2D/Binaries/Win64/UE4Editor-PaperSpriteSheetImporter.dll (API version 3944462).
LogModuleManager: Display: Found up-to-date module file ../../../Engine/Plugins/2D/Paper2D/Binaries/Win64/UE4Editor-PaperTiledImporter.dll (API version 3944462).
LogModuleManager: Display: Found up-to-date module file ../../../Engine/Plugins/2D/Paper2D/Binaries/Win64/UE4Editor-SmartSnapping.dll (API version 3944462).
LogModuleManager: Display: Found up-to-date module file ../../../Engine/Plugins/Blendables/LightPropagationVolume/Binaries/Win64/UE4Editor-LightPropagationVolumeRuntime.dll (API version 3944462).
LogModuleManager: Display: Found up-to-date module file ../../../Engine/Plugins/Blendables/LightPropagationVolume/Binaries/Win64/UE4Editor-LightPropagationVolumeEditor.dll (API version 3944462).
LogModuleManager: Display: Found up-to-date module file ../../../Engine/Plugins/Developer/CLionSourceCodeAccess/Binaries/Win64/UE4Editor-CLionSourceCodeAccess.dll (API version 3944462).
LogModuleManager: Display: Found up-to-date module file ../../../Engine/Plugins/Developer/GitSourceControl/Binaries/Win64/UE4Editor-GitSourceControl.dll (API version 3944462).
LogModuleManager: Display: Found up-to-date module file ../../../Engine/Plugins/Developer/PerforceSourceControl/Binaries/Win64/UE4Editor-PerforceSourceControl.dll (API version 3944462).
LogModuleManager: Display: Found up-to-date module file ../../../Engine/Plugins/Developer/SubversionSourceControl/Binaries/Win64/UE4Editor-SubversionSourceControl.dll (API version 3944462).
LogModuleManager: Display: Found up-to-date module file ../../../Engine/Plugins/Developer/UObjectPlugin/Binaries/Win64/UE4Editor-UObjectPlugin.dll (API version 3944462).
LogModuleManager: Display: Found up-to-date module file ../../../Engine/Plugins/Developer/VisualStudioCodeSourceCodeAccess/Binaries/Win64/UE4Editor-VisualStudioCodeSourceCodeAccess.dll (API version 3944462).
LogModuleManager: Display: Found up-to-date module file ../../../Engine/Plugins/Developer/VisualStudioSourceCodeAccess/Binaries/Win64/UE4Editor-VisualStudioSourceCodeAccess.dll (API version 3944462).
LogModuleManager: Display: Found up-to-date module file ../../../Engine/Plugins/Editor/AssetManagerEditor/Binaries/Win64/UE4Editor-AssetManagerEditor.dll (API version 3944462).
LogModuleManager: Display: Found up-to-date module file ../../../Engine/Plugins/Editor/CryptoKeys/Binaries/Win64/UE4Editor-CryptoKeys.dll (API version 3944462).
LogModuleManager: Display: Found up-to-date module file ../../../Engine/Plugins/Editor/CryptoKeys/Binaries/Win64/UE4Editor-CryptoKeysOpenSSL.dll (API version 3944462).
LogModuleManager: Display: Found up-to-date module file ../../../Engine/Plugins/Editor/DataValidation/Binaries/Win64/UE4Editor-DataValidation.dll (API version 3944462).
LogModuleManager: Display: Found up-to-date module file ../../../Engine/Plugins/Editor/FacialAnimation/Binaries/Win64/UE4Editor-FacialAnimation.dll (API version 3944462).
LogModuleManager: Display: Found up-to-date module file ../../../Engine/Plugins/Editor/FacialAnimation/Binaries/Win64/UE4Editor-FacialAnimationEditor.dll (API version 3944462).
LogModuleManager: Display: Found up-to-date module file ../../../Engine/Plugins/Editor/GameplayTagsEditor/Binaries/Win64/UE4Editor-GameplayTagsEditor.dll (API version 3944462).
LogModuleManager: Display: Found up-to-date module file ../../../Engine/Plugins/Editor/MobileLauncherProfileWizard/Binaries/Win64/UE4Editor-MobileLauncherProfileWizard.dll (API version 3944462).
LogModuleManager: Display: Found up-to-date module file ../../../Engine/Plugins/Editor/PluginBrowser/Binaries/Win64/UE4Editor-PluginBrowser.dll (API version 3944462).
LogModuleManager: Display: Found up-to-date module file ../../../Engine/Plugins/Editor/SpeedTreeImporter/Binaries/Win64/UE4Editor-SpeedTreeImporter.dll (API version 3944462).
LogModuleManager: Display: Found up-to-date module file ../../../Engine/Plugins/Enterprise/DatasmithContent/Binaries/Win64/UE4Editor-DatasmithContent.dll (API version 3944462).
LogModuleManager: Display: Found up-to-date module file ../../../Engine/Plugins/Experimental/AlembicImporter/Binaries/Win64/UE4Editor-AlembicImporter.dll (API version 3944462).
LogModuleManager: Display: Found up-to-date module file ../../../Engine/Plugins/Experimental/AlembicImporter/Binaries/Win64/UE4Editor-AlembicLibrary.dll (API version 3944462).
LogModuleManager: Display: Found up-to-date module file ../../../Engine/Plugins/Experimental/CharacterAI/Binaries/Win64/UE4Editor-CharacterAI.dll (API version 3944462).
LogModuleManager: Display: Found up-to-date module file ../../../Engine/Plugins/Experimental/HTML5Networking/Binaries/Win64/UE4Editor-HTML5Networking.dll (API version 3944462).
LogModuleManager: Display: Found up-to-date module file ../../../Engine/Plugins/Media/AndroidMedia/Binaries/Win64/UE4Editor-AndroidMediaEditor.dll (API version 3944462).
LogModuleManager: Display: Found up-to-date module file ../../../Engine/Plugins/Media/AndroidMedia/Binaries/Win64/UE4Editor-AndroidMediaFactory.dll (API version 3944462).
LogModuleManager: Display: Found up-to-date module file ../../../Engine/Plugins/Media/AvfMedia/Binaries/Win64/UE4Editor-AvfMediaEditor.dll (API version 3944462).
LogModuleManager: Display: Found up-to-date module file ../../../Engine/Plugins/Media/AvfMedia/Binaries/Win64/UE4Editor-AvfMediaFactory.dll (API version 3944462).
LogModuleManager: Display: Found up-to-date module file ../../../Engine/Plugins/Media/AvfMedia/Binaries/Win64/UE4Editor-AvfMediaFactory.dll (API version 3944462).
LogModuleManager: Display: Found up-to-date module file ../../../Engine/Plugins/Media/ImgMedia/Binaries/Win64/UE4Editor-ImgMedia.dll (API version 3944462).
LogModuleManager: Display: Found up-to-date module file ../../../Engine/Plugins/Media/ImgMedia/Binaries/Win64/UE4Editor-ImgMediaEditor.dll (API version 3944462).
LogModuleManager: Display: Found up-to-date module file ../../../Engine/Plugins/Media/ImgMedia/Binaries/Win64/UE4Editor-ImgMediaFactory.dll (API version 3944462).
LogModuleManager: Display: Found up-to-date module file ../../../Engine/Plugins/Media/ImgMedia/Binaries/Win64/UE4Editor-ImgMediaFactory.dll (API version 3944462).
LogModuleManager: Display: Found up-to-date module file ../../../Engine/Plugins/Media/ImgMedia/Binaries/Win64/UE4Editor-OpenExrWrapper.dll (API version 3944462).
LogModuleManager: Display: Found up-to-date module file ../../../Engine/Plugins/Media/LinearTimecode/Binaries/Win64/UE4Editor-LinearTimecode.dll (API version 3944462).
LogModuleManager: Display: Found up-to-date module file ../../../Engine/Plugins/Media/MediaCompositing/Binaries/Win64/UE4Editor-MediaCompositing.dll (API version 3944462).
LogModuleManager: Display: Found up-to-date module file ../../../Engine/Plugins/Media/MediaCompositing/Binaries/Win64/UE4Editor-MediaCompositingEditor.dll (API version 3944462).
LogModuleManager: Display: Found up-to-date module file ../../../Engine/Plugins/Media/MediaPlayerEditor/Binaries/Win64/UE4Editor-MediaPlayerEditor.dll (API version 3944462).
LogModuleManager: Display: Found up-to-date module file ../../../Engine/Plugins/Media/WmfMedia/Binaries/Win64/UE4Editor-WmfMedia.dll (API version 3944462).
LogModuleManager: Display: Found up-to-date module file ../../../Engine/Plugins/Media/WmfMedia/Binaries/Win64/UE4Editor-WmfMediaEditor.dll (API version 3944462).
LogModuleManager: Display: Found up-to-date module file ../../../Engine/Plugins/Media/WmfMedia/Binaries/Win64/UE4Editor-WmfMediaFactory.dll (API version 3944462).
LogModuleManager: Display: Found up-to-date module file ../../../Engine/Plugins/Media/WmfMedia/Binaries/Win64/UE4Editor-WmfMediaFactory.dll (API version 3944462).
LogModuleManager: Display: Found up-to-date module file ../../../Engine/Plugins/Messaging/TcpMessaging/Binaries/Win64/UE4Editor-TcpMessaging.dll (API version 3944462).
LogModuleManager: Display: Found up-to-date module file ../../../Engine/Plugins/Messaging/UdpMessaging/Binaries/Win64/UE4Editor-UdpMessaging.dll (API version 3944462).
LogModuleManager: Display: Found up-to-date module file ../../../Engine/Plugins/MovieScene/ActorSequence/Binaries/Win64/UE4Editor-ActorSequence.dll (API version 3944462).
LogModuleManager: Display: Found up-to-date module file ../../../Engine/Plugins/MovieScene/LevelSequenceEditor/Binaries/Win64/UE4Editor-LevelSequenceEditor.dll (API version 3944462).
LogModuleManager: Display: Found up-to-date module file ../../../Engine/Plugins/MovieScene/MatineeToLevelSequence/Binaries/Win64/UE4Editor-MatineeToLevelSequence.dll (API version 3944462).
LogModuleManager: Display: Found up-to-date module file ../../../Engine/Plugins/NetcodeUnitTest/NetcodeUnitTest/Binaries/Win64/UE4Editor-NetcodeUnitTest.dll (API version 3944462).
LogModuleManager: Display: Found up-to-date module file ../../../Engine/Plugins/NetcodeUnitTest/NUTUnrealEngine4/Binaries/Win64/UE4Editor-NUTUnrealEngine4.dll (API version 3944462).
LogModuleManager: Display: Found up-to-date module file ../../../Engine/Plugins/Runtime/AndroidPermission/Binaries/Win64/UE4Editor-AndroidPermission.dll (API version 3944462).
LogModuleManager: Display: Found up-to-date module file ../../../Engine/Plugins/Online/OnlineSubsystemNull/Binaries/Win64/UE4Editor-OnlineSubsystemNull.dll (API version 3944462).
LogModuleManager: Display: Found up-to-date module file ../../../Engine/Plugins/Runtime/AndroidDeviceProfileSelector/Binaries/Win64/UE4Editor-AndroidDeviceProfileSelector.dll (API version 3944462).
LogModuleManager: Display: Found up-to-date module file ../../../Engine/Plugins/Runtime/AppleARKit/Binaries/Win64/UE4Editor-AppleARKit.dll (API version 3944462).
LogModuleManager: Display: Found up-to-date module file ../../../Engine/Plugins/Runtime/ProceduralMeshComponent/Binaries/Win64/UE4Editor-ProceduralMeshComponent.dll (API version 3944462).
LogModuleManager: Display: Found up-to-date module file ../../../Engine/Plugins/Runtime/ProceduralMeshComponent/Binaries/Win64/UE4Editor-ProceduralMeshComponentEditor.dll (API version 3944462).
LogModuleManager: Display: Found up-to-date module file ../../../Engine/Plugins/Animation/LiveLink/Binaries/Win64/UE4Editor-LiveLink.dll (API version 3944462).
LogModuleManager: Display: Found up-to-date module file ../../../Engine/Plugins/Animation/LiveLink/Binaries/Win64/UE4Editor-LiveLinkEditor.dll (API version 3944462).
LogModuleManager: Display: Found up-to-date module file ../../../Engine/Plugins/Runtime/ArchVisCharacter/Binaries/Win64/UE4Editor-ArchVisCharacter.dll (API version 3944462).
LogModuleManager: Display: Found up-to-date module file ../../../Engine/Plugins/Runtime/AudioCapture/Binaries/Win64/UE4Editor-AudioCapture.dll (API version 3944462).
LogModuleManager: Display: Found up-to-date module file ../../../Engine/Plugins/Runtime/AudioCapture/Binaries/Win64/UE4Editor-AudioCaptureEditor.dll (API version 3944462).
LogModuleManager: Display: Found up-to-date module file ../../../Engine/Plugins/Runtime/CableComponent/Binaries/Win64/UE4Editor-CableComponent.dll (API version 3944462).
LogModuleManager: Display: Found up-to-date module file ../../../Engine/Plugins/Runtime/CustomMeshComponent/Binaries/Win64/UE4Editor-CustomMeshComponent.dll (API version 3944462).
LogModuleManager: Display: Found up-to-date module file ../../../Engine/Plugins/Runtime/ExampleDeviceProfileSelector/Binaries/Win64/UE4Editor-ExampleDeviceProfileSelector.dll (API version 3944462).
LogModuleManager: Display: Found up-to-date module file ../../../Engine/Plugins/Runtime/ImmediatePhysics/Binaries/Win64/UE4Editor-ImmediatePhysics.dll (API version 3944462).
LogModuleManager: Display: Found up-to-date module file ../../../Engine/Plugins/Runtime/ImmediatePhysics/Binaries/Win64/UE4Editor-ImmediatePhysicsEditor.dll (API version 3944462).
LogModuleManager: Display: Found up-to-date module file ../../../Engine/Plugins/Runtime/LocationServicesBPLibrary/Binaries/Win64/UE4Editor-LocationServicesBPLibrary.dll (API version 3944462).
LogModuleManager: Display: Found up-to-date module file ../../../Engine/Plugins/Runtime/MobilePatchingUtils/Binaries/Win64/UE4Editor-MobilePatchingUtils.dll (API version 3944462).
LogModuleManager: Display: Found up-to-date module file ../../../Engine/Plugins/Runtime/Oculus/OculusVR/Binaries/Win64/UE4Editor-OculusHMD.dll (API version 3944462).
LogModuleManager: Display: Found up-to-date module file ../../../Engine/Plugins/Runtime/Oculus/OculusVR/Binaries/Win64/UE4Editor-OculusInput.dll (API version 3944462).
LogModuleManager: Display: Found up-to-date module file ../../../Engine/Plugins/Runtime/Oculus/OculusVR/Binaries/Win64/UE4Editor-OculusEditor.dll (API version 3944462).
LogModuleManager: Display: Found up-to-date module file ../../../Engine/Plugins/Runtime/PhysXVehicles/Binaries/Win64/UE4Editor-PhysXVehicles.dll (API version 3944462).
LogModuleManager: Display: Found up-to-date module file ../../../Engine/Plugins/Runtime/PhysXVehicles/Binaries/Win64/UE4Editor-PhysXVehiclesEditor.dll (API version 3944462).
LogModuleManager: Display: Found up-to-date module file ../../../Engine/Plugins/Runtime/RuntimePhysXCooking/Binaries/Win64/UE4Editor-RuntimePhysXCooking.dll (API version 3944462).
LogModuleManager: Display: Found up-to-date module file ../../../Engine/Plugins/Runtime/Steam/SteamVR/Binaries/Win64/UE4Editor-SteamVR.dll (API version 3944462).
LogModuleManager: Display: Found up-to-date module file ../../../Engine/Plugins/Runtime/Steam/SteamVR/Binaries/Win64/UE4Editor-SteamVRController.dll (API version 3944462).
LogModuleManager: Display: Found up-to-date module file ../../../Engine/Plugins/Runtime/WindowsMoviePlayer/Binaries/Win64/UE4Editor-WindowsMoviePlayer.dll (API version 3944462).
LogPluginManager: Mounting plugin Paper2D
LogPluginManager: Mounting plugin LiveLink
LogPluginManager: Mounting plugin LightPropagationVolume
LogPluginManager: Mounting plugin CLionSourceCodeAccess
LogPluginManager: Mounting plugin CodeLiteSourceCodeAccess
LogPluginManager: Mounting plugin GitSourceControl
LogPluginManager: Mounting plugin KDevelopSourceCodeAccess
LogPluginManager: Mounting plugin NullSourceCodeAccess
LogPluginManager: Mounting plugin PerforceSourceControl
LogPluginManager: Mounting plugin SubversionSourceControl
LogPluginManager: Mounting plugin UObjectPlugin
LogPluginManager: Mounting plugin VisualStudioCodeSourceCodeAccess
LogPluginManager: Mounting plugin VisualStudioSourceCodeAccess
LogPluginManager: Mounting plugin XCodeSourceCodeAccess
LogPluginManager: Mounting plugin AssetManagerEditor
LogPluginManager: Mounting plugin CryptoKeys
LogPluginManager: Mounting plugin DataValidation
LogPluginManager: Mounting plugin FacialAnimation
LogPluginManager: Mounting plugin GameplayTagsEditor
LogPluginManager: Mounting plugin MobileLauncherProfileWizard
LogPluginManager: Mounting plugin PluginBrowser
LogPluginManager: Mounting plugin SpeedTreeImporter
LogPluginManager: Mounting plugin DatasmithContent
LogPluginManager: Mounting plugin AlembicImporter
LogPluginManager: Mounting plugin CharacterAI
LogPluginManager: Mounting plugin HTML5Networking
LogPluginManager: Mounting plugin AndroidMedia
LogPluginManager: Mounting plugin AvfMedia
LogPluginManager: Mounting plugin ImgMedia
LogPluginManager: Mounting plugin LinearTimecode
LogPluginManager: Mounting plugin MediaCompositing
LogPluginManager: Mounting plugin MediaPlayerEditor
LogPluginManager: Mounting plugin WmfMedia
LogPluginManager: Mounting plugin TcpMessaging
LogPluginManager: Mounting plugin UdpMessaging
LogPluginManager: Mounting plugin ActorSequence
LogPluginManager: Mounting plugin LevelSequenceEditor
LogPluginManager: Mounting plugin MatineeToLevelSequence
LogPluginManager: Mounting plugin NetcodeUnitTest
LogPluginManager: Mounting plugin NUTUnrealEngine4
LogPluginManager: Mounting plugin OnlineSubsystemGooglePlay
LogPluginManager: Mounting plugin OnlineSubsystemIOS
LogPluginManager: Mounting plugin OnlineSubsystem
LogPluginManager: Mounting plugin OnlineSubsystemNull
LogPluginManager: Mounting plugin OnlineSubsystemSteam
LogPluginManager: Mounting plugin OnlineSubsystemUtils
LogPluginManager: Mounting plugin AndroidDeviceProfileSelector
LogPluginManager: Mounting plugin AndroidMoviePlayer
LogPluginManager: Mounting plugin AndroidPermission
LogPluginManager: Mounting plugin AppleARKit
LogPluginManager: Mounting plugin AppleMoviePlayer
LogPluginManager: Mounting plugin ArchVisCharacter
LogPluginManager: Mounting plugin AudioCapture
LogPluginManager: Mounting plugin CableComponent
LogPluginManager: Mounting plugin CustomMeshComponent
LogPluginManager: Mounting plugin ExampleDeviceProfileSelector
LogPluginManager: Mounting plugin GoogleCloudMessaging
LogPluginManager: Mounting plugin ImmediatePhysics
LogPluginManager: Mounting plugin IOSDeviceProfileSelector
LogPluginManager: Mounting plugin LinuxDeviceProfileSelector
LogPluginManager: Mounting plugin LocationServicesBPLibrary
LogPluginManager: Mounting plugin MobilePatchingUtils
LogPluginManager: Mounting plugin OculusVR
LogPluginManager: Plugin shader directory ../../../Engine/Plugins/Runtime/Oculus/OculusVR/Shaders found
LogPluginManager: Mapping shader source directory ../../../Engine/Plugins/Runtime/Oculus/OculusVR/Shaders to virtual directory /Plugin/OculusVR
LogPluginManager: Mounting plugin PhysXVehicles
LogPluginManager: Mounting plugin ProceduralMeshComponent
LogPluginManager: Mounting plugin RuntimePhysXCooking
LogPluginManager: Mounting plugin SteamVR
LogPluginManager: Mounting plugin WindowsMoviePlayer
LogStreaming: Display: Took  2.219s to configure plugins.
LogInit: Using libcurl 7.47.1
LogInit:  - built for x86_64-pc-win32
LogInit:  - supports SSL with OpenSSL/1.0.2g
LogInit:  - supports HTTP deflate (compression) using libz 1.2.8
LogInit:  - other features:
LogInit:      CURL_VERSION_SSL
LogInit:      CURL_VERSION_LIBZ
LogInit:      CURL_VERSION_IPV6
LogInit:      CURL_VERSION_ASYNCHDNS
LogInit:      CURL_VERSION_LARGEFILE
LogInit:      CURL_VERSION_IDN
LogInit:  CurlRequestOptions (configurable via config and command line):
LogInit:  - bVerifyPeer = false  - Libcurl will NOT verify peer certificate
LogInit:  - bUseHttpProxy = false  - Libcurl will NOT use HTTP proxy
LogInit:  - bDontReuseConnections = false  - Libcurl will reuse connections
LogInit:  - CertBundlePath = nullptr  - Libcurl will use whatever was configured at build time.
LogInit:  - MaxHostConnections = 16  - Libcurl will limit the number of connections to a host
LogInit:  - LocalHostAddr = Default
LogInit: WinSock: version 1.1 (2.2), MaxSocks=32767, MaxUdp=65467
LogInit: WinSock: I am Robs-Blade (192.168.86.33:0)
LogHMD: Failed initializing OVRPlugin 1.21.0
LogInit: Build: ++UE4+Release-4.19-CL-4033788
LogInit: Engine Version: 4.19.2-4033788+++UE4+Release-4.19
LogInit: Compatible Engine Version: 4.19.0-3944462+++UE4+Release-4.19
LogInit: Net CL: 3944462
LogDevObjectVersion: Number of dev versions registered: 18
LogDevObjectVersion:   Dev-Blueprints (B0D832E4-1F89-4F0D-ACCF-7EB736FD4AA2): 10
LogDevObjectVersion:   Dev-Build (E1C64328-A22C-4D53-A36C-8E866417BD8C): 0
LogDevObjectVersion:   Dev-Core (375EC13C-06E4-48FB-B500-84F0262A717E): 2
LogDevObjectVersion:   Dev-Editor (E4B068ED-F494-42E9-A231-DA0B2E46BB41): 23
LogDevObjectVersion:   Dev-Framework (CFFC743F-43B0-4480-9391-14DF171D2073): 33
LogDevObjectVersion:   Dev-Mobile (B02B49B5-BB20-44E9-A304-32B752E40360): 2
LogDevObjectVersion:   Dev-Networking (A4E4105C-59A1-49B5-A7C5-40C4547EDFEE): 0
LogDevObjectVersion:   Dev-Online (39C831C9-5AE6-47DC-9A44-9C173E1C8E7C): 0
LogDevObjectVersion:   Dev-Physics (78F01B33-EBEA-4F98-B9B4-84EACCB95AA2): 0
LogDevObjectVersion:   Dev-Platform (6631380F-2D4D-43E0-8009-CF276956A95A): 0
LogDevObjectVersion:   Dev-Rendering (12F88B9F-8875-4AFC-A67C-D90C383ABD29): 25
LogDevObjectVersion:   Dev-Sequencer (7B5AE74C-D270-4C10-A958-57980B212A5A): 6
LogDevObjectVersion:   Dev-VR (D7296918-1DD6-4BDD-9DE2-64A83CC13884): 1
LogDevObjectVersion:   Dev-LoadTimes (C2A15278-BFE7-4AFE-6C17-90FF531DF755): 1
LogDevObjectVersion:   Private-Geometry (6EACA3D4-40EC-4CC1-B786-8BED09428FC5): 2
LogDevObjectVersion:   Dev-AnimPhys (29E575DD-E0A3-4627-9D10-D276232CDCEA): 16
LogDevObjectVersion:   Dev-ReflectionCapture (6B266CEC-1EC7-4B8F-A30B-E4D90942FC07): 1
LogDevObjectVersion:   Dev-Automation (0DF73D61-A23F-47EA-B727-89E90C41499A): 1
LogInit: Compiled (64-bit): Apr 27 2018 02:06:57
LogInit: Compiled with Visual C++: 19.00.24215.01
LogInit: Build Configuration: Development
LogInit: Branch Name: ++UE4+Release-4.19
LogInit: Command Line:  /Game/Maps/MainMenu -game -PIEVIACONSOLE -ResX=1280 -ResY=720  -Multiprocess -messaging -SessionName="Play in Standalone Game" -windowed 
LogInit: Base Directory: C:/Program Files/Epic Games/UE_4.19/Engine/Binaries/Win64/
LogInit: Installed Engine Build: 1
LogStreaming: Display: Took  0.003s to delete old logs.
LogInit: Presizing for max 8388607 objects, including 0 objects not considered by GC, pre-allocating 0 bytes for permanent pool.
LogInit: Object subsystem initialized
[2018.06.03-19.25.07:442][  0]LogInit: Selected Device Profile: [Windows]
[2018.06.03-19.25.07:442][  0]LogInit: Applying CVar settings loaded from the selected device profile: [Windows]
[2018.06.03-19.25.07:448][  0]LogInit: Computer: ROBS-BLADE
[2018.06.03-19.25.07:449][  0]LogInit: User: RobsBlade
[2018.06.03-19.25.07:449][  0]LogInit: CPU Page size=4096, Cores=4
[2018.06.03-19.25.07:449][  0]LogInit: High frequency timer resolution =2.531247 MHz
[2018.06.03-19.25.07:449][  0]LogMemory: Memory total: Physical=15.9GB (16GB approx)
[2018.06.03-19.25.07:449][  0]LogMemory: Platform Memory Stats for Windows
[2018.06.03-19.25.07:449][  0]LogMemory: Process Physical Memory: 278.63 MB used, 278.63 MB peak
[2018.06.03-19.25.07:449][  0]LogMemory: Process Virtual Memory: 269.00 MB used, 269.00 MB peak
[2018.06.03-19.25.07:449][  0]LogMemory: Physical Memory: 7172.40 MB used,  9103.77 MB free, 16276.17 MB total
[2018.06.03-19.25.07:449][  0]LogMemory: Virtual Memory: 4838.99 MB used,  9103.77 MB free, 134217728.00 MB total
[2018.06.03-19.25.07:490][  0]LogInit: Using OS detected language (en-US).
[2018.06.03-19.25.07:491][  0]LogInit: Using OS detected locale (en-US).
[2018.06.03-19.25.07:491][  0]LogTextLocalizationManager: No localization for 'en-US' exists, so 'en' will be used for the language.
[2018.06.03-19.25.07:491][  0]LogTextLocalizationManager: No localization for 'en-US' exists, so 'en' will be used for the locale.
[2018.06.03-19.25.08:282][  0]LogStreaming: Display: Took  0.791s to EndInitTextLocalization.
[2018.06.03-19.25.08:309][  0]LogSlate: New Slate User Created.  User Index 0, Is Virtual User: 0
[2018.06.03-19.25.08:309][  0]LogSlate: Slate User Registered.  User Index 0, Is Virtual User: 0
[2018.06.03-19.25.08:327][  0]LogD3D11RHI: D3D11 adapters:
[2018.06.03-19.25.08:395][  0]LogD3D11RHI:    0. 'NVIDIA GeForce GTX 1060' (Feature Level 11_0)
[2018.06.03-19.25.08:395][  0]LogD3D11RHI:       6052/0/8138 MB DedicatedVideo/DedicatedSystem/SharedSystem, Outputs:1, VendorId:0x10de
[2018.06.03-19.25.08:406][  0]LogD3D11RHI:    1. 'Intel(R) HD Graphics 530' (Feature Level 11_0)
[2018.06.03-19.25.08:406][  0]LogD3D11RHI:       128/0/8138 MB DedicatedVideo/DedicatedSystem/SharedSystem, Outputs:0, VendorId:0x8086
[2018.06.03-19.25.08:409][  0]LogD3D11RHI:    2. 'Microsoft Basic Render Driver' (Feature Level 11_0)
[2018.06.03-19.25.08:409][  0]LogD3D11RHI:       0/0/8138 MB DedicatedVideo/DedicatedSystem/SharedSystem, Outputs:0, VendorId:0x1414
[2018.06.03-19.25.08:409][  0]LogD3D11RHI: Chosen D3D11 Adapter: 0
[2018.06.03-19.25.08:434][  0]LogD3D11RHI: Creating new Direct3DDevice
[2018.06.03-19.25.08:434][  0]LogD3D11RHI:     GPU DeviceId: 0x1c20 (for the marketing name, search the web for "GPU Device Id")
[2018.06.03-19.25.08:434][  0]LogWindows: EnumDisplayDevices:
[2018.06.03-19.25.08:434][  0]LogWindows:    0. 'Intel(R) HD Graphics 530' (P:1 D:1)
[2018.06.03-19.25.08:434][  0]LogWindows:    1. 'Intel(R) HD Graphics 530' (P:0 D:0)
[2018.06.03-19.25.08:434][  0]LogWindows:    2. 'Intel(R) HD Graphics 530' (P:0 D:0)
[2018.06.03-19.25.08:434][  0]LogWindows:    3. 'NVIDIA GeForce GTX 1060' (P:0 D:0)
[2018.06.03-19.25.08:435][  0]LogWindows: DebugString: GetVideoDriverDetailsInvalid PrimaryIsNotTheChoosenAdapter GetVideoDriverDetailsInvalid PrimaryIsNotTheChoosenAdapter GetVideoDriverDetailsInvalid PrimaryIsNotTheChoosenAdapter GetVideoDriverDetailsInvalid PrimaryIsNotTheChoosenAdapter FoundDriverCount:0 
[2018.06.03-19.25.08:435][  0]LogD3D11RHI:     Adapter Name: NVIDIA GeForce GTX 1060
[2018.06.03-19.25.08:435][  0]LogD3D11RHI:   Driver Version: Unknown (internal:Unknown, unified:Unknown)
[2018.06.03-19.25.08:435][  0]LogD3D11RHI:      Driver Date: Unknown
[2018.06.03-19.25.08:435][  0]LogRHI: Texture pool is 4236 MB (70% of 6052 MB)
[2018.06.03-19.25.08:481][  0]LogD3D11RHI: [Aftermath] Aftermath enabled and primed
[2018.06.03-19.25.08:481][  0]LogD3D11RHI: [Aftermath] Aftermath enabled and primed
[2018.06.03-19.25.08:481][  0]LogD3D11RHI: Async texture creation enabled
[2018.06.03-19.25.08:504][  0]LogD3D11RHI: GPU Timing Frequency: 1000.000000 (Debug: 2 2)
[2018.06.03-19.25.08:506][  0]LogShaderCompilers: Guid format shader working directory is -16 characters bigger than the processId version (../../../../../../Users/Rob's Blade/Documents/Unreal Projects/Quake/Intermediate/Shaders/WorkingDirectory/17148/).
[2018.06.03-19.25.08:506][  0]LogShaderCompilers: Cleaned the shader compiler working directory 'C:/Users/Rob's Blade/AppData/Local/Temp/UnrealShaderWorkingDir/742B41ED4B737F5CD245839BEEE0BAB3/'.
[2018.06.03-19.25.08:831][  0]LogTemp: Display: Loaded TP WindowsClientTargetPlatform
[2018.06.03-19.25.08:858][  0]LogTemp: Display: Loaded TP WindowsNoEditorTargetPlatform
[2018.06.03-19.25.08:877][  0]LogTemp: Display: Loaded TP WindowsServerTargetPlatform
[2018.06.03-19.25.08:896][  0]LogTemp: Display: Loaded TP WindowsTargetPlatform
[2018.06.03-19.25.08:896][  0]LogTargetPlatformManager: Display: Building Assets For Windows
[2018.06.03-19.25.09:062][  0]LogXGEController: Cannot use XGE Controller as Incredibuild is not installed on this machine.
[2018.06.03-19.25.09:062][  0]LogShaderCompilers: Cannot use XGE Shader Compiler as Incredibuild is not installed on this machine.
[2018.06.03-19.25.09:062][  0]LogShaderCompilers: Display: Using Local Shader Compiler.
[2018.06.03-19.25.10:119][  0]LogDerivedDataCache: Display: Max Cache Size: 512 MB
[2018.06.03-19.25.10:310][  0]LogDerivedDataCache: Loaded boot cache 0.19s 74MB C:/Users/Rob's Blade/AppData/Local/UnrealEngine/4.19/DerivedDataCache/Boot.ddc.
[2018.06.03-19.25.10:310][  0]LogDerivedDataCache: Display: Loaded Boot cache: C:/Users/Rob's Blade/AppData/Local/UnrealEngine/4.19/DerivedDataCache/Boot.ddc
[2018.06.03-19.25.10:311][  0]LogDerivedDataCache: FDerivedDataBackendGraph:  Pak pak cache file ../../../../../../Users/Rob's Blade/Documents/Unreal Projects/Quake/DerivedDataCache/DDC.ddp not found, will not use a pak cache.
[2018.06.03-19.25.10:311][  0]LogDerivedDataCache: Unable to find inner node Pak for hierarchical cache Hierarchy.
[2018.06.03-19.25.10:311][  0]LogDerivedDataCache: FDerivedDataBackendGraph:  CompressedPak pak cache file ../../../../../../Users/Rob's Blade/Documents/Unreal Projects/Quake/DerivedDataCache/Compressed.ddp not found, will not use a pak cache.
[2018.06.03-19.25.10:311][  0]LogDerivedDataCache: Unable to find inner node CompressedPak for hierarchical cache Hierarchy.
[2018.06.03-19.25.10:334][  0]LogDerivedDataCache: Display: Pak cache opened for reading ../../../Engine/DerivedDataCache/Compressed.ddp.
[2018.06.03-19.25.10:346][  0]LogDerivedDataCache: Using Local data cache path C:/Users/Rob's Blade/AppData/Local/UnrealEngine/Common/DerivedDataCache: Writable
[2018.06.03-19.25.10:346][  0]LogDerivedDataCache: Shared data cache path not found in *engine.ini, will not use an Shared cache.
[2018.06.03-19.25.10:346][  0]LogDerivedDataCache: Unable to find inner node Shared for hierarchical cache Hierarchy.
[2018.06.03-19.25.10:365][  0]LogMaterial: Verifying Global Shaders for PCD3D_SM5
[2018.06.03-19.25.10:367][  0]LogSlate: Using Freetype 2.6.0
[2018.06.03-19.25.10:368][  0]LogSlate: SlateFontCache - WITH_FREETYPE: 1, WITH_HARFBUZZ: 1
[2018.06.03-19.25.10:368][  0]LogSlate: SlateFontCache - WITH_FREETYPE: 1, WITH_HARFBUZZ: 1
[2018.06.03-19.25.10:524][  0]LogAssetRegistry: FAssetRegistry took 0.0066 seconds to start up
[2018.06.03-19.25.10:865][  0]LogPackageLocalizationCache: Processed 9 localized package path(s) for 1 prioritized culture(s) in 0.029975 seconds
[2018.06.03-19.25.11:022][  0]LogInit: Selected Device Profile: [Windows]
[2018.06.03-19.25.11:276][  0]LogSimplygon: Simplygon DLL not present - disabling.
[2018.06.03-19.25.11:281][  0]LogMeshReduction: Using SimplygonSwarm for distributed automatic mesh merging
[2018.06.03-19.25.11:281][  0]LogMeshReduction: Using QuadricMeshReduction for automatic static mesh reduction
[2018.06.03-19.25.11:281][  0]LogMeshReduction: No automatic skeletal mesh reduction module available
[2018.06.03-19.25.11:281][  0]LogMeshReduction: No automatic mesh merging module available
[2018.06.03-19.25.11:281][  0]LogMeshMerging: No automatic mesh merging module available
[2018.06.03-19.25.11:337][  0]LogNetVersion: Quake , NetCL: 3944462, EngineNetVer: 2, GameNetVer: 0 (Checksum: 1851811319)
[2018.06.03-19.25.12:508][  0]LogMoviePlayer: Initializing movie player
[2018.06.03-19.25.13:079][  0]LogTcpMessaging: Initializing TcpMessaging bridge
[2018.06.03-19.25.13:129][  0]LogUdpMessaging: Initializing bridge on interface 0.0.0.0:0 to multicast group 230.0.0.1:6666.
[2018.06.03-19.25.13:490][  0]SourceControl: Source control is disabled
[2018.06.03-19.25.13:491][  0]SourceControl: Source control is disabled
[2018.06.03-19.25.13:513][  0]SourceControl: Source control is disabled
[2018.06.03-19.25.13:954][  0]LogOnline: Display: STEAM: Loading Steam SDK 1.39
[2018.06.03-19.25.13:981][  0]LogAndroidPermission: UAndroidPermissionCallbackProxy::GetInstance
[2018.06.03-19.25.14:218][  0]LogOcInput: OculusInput pre-init called
[2018.06.03-19.25.14:289][  0]LogUObjectArray: 40131 objects as part of root set at end of initial load.
[2018.06.03-19.25.14:290][  0]LogUObjectAllocator: 8578472 out of 0 bytes used by permanent object pool.
[2018.06.03-19.25.14:290][  0]LogUObjectArray: CloseDisregardForGC: 0/0 objects in disregard for GC pool
[2018.06.03-19.25.14:357][  0]LogEngine: Initializing Engine...
[2018.06.03-19.25.14:358][  0]LogHMD: Failed to initialize OpenVR with code 110
[2018.06.03-19.25.14:371][  0]LogStats: UGameplayTagsManager::ConstructGameplayTagTree: Construct from data asset -  0.000 s
[2018.06.03-19.25.14:372][  0]LogStats: UGameplayTagsManager::ConstructGameplayTagTree: GameplayTagTreeChangedEvent.Broadcast -  0.000 s
[2018.06.03-19.25.14:662][  0]LogInit: XAudio2 using 'Speakers (Realtek High Definition Audio)' : 2 channels at 48 kHz using 32 bits per sample (channel mask 0x3)
[2018.06.03-19.25.14:692][  0]LogInit: FAudioDevice initialized.
[2018.06.03-19.25.14:729][  0]LogInit: Texture streaming: Enabled
[2018.06.03-19.25.14:946][  0]LogUObjectGlobals: Created PersistentFrame Addr=0x000001dcb66c7380, Size=536, Default__GameInfoInstance_C Function /Game/Blueprints/AllLevels/GameInfoInstance.GameInfoInstance_C:ExecuteUbergraph_GameInfoInstance
[2018.06.03-19.25.14:955][  0]LogUObjectGlobals: Created PersistentFrame Addr=0x000001dcb66bf3d0, Size=80, Default__HostMenu_C Function /Game/UI/MainMenu/HostMenu.HostMenu_C:ExecuteUbergraph_HostMenu
[2018.06.03-19.25.14:968][  0]LogUObjectGlobals: Created PersistentFrame Addr=0x000001dcc139cb80, Size=40, Default__MainMenu_C Function /Game/UI/MainMenu/MainMenu.MainMenu_C:ExecuteUbergraph_MainMenu
[2018.06.03-19.25.14:980][  0]LogUObjectGlobals: Created PersistentFrame Addr=0x000001dcb667f4a0, Size=104, Default__OptionsMenu_C Function /Game/UI/MainMenu/OptionsMenu.OptionsMenu_C:ExecuteUbergraph_OptionsMenu
[2018.06.03-19.25.15:018][  0]LogUObjectGlobals: Created PersistentFrame Addr=0x000001dcb661f600, Size=608, Default__ServerMenu_C Function /Game/UI/MainMenu/ServerMenu.ServerMenu_C:ExecuteUbergraph_ServerMenu
[2018.06.03-19.25.15:067][  0]LogUObjectGlobals: Destroyed PersistentFrame Addr=0x000001dcb66c7380, Size=536
[2018.06.03-19.25.15:067][  0]LogUObjectGlobals: Created PersistentFrame Addr=0x000001dcc241bd80, Size=536, Default__GameInfoInstance_C Function /Engine/Transient.REINST_GameInfoInstance_C_2:ExecuteUbergraph_GameInfoInstance
[2018.06.03-19.25.15:068][  0]LogUObjectGlobals: Destroyed PersistentFrame Addr=0x000001dcb66bf3d0, Size=80
[2018.06.03-19.25.15:068][  0]LogUObjectGlobals: Created PersistentFrame Addr=0x000001dcc24de6b0, Size=80, Default__HostMenu_C Function /Engine/Transient.REINST_HostMenu_C_0:ExecuteUbergraph_HostMenu
[2018.06.03-19.25.15:068][  0]LogUObjectGlobals: Destroyed PersistentFrame Addr=0x000001dcc139cb80, Size=40
[2018.06.03-19.25.15:068][  0]LogUObjectGlobals: Created PersistentFrame Addr=0x000001dcb65cdd28, Size=40, Default__MainMenu_C Function /Engine/Transient.REINST_MainMenu_C_2:ExecuteUbergraph_MainMenu
[2018.06.03-19.25.15:068][  0]LogUObjectGlobals: Destroyed PersistentFrame Addr=0x000001dcb667f4a0, Size=104
[2018.06.03-19.25.15:068][  0]LogUObjectGlobals: Created PersistentFrame Addr=0x000001dcc24e5050, Size=104, Default__OptionsMenu_C Function /Engine/Transient.REINST_OptionsMenu_C_3:ExecuteUbergraph_OptionsMenu
[2018.06.03-19.25.15:069][  0]LogUObjectGlobals: Destroyed PersistentFrame Addr=0x000001dcb661f600, Size=608
[2018.06.03-19.25.15:069][  0]LogUObjectGlobals: Created PersistentFrame Addr=0x000001dcc241b600, Size=608, Default__ServerMenu_C Function /Engine/Transient.REINST_ServerMenu_C_4:ExecuteUbergraph_ServerMenu
[2018.06.03-19.25.15:103][  0]LogUObjectGlobals: Created PersistentFrame Addr=0x000001dcc2283100, Size=536, Default__GameInfoInstance_C Function /Game/Blueprints/AllLevels/GameInfoInstance.GameInfoInstance_C:ExecuteUbergraph_GameInfoInstance
[2018.06.03-19.25.15:108][  0]LogUObjectGlobals: Created PersistentFrame Addr=0x000001dcc21c5990, Size=80, Default__HostMenu_C Function /Game/UI/MainMenu/HostMenu.HostMenu_C:ExecuteUbergraph_HostMenu
[2018.06.03-19.25.15:110][  0]LogUObjectGlobals: Created PersistentFrame Addr=0x000001dcb65ceb60, Size=40, Default__MainMenu_C Function /Game/UI/MainMenu/MainMenu.MainMenu_C:ExecuteUbergraph_MainMenu
[2018.06.03-19.25.15:114][  0]LogUObjectGlobals: Created PersistentFrame Addr=0x000001dcc215aa90, Size=104, Default__OptionsMenu_C Function /Game/UI/MainMenu/OptionsMenu.OptionsMenu_C:ExecuteUbergraph_OptionsMenu
[2018.06.03-19.25.15:118][  0]LogUObjectGlobals: Created PersistentFrame Addr=0x000001dcc2280b80, Size=592, Default__ServerMenu_C Function /Game/UI/MainMenu/ServerMenu.ServerMenu_C:ExecuteUbergraph_ServerMenu
[2018.06.03-19.25.15:152][  0]LogInit: Display: Game Engine Initialized.
[2018.06.03-19.25.15:152][  0]LogGameplayTags: Display: UGameplayTagsManager::DoneAddingNativeTags. DelegateIsBound: 0
[2018.06.03-19.25.15:152][  0]LogStats: UGameplayTagsManager::ConstructGameplayTagTree: Construct from data asset -  0.000 s
[2018.06.03-19.25.15:152][  0]LogStats: UGameplayTagsManager::ConstructGameplayTagTree: GameplayTagTreeChangedEvent.Broadcast -  0.000 s
[2018.06.03-19.25.15:281][  0]LogInit: Display: Starting Game.
[2018.06.03-19.25.15:282][  0]LogNet: Browse: /Game/Maps/MainMenu?Name=Player
[2018.06.03-19.25.15:282][  0]LogLoad: LoadMap: /Game/Maps/MainMenu?Name=Player
[2018.06.03-19.25.15:298][  0]LogUObjectGlobals: Destroyed PersistentFrame Addr=0x000001dcc241bd80, Size=536
[2018.06.03-19.25.15:298][  0]LogUObjectGlobals: Destroyed PersistentFrame Addr=0x000001dcc24de6b0, Size=80
[2018.06.03-19.25.15:298][  0]LogUObjectGlobals: Destroyed PersistentFrame Addr=0x000001dcb65cdd28, Size=40
[2018.06.03-19.25.15:298][  0]LogUObjectGlobals: Destroyed PersistentFrame Addr=0x000001dcc24e5050, Size=104
[2018.06.03-19.25.15:298][  0]LogUObjectGlobals: Destroyed PersistentFrame Addr=0x000001dcc241b600, Size=608
[2018.06.03-19.25.15:303][  0]LogUObjectGlobals: Created PersistentFrame Addr=0x000001dcc2293860, Size=32, Default__MainMenu_C Function /Game/Maps/MainMenu.MainMenu_C:ExecuteUbergraph_MainMenu
[2018.06.03-19.25.15:305][  0]LogUObjectGlobals: Destroyed PersistentFrame Addr=0x000001dcc2293860, Size=32
[2018.06.03-19.25.15:305][  0]LogUObjectGlobals: Created PersistentFrame Addr=0x000001dcc2293860, Size=32, Default__MainMenu_C Function /Engine/Transient.REINST_MainMenu_C_12:ExecuteUbergraph_MainMenu
[2018.06.03-19.25.15:307][  0]LogUObjectGlobals: Created PersistentFrame Addr=0x000001dcc22915c0, Size=32, Default__MainMenu_C Function /Game/Maps/MainMenu.MainMenu_C:ExecuteUbergraph_MainMenu
[2018.06.03-19.25.15:324][  0]LogAIModule: Creating AISystem for world MainMenu
[2018.06.03-19.25.15:351][  0]LogUObjectGlobals: Created PersistentFrame Addr=0x000001dcc24d5900, Size=688, Default__FirstPersonCharacter_C Function /Game/FirstPersonBP/Blueprints/FirstPersonCharacter.FirstPersonCharacter_C:ExecuteUbergraph_FirstPersonCharacter
[2018.06.03-19.25.15:365][  0]LogUObjectGlobals: Created PersistentFrame Addr=0x000001dcc217f300, Size=256, Default__FirstPersonProjectile_C Function /Game/FirstPersonBP/Blueprints/FirstPersonProjectile.FirstPersonProjectile_C:ExecuteUbergraph_FirstPersonProjectile
[2018.06.03-19.25.15:400][  0]LogUObjectGlobals: Created PersistentFrame Addr=0x000001dcc230e570, Size=72, Default__FirstPerson_AnimBP_C Function /Game/FirstPerson/Animations/FirstPerson_AnimBP.FirstPerson_AnimBP_C:ExecuteUbergraph_FirstPerson_AnimBP
[2018.06.03-19.25.15:520][  0]LogUObjectGlobals: Created PersistentFrame Addr=0x000001dcc2162010, Size=52, Default__FirstPersonHUD_C Function /Game/FirstPersonBP/Blueprints/FirstPersonHUD.FirstPersonHUD_C:ExecuteUbergraph_FirstPersonHUD
[2018.06.03-19.25.15:536][  0]LogUObjectGlobals: Destroyed PersistentFrame Addr=0x000001dcc230e570, Size=72
[2018.06.03-19.25.15:536][  0]LogUObjectGlobals: Created PersistentFrame Addr=0x000001dcc24dede0, Size=72, Default__FirstPerson_AnimBP_C Function /Engine/Transient.REINST_FirstPerson_AnimBP_C_0:ExecuteUbergraph_FirstPerson_AnimBP
[2018.06.03-19.25.15:536][  0]LogUObjectGlobals: Destroyed PersistentFrame Addr=0x000001dcc217f300, Size=256
[2018.06.03-19.25.15:536][  0]LogUObjectGlobals: Created PersistentFrame Addr=0x000001dcc217f300, Size=256, Default__FirstPersonProjectile_C Function /Engine/Transient.REINST_FirstPersonProjectile_C_14:ExecuteUbergraph_FirstPersonProjectile
[2018.06.03-19.25.15:537][  0]LogUObjectGlobals: Destroyed PersistentFrame Addr=0x000001dcc2162010, Size=52
[2018.06.03-19.25.15:537][  0]LogUObjectGlobals: Created PersistentFrame Addr=0x000001dcc2162010, Size=52, Default__FirstPersonHUD_C Function /Engine/Transient.REINST_FirstPersonHUD_C_15:ExecuteUbergraph_FirstPersonHUD
[2018.06.03-19.25.15:538][  0]LogUObjectGlobals: Destroyed PersistentFrame Addr=0x000001dcc24d5900, Size=688
[2018.06.03-19.25.15:539][  0]LogUObjectGlobals: Created PersistentFrame Addr=0x000001dcc1fe5f00, Size=688, Default__FirstPersonCharacter_C Function /Engine/Transient.REINST_FirstPersonCharacter_C_16:ExecuteUbergraph_FirstPersonCharacter
[2018.06.03-19.25.15:562][  0]LogUObjectGlobals: Created PersistentFrame Addr=0x000001dcc24ee5c0, Size=64, Default__FirstPerson_AnimBP_C Function /Game/FirstPerson/Animations/FirstPerson_AnimBP.FirstPerson_AnimBP_C:ExecuteUbergraph_FirstPerson_AnimBP
[2018.06.03-19.25.15:563][  0]LogUObjectGlobals: Created PersistentFrame Addr=0x000001dcc210e200, Size=256, Default__FirstPersonProjectile_C Function /Game/FirstPersonBP/Blueprints/FirstPersonProjectile.FirstPersonProjectile_C:ExecuteUbergraph_FirstPersonProjectile
[2018.06.03-19.25.15:564][  0]LogUObjectGlobals: Created PersistentFrame Addr=0x000001dccaab6ba8, Size=52, Default__FirstPersonHUD_C Function /Game/FirstPersonBP/Blueprints/FirstPersonHUD.FirstPersonHUD_C:ExecuteUbergraph_FirstPersonHUD
[2018.06.03-19.25.15:566][  0]LogUObjectGlobals: Created PersistentFrame Addr=0x000001dcb65ba800, Size=688, Default__FirstPersonCharacter_C Function /Game/FirstPersonBP/Blueprints/FirstPersonCharacter.FirstPersonCharacter_C:ExecuteUbergraph_FirstPersonCharacter
[2018.06.03-19.25.15:978][  0]LogSkeletalMesh: Skeletal Mesh found in DDC [13.720905ms] /Game/FirstPerson/Character/Mesh/SK_Mannequin_Arms.SK_Mannequin_Arms
[2018.06.03-19.25.16:015][  0]LogSkeletalMesh: Skeletal Mesh found in DDC [8.254034ms] /Game/FirstPerson/FPWeapon/Mesh/SK_FPGun.SK_FPGun
[2018.06.03-19.25.16:043][  0]LogLoad: Game class is 'FirstPersonGameMode_C'
[2018.06.03-19.25.16:046][  0]LogWorld: Bringing World /Game/Maps/MainMenu.MainMenu up for play (max tick rate 0) at 2018.06.03-15.25.16
[2018.06.03-19.25.16:046][  0]LogWorld: Bringing up level for play took: 0.001665
[2018.06.03-19.25.16:047][  0]LogGameMode: FindPlayerStart: PATHS NOT DEFINED or NO PLAYERSTART with positive rating
[2018.06.03-19.25.16:055][  0]LogLoad: Took 0.772494 seconds to LoadMap(/Game/Maps/MainMenu)
[2018.06.03-19.25.16:125][  0]LogLoad: (Engine Initialization) Total time: 13.71 seconds
[2018.06.03-19.25.16:125][  0]LogLoad: (Engine Initialization) Total Blueprint compile time: 0.00 seconds
[2018.06.03-19.25.16:166][  0]LogRenderer: Reallocating scene render targets to support 1280x720 Format 10 NumSamples 1 (Frame:1).
[2018.06.03-19.25.16:228][  0]LogContentStreaming: Texture pool size now 1000 MB
[2018.06.03-19.25.20:451][220]LogSlate: FSceneViewport::OnFocusLost() reason 0
[2018.06.03-19.25.20:536][225]LogSlate: Took 0.000365 seconds to synchronously load lazily loaded font '../../../Engine/Content/Slate/Fonts/Roboto-Regular.ttf' (155K)
[2018.06.03-19.25.26:148][573]LogScriptCore: Warning: Script Msg: FindSessions - Invalid or uninitialized OnlineSubsystem
[2018.06.03-19.25.26:148][573]LogScriptCore: Warning: Script Msg: FindSessions - Cannot map local player to unique net ID
[2018.06.03-19.25.28:621][720]LogSlate: Window 'Quake (64-bit, PCD3D_SM5) ' being destroyed
[2018.06.03-19.25.28:622][720]LogWindowsTextInputMethodSystem: Display: IME system now deactivated.
[2018.06.03-19.25.28:632][720]LogEngine: All Windows Closed
[2018.06.03-19.25.28:633][720]LogWindows: FPlatformMisc::RequestExit(0)
[2018.06.03-19.25.29:373][721]LogSlate: Slate User Destroyed.  User Index 0, Is Virtual User: 0
[2018.06.03-19.25.29:373][721]LogExit: Preparing to exit.
[2018.06.03-19.25.29:373][721]LogMoviePlayer: Shutting down movie player
[2018.06.03-19.25.30:199][721]LogExit: Game engine shut down
[2018.06.03-19.25.30:204][721]LogUObjectGlobals: Destroyed PersistentFrame Addr=0x000001dcc2162010, Size=52
[2018.06.03-19.25.30:204][721]LogUObjectGlobals: Destroyed PersistentFrame Addr=0x000001dcc24dede0, Size=72
[2018.06.03-19.25.30:205][721]LogUObjectGlobals: Destroyed PersistentFrame Addr=0x000001dcc217f300, Size=256
[2018.06.03-19.25.30:205][721]LogUObjectGlobals: Destroyed PersistentFrame Addr=0x000001dcc1fe5f00, Size=688
[2018.06.03-19.25.30:205][721]LogUObjectGlobals: Destroyed PersistentFrame Addr=0x000001dcc22915c0, Size=32
[2018.06.03-19.25.30:205][721]LogUObjectGlobals: Destroyed PersistentFrame Addr=0x000001dcc2293860, Size=32
[2018.06.03-19.25.30:205][721]LogUObjectGlobals: Destroyed PersistentFrame Addr=0x000001dcc2283100, Size=536
[2018.06.03-19.25.30:205][721]LogUObjectGlobals: Destroyed PersistentFrame Addr=0x000001dcc21c5990, Size=80
[2018.06.03-19.25.30:205][721]LogUObjectGlobals: Destroyed PersistentFrame Addr=0x000001dcb65ceb60, Size=40
[2018.06.03-19.25.30:205][721]LogUObjectGlobals: Destroyed PersistentFrame Addr=0x000001dcc215aa90, Size=104
[2018.06.03-19.25.30:205][721]LogUObjectGlobals: Destroyed PersistentFrame Addr=0x000001dcc2280b80, Size=592
[2018.06.03-19.25.30:210][721]LogUObjectGlobals: Destroyed PersistentFrame Addr=0x000001dcc24ee5c0, Size=64
[2018.06.03-19.25.30:210][721]LogUObjectGlobals: Destroyed PersistentFrame Addr=0x000001dcc210e200, Size=256
[2018.06.03-19.25.30:210][721]LogUObjectGlobals: Destroyed PersistentFrame Addr=0x000001dccaab6ba8, Size=52
[2018.06.03-19.25.30:210][721]LogUObjectGlobals: Destroyed PersistentFrame Addr=0x000001dcb65ba800, Size=688
[2018.06.03-19.25.30:285][721]LogExit: Object subsystem successfully closed.
[2018.06.03-19.25.30:303][721]LogShaderCompilers: Display: Shaders left to compile 0
[2018.06.03-19.25.30:307][721]LogD3D11RHI: Shutdown
[2018.06.03-19.25.30:307][721]LogD3D11RHI: CleanupD3DDevice
[2018.06.03-19.25.30:308][721]LogD3D11RHI: ~FD3D11DynamicRHI
[2018.06.03-19.25.30:320][721]LogModuleManager: Shutting down and abandoning module SequenceRecorderSections (334)
[2018.06.03-19.25.30:320][721]LogModuleManager: Shutting down and abandoning module SequenceRecorder (332)
[2018.06.03-19.25.30:320][721]LogModuleManager: Shutting down and abandoning module AutomationController (330)
[2018.06.03-19.25.30:320][721]LogModuleManager: Shutting down and abandoning module AutomationWorker (328)
[2018.06.03-19.25.30:321][721]LogModuleManager: Shutting down and abandoning module AIModule (326)
[2018.06.03-19.25.30:321][721]LogModuleManager: Shutting down and abandoning module GameplayDebugger (325)
[2018.06.03-19.25.30:322][721]LogModuleManager: Shutting down and abandoning module AITestSuite (323)
[2018.06.03-19.25.30:322][721]LogModuleManager: Shutting down and abandoning module WmfMediaFactory (320)
[2018.06.03-19.25.30:322][721]LogModuleManager: Shutting down and abandoning module OpenExrWrapper (318)
[2018.06.03-19.25.30:322][721]LogModuleManager: Shutting down and abandoning module ImgMediaFactory (316)
[2018.06.03-19.25.30:322][721]LogModuleManager: Shutting down and abandoning module AvfMediaFactory (314)
[2018.06.03-19.25.30:322][721]LogModuleManager: Shutting down and abandoning module CharacterAI (312)
[2018.06.03-19.25.30:322][721]LogModuleManager: Shutting down and abandoning module SessionServices (310)
[2018.06.03-19.25.30:322][721]LogModuleManager: Shutting down and abandoning module MovieSceneCapture (308)
[2018.06.03-19.25.30:322][721]LogModuleManager: Shutting down and abandoning module MovieSceneTracks (306)
[2018.06.03-19.25.30:322][721]LogModuleManager: Shutting down and abandoning module MovieScene (304)
[2018.06.03-19.25.30:322][721]LogModuleManager: Shutting down and abandoning module GeometryCache (302)
[2018.06.03-19.25.30:322][721]LogModuleManager: Shutting down and abandoning module GeometryCacheEd (301)
[2018.06.03-19.25.30:322][721]LogModuleManager: Shutting down and abandoning module StreamingPauseRendering (298)
[2018.06.03-19.25.30:322][721]LogModuleManager: Shutting down and abandoning module PortalServices (296)
[2018.06.03-19.25.30:322][721]LogModuleManager: Shutting down and abandoning module PortalRpc (294)
[2018.06.03-19.25.30:322][721]LogModuleManager: Shutting down and abandoning module MessagingRpc (292)
[2018.06.03-19.25.30:322][721]LogModuleManager: Shutting down and abandoning module ProfilerService (290)
[2018.06.03-19.25.30:338][721]LogModuleManager: Shutting down and abandoning module TaskGraph (288)
[2018.06.03-19.25.30:338][721]LogModuleManager: Shutting down and abandoning module SteamVRController (286)
[2018.06.03-19.25.30:338][721]LogModuleManager: Shutting down and abandoning module ProceduralMeshComponent (284)
[2018.06.03-19.25.30:338][721]LogModuleManager: Shutting down and abandoning module OculusInput (282)
[2018.06.03-19.25.30:338][721]LogModuleManager: Shutting down and abandoning module MobilePatchingUtils (280)
[2018.06.03-19.25.30:338][721]LogModuleManager: Shutting down and abandoning module CustomMeshComponent (278)
[2018.06.03-19.25.30:338][721]LogModuleManager: Shutting down and abandoning module CableComponent (276)
[2018.06.03-19.25.30:338][721]LogModuleManager: Shutting down and abandoning module AudioCapture (274)
[2018.06.03-19.25.30:338][721]LogModuleManager: Shutting down and abandoning module ArchVisCharacter (272)
[2018.06.03-19.25.30:338][721]LogModuleManager: Shutting down and abandoning module AndroidPermission (270)
[2018.06.03-19.25.30:338][721]LogModuleManager: Shutting down and abandoning module NUTUnrealEngine4 (264)
[2018.06.03-19.25.30:338][721]LogModuleManager: Shutting down and abandoning module NetcodeUnitTest (262)
[2018.06.03-19.25.30:338][721]LogModuleManager: Shutting down and abandoning module MediaCompositing (260)
[2018.06.03-19.25.30:338][721]LogModuleManager: Shutting down and abandoning module LinearTimecode (258)
[2018.06.03-19.25.30:338][721]LogModuleManager: Shutting down and abandoning module ImgMedia (256)
[2018.06.03-19.25.30:343][721]LogModuleManager: Shutting down and abandoning module HTML5Networking (254)
[2018.06.03-19.25.30:343][721]LogModuleManager: Shutting down and abandoning module DatasmithContent (252)
[2018.06.03-19.25.30:343][721]LogModuleManager: Shutting down and abandoning module CryptoKeysOpenSSL (250)
[2018.06.03-19.25.30:343][721]LogModuleManager: Shutting down and abandoning module CryptoKeys (248)
[2018.06.03-19.25.30:343][721]LogModuleManager: Shutting down and abandoning module VisualStudioSourceCodeAccess (246)
[2018.06.03-19.25.30:343][721]LogModuleManager: Shutting down and abandoning module HotReload (245)
[2018.06.03-19.25.30:343][721]LogModuleManager: Shutting down and abandoning module DirectoryWatcher (244)
[2018.06.03-19.25.30:343][721]LogModuleManager: Shutting down and abandoning module VisualStudioCodeSourceCodeAccess (240)
[2018.06.03-19.25.30:343][721]LogModuleManager: Shutting down and abandoning module UObjectPlugin (238)
[2018.06.03-19.25.30:343][721]LogModuleManager: Shutting down and abandoning module SubversionSourceControl (236)
[2018.06.03-19.25.30:343][721]LogModuleManager: Shutting down and abandoning module PerforceSourceControl (234)
[2018.06.03-19.25.30:343][721]LogModuleManager: Shutting down and abandoning module SourceControl (233)
[2018.06.03-19.25.30:343][721]LogModuleManager: Shutting down and abandoning module CLionSourceCodeAccess (230)
[2018.06.03-19.25.30:343][721]LogModuleManager: Shutting down and abandoning module RuntimePhysXCooking (228)
[2018.06.03-19.25.30:343][721]LogModuleManager: Shutting down and abandoning module PhysXVehiclesEditor (226)
[2018.06.03-19.25.30:343][721]LogModuleManager: Shutting down and abandoning module PhysXVehicles (224)
[2018.06.03-19.25.30:343][721]LogModuleManager: Shutting down and abandoning module LocationServicesBPLibrary (222)
[2018.06.03-19.25.30:343][721]LogModuleManager: Shutting down and abandoning module ImmediatePhysicsEditor (220)
[2018.06.03-19.25.30:343][721]LogModuleManager: Shutting down and abandoning module ImmediatePhysics (218)
[2018.06.03-19.25.30:343][721]LogModuleManager: Shutting down and abandoning module ActorSequence (216)
[2018.06.03-19.25.30:343][721]LogModuleManager: Shutting down and abandoning module UdpMessaging (214)
[2018.06.03-19.25.30:445][721]LogModuleManager: Shutting down and abandoning module TcpMessaging (212)
[2018.06.03-19.25.31:094][721]LogModuleManager: Shutting down and abandoning module GameplayTagsEditor (210)
[2018.06.03-19.25.31:094][721]LogModuleManager: Shutting down and abandoning module FacialAnimation (208)
[2018.06.03-19.25.31:094][721]LogModuleManager: Shutting down and abandoning module DataValidation (206)
[2018.06.03-19.25.31:094][721]LogModuleManager: Shutting down and abandoning module AssetManagerEditor (204)
[2018.06.03-19.25.31:094][721]LogModuleManager: Shutting down and abandoning module TreeMap (203)
[2018.06.03-19.25.31:094][721]LogModuleManager: Shutting down and abandoning module LightPropagationVolumeRuntime (200)
[2018.06.03-19.25.31:094][721]LogModuleManager: Shutting down and abandoning module LiveLink (198)
[2018.06.03-19.25.31:837][721]LogModuleManager: Shutting down and abandoning module Paper2D (196)
[2018.06.03-19.25.31:837][721]LogModuleManager: Shutting down and abandoning module PIEPreviewDeviceProfileSelector (194)
[2018.06.03-19.25.31:837][721]LogModuleManager: Shutting down and abandoning module WindowsMoviePlayer (192)
[2018.06.03-19.25.31:837][721]LogModuleManager: Shutting down and abandoning module WmfMedia (190)
[2018.06.03-19.25.31:839][721]LogModuleManager: Shutting down and abandoning module Media (189)
[2018.06.03-19.25.31:846][721]LogModuleManager: Shutting down and abandoning module PacketHandler (186)
[2018.06.03-19.25.31:846][721]LogModuleManager: Shutting down and abandoning module ClothingSystemEditor (184)
[2018.06.03-19.25.31:846][721]LogModuleManager: Shutting down and abandoning module ClothingSystemRuntime (182)
[2018.06.03-19.25.31:846][721]LogModuleManager: Shutting down and abandoning module MediaAssets (180)
[2018.06.03-19.25.31:846][721]LogModuleManager: Shutting down and abandoning module Overlay (178)
[2018.06.03-19.25.31:847][721]LogModuleManager: Shutting down and abandoning module OverlayEditor (177)
[2018.06.03-19.25.31:847][721]LogModuleManager: Shutting down and abandoning module VREditor (174)
[2018.06.03-19.25.31:847][721]LogModuleManager: Shutting down and abandoning module StringTableEditor (172)
[2018.06.03-19.25.31:847][721]LogModuleManager: Shutting down and abandoning module GameplayTasksEditor (170)
[2018.06.03-19.25.31:847][721]LogModuleManager: Shutting down and abandoning module BehaviorTreeEditor (168)
[2018.06.03-19.25.31:847][721]LogModuleManager: Shutting down and abandoning module FunctionalTesting (166)
[2018.06.03-19.25.31:847][721]LogModuleManager: Shutting down and abandoning module CollisionAnalyzer (164)
[2018.06.03-19.25.31:847][721]LogModuleManager: Shutting down and abandoning module WorkspaceMenuStructure (163)
[2018.06.03-19.25.31:847][721]LogModuleManager: Shutting down and abandoning module UMG (160)
[2018.06.03-19.25.31:847][721]LogModuleManager: Shutting down and abandoning module UMGEditor (159)
[2018.06.03-19.25.31:847][721]LogModuleManager: Shutting down and abandoning module Sequencer (158)
[2018.06.03-19.25.31:847][721]LogModuleManager: Shutting down and abandoning module MessageLog (155)
[2018.06.03-19.25.31:847][721]LogModuleManager: Shutting down and abandoning module SlateReflector (150)
[2018.06.03-19.25.31:847][721]LogModuleManager: Shutting down and abandoning module Slate (148)
[2018.06.03-19.25.31:847][721]LogModuleManager: Shutting down and abandoning module EditorStyle (146)
[2018.06.03-19.25.31:850][721]LogModuleManager: Shutting down and abandoning module MRMesh (144)
[2018.06.03-19.25.31:850][721]LogModuleManager: Shutting down and abandoning module Messaging (142)
[2018.06.03-19.25.31:850][721]LogModuleManager: Shutting down and abandoning module SourceCodeAccess (140)
[2018.06.03-19.25.31:850][721]LogModuleManager: Shutting down and abandoning module HeadMountedDisplay (138)
[2018.06.03-19.25.31:850][721]LogModuleManager: Shutting down and abandoning module XAudio2 (136)
[2018.06.03-19.25.31:850][721]LogModuleManager: Shutting down and abandoning module Networking (134)
[2018.06.03-19.25.31:850][721]LogModuleManager: Shutting down and abandoning module Core (132)
[2018.06.03-19.25.31:850][721]LogModuleManager: Shutting down and abandoning module LevelSequence (130)
[2018.06.03-19.25.31:850][721]LogModuleManager: Shutting down and abandoning module KismetCompiler (128)
[2018.06.03-19.25.31:850][721]LogModuleManager: Shutting down and abandoning module MeshUtilities (126)
[2018.06.03-19.25.31:850][721]LogModuleManager: Shutting down and abandoning module MeshMergeUtilities (125)
[2018.06.03-19.25.31:850][721]LogModuleManager: Shutting down and abandoning module MeshReductionInterface (124)
[2018.06.03-19.25.31:850][721]LogModuleManager: Shutting down and abandoning module SimplygonSwarm (123)
[2018.06.03-19.25.31:850][721]LogModuleManager: Shutting down and abandoning module SimplygonMeshReduction (121)
[2018.06.03-19.25.31:850][721]LogModuleManager: Shutting down and abandoning module QuadricMeshReduction (119)
[2018.06.03-19.25.31:850][721]LogModuleManager: Shutting down and abandoning module MaterialBaking (115)
[2018.06.03-19.25.31:850][721]LogModuleManager: Shutting down and abandoning module DerivedDataCache (110)
[2018.06.03-19.25.31:864][721]LogDerivedDataCache: Shutdown
[2018.06.03-19.25.31:864][721]LogModuleManager: Shutting down and abandoning module XGEController (108)
[2018.06.03-19.25.31:864][721]LogModuleManager: Shutting down and abandoning module TargetPlatform (106)
[2018.06.03-19.25.31:864][721]LogModuleManager: Shutting down and abandoning module VulkanShaderFormat (105)
[2018.06.03-19.25.31:864][721]LogModuleManager: Shutting down and abandoning module ShaderFormatVectorVM (103)
[2018.06.03-19.25.31:864][721]LogModuleManager: Shutting down and abandoning module ShaderFormatOpenGL (101)
[2018.06.03-19.25.31:864][721]LogModuleManager: Shutting down and abandoning module ShaderFormatD3D (99)
[2018.06.03-19.25.31:864][721]LogModuleManager: Shutting down and abandoning module MetalShaderFormat (97)
[2018.06.03-19.25.31:864][721]LogModuleManager: Shutting down and abandoning module TextureFormatUncompressed (95)
[2018.06.03-19.25.31:864][721]LogModuleManager: Shutting down and abandoning module TextureFormatPVR (93)
[2018.06.03-19.25.31:864][721]LogModuleManager: Shutting down and abandoning module TextureFormatDXT (91)
[2018.06.03-19.25.31:864][721]LogModuleManager: Shutting down and abandoning module TextureFormatIntelISPCTexComp (89)
[2018.06.03-19.25.31:864][721]LogModuleManager: Shutting down and abandoning module TextureFormatASTC (87)
[2018.06.03-19.25.31:864][721]LogModuleManager: Shutting down and abandoning module ImageWrapper (86)
[2018.06.03-19.25.31:864][721]LogModuleManager: Shutting down and abandoning module TextureFormatAndroid (83)
[2018.06.03-19.25.31:864][721]LogModuleManager: Shutting down and abandoning module AudioFormatOpus (81)
[2018.06.03-19.25.31:864][721]LogModuleManager: Shutting down and abandoning module AudioFormatOgg (79)
[2018.06.03-19.25.31:864][721]LogModuleManager: Shutting down and abandoning module AudioFormatADPCM (77)
[2018.06.03-19.25.31:864][721]LogModuleManager: Shutting down and abandoning module WindowsTargetPlatform (75)
[2018.06.03-19.25.31:865][721]LogModuleManager: Shutting down and abandoning module WindowsServerTargetPlatform (73)
[2018.06.03-19.25.31:865][721]LogModuleManager: Shutting down and abandoning module WindowsNoEditorTargetPlatform (71)
[2018.06.03-19.25.31:865][721]LogModuleManager: Shutting down and abandoning module WindowsClientTargetPlatform (69)
[2018.06.03-19.25.31:865][721]LogModuleManager: Shutting down and abandoning module InputCore (66)
[2018.06.03-19.25.31:865][721]LogModuleManager: Shutting down and abandoning module Settings (64)
[2018.06.03-19.25.31:865][721]LogModuleManager: Shutting down and abandoning module PhysXCooking (62)
[2018.06.03-19.25.31:865][721]LogModuleManager: Shutting down and abandoning module SteamVR (60)
[2018.06.03-19.25.31:865][721]LogModuleManager: Shutting down and abandoning module OculusHMD (58)
[2018.06.03-19.25.31:865][721]LogModuleManager: Shutting down and abandoning module ExampleDeviceProfileSelector (56)
[2018.06.03-19.25.31:865][721]LogModuleManager: Shutting down and abandoning module AppleARKit (54)
[2018.06.03-19.25.31:865][721]LogModuleManager: Shutting down and abandoning module AugmentedReality (51)
[2018.06.03-19.25.31:865][721]LogModuleManager: Shutting down and abandoning module OnlineBlueprintSupport (48)
[2018.06.03-19.25.31:865][721]LogModuleManager: Shutting down and abandoning module OnlineSubsystem (44)
[2018.06.03-19.25.31:865][721]LogModuleManager: Shutting down and abandoning module XMPP (43)
[2018.06.03-19.25.31:866][721]LogModuleManager: Shutting down and abandoning module HTTP (41)
[2018.06.03-19.25.31:887][721]LogModuleManager: Shutting down and abandoning module SSL (40)
[2018.06.03-19.25.31:890][721]LogModuleManager: Shutting down and abandoning module AnimationModifiers (36)
[2018.06.03-19.25.31:890][721]LogModuleManager: Shutting down and abandoning module PropertyEditor (35)
[2018.06.03-19.25.31:890][721]LogModuleManager: Shutting down and abandoning module AudioEditor (32)
[2018.06.03-19.25.31:890][721]LogModuleManager: Shutting down and abandoning module TextureCompressor (30)
[2018.06.03-19.25.31:890][721]LogModuleManager: Shutting down and abandoning module ShaderCore (28)
[2018.06.03-19.25.31:890][721]LogModuleManager: Shutting down and abandoning module Landscape (26)
[2018.06.03-19.25.31:890][721]LogModuleManager: Shutting down and abandoning module SlateRHIRenderer (24)
[2018.06.03-19.25.31:890][721]LogModuleManager: Shutting down and abandoning module OpenGLDrv (22)
[2018.06.03-19.25.31:890][721]LogModuleManager: Shutting down and abandoning module D3D11RHI (20)
[2018.06.03-19.25.31:890][721]LogModuleManager: Shutting down and abandoning module AnimGraphRuntime (18)
[2018.06.03-19.25.31:890][721]LogModuleManager: Shutting down and abandoning module Renderer (16)
[2018.06.03-19.25.31:890][721]LogModuleManager: Shutting down and abandoning module Engine (14)
[2018.06.03-19.25.31:890][721]LogModuleManager: Shutting down and abandoning module CoreUObject (12)
[2018.06.03-19.25.31:890][721]LogModuleManager: Shutting down and abandoning module NetworkFile (10)
[2018.06.03-19.25.31:890][721]LogModuleManager: Shutting down and abandoning module CookedIterativeFile (8)
[2018.06.03-19.25.31:890][721]LogModuleManager: Shutting down and abandoning module StreamingFile (6)
[2018.06.03-19.25.31:890][721]LogModuleManager: Shutting down and abandoning module SandboxFile (4)
[2018.06.03-19.25.31:890][721]LogModuleManager: Shutting down and abandoning module PakFile (2)
[2018.06.03-19.25.31:901][721]LogExit: Exiting.
[2018.06.03-19.25.31:903][721]Log file closed, 06/03/18 15:25:31
